#
# There is insufficient memory for the Java Runtime Environment to continue.
# Native memory allocation (malloc) failed to allocate 1094416 bytes for Chunk::new
# Possible reasons:
#   The system is out of physical RAM or swap space
#   The process is running with CompressedOops enabled, and the Java Heap may be blocking the growth of the native heap
# Possible solutions:
#   Reduce memory load on the system
#   Increase physical memory or swap space
#   Check if swap backing store is full
#   Decrease Java heap size (-Xmx/-Xms)
#   Decrease number of Java threads
#   Decrease Java thread stack sizes (-Xss)
#   Set larger code cache with -XX:ReservedCodeCacheSize=
#   JVM is running with Unscaled Compressed Oops mode in which the Java heap is
#     placed in the first 4GB address space. The Java Heap base address is the
#     maximum limit for the native heap growth. Please use -XX:HeapBaseMinAddress
#     to set the Java Heap base and to place the Java Heap above 4GB virtual address.
# This output file may be truncated or incomplete.
#
#  Out of Memory Error (./src/hotspot/share/memory/arena.cpp:197), pid=5564, tid=8424
#
# JRE version: OpenJDK Runtime Environment (11.0.12+7) (build 11.0.12+7-b1504.28-7817840)
# Java VM: OpenJDK 64-Bit Server VM (11.0.12+7-b1504.28-7817840, mixed mode, tiered, compressed oops, g1 gc, windows-amd64)
# No core dump will be written. Minidumps are not enabled by default on client versions of Windows
#

---------------  S U M M A R Y ------------

Command Line: --add-opens=java.base/java.util=ALL-UNNAMED --add-opens=java.base/java.lang=ALL-UNNAMED --add-opens=java.base/java.lang.invoke=ALL-UNNAMED --add-opens=java.base/java.util=ALL-UNNAMED --add-opens=java.prefs/java.util.prefs=ALL-UNNAMED --add-opens=java.prefs/java.util.prefs=ALL-UNNAMED --add-opens=java.base/java.nio.charset=ALL-UNNAMED --add-opens=java.base/java.net=ALL-UNNAMED --add-opens=java.base/java.util.concurrent.atomic=ALL-UNNAMED -Xmx2048m -Dfile.encoding=UTF-8 -Duser.country=RU -Duser.language=ru -Duser.variant org.gradle.launcher.daemon.bootstrap.GradleDaemon 7.3.3

Host: AMD Ryzen 7 3700U with Radeon Vega Mobile Gfx  , 8 cores, 13G,  Windows 10 , 64 bit Build 17763 (10.0.17763.475)
Time: Tue Jun 28 19:51:34 2022 RTZ 2 (ceia) elapsed time: 5585.212915 seconds (0d 1h 33m 5s)

---------------  T H R E A D  ---------------

Current thread (0x000002a3f8cc0800):  JavaThread "C2 CompilerThread1" daemon [_thread_in_native, id=8424, stack(0x000000e1c7200000,0x000000e1c7300000)]


Current CompileTask:
C2:5585212 20006       4       org.gradle.internal.snapshot.impl.DefaultValueSnapshotter::processValue (675 bytes)

Stack: [0x000000e1c7200000,0x000000e1c7300000]
Native frames: (J=compiled Java code, j=interpreted, Vv=VM code, C=native code)
V  [jvm.dll+0x5fbcea]
V  [jvm.dll+0x731905]
V  [jvm.dll+0x732f1d]
V  [jvm.dll+0x7335d3]
V  [jvm.dll+0x247bf8]
V  [jvm.dll+0xc018c]
V  [jvm.dll+0xc06cc]
V  [jvm.dll+0x35b2db]
V  [jvm.dll+0x19d0bc]
V  [jvm.dll+0x20070e]
V  [jvm.dll+0x1ff794]
V  [jvm.dll+0x18868c]
V  [jvm.dll+0x20e0d7]
V  [jvm.dll+0x20c901]
V  [jvm.dll+0x6f9b7f]
V  [jvm.dll+0x6f26a5]
V  [jvm.dll+0x5fabf6]
C  [ucrtbase.dll+0x2268a]
C  [KERNEL32.DLL+0x17974]
C  [ntdll.dll+0x5a0b1]


---------------  P R O C E S S  ---------------

Threads class SMR info:
_java_thread_list=0x000002a3835fe930, length=151, elements={
0x000002a3d8eff000, 0x000002a3f5b98800, 0x000002a3f5ba3800, 0x000002a3f5bb9000,
0x000002a3f5bba000, 0x000002a3f5bbe800, 0x000002a3f5c0b800, 0x000002a3f5c0f800,
0x000002a3f5c15000, 0x000002a3f5d70800, 0x000002a3f8aec000, 0x000002a3f5e71800,
0x000002a3f8e6f800, 0x000002a3f9069800, 0x000002a3f9067000, 0x000002a3f906a800,
0x000002a3f9065800, 0x000002a3f906c000, 0x000002a3fc694800, 0x000002a3fc692000,
0x000002a3fc693000, 0x000002a3fc696000, 0x000002a3fc694000, 0x000002a3fd176800,
0x000002a3fd171800, 0x000002a3fd178000, 0x000002a3fd179000, 0x000002a3faefa000,
0x000002a3faef5800, 0x000002a3faef7800, 0x000002a3fc85f800, 0x000002a3fe36e000,
0x000002a382f95000, 0x000002a3fe368000, 0x000002a3fe369000, 0x000002a3fe36d000,
0x000002a3fe36a800, 0x000002a3fe36b800, 0x000002a3fe369800, 0x000002a3fe36c000,
0x000002a3fe367800, 0x000002a3f8cc0800, 0x000002a3fe372800, 0x000002a3fe371000,
0x000002a3fe36e800, 0x000002a3fe374800, 0x000002a3fe36f800, 0x000002a3f9221800,
0x000002a3fe373800, 0x000002a3fe375000, 0x000002a3fe376000, 0x000002a3fe370800,
0x000002a3fe372000, 0x000002a382f92000, 0x000002a382f93000, 0x000002a382f93800,
0x000002a382f94800, 0x000002a382f96000, 0x000002a382f90800, 0x000002a382f97000,
0x000002a382f91000, 0x000002a382f9a000, 0x000002a382f99800, 0x000002a382f97800,
0x000002a382f98800, 0x000002a382f9f000, 0x000002a382f9b000, 0x000002a382f9b800,
0x000002a382f9c800, 0x000002a382f9d800, 0x000002a382f9e000, 0x000002a3fd16f000,
0x000002a3fd16b000, 0x000002a3fd16c000, 0x000002a3fd16d800, 0x000002a3fd170000,
0x000002a3fd16e800, 0x000002a3fd16c800, 0x000002a3fd16a800, 0x000002a3fd175000,
0x000002a3fd172800, 0x000002a3fd173800, 0x000002a3fd174000, 0x000002a3fd175800,
0x000002a3fd171000, 0x000002a3fd177800, 0x000002a3faefa800, 0x000002a3faef8000,
0x000002a3faef5000, 0x000002a3faef9000, 0x000002a3faefb800, 0x000002a3faefc000,
0x000002a3faef6800, 0x000002a3faefe000, 0x000002a3faf02000, 0x000002a3faefe800,
0x000002a3faf01000, 0x000002a3faefd000, 0x000002a3faeff800, 0x000002a3faf00800,
0x000002a3faf03000, 0x000002a3fc69a800, 0x000002a3fc695800, 0x000002a3fc698000,
0x000002a3fc69b000, 0x000002a3fc69e800, 0x000002a3fc69c000, 0x000002a3fc699800,
0x000002a3fc6a1000, 0x000002a3fc69f000, 0x000002a3fc6a0000, 0x000002a3fc69d000,
0x000002a3fc69d800, 0x000002a3fc865000, 0x000002a3fc861800, 0x000002a3fc866000,
0x000002a3fc860000, 0x000002a3fc861000, 0x000002a3fc862800, 0x000002a3fc863800,
0x000002a3fc864000, 0x000002a3f9066800, 0x000002a3f9068000, 0x000002a3f906b800,
0x000002a3f9069000, 0x000002a3830fd800, 0x000002a383100000, 0x000002a3830fe800,
0x000002a3830fd000, 0x000002a3830fb000, 0x000002a3830ff800, 0x000002a383101000,
0x000002a383102000, 0x000002a3830fc000, 0x000002a383108800, 0x000002a383104000,
0x000002a383103800, 0x000002a383102800, 0x000002a383105000, 0x000002a383106000,
0x000002a383109000, 0x000002a383107800, 0x000002a383106800, 0x000002a38310a000,
0x000002a3fdb0f000, 0x000002a3fdb0c800, 0x000002a3fdb0d000, 0x000002a3fdb0e000,
0x000002a3fdb0f800, 0x000002a3fdb0b000, 0x000002a3fdb10800
}

Java Threads: ( => current thread )
  0x000002a3d8eff000 JavaThread "main" [_thread_blocked, id=4380, stack(0x000000e1c5400000,0x000000e1c5500000)]
  0x000002a3f5b98800 JavaThread "Reference Handler" daemon [_thread_blocked, id=6688, stack(0x000000e1c5b00000,0x000000e1c5c00000)]
  0x000002a3f5ba3800 JavaThread "Finalizer" daemon [_thread_blocked, id=7560, stack(0x000000e1c5c00000,0x000000e1c5d00000)]
  0x000002a3f5bb9000 JavaThread "Signal Dispatcher" daemon [_thread_blocked, id=7232, stack(0x000000e1c5d00000,0x000000e1c5e00000)]
  0x000002a3f5bba000 JavaThread "Attach Listener" daemon [_thread_blocked, id=5156, stack(0x000000e1c5e00000,0x000000e1c5f00000)]
  0x000002a3f5bbe800 JavaThread "Service Thread" daemon [_thread_blocked, id=4108, stack(0x000000e1c5f00000,0x000000e1c6000000)]
  0x000002a3f5c0b800 JavaThread "C2 CompilerThread0" daemon [_thread_in_native, id=5884, stack(0x000000e1c6000000,0x000000e1c6100000)]
  0x000002a3f5c0f800 JavaThread "C1 CompilerThread0" daemon [_thread_in_native, id=4160, stack(0x000000e1c6100000,0x000000e1c6200000)]
  0x000002a3f5c15000 JavaThread "Sweeper thread" daemon [_thread_blocked, id=588, stack(0x000000e1c6200000,0x000000e1c6300000)]
  0x000002a3f5d70800 JavaThread "Common-Cleaner" daemon [_thread_blocked, id=4056, stack(0x000000e1c6300000,0x000000e1c6400000)]
  0x000002a3f8aec000 JavaThread "Daemon health stats" [_thread_blocked, id=6052, stack(0x000000e1c6b00000,0x000000e1c6c00000)]
  0x000002a3f5e71800 JavaThread "Incoming local TCP Connector on port 49971" [_thread_in_native, id=2432, stack(0x000000e1c6500000,0x000000e1c6600000)]
  0x000002a3f8e6f800 JavaThread "Daemon periodic checks" [_thread_blocked, id=2028, stack(0x000000e1c6a00000,0x000000e1c6b00000)]
  0x000002a3f9069800 JavaThread "Cache worker for journal cache (C:\Users\Doc\.gradle\caches\journal-1)" [_thread_blocked, id=5888, stack(0x000000e1c7300000,0x000000e1c7400000)]
  0x000002a3f9067000 JavaThread "File lock request listener" [_thread_in_native, id=1904, stack(0x000000e1c7400000,0x000000e1c7500000)]
  0x000002a3f906a800 JavaThread "Cache worker for file hash cache (C:\Users\Doc\.gradle\caches\7.3.3\fileHashes)" [_thread_blocked, id=2668, stack(0x000000e1c7500000,0x000000e1c7600000)]
  0x000002a3f9065800 JavaThread "File watcher server" daemon [_thread_in_native, id=6056, stack(0x000000e1c7d00000,0x000000e1c7e00000)]
  0x000002a3f906c000 JavaThread "File watcher consumer" daemon [_thread_blocked, id=2468, stack(0x000000e1c7e00000,0x000000e1c7f00000)]
  0x000002a3fc694800 JavaThread "Cache worker for execution history cache (C:\Users\Doc\.gradle\caches\7.3.3\executionHistory)" [_thread_blocked, id=6472, stack(0x000000e1c8200000,0x000000e1c8300000)]
  0x000002a3fc692000 JavaThread "jar transforms" [_thread_blocked, id=4792, stack(0x000000e1c8300000,0x000000e1c8400000)]
  0x000002a3fc693000 JavaThread "Cache worker for file content cache (C:\Users\Doc\.gradle\caches\7.3.3\fileContent)" [_thread_blocked, id=7920, stack(0x000000e1c8400000,0x000000e1c8500000)]
  0x000002a3fc696000 JavaThread "jar transforms Thread 2" [_thread_blocked, id=7812, stack(0x000000e1c8500000,0x000000e1c8600000)]
  0x000002a3fc694000 JavaThread "jar transforms Thread 3" [_thread_blocked, id=7808, stack(0x000000e1c8700000,0x000000e1c8800000)]
  0x000002a3fd176800 JavaThread "jar transforms Thread 4" [_thread_blocked, id=6508, stack(0x000000e1cd900000,0x000000e1cda00000)]
  0x000002a3fd171800 JavaThread "jar transforms Thread 5" [_thread_blocked, id=1832, stack(0x000000e1cda00000,0x000000e1cdb00000)]
  0x000002a3fd178000 JavaThread "jar transforms Thread 6" [_thread_blocked, id=6684, stack(0x000000e1cdb00000,0x000000e1cdc00000)]
  0x000002a3fd179000 JavaThread "jar transforms Thread 7" [_thread_blocked, id=1700, stack(0x000000e1cdc00000,0x000000e1cdd00000)]
  0x000002a3faefa000 JavaThread "jar transforms Thread 8" [_thread_blocked, id=4888, stack(0x000000e1cdd00000,0x000000e1cde00000)]
  0x000002a3faef5800 JavaThread "Memory manager" [_thread_blocked, id=6664, stack(0x000000e1cde00000,0x000000e1cdf00000)]
  0x000002a3faef7800 JavaThread "pool-3-thread-1" [_thread_blocked, id=6824, stack(0x000000e1ce000000,0x000000e1ce100000)]
  0x000002a3fc85f800 JavaThread "ForkJoinPool.commonPool-worker-13" daemon [_thread_blocked, id=4868, stack(0x000000e1cf600000,0x000000e1cf700000)]
  0x000002a3fe36e000 JavaThread "pool-8-thread-1" [_thread_blocked, id=6848, stack(0x000000e1cdf00000,0x000000e1ce000000)]
  0x000002a382f95000 JavaThread "pool-11-thread-1" [_thread_blocked, id=8204, stack(0x000000e1cd600000,0x000000e1cd700000)]
  0x000002a3fe368000 JavaThread "Daemon Thread 4" [_thread_blocked, id=1244, stack(0x000000e1c5100000,0x000000e1c5200000)]
  0x000002a3fe369000 JavaThread "Handler for socket connection from /127.0.0.1:49971 to /127.0.0.1:51758" [_thread_in_native, id=5092, stack(0x000000e1c5200000,0x000000e1c5300000)]
  0x000002a3fe36d000 JavaThread "Cancel handler" [_thread_blocked, id=9176, stack(0x000000e1c5300000,0x000000e1c5400000)]
  0x000002a3fe36a800 JavaThread "Daemon worker Thread 4" [_thread_blocked, id=5832, stack(0x000000e1c6c00000,0x000000e1c6d00000)]
  0x000002a3fe36b800 JavaThread "Asynchronous log dispatcher for DefaultDaemonConnection: socket connection from /127.0.0.1:49971 to /127.0.0.1:51758" [_thread_blocked, id=6212, stack(0x000000e1c6d00000,0x000000e1c6e00000)]
  0x000002a3fe369800 JavaThread "Stdin handler" [_thread_blocked, id=8376, stack(0x000000e1c6e00000,0x000000e1c6f00000)]
  0x000002a3fe36c000 JavaThread "Daemon client event forwarder" [_thread_blocked, id=9172, stack(0x000000e1c6f00000,0x000000e1c7000000)]
  0x000002a3fe367800 JavaThread "Cache worker for file hash cache (C:\Users\Doc\AndroidStudioProjects\HelloJava\.gradle\7.3.3\fileHashes)" [_thread_blocked, id=8520, stack(0x000000e1c7000000,0x000000e1c7100000)]
=>0x000002a3f8cc0800 JavaThread "C2 CompilerThread1" daemon [_thread_in_native, id=8424, stack(0x000000e1c7200000,0x000000e1c7300000)]
  0x000002a3fe372800 JavaThread "Cache worker for checksums cache (C:\Users\Doc\AndroidStudioProjects\HelloJava\.gradle\7.3.3\checksums)" [_thread_blocked, id=8976, stack(0x000000e1c7a00000,0x000000e1c7b00000)]
  0x000002a3fe371000 JavaThread "Cache worker for cache directory md-supplier (C:\Users\Doc\.gradle\caches\7.3.3\md-supplier)" [_thread_blocked, id=388, stack(0x000000e1c7b00000,0x000000e1c7c00000)]
  0x000002a3fe36e800 JavaThread "Cache worker for cache directory md-rule (C:\Users\Doc\.gradle\caches\7.3.3\md-rule)" [_thread_blocked, id=8724, stack(0x000000e1c7f00000,0x000000e1c8000000)]
  0x000002a3fe374800 JavaThread "Cache worker for dependencies-accessors (C:\Users\Doc\AndroidStudioProjects\HelloJava\.gradle\7.3.3\dependencies-accessors)" [_thread_blocked, id=4264, stack(0x000000e1c8000000,0x000000e1c8100000)]
  0x000002a3fe36f800 JavaThread "Cache worker for Build Output Cleanup Cache (C:\Users\Doc\AndroidStudioProjects\HelloJava\.gradle\buildOutputCleanup)" [_thread_blocked, id=3892, stack(0x000000e1c8100000,0x000000e1c8200000)]
  0x000002a3f9221800 JavaThread "C2 CompilerThread2" daemon [_thread_in_native, id=8216, stack(0x000000e1c8600000,0x000000e1c8700000)]
  0x000002a3fe373800 JavaThread "Unconstrained build operations" [_thread_blocked, id=3396, stack(0x000000e1c8800000,0x000000e1c8900000)]
  0x000002a3fe375000 JavaThread "Unconstrained build operations Thread 2" [_thread_blocked, id=8168, stack(0x000000e1c8900000,0x000000e1c8a00000)]
  0x000002a3fe376000 JavaThread "Unconstrained build operations Thread 3" [_thread_blocked, id=6008, stack(0x000000e1c8a00000,0x000000e1c8b00000)]
  0x000002a3fe370800 JavaThread "Unconstrained build operations Thread 4" [_thread_blocked, id=7296, stack(0x000000e1c8b00000,0x000000e1c8c00000)]
  0x000002a3fe372000 JavaThread "Unconstrained build operations Thread 5" [_thread_blocked, id=7276, stack(0x000000e1c8c00000,0x000000e1c8d00000)]
  0x000002a382f92000 JavaThread "Unconstrained build operations Thread 6" [_thread_blocked, id=6764, stack(0x000000e1c8d00000,0x000000e1c8e00000)]
  0x000002a382f93000 JavaThread "Unconstrained build operations Thread 7" [_thread_blocked, id=8876, stack(0x000000e1c8e00000,0x000000e1c8f00000)]
  0x000002a382f93800 JavaThread "Unconstrained build operations Thread 8" [_thread_blocked, id=1104, stack(0x000000e1c8f00000,0x000000e1c9000000)]
  0x000002a382f94800 JavaThread "Unconstrained build operations Thread 9" [_thread_blocked, id=4136, stack(0x000000e1c9000000,0x000000e1c9100000)]
  0x000002a382f96000 JavaThread "Unconstrained build operations Thread 10" [_thread_blocked, id=8356, stack(0x000000e1c9100000,0x000000e1c9200000)]
  0x000002a382f90800 JavaThread "Unconstrained build operations Thread 11" [_thread_blocked, id=5628, stack(0x000000e1c9200000,0x000000e1c9300000)]
  0x000002a382f97000 JavaThread "Unconstrained build operations Thread 12" [_thread_blocked, id=9148, stack(0x000000e1c9300000,0x000000e1c9400000)]
  0x000002a382f91000 JavaThread "Unconstrained build operations Thread 13" [_thread_blocked, id=9160, stack(0x000000e1c9400000,0x000000e1c9500000)]
  0x000002a382f9a000 JavaThread "Unconstrained build operations Thread 14" [_thread_blocked, id=8288, stack(0x000000e1c9500000,0x000000e1c9600000)]
  0x000002a382f99800 JavaThread "Unconstrained build operations Thread 15" [_thread_blocked, id=9008, stack(0x000000e1c9600000,0x000000e1c9700000)]
  0x000002a382f97800 JavaThread "Unconstrained build operations Thread 16" [_thread_blocked, id=8456, stack(0x000000e1c9700000,0x000000e1c9800000)]
  0x000002a382f98800 JavaThread "Unconstrained build operations Thread 17" [_thread_blocked, id=8988, stack(0x000000e1c9800000,0x000000e1c9900000)]
  0x000002a382f9f000 JavaThread "Unconstrained build operations Thread 18" [_thread_blocked, id=6676, stack(0x000000e1c9900000,0x000000e1c9a00000)]
  0x000002a382f9b000 JavaThread "Unconstrained build operations Thread 19" [_thread_blocked, id=8768, stack(0x000000e1c9a00000,0x000000e1c9b00000)]
  0x000002a382f9b800 JavaThread "Unconstrained build operations Thread 20" [_thread_blocked, id=8396, stack(0x000000e1c9b00000,0x000000e1c9c00000)]
  0x000002a382f9c800 JavaThread "Unconstrained build operations Thread 21" [_thread_blocked, id=8276, stack(0x000000e1c9c00000,0x000000e1c9d00000)]
  0x000002a382f9d800 JavaThread "Unconstrained build operations Thread 22" [_thread_blocked, id=7444, stack(0x000000e1c9d00000,0x000000e1c9e00000)]
  0x000002a382f9e000 JavaThread "Unconstrained build operations Thread 23" [_thread_blocked, id=3296, stack(0x000000e1c9e00000,0x000000e1c9f00000)]
  0x000002a3fd16f000 JavaThread "Unconstrained build operations Thread 24" [_thread_blocked, id=2904, stack(0x000000e1c9f00000,0x000000e1ca000000)]
  0x000002a3fd16b000 JavaThread "Unconstrained build operations Thread 25" [_thread_blocked, id=8548, stack(0x000000e1ca000000,0x000000e1ca100000)]
  0x000002a3fd16c000 JavaThread "Unconstrained build operations Thread 26" [_thread_blocked, id=8892, stack(0x000000e1ca100000,0x000000e1ca200000)]
  0x000002a3fd16d800 JavaThread "Unconstrained build operations Thread 27" [_thread_blocked, id=6880, stack(0x000000e1ca200000,0x000000e1ca300000)]
  0x000002a3fd170000 JavaThread "Unconstrained build operations Thread 28" [_thread_blocked, id=2992, stack(0x000000e1ca300000,0x000000e1ca400000)]
  0x000002a3fd16e800 JavaThread "Unconstrained build operations Thread 29" [_thread_blocked, id=9168, stack(0x000000e1ca400000,0x000000e1ca500000)]
  0x000002a3fd16c800 JavaThread "Unconstrained build operations Thread 30" [_thread_blocked, id=2472, stack(0x000000e1ca500000,0x000000e1ca600000)]
  0x000002a3fd16a800 JavaThread "Unconstrained build operations Thread 31" [_thread_blocked, id=7000, stack(0x000000e1ca600000,0x000000e1ca700000)]
  0x000002a3fd175000 JavaThread "Unconstrained build operations Thread 32" [_thread_blocked, id=1280, stack(0x000000e1ca700000,0x000000e1ca800000)]
  0x000002a3fd172800 JavaThread "Unconstrained build operations Thread 33" [_thread_blocked, id=8360, stack(0x000000e1ca800000,0x000000e1ca900000)]
  0x000002a3fd173800 JavaThread "Unconstrained build operations Thread 34" [_thread_blocked, id=8900, stack(0x000000e1ca900000,0x000000e1caa00000)]
  0x000002a3fd174000 JavaThread "Unconstrained build operations Thread 35" [_thread_blocked, id=2328, stack(0x000000e1caa00000,0x000000e1cab00000)]
  0x000002a3fd175800 JavaThread "Unconstrained build operations Thread 36" [_thread_blocked, id=5976, stack(0x000000e1cab00000,0x000000e1cac00000)]
  0x000002a3fd171000 JavaThread "Unconstrained build operations Thread 37" [_thread_blocked, id=6264, stack(0x000000e1cac00000,0x000000e1cad00000)]
  0x000002a3fd177800 JavaThread "Unconstrained build operations Thread 38" [_thread_blocked, id=2388, stack(0x000000e1cad00000,0x000000e1cae00000)]
  0x000002a3faefa800 JavaThread "Unconstrained build operations Thread 39" [_thread_blocked, id=7536, stack(0x000000e1cae00000,0x000000e1caf00000)]
  0x000002a3faef8000 JavaThread "Unconstrained build operations Thread 40" [_thread_blocked, id=9100, stack(0x000000e1caf00000,0x000000e1cb000000)]
  0x000002a3faef5000 JavaThread "Unconstrained build operations Thread 41" [_thread_blocked, id=8544, stack(0x000000e1cb000000,0x000000e1cb100000)]
  0x000002a3faef9000 JavaThread "Unconstrained build operations Thread 42" [_thread_blocked, id=5840, stack(0x000000e1cb100000,0x000000e1cb200000)]
  0x000002a3faefb800 JavaThread "Unconstrained build operations Thread 43" [_thread_blocked, id=1808, stack(0x000000e1cb200000,0x000000e1cb300000)]
  0x000002a3faefc000 JavaThread "Unconstrained build operations Thread 44" [_thread_blocked, id=8344, stack(0x000000e1cb300000,0x000000e1cb400000)]
  0x000002a3faef6800 JavaThread "Unconstrained build operations Thread 45" [_thread_blocked, id=3976, stack(0x000000e1cb400000,0x000000e1cb500000)]
  0x000002a3faefe000 JavaThread "Unconstrained build operations Thread 46" [_thread_blocked, id=8448, stack(0x000000e1cb500000,0x000000e1cb600000)]
  0x000002a3faf02000 JavaThread "Unconstrained build operations Thread 47" [_thread_blocked, id=8752, stack(0x000000e1cb600000,0x000000e1cb700000)]
  0x000002a3faefe800 JavaThread "Unconstrained build operations Thread 48" [_thread_blocked, id=6328, stack(0x000000e1cb700000,0x000000e1cb800000)]
  0x000002a3faf01000 JavaThread "Unconstrained build operations Thread 49" [_thread_blocked, id=1772, stack(0x000000e1cb800000,0x000000e1cb900000)]
  0x000002a3faefd000 JavaThread "Unconstrained build operations Thread 50" [_thread_blocked, id=8788, stack(0x000000e1cb900000,0x000000e1cba00000)]
  0x000002a3faeff800 JavaThread "Unconstrained build operations Thread 51" [_thread_blocked, id=8124, stack(0x000000e1cba00000,0x000000e1cbb00000)]
  0x000002a3faf00800 JavaThread "Unconstrained build operations Thread 52" [_thread_blocked, id=480, stack(0x000000e1cbb00000,0x000000e1cbc00000)]
  0x000002a3faf03000 JavaThread "Unconstrained build operations Thread 53" [_thread_blocked, id=2360, stack(0x000000e1cbc00000,0x000000e1cbd00000)]
  0x000002a3fc69a800 JavaThread "Unconstrained build operations Thread 54" [_thread_blocked, id=9152, stack(0x000000e1cbd00000,0x000000e1cbe00000)]
  0x000002a3fc695800 JavaThread "Unconstrained build operations Thread 55" [_thread_blocked, id=8968, stack(0x000000e1cbe00000,0x000000e1cbf00000)]
  0x000002a3fc698000 JavaThread "Unconstrained build operations Thread 56" [_thread_blocked, id=272, stack(0x000000e1cbf00000,0x000000e1cc000000)]
  0x000002a3fc69b000 JavaThread "Unconstrained build operations Thread 57" [_thread_blocked, id=8920, stack(0x000000e1cc000000,0x000000e1cc100000)]
  0x000002a3fc69e800 JavaThread "Unconstrained build operations Thread 58" [_thread_blocked, id=8468, stack(0x000000e1cc100000,0x000000e1cc200000)]
  0x000002a3fc69c000 JavaThread "Unconstrained build operations Thread 59" [_thread_blocked, id=7280, stack(0x000000e1cc200000,0x000000e1cc300000)]
  0x000002a3fc699800 JavaThread "Unconstrained build operations Thread 60" [_thread_blocked, id=7236, stack(0x000000e1cc300000,0x000000e1cc400000)]
  0x000002a3fc6a1000 JavaThread "Unconstrained build operations Thread 61" [_thread_blocked, id=2144, stack(0x000000e1cc400000,0x000000e1cc500000)]
  0x000002a3fc69f000 JavaThread "Unconstrained build operations Thread 62" [_thread_blocked, id=2956, stack(0x000000e1cc500000,0x000000e1cc600000)]
  0x000002a3fc6a0000 JavaThread "Unconstrained build operations Thread 63" [_thread_blocked, id=6728, stack(0x000000e1cc600000,0x000000e1cc700000)]
  0x000002a3fc69d000 JavaThread "Unconstrained build operations Thread 64" [_thread_blocked, id=8780, stack(0x000000e1cc700000,0x000000e1cc800000)]
  0x000002a3fc69d800 JavaThread "Unconstrained build operations Thread 65" [_thread_blocked, id=5608, stack(0x000000e1cc800000,0x000000e1cc900000)]
  0x000002a3fc865000 JavaThread "Unconstrained build operations Thread 66" [_thread_blocked, id=8732, stack(0x000000e1cc900000,0x000000e1cca00000)]
  0x000002a3fc861800 JavaThread "Unconstrained build operations Thread 67" [_thread_blocked, id=2540, stack(0x000000e1cca00000,0x000000e1ccb00000)]
  0x000002a3fc866000 JavaThread "Unconstrained build operations Thread 68" [_thread_blocked, id=8236, stack(0x000000e1ccb00000,0x000000e1ccc00000)]
  0x000002a3fc860000 JavaThread "Unconstrained build operations Thread 69" [_thread_blocked, id=3660, stack(0x000000e1ccc00000,0x000000e1ccd00000)]
  0x000002a3fc861000 JavaThread "Unconstrained build operations Thread 70" [_thread_blocked, id=7448, stack(0x000000e1ccd00000,0x000000e1cce00000)]
  0x000002a3fc862800 JavaThread "Unconstrained build operations Thread 71" [_thread_blocked, id=8400, stack(0x000000e1cce00000,0x000000e1ccf00000)]
  0x000002a3fc863800 JavaThread "Unconstrained build operations Thread 72" [_thread_blocked, id=240, stack(0x000000e1ccf00000,0x000000e1cd000000)]
  0x000002a3fc864000 JavaThread "Unconstrained build operations Thread 73" [_thread_blocked, id=8348, stack(0x000000e1cd000000,0x000000e1cd100000)]
  0x000002a3f9066800 JavaThread "Unconstrained build operations Thread 74" [_thread_blocked, id=8588, stack(0x000000e1cd100000,0x000000e1cd200000)]
  0x000002a3f9068000 JavaThread "Unconstrained build operations Thread 75" [_thread_blocked, id=1488, stack(0x000000e1cd200000,0x000000e1cd300000)]
  0x000002a3f906b800 JavaThread "Unconstrained build operations Thread 76" [_thread_blocked, id=9064, stack(0x000000e1cd300000,0x000000e1cd400000)]
  0x000002a3f9069000 JavaThread "Unconstrained build operations Thread 77" [_thread_blocked, id=8700, stack(0x000000e1cd400000,0x000000e1cd500000)]
  0x000002a3830fd800 JavaThread "Unconstrained build operations Thread 78" [_thread_blocked, id=4820, stack(0x000000e1cd500000,0x000000e1cd600000)]
  0x000002a383100000 JavaThread "Unconstrained build operations Thread 79" [_thread_blocked, id=8916, stack(0x000000e1cd800000,0x000000e1cd900000)]
  0x000002a3830fe800 JavaThread "Unconstrained build operations Thread 80" [_thread_blocked, id=6276, stack(0x000000e1ce100000,0x000000e1ce200000)]
  0x000002a3830fd000 JavaThread "build event listener" [_thread_blocked, id=9012, stack(0x000000e1ce200000,0x000000e1ce300000)]
  0x000002a3830fb000 JavaThread "pool-14-thread-1" [_thread_blocked, id=8632, stack(0x000000e1ce300000,0x000000e1ce400000)]
  0x000002a3830ff800 JavaThread "build event listener" [_thread_blocked, id=1468, stack(0x000000e1ce400000,0x000000e1ce500000)]
  0x000002a383101000 JavaThread "Execution worker for ':'" [_thread_blocked, id=140, stack(0x000000e1ce500000,0x000000e1ce600000)]
  0x000002a383102000 JavaThread "Execution worker for ':' Thread 2" [_thread_blocked, id=8848, stack(0x000000e1ce600000,0x000000e1ce700000)]
  0x000002a3830fc000 JavaThread "Execution worker for ':' Thread 3" [_thread_blocked, id=5336, stack(0x000000e1ce700000,0x000000e1ce800000)]
  0x000002a383108800 JavaThread "Execution worker for ':' Thread 4" [_thread_blocked, id=1184, stack(0x000000e1ce800000,0x000000e1ce900000)]
  0x000002a383104000 JavaThread "Execution worker for ':' Thread 5" [_thread_blocked, id=8504, stack(0x000000e1ce900000,0x000000e1cea00000)]
  0x000002a383103800 JavaThread "Execution worker for ':' Thread 6" [_thread_blocked, id=7468, stack(0x000000e1cea00000,0x000000e1ceb00000)]
  0x000002a383102800 JavaThread "Execution worker for ':' Thread 7" [_thread_blocked, id=4736, stack(0x000000e1ceb00000,0x000000e1cec00000)]
  0x000002a383105000 JavaThread "Cache worker for execution history cache (C:\Users\Doc\AndroidStudioProjects\HelloJava\.gradle\7.3.3\executionHistory)" [_thread_blocked, id=7952, stack(0x000000e1cec00000,0x000000e1ced00000)]
  0x000002a383106000 JavaThread "WorkerExecutor Queue" [_thread_blocked, id=4896, stack(0x000000e1ced00000,0x000000e1cee00000)]
  0x000002a383109000 JavaThread "WorkerExecutor Queue Thread 2" [_thread_in_Java, id=4408, stack(0x000000e1cee00000,0x000000e1cef00000)]
  0x000002a383107800 JavaThread "WorkerExecutor Queue Thread 3" [_thread_blocked, id=7676, stack(0x000000e1cef00000,0x000000e1cf000000)]
  0x000002a383106800 JavaThread "WorkerExecutor Queue Thread 4" [_thread_blocked, id=8380, stack(0x000000e1cf000000,0x000000e1cf100000)]
  0x000002a38310a000 JavaThread "WorkerExecutor Queue Thread 5" [_thread_blocked, id=8928, stack(0x000000e1cf100000,0x000000e1cf200000)]
  0x000002a3fdb0f000 JavaThread "WorkerExecutor Queue Thread 6" [_thread_in_vm, id=8836, stack(0x000000e1cf200000,0x000000e1cf300000)]
  0x000002a3fdb0c800 JavaThread "WorkerExecutor Queue Thread 7" [_thread_in_native, id=8220, stack(0x000000e1cf300000,0x000000e1cf400000)]
  0x000002a3fdb0d000 JavaThread "WorkerExecutor Queue Thread 8" [_thread_blocked, id=8020, stack(0x000000e1cf400000,0x000000e1cf500000)]
  0x000002a3fdb0e000 JavaThread "WorkerExecutor Queue Thread 9" [_thread_blocked, id=6392, stack(0x000000e1cf500000,0x000000e1cf600000)]
  0x000002a3fdb0f800 JavaThread "pool-15-thread-1" [_thread_blocked, id=7956, stack(0x000000e1cf700000,0x000000e1cf800000)]
  0x000002a3fdb0b000 JavaThread "stderr" [_thread_in_native, id=1032, stack(0x000000e1cf800000,0x000000e1cf900000)]
  0x000002a3fdb10800 JavaThread "stdout" [_thread_in_native, id=3368, stack(0x000000e1cf900000,0x000000e1cfa00000)]

Other Threads:
  0x000002a3f536d000 VMThread "VM Thread" [stack: 0x000000e1c5a00000,0x000000e1c5b00000] [id=5408]
  0x000002a3f5da7000 WatcherThread [stack: 0x000000e1c6400000,0x000000e1c6500000] [id=2584]
  0x000002a3d8f16000 GCTaskThread "GC Thread#0" [stack: 0x000000e1c5500000,0x000000e1c5600000] [id=5732]
  0x000002a3f6aa5000 GCTaskThread "GC Thread#1" [stack: 0x000000e1c6600000,0x000000e1c6700000] [id=4320]
  0x000002a3f6206000 GCTaskThread "GC Thread#2" [stack: 0x000000e1c6700000,0x000000e1c6800000] [id=7500]
  0x000002a3f63a7000 GCTaskThread "GC Thread#3" [stack: 0x000000e1c6800000,0x000000e1c6900000] [id=5852]
  0x000002a3f61c7800 GCTaskThread "GC Thread#4" [stack: 0x000000e1c6900000,0x000000e1c6a00000] [id=1920]
  0x000002a3f7f7c000 GCTaskThread "GC Thread#5" [stack: 0x000000e1c7600000,0x000000e1c7700000] [id=7720]
  0x000002a3f8a32000 GCTaskThread "GC Thread#6" [stack: 0x000000e1c7700000,0x000000e1c7800000] [id=812]
  0x000002a3f75bb800 GCTaskThread "GC Thread#7" [stack: 0x000000e1c7800000,0x000000e1c7900000] [id=2876]
  0x000002a3d8f48800 ConcurrentGCThread "G1 Main Marker" [stack: 0x000000e1c5600000,0x000000e1c5700000] [id=4500]
  0x000002a3d8f4b000 ConcurrentGCThread "G1 Conc#0" [stack: 0x000000e1c5700000,0x000000e1c5800000] [id=7316]
  0x000002a3f7cd5800 ConcurrentGCThread "G1 Conc#1" [stack: 0x000000e1c7900000,0x000000e1c7a00000] [id=4460]
  0x000002a3d8fce800 ConcurrentGCThread "G1 Refine#0" [stack: 0x000000e1c5800000,0x000000e1c5900000] [id=7228]
  0x000002a3fbcb9000 ConcurrentGCThread "G1 Refine#1" [stack: 0x000000e1c7100000,0x000000e1c7200000] [id=8092]
  0x000002a382ff5000 ConcurrentGCThread "G1 Refine#2" [stack: 0x000000e1c7c00000,0x000000e1c7d00000] [id=3916]
  0x000002a382ff0800 ConcurrentGCThread "G1 Refine#3" [stack: 0x000000e1cd700000,0x000000e1cd800000] [id=8984]
  0x000002a3f51e6800 ConcurrentGCThread "G1 Young RemSet Sampling" [stack: 0x000000e1c5900000,0x000000e1c5a00000] [id=8152]

Threads with active compile tasks:
C2 CompilerThread05585244 20436       4       kotlin.text.StringsKt__StringsJVMKt::endsWith (45 bytes)
C2 CompilerThread15585244 20006       4       org.gradle.internal.snapshot.impl.DefaultValueSnapshotter::processValue (675 bytes)
C2 CompilerThread25585244 20425       4       sun.nio.fs.WindowsPath::getFileName (87 bytes)

VM state:not at safepoint (normal execution)

VM Mutex/Monitor currently owned by a thread: None

Heap address: 0x0000000080000000, size: 2048 MB, Compressed Oops mode: 32-bit
Narrow klass base: 0x0000000000000000, Narrow klass shift: 3
Compressed class space size: 1073741824 Address: 0x0000000100000000

Heap:
 garbage-first heap   total 275456K, used 188708K [0x0000000080000000, 0x0000000100000000)
  region size 1024K, 48 young (49152K), 2 survivors (2048K)
 Metaspace       used 129927K, capacity 133292K, committed 133440K, reserved 1165312K
  class space    used 15910K, capacity 17167K, committed 17220K, reserved 1048576K
Heap Regions: E=young(eden), S=young(survivor), O=old, HS=humongous(starts), HC=humongous(continues), CS=collection set, F=free, A=archive, TAMS=top-at-mark-start (previous, next)
|   0|0x0000000080000000, 0x0000000080100000, 0x0000000080100000|100%| O|  |TAMS 0x0000000080100000, 0x0000000080000000| Untracked 
|   1|0x0000000080100000, 0x0000000080200000, 0x0000000080200000|100%| O|  |TAMS 0x0000000080200000, 0x0000000080100000| Untracked 
|   2|0x0000000080200000, 0x0000000080300000, 0x0000000080300000|100%| O|  |TAMS 0x0000000080300000, 0x0000000080200000| Complete 
|   3|0x0000000080300000, 0x0000000080400000, 0x0000000080400000|100%|HS|  |TAMS 0x0000000080400000, 0x0000000080300000| Complete 
|   4|0x0000000080400000, 0x0000000080500000, 0x0000000080500000|100%|HC|  |TAMS 0x0000000080500000, 0x0000000080400000| Complete 
|   5|0x0000000080500000, 0x0000000080600000, 0x0000000080600000|100%|HC|  |TAMS 0x0000000080600000, 0x0000000080500000| Complete 
|   6|0x0000000080600000, 0x0000000080700000, 0x0000000080700000|100%| O|  |TAMS 0x0000000080700000, 0x0000000080600000| Untracked 
|   7|0x0000000080700000, 0x0000000080800000, 0x0000000080800000|100%| O|  |TAMS 0x0000000080800000, 0x0000000080700000| Untracked 
|   8|0x0000000080800000, 0x0000000080900000, 0x0000000080900000|100%| O|  |TAMS 0x0000000080900000, 0x0000000080800000| Untracked 
|   9|0x0000000080900000, 0x0000000080a00000, 0x0000000080a00000|100%| O|  |TAMS 0x0000000080a00000, 0x0000000080900000| Complete 
|  10|0x0000000080a00000, 0x0000000080b00000, 0x0000000080b00000|100%| O|  |TAMS 0x0000000080b00000, 0x0000000080a00000| Complete 
|  11|0x0000000080b00000, 0x0000000080c00000, 0x0000000080c00000|100%| O|  |TAMS 0x0000000080c00000, 0x0000000080b00000| Untracked 
|  12|0x0000000080c00000, 0x0000000080d00000, 0x0000000080d00000|100%| O|  |TAMS 0x0000000080d00000, 0x0000000080c00000| Untracked 
|  13|0x0000000080d00000, 0x0000000080e00000, 0x0000000080e00000|100%| O|  |TAMS 0x0000000080e00000, 0x0000000080d00000| Untracked 
|  14|0x0000000080e00000, 0x0000000080f00000, 0x0000000080f00000|100%| O|  |TAMS 0x0000000080f00000, 0x0000000080e00000| Untracked 
|  15|0x0000000080f00000, 0x0000000081000000, 0x0000000081000000|100%| O|  |TAMS 0x0000000081000000, 0x0000000080f00000| Untracked 
|  16|0x0000000081000000, 0x0000000081100000, 0x0000000081100000|100%| O|  |TAMS 0x0000000081100000, 0x0000000081000000| Complete 
|  17|0x0000000081100000, 0x0000000081200000, 0x0000000081200000|100%|HS|  |TAMS 0x0000000081200000, 0x0000000081100000| Complete 
|  18|0x0000000081200000, 0x0000000081300000, 0x0000000081300000|100%|HS|  |TAMS 0x0000000081300000, 0x0000000081200000| Complete 
|  19|0x0000000081300000, 0x0000000081400000, 0x0000000081400000|100%|HS|  |TAMS 0x0000000081400000, 0x0000000081300000| Complete 
|  20|0x0000000081400000, 0x0000000081500000, 0x0000000081500000|100%|HC|  |TAMS 0x0000000081500000, 0x0000000081400000| Complete 
|  21|0x0000000081500000, 0x0000000081600000, 0x0000000081600000|100%| O|  |TAMS 0x0000000081600000, 0x0000000081500000| Complete 
|  22|0x0000000081600000, 0x0000000081700000, 0x0000000081700000|100%| O|  |TAMS 0x0000000081700000, 0x0000000081600000| Complete 
|  23|0x0000000081700000, 0x0000000081800000, 0x0000000081800000|100%| O|  |TAMS 0x0000000081800000, 0x0000000081700000| Complete 
|  24|0x0000000081800000, 0x0000000081900000, 0x0000000081900000|100%| O|  |TAMS 0x0000000081900000, 0x0000000081800000| Complete 
|  25|0x0000000081900000, 0x0000000081a00000, 0x0000000081a00000|100%| O|  |TAMS 0x0000000081a00000, 0x0000000081900000| Complete 
|  26|0x0000000081a00000, 0x0000000081b00000, 0x0000000081b00000|100%| O|  |TAMS 0x0000000081b00000, 0x0000000081a00000| Untracked 
|  27|0x0000000081b00000, 0x0000000081c00000, 0x0000000081c00000|100%| O|  |TAMS 0x0000000081c00000, 0x0000000081b00000| Untracked 
|  28|0x0000000081c00000, 0x0000000081d00000, 0x0000000081d00000|100%|HS|  |TAMS 0x0000000081c00000, 0x0000000081c00000| Complete 
|  29|0x0000000081d00000, 0x0000000081e00000, 0x0000000081e00000|100%| O|  |TAMS 0x0000000081e00000, 0x0000000081d00000| Untracked 
|  30|0x0000000081e00000, 0x0000000081f00000, 0x0000000081f00000|100%| O|  |TAMS 0x0000000081f00000, 0x0000000081e00000| Untracked 
|  31|0x0000000081f00000, 0x0000000082000000, 0x0000000082000000|100%| O|  |TAMS 0x0000000082000000, 0x0000000081f00000| Complete 
|  32|0x0000000082000000, 0x0000000082100000, 0x0000000082100000|100%| O|  |TAMS 0x0000000082100000, 0x0000000082000000| Untracked 
|  33|0x0000000082100000, 0x0000000082200000, 0x0000000082200000|100%| O|  |TAMS 0x0000000082200000, 0x0000000082100000| Complete 
|  34|0x0000000082200000, 0x0000000082300000, 0x0000000082300000|100%| O|  |TAMS 0x0000000082300000, 0x0000000082200000| Untracked 
|  35|0x0000000082300000, 0x0000000082400000, 0x0000000082400000|100%| O|  |TAMS 0x0000000082400000, 0x0000000082300000| Untracked 
|  36|0x0000000082400000, 0x0000000082500000, 0x0000000082500000|100%| O|  |TAMS 0x0000000082500000, 0x0000000082400000| Untracked 
|  37|0x0000000082500000, 0x0000000082600000, 0x0000000082600000|100%| O|  |TAMS 0x0000000082600000, 0x0000000082500000| Complete 
|  38|0x0000000082600000, 0x0000000082700000, 0x0000000082700000|100%| O|  |TAMS 0x0000000082700000, 0x0000000082600000| Complete 
|  39|0x0000000082700000, 0x0000000082800000, 0x0000000082800000|100%|HS|  |TAMS 0x0000000082700000, 0x0000000082700000| Complete 
|  40|0x0000000082800000, 0x0000000082900000, 0x0000000082900000|100%|HC|  |TAMS 0x0000000082800000, 0x0000000082800000| Complete 
|  41|0x0000000082900000, 0x0000000082a00000, 0x0000000082a00000|100%| O|  |TAMS 0x0000000082a00000, 0x0000000082900000| Complete 
|  42|0x0000000082a00000, 0x0000000082b00000, 0x0000000082b00000|100%| O|  |TAMS 0x0000000082b00000, 0x0000000082a00000| Complete 
|  43|0x0000000082b00000, 0x0000000082c00000, 0x0000000082c00000|100%| O|  |TAMS 0x0000000082c00000, 0x0000000082b00000| Complete 
|  44|0x0000000082c00000, 0x0000000082d00000, 0x0000000082d00000|100%| O|  |TAMS 0x0000000082d00000, 0x0000000082c00000| Complete 
|  45|0x0000000082d00000, 0x0000000082e00000, 0x0000000082e00000|100%|HS|  |TAMS 0x0000000082d00000, 0x0000000082d00000| Complete 
|  46|0x0000000082e00000, 0x0000000082f00000, 0x0000000082f00000|100%|HS|  |TAMS 0x0000000082e00000, 0x0000000082e00000| Complete 
|  47|0x0000000082f00000, 0x0000000083000000, 0x0000000083000000|100%| O|  |TAMS 0x0000000083000000, 0x0000000082f00000| Untracked 
|  48|0x0000000083000000, 0x0000000083000000, 0x0000000083100000|  0%| F|  |TAMS 0x0000000083000000, 0x0000000083000000| Untracked 
|  49|0x0000000083100000, 0x0000000083200000, 0x0000000083200000|100%| O|  |TAMS 0x0000000083200000, 0x0000000083100000| Untracked 
|  50|0x0000000083200000, 0x0000000083300000, 0x0000000083300000|100%| O|  |TAMS 0x0000000083300000, 0x0000000083200000| Complete 
|  51|0x0000000083300000, 0x0000000083400000, 0x0000000083400000|100%| O|  |TAMS 0x0000000083400000, 0x0000000083300000| Complete 
|  52|0x0000000083400000, 0x0000000083500000, 0x0000000083500000|100%| O|  |TAMS 0x0000000083500000, 0x0000000083400000| Complete 
|  53|0x0000000083500000, 0x0000000083600000, 0x0000000083600000|100%| O|  |TAMS 0x0000000083600000, 0x0000000083500000| Untracked 
|  54|0x0000000083600000, 0x0000000083700000, 0x0000000083700000|100%| O|  |TAMS 0x0000000083700000, 0x0000000083600000| Complete 
|  55|0x0000000083700000, 0x0000000083800000, 0x0000000083800000|100%| O|  |TAMS 0x0000000083800000, 0x0000000083700000| Complete 
|  56|0x0000000083800000, 0x0000000083900000, 0x0000000083900000|100%| O|  |TAMS 0x0000000083900000, 0x0000000083800000| Complete 
|  57|0x0000000083900000, 0x0000000083a00000, 0x0000000083a00000|100%|HS|  |TAMS 0x0000000083a00000, 0x0000000083900000| Complete 
|  58|0x0000000083a00000, 0x0000000083b00000, 0x0000000083b00000|100%|HC|  |TAMS 0x0000000083b00000, 0x0000000083a00000| Complete 
|  59|0x0000000083b00000, 0x0000000083c00000, 0x0000000083c00000|100%|HS|  |TAMS 0x0000000083c00000, 0x0000000083b00000| Complete 
|  60|0x0000000083c00000, 0x0000000083d00000, 0x0000000083d00000|100%|HC|  |TAMS 0x0000000083d00000, 0x0000000083c00000| Complete 
|  61|0x0000000083d00000, 0x0000000083e00000, 0x0000000083e00000|100%|HC|  |TAMS 0x0000000083e00000, 0x0000000083d00000| Complete 
|  62|0x0000000083e00000, 0x0000000083f00000, 0x0000000083f00000|100%|HS|  |TAMS 0x0000000083f00000, 0x0000000083e00000| Complete 
|  63|0x0000000083f00000, 0x0000000084000000, 0x0000000084000000|100%|HS|  |TAMS 0x0000000084000000, 0x0000000083f00000| Complete 
|  64|0x0000000084000000, 0x0000000084100000, 0x0000000084100000|100%|HC|  |TAMS 0x0000000084100000, 0x0000000084000000| Complete 
|  65|0x0000000084100000, 0x0000000084200000, 0x0000000084200000|100%|HC|  |TAMS 0x0000000084200000, 0x0000000084100000| Complete 
|  66|0x0000000084200000, 0x0000000084300000, 0x0000000084300000|100%|HC|  |TAMS 0x0000000084300000, 0x0000000084200000| Complete 
|  67|0x0000000084300000, 0x0000000084400000, 0x0000000084400000|100%| O|  |TAMS 0x0000000084400000, 0x0000000084300000| Complete 
|  68|0x0000000084400000, 0x0000000084500000, 0x0000000084500000|100%| O|  |TAMS 0x0000000084500000, 0x0000000084400000| Complete 
|  69|0x0000000084500000, 0x0000000084600000, 0x0000000084600000|100%| O|  |TAMS 0x0000000084600000, 0x0000000084500000| Complete 
|  70|0x0000000084600000, 0x0000000084700000, 0x0000000084700000|100%| O|  |TAMS 0x0000000084700000, 0x0000000084600000| Complete 
|  71|0x0000000084700000, 0x0000000084800000, 0x0000000084800000|100%| O|  |TAMS 0x0000000084800000, 0x0000000084700000| Complete 
|  72|0x0000000084800000, 0x0000000084900000, 0x0000000084900000|100%| O|  |TAMS 0x0000000084900000, 0x0000000084800000| Complete 
|  73|0x0000000084900000, 0x0000000084a00000, 0x0000000084a00000|100%| O|  |TAMS 0x0000000084a00000, 0x0000000084900000| Untracked 
|  74|0x0000000084a00000, 0x0000000084b00000, 0x0000000084b00000|100%| O|  |TAMS 0x0000000084b00000, 0x0000000084a00000| Untracked 
|  75|0x0000000084b00000, 0x0000000084c00000, 0x0000000084c00000|100%| O|  |TAMS 0x0000000084c00000, 0x0000000084b00000| Complete 
|  76|0x0000000084c00000, 0x0000000084d00000, 0x0000000084d00000|100%| O|  |TAMS 0x0000000084d00000, 0x0000000084c00000| Complete 
|  77|0x0000000084d00000, 0x0000000084e00000, 0x0000000084e00000|100%| O|  |TAMS 0x0000000084e00000, 0x0000000084d00000| Untracked 
|  78|0x0000000084e00000, 0x0000000084e00000, 0x0000000084f00000|  0%| F|  |TAMS 0x0000000084e00000, 0x0000000084e00000| Untracked 
|  79|0x0000000084f00000, 0x0000000085000000, 0x0000000085000000|100%| O|  |TAMS 0x0000000085000000, 0x0000000084f00000| Complete 
|  80|0x0000000085000000, 0x0000000085100000, 0x0000000085100000|100%| O|  |TAMS 0x0000000085100000, 0x0000000085000000| Complete 
|  81|0x0000000085100000, 0x0000000085200000, 0x0000000085200000|100%| O|  |TAMS 0x0000000085200000, 0x0000000085100000| Complete 
|  82|0x0000000085200000, 0x0000000085200000, 0x0000000085300000|  0%| F|  |TAMS 0x0000000085200000, 0x0000000085200000| Untracked 
|  83|0x0000000085300000, 0x0000000085300000, 0x0000000085400000|  0%| F|  |TAMS 0x0000000085300000, 0x0000000085300000| Untracked 
|  84|0x0000000085400000, 0x0000000085500000, 0x0000000085500000|100%|HS|  |TAMS 0x0000000085500000, 0x0000000085400000| Complete 
|  85|0x0000000085500000, 0x0000000085600000, 0x0000000085600000|100%| O|  |TAMS 0x0000000085600000, 0x0000000085500000| Complete 
|  86|0x0000000085600000, 0x0000000085600000, 0x0000000085700000|  0%| F|  |TAMS 0x0000000085600000, 0x0000000085600000| Untracked 
|  87|0x0000000085700000, 0x0000000085800000, 0x0000000085800000|100%| O|  |TAMS 0x0000000085800000, 0x0000000085700000| Untracked 
|  88|0x0000000085800000, 0x0000000085900000, 0x0000000085900000|100%| O|  |TAMS 0x0000000085900000, 0x0000000085800000| Complete 
|  89|0x0000000085900000, 0x0000000085a00000, 0x0000000085a00000|100%|HS|  |TAMS 0x0000000085a00000, 0x0000000085900000| Complete 
|  90|0x0000000085a00000, 0x0000000085b00000, 0x0000000085b00000|100%|HC|  |TAMS 0x0000000085b00000, 0x0000000085a00000| Complete 
|  91|0x0000000085b00000, 0x0000000085c00000, 0x0000000085c00000|100%|HC|  |TAMS 0x0000000085c00000, 0x0000000085b00000| Complete 
|  92|0x0000000085c00000, 0x0000000085d00000, 0x0000000085d00000|100%|HS|  |TAMS 0x0000000085d00000, 0x0000000085c00000| Complete 
|  93|0x0000000085d00000, 0x0000000085e00000, 0x0000000085e00000|100%|HC|  |TAMS 0x0000000085e00000, 0x0000000085d00000| Complete 
|  94|0x0000000085e00000, 0x0000000085f00000, 0x0000000085f00000|100%|HC|  |TAMS 0x0000000085f00000, 0x0000000085e00000| Complete 
|  95|0x0000000085f00000, 0x0000000086000000, 0x0000000086000000|100%|HC|  |TAMS 0x0000000086000000, 0x0000000085f00000| Complete 
|  96|0x0000000086000000, 0x0000000086000000, 0x0000000086100000|  0%| F|  |TAMS 0x0000000086000000, 0x0000000086000000| Untracked 
|  97|0x0000000086100000, 0x0000000086200000, 0x0000000086200000|100%| O|  |TAMS 0x0000000086200000, 0x0000000086100000| Untracked 
|  98|0x0000000086200000, 0x0000000086300000, 0x0000000086300000|100%| O|  |TAMS 0x0000000086300000, 0x0000000086200000| Complete 
|  99|0x0000000086300000, 0x0000000086400000, 0x0000000086400000|100%| O|  |TAMS 0x0000000086400000, 0x0000000086300000| Complete 
| 100|0x0000000086400000, 0x0000000086500000, 0x0000000086500000|100%| O|  |TAMS 0x0000000086500000, 0x0000000086400000| Untracked 
| 101|0x0000000086500000, 0x0000000086600000, 0x0000000086600000|100%| O|  |TAMS 0x0000000086600000, 0x0000000086500000| Untracked 
| 102|0x0000000086600000, 0x0000000086700000, 0x0000000086700000|100%| O|  |TAMS 0x0000000086700000, 0x0000000086600000| Untracked 
| 103|0x0000000086700000, 0x0000000086800000, 0x0000000086800000|100%| O|  |TAMS 0x0000000086800000, 0x0000000086700000| Complete 
| 104|0x0000000086800000, 0x0000000086900000, 0x0000000086900000|100%|HS|  |TAMS 0x0000000086900000, 0x0000000086800000| Complete 
| 105|0x0000000086900000, 0x0000000086a00000, 0x0000000086a00000|100%|HC|  |TAMS 0x0000000086a00000, 0x0000000086900000| Complete 
| 106|0x0000000086a00000, 0x0000000086b00000, 0x0000000086b00000|100%|HS|  |TAMS 0x0000000086b00000, 0x0000000086a00000| Complete 
| 107|0x0000000086b00000, 0x0000000086c00000, 0x0000000086c00000|100%|HC|  |TAMS 0x0000000086c00000, 0x0000000086b00000| Complete 
| 108|0x0000000086c00000, 0x0000000086d00000, 0x0000000086d00000|100%|HC|  |TAMS 0x0000000086d00000, 0x0000000086c00000| Complete 
| 109|0x0000000086d00000, 0x0000000086e00000, 0x0000000086e00000|100%|HS|  |TAMS 0x0000000086e00000, 0x0000000086d00000| Complete 
| 110|0x0000000086e00000, 0x0000000086f00000, 0x0000000086f00000|100%|HS|  |TAMS 0x0000000086f00000, 0x0000000086e00000| Complete 
| 111|0x0000000086f00000, 0x0000000087000000, 0x0000000087000000|100%|HC|  |TAMS 0x0000000087000000, 0x0000000086f00000| Complete 
| 112|0x0000000087000000, 0x0000000087100000, 0x0000000087100000|100%|HC|  |TAMS 0x0000000087100000, 0x0000000087000000| Complete 
| 113|0x0000000087100000, 0x0000000087200000, 0x0000000087200000|100%|HC|  |TAMS 0x0000000087200000, 0x0000000087100000| Complete 
| 114|0x0000000087200000, 0x0000000087300000, 0x0000000087300000|100%| O|  |TAMS 0x0000000087300000, 0x0000000087200000| Complete 
| 115|0x0000000087300000, 0x0000000087400000, 0x0000000087400000|100%| O|  |TAMS 0x0000000087400000, 0x0000000087300000| Untracked 
| 116|0x0000000087400000, 0x0000000087500000, 0x0000000087500000|100%| O|  |TAMS 0x0000000087500000, 0x0000000087400000| Untracked 
| 117|0x0000000087500000, 0x0000000087600000, 0x0000000087600000|100%| O|  |TAMS 0x0000000087600000, 0x0000000087500000| Complete 
| 118|0x0000000087600000, 0x0000000087700000, 0x0000000087700000|100%| O|  |TAMS 0x0000000087700000, 0x0000000087600000| Untracked 
| 119|0x0000000087700000, 0x0000000087800000, 0x0000000087800000|100%| O|  |TAMS 0x0000000087800000, 0x0000000087700000| Untracked 
| 120|0x0000000087800000, 0x0000000087900000, 0x0000000087900000|100%| O|  |TAMS 0x0000000087900000, 0x0000000087800000| Untracked 
| 121|0x0000000087900000, 0x0000000087900000, 0x0000000087a00000|  0%| F|  |TAMS 0x0000000087900000, 0x0000000087900000| Untracked 
| 122|0x0000000087a00000, 0x0000000087b00000, 0x0000000087b00000|100%| O|  |TAMS 0x0000000087b00000, 0x0000000087a00000| Untracked 
| 123|0x0000000087b00000, 0x0000000087c00000, 0x0000000087c00000|100%| O|  |TAMS 0x0000000087c00000, 0x0000000087b00000| Complete 
| 124|0x0000000087c00000, 0x0000000087d00000, 0x0000000087d00000|100%| O|  |TAMS 0x0000000087d00000, 0x0000000087c00000| Untracked 
| 125|0x0000000087d00000, 0x0000000087e00000, 0x0000000087e00000|100%| O|  |TAMS 0x0000000087e00000, 0x0000000087d00000| Complete 
| 126|0x0000000087e00000, 0x0000000087f00000, 0x0000000087f00000|100%| O|  |TAMS 0x0000000087f00000, 0x0000000087e00000| Complete 
| 127|0x0000000087f00000, 0x0000000088000000, 0x0000000088000000|100%| O|  |TAMS 0x0000000088000000, 0x0000000087f00000| Complete 
| 128|0x0000000088000000, 0x0000000088000000, 0x0000000088100000|  0%| F|  |TAMS 0x0000000088000000, 0x0000000088000000| Untracked 
| 129|0x0000000088100000, 0x0000000088200000, 0x0000000088200000|100%| O|  |TAMS 0x0000000088200000, 0x0000000088100000| Complete 
| 130|0x0000000088200000, 0x0000000088300000, 0x0000000088300000|100%| O|  |TAMS 0x0000000088300000, 0x0000000088200000| Untracked 
| 131|0x0000000088300000, 0x0000000088400000, 0x0000000088400000|100%| O|  |TAMS 0x0000000088400000, 0x0000000088300000| Untracked 
| 132|0x0000000088400000, 0x0000000088500000, 0x0000000088500000|100%| O|  |TAMS 0x0000000088500000, 0x0000000088400000| Untracked 
| 133|0x0000000088500000, 0x000000008853a600, 0x0000000088600000| 22%| O|  |TAMS 0x000000008853a600, 0x0000000088500000| Untracked 
| 134|0x0000000088600000, 0x0000000088600000, 0x0000000088700000|  0%| F|  |TAMS 0x0000000088600000, 0x0000000088600000| Untracked 
| 135|0x0000000088700000, 0x0000000088700000, 0x0000000088800000|  0%| F|  |TAMS 0x0000000088700000, 0x0000000088700000| Untracked 
| 136|0x0000000088800000, 0x0000000088800000, 0x0000000088900000|  0%| F|  |TAMS 0x0000000088800000, 0x0000000088800000| Untracked 
| 137|0x0000000088900000, 0x0000000088900000, 0x0000000088a00000|  0%| F|  |TAMS 0x0000000088900000, 0x0000000088900000| Untracked 
| 138|0x0000000088a00000, 0x0000000088a00000, 0x0000000088b00000|  0%| F|  |TAMS 0x0000000088a00000, 0x0000000088a00000| Untracked 
| 139|0x0000000088b00000, 0x0000000088b00000, 0x0000000088c00000|  0%| F|  |TAMS 0x0000000088b00000, 0x0000000088b00000| Untracked 
| 140|0x0000000088c00000, 0x0000000088c00000, 0x0000000088d00000|  0%| F|  |TAMS 0x0000000088c00000, 0x0000000088c00000| Untracked 
| 141|0x0000000088d00000, 0x0000000088e00000, 0x0000000088e00000|100%| O|  |TAMS 0x0000000088e00000, 0x0000000088d00000| Complete 
| 142|0x0000000088e00000, 0x0000000088f00000, 0x0000000088f00000|100%| O|  |TAMS 0x0000000088f00000, 0x0000000088e00000| Complete 
| 143|0x0000000088f00000, 0x0000000089000000, 0x0000000089000000|100%| O|  |TAMS 0x0000000089000000, 0x0000000088f00000| Complete 
| 144|0x0000000089000000, 0x0000000089100000, 0x0000000089100000|100%| O|  |TAMS 0x0000000089100000, 0x0000000089000000| Complete 
| 145|0x0000000089100000, 0x0000000089200000, 0x0000000089200000|100%| O|  |TAMS 0x0000000089200000, 0x0000000089100000| Complete 
| 146|0x0000000089200000, 0x0000000089200000, 0x0000000089300000|  0%| F|  |TAMS 0x0000000089200000, 0x0000000089200000| Untracked 
| 147|0x0000000089300000, 0x0000000089300000, 0x0000000089400000|  0%| F|  |TAMS 0x0000000089300000, 0x0000000089300000| Untracked 
| 148|0x0000000089400000, 0x0000000089400000, 0x0000000089500000|  0%| F|  |TAMS 0x0000000089400000, 0x0000000089400000| Untracked 
| 149|0x0000000089500000, 0x0000000089500000, 0x0000000089600000|  0%| F|  |TAMS 0x0000000089500000, 0x0000000089500000| Untracked 
| 150|0x0000000089600000, 0x0000000089600000, 0x0000000089700000|  0%| F|  |TAMS 0x0000000089600000, 0x0000000089600000| Untracked 
| 151|0x0000000089700000, 0x0000000089700000, 0x0000000089800000|  0%| F|  |TAMS 0x0000000089700000, 0x0000000089700000| Untracked 
| 152|0x0000000089800000, 0x0000000089800000, 0x0000000089900000|  0%| F|  |TAMS 0x0000000089800000, 0x0000000089800000| Untracked 
| 153|0x0000000089900000, 0x0000000089900000, 0x0000000089a00000|  0%| F|  |TAMS 0x0000000089900000, 0x0000000089900000| Untracked 
| 154|0x0000000089a00000, 0x0000000089a00000, 0x0000000089b00000|  0%| F|  |TAMS 0x0000000089a00000, 0x0000000089a00000| Untracked 
| 155|0x0000000089b00000, 0x0000000089b00000, 0x0000000089c00000|  0%| F|  |TAMS 0x0000000089b00000, 0x0000000089b00000| Untracked 
| 156|0x0000000089c00000, 0x0000000089c00000, 0x0000000089d00000|  0%| F|  |TAMS 0x0000000089c00000, 0x0000000089c00000| Untracked 
| 157|0x0000000089d00000, 0x0000000089d00000, 0x0000000089e00000|  0%| F|  |TAMS 0x0000000089d00000, 0x0000000089d00000| Untracked 
| 158|0x0000000089e00000, 0x0000000089e00000, 0x0000000089f00000|  0%| F|  |TAMS 0x0000000089e00000, 0x0000000089e00000| Untracked 
| 159|0x0000000089f00000, 0x0000000089f00000, 0x000000008a000000|  0%| F|  |TAMS 0x0000000089f00000, 0x0000000089f00000| Untracked 
| 160|0x000000008a000000, 0x000000008a100000, 0x000000008a100000|100%| O|  |TAMS 0x000000008a100000, 0x000000008a000000| Untracked 
| 161|0x000000008a100000, 0x000000008a200000, 0x000000008a200000|100%| O|  |TAMS 0x000000008a200000, 0x000000008a100000| Untracked 
| 162|0x000000008a200000, 0x000000008a300000, 0x000000008a300000|100%| O|  |TAMS 0x000000008a300000, 0x000000008a200000| Complete 
| 163|0x000000008a300000, 0x000000008a400000, 0x000000008a400000|100%| O|  |TAMS 0x000000008a400000, 0x000000008a300000| Untracked 
| 164|0x000000008a400000, 0x000000008a400000, 0x000000008a500000|  0%| F|  |TAMS 0x000000008a400000, 0x000000008a400000| Untracked 
| 165|0x000000008a500000, 0x000000008a600000, 0x000000008a600000|100%| O|  |TAMS 0x000000008a600000, 0x000000008a500000| Untracked 
| 166|0x000000008a600000, 0x000000008a700000, 0x000000008a700000|100%| O|  |TAMS 0x000000008a700000, 0x000000008a600000| Untracked 
| 167|0x000000008a700000, 0x000000008a800000, 0x000000008a800000|100%| O|  |TAMS 0x000000008a800000, 0x000000008a700000| Untracked 
| 168|0x000000008a800000, 0x000000008a900000, 0x000000008a900000|100%| O|  |TAMS 0x000000008a900000, 0x000000008a800000| Untracked 
| 169|0x000000008a900000, 0x000000008a900000, 0x000000008aa00000|  0%| F|  |TAMS 0x000000008a900000, 0x000000008a900000| Untracked 
| 170|0x000000008aa00000, 0x000000008aa00000, 0x000000008ab00000|  0%| F|  |TAMS 0x000000008aa00000, 0x000000008aa00000| Untracked 
| 171|0x000000008ab00000, 0x000000008ab00000, 0x000000008ac00000|  0%| F|  |TAMS 0x000000008ab00000, 0x000000008ab00000| Untracked 
| 172|0x000000008ac00000, 0x000000008ac00000, 0x000000008ad00000|  0%| F|  |TAMS 0x000000008ac00000, 0x000000008ac00000| Untracked 
| 173|0x000000008ad00000, 0x000000008ad00000, 0x000000008ae00000|  0%| F|  |TAMS 0x000000008ad00000, 0x000000008ad00000| Untracked 
| 174|0x000000008ae00000, 0x000000008ae00000, 0x000000008af00000|  0%| F|  |TAMS 0x000000008ae00000, 0x000000008ae00000| Untracked 
| 175|0x000000008af00000, 0x000000008af00000, 0x000000008b000000|  0%| F|  |TAMS 0x000000008af00000, 0x000000008af00000| Untracked 
| 176|0x000000008b000000, 0x000000008b100000, 0x000000008b100000|100%| O|  |TAMS 0x000000008b100000, 0x000000008b000000| Untracked 
| 177|0x000000008b100000, 0x000000008b100000, 0x000000008b200000|  0%| F|  |TAMS 0x000000008b100000, 0x000000008b100000| Untracked 
| 178|0x000000008b200000, 0x000000008b200000, 0x000000008b300000|  0%| F|  |TAMS 0x000000008b200000, 0x000000008b200000| Untracked 
| 179|0x000000008b300000, 0x000000008b300000, 0x000000008b400000|  0%| F|  |TAMS 0x000000008b300000, 0x000000008b300000| Untracked 
| 180|0x000000008b400000, 0x000000008b400000, 0x000000008b500000|  0%| F|  |TAMS 0x000000008b400000, 0x000000008b400000| Untracked 
| 181|0x000000008b500000, 0x000000008b500000, 0x000000008b600000|  0%| F|  |TAMS 0x000000008b500000, 0x000000008b500000| Untracked 
| 182|0x000000008b600000, 0x000000008b600000, 0x000000008b700000|  0%| F|  |TAMS 0x000000008b600000, 0x000000008b600000| Untracked 
| 183|0x000000008b700000, 0x000000008b700000, 0x000000008b800000|  0%| F|  |TAMS 0x000000008b700000, 0x000000008b700000| Untracked 
| 184|0x000000008b800000, 0x000000008b800000, 0x000000008b900000|  0%| F|  |TAMS 0x000000008b800000, 0x000000008b800000| Untracked 
| 185|0x000000008b900000, 0x000000008b900000, 0x000000008ba00000|  0%| F|  |TAMS 0x000000008b900000, 0x000000008b900000| Untracked 
| 186|0x000000008ba00000, 0x000000008ba00000, 0x000000008bb00000|  0%| F|  |TAMS 0x000000008ba00000, 0x000000008ba00000| Untracked 
| 187|0x000000008bb00000, 0x000000008bb00000, 0x000000008bc00000|  0%| F|  |TAMS 0x000000008bb00000, 0x000000008bb00000| Untracked 
| 188|0x000000008bc00000, 0x000000008bc00000, 0x000000008bd00000|  0%| F|  |TAMS 0x000000008bc00000, 0x000000008bc00000| Untracked 
| 189|0x000000008bd00000, 0x000000008bd00000, 0x000000008be00000|  0%| F|  |TAMS 0x000000008bd00000, 0x000000008bd00000| Untracked 
| 190|0x000000008be00000, 0x000000008be00000, 0x000000008bf00000|  0%| F|  |TAMS 0x000000008be00000, 0x000000008be00000| Untracked 
| 191|0x000000008bf00000, 0x000000008bf00000, 0x000000008c000000|  0%| F|  |TAMS 0x000000008bf00000, 0x000000008bf00000| Untracked 
| 192|0x000000008c000000, 0x000000008c000000, 0x000000008c100000|  0%| F|  |TAMS 0x000000008c000000, 0x000000008c000000| Untracked 
| 193|0x000000008c100000, 0x000000008c100000, 0x000000008c200000|  0%| F|  |TAMS 0x000000008c100000, 0x000000008c100000| Untracked 
| 194|0x000000008c200000, 0x000000008c200000, 0x000000008c300000|  0%| F|  |TAMS 0x000000008c200000, 0x000000008c200000| Untracked 
| 195|0x000000008c300000, 0x000000008c300000, 0x000000008c400000|  0%| F|  |TAMS 0x000000008c300000, 0x000000008c300000| Untracked 
| 196|0x000000008c400000, 0x000000008c400000, 0x000000008c500000|  0%| F|  |TAMS 0x000000008c400000, 0x000000008c400000| Untracked 
| 197|0x000000008c500000, 0x000000008c500000, 0x000000008c600000|  0%| F|  |TAMS 0x000000008c500000, 0x000000008c500000| Untracked 
| 198|0x000000008c600000, 0x000000008c600000, 0x000000008c700000|  0%| F|  |TAMS 0x000000008c600000, 0x000000008c600000| Untracked 
| 199|0x000000008c700000, 0x000000008c700000, 0x000000008c800000|  0%| F|  |TAMS 0x000000008c700000, 0x000000008c700000| Untracked 
| 200|0x000000008c800000, 0x000000008c800000, 0x000000008c900000|  0%| F|  |TAMS 0x000000008c800000, 0x000000008c800000| Untracked 
| 201|0x000000008c900000, 0x000000008c900000, 0x000000008ca00000|  0%| F|  |TAMS 0x000000008c900000, 0x000000008c900000| Untracked 
| 202|0x000000008ca00000, 0x000000008ca00000, 0x000000008cb00000|  0%| F|  |TAMS 0x000000008ca00000, 0x000000008ca00000| Untracked 
| 203|0x000000008cb00000, 0x000000008cb00000, 0x000000008cc00000|  0%| F|  |TAMS 0x000000008cb00000, 0x000000008cb00000| Untracked 
| 204|0x000000008cc00000, 0x000000008cc00000, 0x000000008cd00000|  0%| F|  |TAMS 0x000000008cc00000, 0x000000008cc00000| Untracked 
| 205|0x000000008cd00000, 0x000000008cd00000, 0x000000008ce00000|  0%| F|  |TAMS 0x000000008cd00000, 0x000000008cd00000| Untracked 
| 206|0x000000008ce00000, 0x000000008ce00000, 0x000000008cf00000|  0%| F|  |TAMS 0x000000008ce00000, 0x000000008ce00000| Untracked 
| 207|0x000000008cf00000, 0x000000008cf00000, 0x000000008d000000|  0%| F|  |TAMS 0x000000008cf00000, 0x000000008cf00000| Untracked 
| 208|0x000000008d000000, 0x000000008d000000, 0x000000008d100000|  0%| F|  |TAMS 0x000000008d000000, 0x000000008d000000| Untracked 
| 209|0x000000008d100000, 0x000000008d100000, 0x000000008d200000|  0%| F|  |TAMS 0x000000008d100000, 0x000000008d100000| Untracked 
| 210|0x000000008d200000, 0x000000008d200000, 0x000000008d300000|  0%| F|  |TAMS 0x000000008d200000, 0x000000008d200000| Untracked 
| 211|0x000000008d300000, 0x000000008d300000, 0x000000008d400000|  0%| F|  |TAMS 0x000000008d300000, 0x000000008d300000| Untracked 
| 212|0x000000008d400000, 0x000000008d400000, 0x000000008d500000|  0%| F|  |TAMS 0x000000008d400000, 0x000000008d400000| Untracked 
| 213|0x000000008d500000, 0x000000008d500000, 0x000000008d600000|  0%| F|  |TAMS 0x000000008d500000, 0x000000008d500000| Untracked 
| 214|0x000000008d600000, 0x000000008d600000, 0x000000008d700000|  0%| F|  |TAMS 0x000000008d600000, 0x000000008d600000| Untracked 
| 215|0x000000008d700000, 0x000000008d70eba8, 0x000000008d800000|  5%| S|CS|TAMS 0x000000008d700000, 0x000000008d700000| Complete 
| 216|0x000000008d800000, 0x000000008d900000, 0x000000008d900000|100%| S|CS|TAMS 0x000000008d800000, 0x000000008d800000| Complete 
| 217|0x000000008d900000, 0x000000008d900000, 0x000000008da00000|  0%| F|  |TAMS 0x000000008d900000, 0x000000008d900000| Untracked 
| 218|0x000000008da00000, 0x000000008da00000, 0x000000008db00000|  0%| F|  |TAMS 0x000000008da00000, 0x000000008da00000| Untracked 
| 219|0x000000008db00000, 0x000000008db00000, 0x000000008dc00000|  0%| F|  |TAMS 0x000000008db00000, 0x000000008db00000| Untracked 
| 220|0x000000008dc00000, 0x000000008dc00000, 0x000000008dd00000|  0%| F|  |TAMS 0x000000008dc00000, 0x000000008dc00000| Untracked 
| 221|0x000000008dd00000, 0x000000008dd352a8, 0x000000008de00000| 20%| E|  |TAMS 0x000000008dd00000, 0x000000008dd00000| Complete 
| 222|0x000000008de00000, 0x000000008df00000, 0x000000008df00000|100%| E|CS|TAMS 0x000000008de00000, 0x000000008de00000| Complete 
| 223|0x000000008df00000, 0x000000008e000000, 0x000000008e000000|100%| E|CS|TAMS 0x000000008df00000, 0x000000008df00000| Complete 
| 224|0x000000008e000000, 0x000000008e100000, 0x000000008e100000|100%| E|CS|TAMS 0x000000008e000000, 0x000000008e000000| Complete 
| 225|0x000000008e100000, 0x000000008e200000, 0x000000008e200000|100%| E|CS|TAMS 0x000000008e100000, 0x000000008e100000| Complete 
| 226|0x000000008e200000, 0x000000008e300000, 0x000000008e300000|100%| E|CS|TAMS 0x000000008e200000, 0x000000008e200000| Complete 
| 227|0x000000008e300000, 0x000000008e400000, 0x000000008e400000|100%| E|CS|TAMS 0x000000008e300000, 0x000000008e300000| Complete 
| 228|0x000000008e400000, 0x000000008e500000, 0x000000008e500000|100%| E|CS|TAMS 0x000000008e400000, 0x000000008e400000| Complete 
| 229|0x000000008e500000, 0x000000008e600000, 0x000000008e600000|100%| E|CS|TAMS 0x000000008e500000, 0x000000008e500000| Complete 
| 230|0x000000008e600000, 0x000000008e700000, 0x000000008e700000|100%| E|CS|TAMS 0x000000008e600000, 0x000000008e600000| Complete 
| 231|0x000000008e700000, 0x000000008e800000, 0x000000008e800000|100%| E|CS|TAMS 0x000000008e700000, 0x000000008e700000| Complete 
| 232|0x000000008e800000, 0x000000008e900000, 0x000000008e900000|100%| E|CS|TAMS 0x000000008e800000, 0x000000008e800000| Complete 
| 233|0x000000008e900000, 0x000000008ea00000, 0x000000008ea00000|100%| E|CS|TAMS 0x000000008e900000, 0x000000008e900000| Complete 
| 234|0x000000008ea00000, 0x000000008eb00000, 0x000000008eb00000|100%| E|CS|TAMS 0x000000008ea00000, 0x000000008ea00000| Complete 
| 235|0x000000008eb00000, 0x000000008ec00000, 0x000000008ec00000|100%| E|CS|TAMS 0x000000008eb00000, 0x000000008eb00000| Complete 
| 236|0x000000008ec00000, 0x000000008ed00000, 0x000000008ed00000|100%| E|CS|TAMS 0x000000008ec00000, 0x000000008ec00000| Complete 
| 237|0x000000008ed00000, 0x000000008ee00000, 0x000000008ee00000|100%| E|CS|TAMS 0x000000008ed00000, 0x000000008ed00000| Complete 
| 238|0x000000008ee00000, 0x000000008ef00000, 0x000000008ef00000|100%| E|CS|TAMS 0x000000008ee00000, 0x000000008ee00000| Complete 
| 239|0x000000008ef00000, 0x000000008f000000, 0x000000008f000000|100%| E|CS|TAMS 0x000000008ef00000, 0x000000008ef00000| Complete 
| 240|0x000000008f000000, 0x000000008f100000, 0x000000008f100000|100%| E|CS|TAMS 0x000000008f000000, 0x000000008f000000| Complete 
| 241|0x000000008f100000, 0x000000008f200000, 0x000000008f200000|100%| E|CS|TAMS 0x000000008f100000, 0x000000008f100000| Complete 
| 242|0x000000008f200000, 0x000000008f300000, 0x000000008f300000|100%| E|CS|TAMS 0x000000008f200000, 0x000000008f200000| Complete 
| 243|0x000000008f300000, 0x000000008f400000, 0x000000008f400000|100%| E|CS|TAMS 0x000000008f300000, 0x000000008f300000| Complete 
| 244|0x000000008f400000, 0x000000008f500000, 0x000000008f500000|100%| E|CS|TAMS 0x000000008f400000, 0x000000008f400000| Complete 
| 245|0x000000008f500000, 0x000000008f600000, 0x000000008f600000|100%| E|CS|TAMS 0x000000008f500000, 0x000000008f500000| Complete 
| 246|0x000000008f600000, 0x000000008f700000, 0x000000008f700000|100%| E|CS|TAMS 0x000000008f600000, 0x000000008f600000| Complete 
| 247|0x000000008f700000, 0x000000008f800000, 0x000000008f800000|100%| E|  |TAMS 0x000000008f700000, 0x000000008f700000| Complete 
| 248|0x000000008f800000, 0x000000008f900000, 0x000000008f900000|100%| E|CS|TAMS 0x000000008f800000, 0x000000008f800000| Complete 
| 249|0x000000008f900000, 0x000000008fa00000, 0x000000008fa00000|100%| E|CS|TAMS 0x000000008f900000, 0x000000008f900000| Complete 
| 250|0x000000008fa00000, 0x000000008fb00000, 0x000000008fb00000|100%| E|CS|TAMS 0x000000008fa00000, 0x000000008fa00000| Complete 
| 251|0x000000008fb00000, 0x000000008fc00000, 0x000000008fc00000|100%| E|CS|TAMS 0x000000008fb00000, 0x000000008fb00000| Complete 
| 252|0x000000008fc00000, 0x000000008fd00000, 0x000000008fd00000|100%| E|CS|TAMS 0x000000008fc00000, 0x000000008fc00000| Complete 
| 253|0x000000008fd00000, 0x000000008fe00000, 0x000000008fe00000|100%| E|CS|TAMS 0x000000008fd00000, 0x000000008fd00000| Complete 
| 254|0x000000008fe00000, 0x000000008ff00000, 0x000000008ff00000|100%| E|CS|TAMS 0x000000008fe00000, 0x000000008fe00000| Complete 
| 255|0x000000008ff00000, 0x0000000090000000, 0x0000000090000000|100%| E|CS|TAMS 0x000000008ff00000, 0x000000008ff00000| Complete 
| 256|0x0000000090000000, 0x0000000090100000, 0x0000000090100000|100%| E|CS|TAMS 0x0000000090000000, 0x0000000090000000| Complete 
| 257|0x0000000090100000, 0x0000000090200000, 0x0000000090200000|100%| E|CS|TAMS 0x0000000090100000, 0x0000000090100000| Complete 
| 258|0x0000000090200000, 0x0000000090300000, 0x0000000090300000|100%| E|CS|TAMS 0x0000000090200000, 0x0000000090200000| Complete 
| 259|0x0000000090300000, 0x0000000090400000, 0x0000000090400000|100%| E|CS|TAMS 0x0000000090300000, 0x0000000090300000| Complete 
| 260|0x0000000090400000, 0x0000000090500000, 0x0000000090500000|100%| E|CS|TAMS 0x0000000090400000, 0x0000000090400000| Complete 
| 261|0x0000000090500000, 0x0000000090600000, 0x0000000090600000|100%| E|CS|TAMS 0x0000000090500000, 0x0000000090500000| Complete 
| 262|0x0000000090600000, 0x0000000090700000, 0x0000000090700000|100%| E|CS|TAMS 0x0000000090600000, 0x0000000090600000| Complete 
| 263|0x0000000090700000, 0x0000000090800000, 0x0000000090800000|100%| E|CS|TAMS 0x0000000090700000, 0x0000000090700000| Complete 
| 264|0x0000000090800000, 0x0000000090900000, 0x0000000090900000|100%| E|CS|TAMS 0x0000000090800000, 0x0000000090800000| Complete 
| 265|0x0000000090900000, 0x0000000090a00000, 0x0000000090a00000|100%| E|CS|TAMS 0x0000000090900000, 0x0000000090900000| Complete 
| 266|0x0000000090a00000, 0x0000000090b00000, 0x0000000090b00000|100%| E|CS|TAMS 0x0000000090a00000, 0x0000000090a00000| Complete 
| 267|0x0000000090b00000, 0x0000000090c00000, 0x0000000090c00000|100%| E|CS|TAMS 0x0000000090b00000, 0x0000000090b00000| Complete 
| 268|0x0000000090c00000, 0x0000000090d00000, 0x0000000090d00000|100%| E|CS|TAMS 0x0000000090c00000, 0x0000000090c00000| Complete 

Card table byte_map: [0x000002a3ee060000,0x000002a3ee460000] _byte_map_base: 0x000002a3edc60000

Marking Bits (Prev, Next): (CMBitMap*) 0x000002a3d8f3fc50, (CMBitMap*) 0x000002a3d8f3fc18
 Prev Bits: [0x000002a3f0860000, 0x000002a3f2860000)
 Next Bits: [0x000002a3ee860000, 0x000002a3f0860000)

Polling page: 0x000002a3d8d50000

Metaspace:

Usage:
  Non-class:    113.47 MB capacity,   111.41 MB ( 98%) used,     1.68 MB (  1%) free+waste,   383.00 KB ( <1%) overhead. 
      Class:     16.77 MB capacity,    15.55 MB ( 93%) used,     1.06 MB (  6%) free+waste,   166.44 KB ( <1%) overhead. 
       Both:    130.23 MB capacity,   126.96 MB ( 97%) used,     2.74 MB (  2%) free+waste,   549.44 KB ( <1%) overhead. 

Virtual space:
  Non-class space:      114.00 MB reserved,     113.50 MB (>99%) committed 
      Class space:        1.00 GB reserved,      16.82 MB (  2%) committed 
             Both:        1.11 GB reserved,     130.31 MB ( 11%) committed 

Chunk freelists:
   Non-Class:  28.00 KB
       Class:  15.00 KB
        Both:  43.00 KB

MaxMetaspaceSize: 17179869184.00 GB
CompressedClassSpaceSize: 1.00 GB
Initial GC threshold: 20.80 MB
Current GC threshold: 213.23 MB
CDS: off

CodeHeap 'non-profiled nmethods': size=120000Kb used=13393Kb max_used=13393Kb free=106606Kb
 bounds [0x000002a3e5cd0000, 0x000002a3e69f0000, 0x000002a3ed200000]
CodeHeap 'profiled nmethods': size=120000Kb used=42490Kb max_used=42490Kb free=77509Kb
 bounds [0x000002a3de7a0000, 0x000002a3e1120000, 0x000002a3e5cd0000]
CodeHeap 'non-nmethods': size=5760Kb used=2493Kb max_used=2539Kb free=3266Kb
 bounds [0x000002a3de200000, 0x000002a3de490000, 0x000002a3de7a0000]
 total_blobs=19982 nmethods=18978 adapters=913
 compilation: enabled
              stopped_count=0, restarted_count=0
 full_count=0

Compilation events (20 events):
Event: 5585.194 Thread 0x000002a3f5c0f800 20418       3       com.google.common.collect.ImmutableSet::maxRunBeforeFallback (11 bytes)
Event: 5585.194 Thread 0x000002a3f5c0f800 nmethod 20418 0x000002a3e10ffc90 code [0x000002a3e10ffe40, 0x000002a3e10fff68]
Event: 5585.194 Thread 0x000002a3f5c0f800 20419       3       com.android.build.gradle.internal.matcher.NoWildcardPathMatcher::matches (48 bytes)
Event: 5585.195 Thread 0x000002a3f5c0f800 nmethod 20419 0x000002a3e1100010 code [0x000002a3e1100220, 0x000002a3e11006a8]
Event: 5585.196 Thread 0x000002a3f5c0f800 20420       3       sun.nio.fs.WindowsFileSystem$2::matches (17 bytes)
Event: 5585.196 Thread 0x000002a3f5c0f800 nmethod 20420 0x000002a3e1100890 code [0x000002a3e1100a80, 0x000002a3e1100d28]
Event: 5585.196 Thread 0x000002a3f5c0f800 20421       3       com.android.build.gradle.internal.matcher.FileNameWithSuffixPathMatcher::matches (71 bytes)
Event: 5585.197 Thread 0x000002a3f5c0f800 nmethod 20421 0x000002a3e1100e90 code [0x000002a3e11010a0, 0x000002a3e1101638]
Event: 5585.197 Thread 0x000002a3f5c0f800 20424 %     3       java.util.regex.Matcher::match @ 46 (154 bytes)
Event: 5585.197 Thread 0x000002a3f5c0f800 nmethod 20424% 0x000002a3e1101810 code [0x000002a3e1101a20, 0x000002a3e1102068]
Event: 5585.198 Thread 0x000002a3f5c0f800 20426       3       kotlin.text.StringsKt__StringsJVMKt::replace (148 bytes)
Event: 5585.199 Thread 0x000002a3f5c0f800 nmethod 20426 0x000002a3e1102310 code [0x000002a3e11026a0, 0x000002a3e1103b18]
Event: 5585.199 Thread 0x000002a3f5c0f800 20422       3       com.android.build.gradle.internal.matcher.FileExtensionWithPrefixPathMatcher::matches (107 bytes)
Event: 5585.200 Thread 0x000002a3f5c0f800 nmethod 20422 0x000002a3e1104490 code [0x000002a3e11046e0, 0x000002a3e1104f68]
Event: 5585.200 Thread 0x000002a3f5c0f800 20427       3       com.android.build.gradle.internal.matcher.FolderInHierarchyPathMatcher::matches (205 bytes)
Event: 5585.202 Thread 0x000002a3f5c0f800 nmethod 20427 0x000002a3e1105290 code [0x000002a3e1105580, 0x000002a3e1106608]
Event: 5585.202 Thread 0x000002a3f5c0f800 20423  s    3       com.android.tools.build.apkzlib.utils.CachedSupplier::get (30 bytes)
Event: 5585.202 Thread 0x000002a3f5c0f800 nmethod 20423 0x000002a3e1106a90 code [0x000002a3e1106c60, 0x000002a3e1107028]
Event: 5585.205 Thread 0x000002a3f5c0b800 nmethod 20385 0x000002a3e69de790 code [0x000002a3e69de960, 0x000002a3e69df9d8]
Event: 5585.205 Thread 0x000002a3f5c0b800 20428       4       java.util.zip.ZipFile$Source::getEntryPos (206 bytes)

GC Heap History (20 events):
Event: 5582.733 GC heap before
{Heap before GC invocations=36 (full 0):
 garbage-first heap   total 229376K, used 195673K [0x0000000080000000, 0x0000000100000000)
  region size 1024K, 34 young (34816K), 2 survivors (2048K)
 Metaspace       used 122396K, capacity 125573K, committed 125632K, reserved 1159168K
  class space    used 15129K, capacity 16306K, committed 16324K, reserved 1048576K
}
Event: 5582.749 GC heap after
{Heap after GC invocations=37 (full 0):
 garbage-first heap   total 229376K, used 161531K [0x0000000080000000, 0x0000000100000000)
  region size 1024K, 5 young (5120K), 5 survivors (5120K)
 Metaspace       used 122396K, capacity 125573K, committed 125632K, reserved 1159168K
  class space    used 15129K, capacity 16306K, committed 16324K, reserved 1048576K
}
Event: 5582.965 GC heap before
{Heap before GC invocations=37 (full 0):
 garbage-first heap   total 229376K, used 182011K [0x0000000080000000, 0x0000000100000000)
  region size 1024K, 11 young (11264K), 5 survivors (5120K)
 Metaspace       used 122453K, capacity 125694K, committed 125888K, reserved 1159168K
  class space    used 15135K, capacity 16316K, committed 16324K, reserved 1048576K
}
Event: 5582.986 GC heap after
{Heap after GC invocations=38 (full 0):
 garbage-first heap   total 229376K, used 161563K [0x0000000080000000, 0x0000000100000000)
  region size 1024K, 2 young (2048K), 2 survivors (2048K)
 Metaspace       used 122453K, capacity 125694K, committed 125888K, reserved 1159168K
  class space    used 15135K, capacity 16316K, committed 16324K, reserved 1048576K
}
Event: 5583.215 GC heap before
{Heap before GC invocations=38 (full 0):
 garbage-first heap   total 229376K, used 188187K [0x0000000080000000, 0x0000000100000000)
  region size 1024K, 29 young (29696K), 2 survivors (2048K)
 Metaspace       used 124034K, capacity 127216K, committed 127424K, reserved 1161216K
  class space    used 15268K, capacity 16449K, committed 16580K, reserved 1048576K
}
Event: 5583.222 GC heap after
{Heap after GC invocations=39 (full 0):
 garbage-first heap   total 229376K, used 166497K [0x0000000080000000, 0x0000000100000000)
  region size 1024K, 4 young (4096K), 4 survivors (4096K)
 Metaspace       used 124034K, capacity 127216K, committed 127424K, reserved 1161216K
  class space    used 15268K, capacity 16449K, committed 16580K, reserved 1048576K
}
Event: 5583.621 GC heap before
{Heap before GC invocations=40 (full 0):
 garbage-first heap   total 229376K, used 191073K [0x0000000080000000, 0x0000000100000000)
  region size 1024K, 29 young (29696K), 4 survivors (4096K)
 Metaspace       used 124827K, capacity 128048K, committed 128192K, reserved 1161216K
  class space    used 15317K, capacity 16513K, committed 16580K, reserved 1048576K
}
Event: 5583.628 GC heap after
{Heap after GC invocations=41 (full 0):
 garbage-first heap   total 229376K, used 167973K [0x0000000080000000, 0x0000000100000000)
  region size 1024K, 3 young (3072K), 3 survivors (3072K)
 Metaspace       used 124827K, capacity 128048K, committed 128192K, reserved 1161216K
  class space    used 15317K, capacity 16513K, committed 16580K, reserved 1048576K
}
Event: 5583.695 GC heap before
{Heap before GC invocations=41 (full 0):
 garbage-first heap   total 229376K, used 176165K [0x0000000080000000, 0x0000000100000000)
  region size 1024K, 11 young (11264K), 3 survivors (3072K)
 Metaspace       used 124871K, capacity 128048K, committed 128192K, reserved 1161216K
  class space    used 15317K, capacity 16513K, committed 16580K, reserved 1048576K
}
Event: 5583.707 GC heap after
{Heap after GC invocations=42 (full 0):
 garbage-first heap   total 229376K, used 149636K [0x0000000080000000, 0x0000000100000000)
  region size 1024K, 2 young (2048K), 2 survivors (2048K)
 Metaspace       used 124871K, capacity 128048K, committed 128192K, reserved 1161216K
  class space    used 15317K, capacity 16513K, committed 16580K, reserved 1048576K
}
Event: 5583.769 GC heap before
{Heap before GC invocations=42 (full 0):
 garbage-first heap   total 229376K, used 158852K [0x0000000080000000, 0x0000000100000000)
  region size 1024K, 11 young (11264K), 2 survivors (2048K)
 Metaspace       used 125049K, capacity 128240K, committed 128448K, reserved 1161216K
  class space    used 15319K, capacity 16513K, committed 16580K, reserved 1048576K
}
Event: 5583.778 GC heap after
{Heap after GC invocations=43 (full 0):
 garbage-first heap   total 229376K, used 147709K [0x0000000080000000, 0x0000000100000000)
  region size 1024K, 2 young (2048K), 2 survivors (2048K)
 Metaspace       used 125049K, capacity 128240K, committed 128448K, reserved 1161216K
  class space    used 15319K, capacity 16513K, committed 16580K, reserved 1048576K
}
Event: 5584.081 GC heap before
{Heap before GC invocations=43 (full 0):
 garbage-first heap   total 229376K, used 180477K [0x0000000080000000, 0x0000000100000000)
  region size 1024K, 35 young (35840K), 2 survivors (2048K)
 Metaspace       used 125648K, capacity 128846K, committed 129088K, reserved 1161216K
  class space    used 15391K, capacity 16585K, committed 16708K, reserved 1048576K
}
Event: 5584.090 GC heap after
{Heap after GC invocations=44 (full 0):
 garbage-first heap   total 229376K, used 152327K [0x0000000080000000, 0x0000000100000000)
  region size 1024K, 5 young (5120K), 5 survivors (5120K)
 Metaspace       used 125648K, capacity 128846K, committed 129088K, reserved 1161216K
  class space    used 15391K, capacity 16585K, committed 16708K, reserved 1048576K
}
Event: 5584.577 GC heap before
{Heap before GC invocations=45 (full 0):
 garbage-first heap   total 229376K, used 183047K [0x0000000080000000, 0x0000000100000000)
  region size 1024K, 38 young (38912K), 5 survivors (5120K)
 Metaspace       used 126606K, capacity 129885K, committed 130112K, reserved 1163264K
  class space    used 15482K, capacity 16672K, committed 16708K, reserved 1048576K
}
Event: 5584.585 GC heap after
{Heap after GC invocations=46 (full 0):
 garbage-first heap   total 229376K, used 149471K [0x0000000080000000, 0x0000000100000000)
  region size 1024K, 2 young (2048K), 2 survivors (2048K)
 Metaspace       used 126606K, capacity 129885K, committed 130112K, reserved 1163264K
  class space    used 15482K, capacity 16672K, committed 16708K, reserved 1048576K
}
Event: 5584.657 GC heap before
{Heap before GC invocations=46 (full 0):
 garbage-first heap   total 229376K, used 157663K [0x0000000080000000, 0x0000000100000000)
  region size 1024K, 11 young (11264K), 2 survivors (2048K)
 Metaspace       used 126976K, capacity 130250K, committed 130496K, reserved 1163264K
  class space    used 15532K, capacity 16729K, committed 16836K, reserved 1048576K
}
Event: 5584.664 GC heap after
{Heap after GC invocations=47 (full 0):
 garbage-first heap   total 229376K, used 138297K [0x0000000080000000, 0x0000000100000000)
  region size 1024K, 1 young (1024K), 1 survivors (1024K)
 Metaspace       used 126976K, capacity 130250K, committed 130496K, reserved 1163264K
  class space    used 15532K, capacity 16729K, committed 16836K, reserved 1048576K
}
Event: 5584.757 GC heap before
{Heap before GC invocations=47 (full 0):
 garbage-first heap   total 229376K, used 143417K [0x0000000080000000, 0x0000000100000000)
  region size 1024K, 8 young (8192K), 1 survivors (1024K)
 Metaspace       used 127275K, capacity 130501K, committed 130752K, reserved 1163264K
  class space    used 15561K, capacity 16767K, committed 16836K, reserved 1048576K
}
Event: 5584.762 GC heap after
{Heap after GC invocations=48 (full 0):
 garbage-first heap   total 275456K, used 138532K [0x0000000080000000, 0x0000000100000000)
  region size 1024K, 2 young (2048K), 2 survivors (2048K)
 Metaspace       used 127275K, capacity 130501K, committed 130752K, reserved 1163264K
  class space    used 15561K, capacity 16767K, committed 16836K, reserved 1048576K
}

Deoptimization events (20 events):
Event: 5585.176 Thread 0x000002a383109000 DEOPT PACKING pc=0x000002a3dff9f908 sp=0x000000e1ceefd670
Event: 5585.176 Thread 0x000002a383109000 DEOPT UNPACKING pc=0x000002a3de24a95e sp=0x000000e1ceefcb78 mode 0
Event: 5585.179 Thread 0x000002a383109000 Uncommon trap: trap_request=0xffffffc6 fr.pc=0x000002a3e63441f4 relative=0x0000000000000414
Event: 5585.179 Thread 0x000002a383109000 Uncommon trap: reason=bimorphic_or_optimized_type_check action=maybe_recompile pc=0x000002a3e63441f4 method=java.util.function.Predicate.lambda$and$0(Ljava/util/function/Predicate;Ljava/lang/Object;)Z @ 2 c2
Event: 5585.179 Thread 0x000002a383109000 DEOPT PACKING pc=0x000002a3e63441f4 sp=0x000000e1ceefd7c0
Event: 5585.179 Thread 0x000002a383109000 DEOPT UNPACKING pc=0x000002a3de24a1af sp=0x000000e1ceefd6f8 mode 2
Event: 5585.179 Thread 0x000002a383109000 Uncommon trap: trap_request=0xffffffc6 fr.pc=0x000002a3e63441f4 relative=0x0000000000000414
Event: 5585.179 Thread 0x000002a383109000 Uncommon trap: reason=bimorphic_or_optimized_type_check action=maybe_recompile pc=0x000002a3e63441f4 method=java.util.function.Predicate.lambda$and$0(Ljava/util/function/Predicate;Ljava/lang/Object;)Z @ 2 c2
Event: 5585.179 Thread 0x000002a383109000 DEOPT PACKING pc=0x000002a3e63441f4 sp=0x000000e1ceefd7c0
Event: 5585.179 Thread 0x000002a383109000 DEOPT UNPACKING pc=0x000002a3de24a1af sp=0x000000e1ceefd6f8 mode 2
Event: 5585.179 Thread 0x000002a383109000 Uncommon trap: trap_request=0xffffffc6 fr.pc=0x000002a3e63441f4 relative=0x0000000000000414
Event: 5585.179 Thread 0x000002a383109000 Uncommon trap: reason=bimorphic_or_optimized_type_check action=maybe_recompile pc=0x000002a3e63441f4 method=java.util.function.Predicate.lambda$and$0(Ljava/util/function/Predicate;Ljava/lang/Object;)Z @ 2 c2
Event: 5585.179 Thread 0x000002a383109000 DEOPT PACKING pc=0x000002a3e63441f4 sp=0x000000e1ceefd7c0
Event: 5585.179 Thread 0x000002a383109000 DEOPT UNPACKING pc=0x000002a3de24a1af sp=0x000000e1ceefd6f8 mode 2
Event: 5585.179 Thread 0x000002a383109000 Uncommon trap: trap_request=0xffffffc6 fr.pc=0x000002a3e63441f4 relative=0x0000000000000414
Event: 5585.179 Thread 0x000002a383109000 Uncommon trap: reason=bimorphic_or_optimized_type_check action=maybe_recompile pc=0x000002a3e63441f4 method=java.util.function.Predicate.lambda$and$0(Ljava/util/function/Predicate;Ljava/lang/Object;)Z @ 2 c2
Event: 5585.179 Thread 0x000002a383109000 DEOPT PACKING pc=0x000002a3e63441f4 sp=0x000000e1ceefd7c0
Event: 5585.179 Thread 0x000002a383109000 DEOPT UNPACKING pc=0x000002a3de24a1af sp=0x000000e1ceefd6f8 mode 2
Event: 5585.194 Thread 0x000002a383109000 DEOPT PACKING pc=0x000002a3e1025544 sp=0x000000e1ceefd1d0
Event: 5585.194 Thread 0x000002a383109000 DEOPT UNPACKING pc=0x000002a3de24a95e sp=0x000000e1ceefc770 mode 0

Classes redefined (0 events):
No events

Internal exceptions (20 events):
Event: 5584.807 Thread 0x000002a383102800 Exception <a 'sun/nio/fs/WindowsException'{0x000000009088e0f0}> (0x000000009088e0f0) thrown at [./src/hotspot/share/prims/jni.cpp, line 615]
Event: 5584.930 Thread 0x000002a383102800 Exception <a 'sun/nio/fs/WindowsException'{0x00000000902c74c0}> (0x00000000902c74c0) thrown at [./src/hotspot/share/prims/jni.cpp, line 615]
Event: 5584.930 Thread 0x000002a383102800 Exception <a 'sun/nio/fs/WindowsException'{0x00000000902c85f0}> (0x00000000902c85f0) thrown at [./src/hotspot/share/prims/jni.cpp, line 615]
Event: 5585.014 Thread 0x000002a3fdb0f000 Exception <a 'sun/nio/fs/WindowsException'{0x000000008fb12268}> (0x000000008fb12268) thrown at [./src/hotspot/share/prims/jni.cpp, line 615]
Event: 5585.024 Thread 0x000002a383108800 Exception <a 'java/lang/NoSuchMethodError'{0x000000008fbfb1f0}: <clinit>> (0x000000008fbfb1f0) thrown at [./src/hotspot/share/prims/jni.cpp, line 1365]
Event: 5585.025 Thread 0x000002a383108800 Exception <a 'java/lang/NoSuchMethodError'{0x000000008fbfc7f8}: <clinit>> (0x000000008fbfc7f8) thrown at [./src/hotspot/share/prims/jni.cpp, line 1365]
Event: 5585.025 Thread 0x000002a383108800 Exception <a 'java/lang/NoSuchMethodError'{0x000000008fa29b40}: <clinit>> (0x000000008fa29b40) thrown at [./src/hotspot/share/prims/jni.cpp, line 1365]
Event: 5585.027 Thread 0x000002a383108800 Exception <a 'java/lang/NoSuchMethodError'{0x000000008fa754a8}: <clinit>> (0x000000008fa754a8) thrown at [./src/hotspot/share/prims/jni.cpp, line 1365]
Event: 5585.027 Thread 0x000002a383108800 Exception <a 'java/lang/NoSuchMethodError'{0x000000008fa766e0}: <clinit>> (0x000000008fa766e0) thrown at [./src/hotspot/share/prims/jni.cpp, line 1365]
Event: 5585.135 Thread 0x000002a383108800 Exception <a 'sun/nio/fs/WindowsException'{0x000000008ed65210}> (0x000000008ed65210) thrown at [./src/hotspot/share/prims/jni.cpp, line 615]
Event: 5585.135 Thread 0x000002a383108800 Exception <a 'sun/nio/fs/WindowsException'{0x000000008ed660c8}> (0x000000008ed660c8) thrown at [./src/hotspot/share/prims/jni.cpp, line 615]
Event: 5585.136 Thread 0x000002a383108800 Exception <a 'sun/nio/fs/WindowsException'{0x000000008ed664c8}> (0x000000008ed664c8) thrown at [./src/hotspot/share/prims/jni.cpp, line 615]
Event: 5585.136 Thread 0x000002a383108800 Exception <a 'sun/nio/fs/WindowsException'{0x000000008ed67368}> (0x000000008ed67368) thrown at [./src/hotspot/share/prims/jni.cpp, line 615]
Event: 5585.136 Thread 0x000002a383108800 Exception <a 'sun/nio/fs/WindowsException'{0x000000008ed676a8}> (0x000000008ed676a8) thrown at [./src/hotspot/share/prims/jni.cpp, line 615]
Event: 5585.136 Thread 0x000002a383108800 Exception <a 'sun/nio/fs/WindowsException'{0x000000008ed68558}> (0x000000008ed68558) thrown at [./src/hotspot/share/prims/jni.cpp, line 615]
Event: 5585.136 Thread 0x000002a383108800 Exception <a 'sun/nio/fs/WindowsException'{0x000000008ed68838}> (0x000000008ed68838) thrown at [./src/hotspot/share/prims/jni.cpp, line 615]
Event: 5585.137 Thread 0x000002a383108800 Exception <a 'sun/nio/fs/WindowsException'{0x000000008ed696b8}> (0x000000008ed696b8) thrown at [./src/hotspot/share/prims/jni.cpp, line 615]
Event: 5585.139 Thread 0x000002a383108800 Exception <a 'java/lang/NoSuchMethodError'{0x000000008edd9838}: <clinit>> (0x000000008edd9838) thrown at [./src/hotspot/share/prims/jni.cpp, line 1365]
Event: 5585.142 Thread 0x000002a383108800 Exception <a 'java/lang/NoSuchMethodError'{0x000000008ec581b0}: <clinit>> (0x000000008ec581b0) thrown at [./src/hotspot/share/prims/jni.cpp, line 1365]
Event: 5585.143 Thread 0x000002a383108800 Exception <a 'java/lang/NoSuchMethodError'{0x000000008ec6ab58}: <clinit>> (0x000000008ec6ab58) thrown at [./src/hotspot/share/prims/jni.cpp, line 1365]

Events (20 events):
Event: 5585.208 loading class com/android/tools/r8/shaking/a3 done
Event: 5585.208 loading class com/google/common/primitives/UnsignedInts
Event: 5585.208 loading class com/google/common/primitives/UnsignedInts done
Event: 5585.208 loading class com/android/tools/r8/shaking/m
Event: 5585.208 loading class com/android/tools/r8/shaking/m done
Event: 5585.208 loading class com/android/tools/r8/shaking/k0
Event: 5585.208 loading class com/android/tools/r8/shaking/k0 done
Event: 5585.209 loading class com/android/tools/r8/shaking/c1
Event: 5585.209 loading class com/android/tools/r8/shaking/c1 done
Event: 5585.209 loading class sun/nio/cs/US_ASCII$Encoder
Event: 5585.209 loading class sun/nio/cs/US_ASCII$Encoder done
Event: 5585.209 loading class com/android/tools/r8/shaking/d1
Event: 5585.209 loading class com/android/tools/r8/shaking/d1 done
Event: 5585.209 loading class java/nio/StringCharBuffer
Event: 5585.209 loading class com/android/tools/r8/shaking/i1
Event: 5585.209 loading class com/android/tools/r8/shaking/i1 done
Event: 5585.210 loading class com/android/tools/r8/shaking/j1
Event: 5585.210 loading class com/android/tools/r8/shaking/j1 done
Event: 5585.210 loading class java/nio/StringCharBuffer done
Event: 5585.210 Executing VM operation: Deoptimize


Dynamic libraries:
0x00007ff7bc570000 - 0x00007ff7bc57a000 	C:\Program Files\Android\Android Studio\jre\bin\java.exe
0x00007ff8f8b10000 - 0x00007ff8f8cfd000 	C:\Windows\SYSTEM32\ntdll.dll
0x00007ff8f84f0000 - 0x00007ff8f85a3000 	C:\Windows\System32\KERNEL32.DLL
0x00007ff8f5810000 - 0x00007ff8f5aa5000 	C:\Windows\System32\KERNELBASE.dll
0x00007ff8f5710000 - 0x00007ff8f580a000 	C:\Windows\System32\ucrtbase.dll
0x00007ff8b68e0000 - 0x00007ff8b68f9000 	C:\Program Files\Android\Android Studio\jre\bin\jli.dll
0x00007ff8f5d60000 - 0x00007ff8f5ef7000 	C:\Windows\System32\USER32.dll
0x00007ff8b64f0000 - 0x00007ff8b6507000 	C:\Program Files\Android\Android Studio\jre\bin\VCRUNTIME140.dll
0x00007ff8f54a0000 - 0x00007ff8f54c0000 	C:\Windows\System32\win32u.dll
0x00007ff8f8a30000 - 0x00007ff8f8a59000 	C:\Windows\System32\GDI32.dll
0x00007ff8e3210000 - 0x00007ff8e3489000 	C:\Windows\WinSxS\amd64_microsoft.windows.common-controls_6595b64144ccf1df_6.0.17763.1577_none_de7444545348a3d0\COMCTL32.dll
0x00007ff8f5b10000 - 0x00007ff8f5cac000 	C:\Windows\System32\gdi32full.dll
0x00007ff8f88e0000 - 0x00007ff8f897e000 	C:\Windows\System32\msvcrt.dll
0x00007ff8f5400000 - 0x00007ff8f54a0000 	C:\Windows\System32\msvcp_win.dll
0x00007ff8f85b0000 - 0x00007ff8f88dd000 	C:\Windows\System32\combase.dll
0x00007ff8f7fa0000 - 0x00007ff8f80c2000 	C:\Windows\System32\RPCRT4.dll
0x00007ff8f5380000 - 0x00007ff8f53fe000 	C:\Windows\System32\bcryptPrimitives.dll
0x00007ff8f7f60000 - 0x00007ff8f7f8e000 	C:\Windows\System32\IMM32.DLL
0x00007ff8afcb0000 - 0x00007ff8afd4d000 	C:\Program Files\Android\Android Studio\jre\bin\msvcp140.dll
0x00007ff8b4520000 - 0x00007ff8b5005000 	C:\Program Files\Android\Android Studio\jre\bin\server\jvm.dll
0x00007ff8f8980000 - 0x00007ff8f8a23000 	C:\Windows\System32\ADVAPI32.dll
0x00007ff8f6170000 - 0x00007ff8f620e000 	C:\Windows\System32\sechost.dll
0x00007ff8f7f90000 - 0x00007ff8f7f98000 	C:\Windows\System32\PSAPI.DLL
0x00007ff8e5650000 - 0x00007ff8e5659000 	C:\Windows\SYSTEM32\WSOCK32.dll
0x00007ff8efea0000 - 0x00007ff8efeaa000 	C:\Windows\SYSTEM32\VERSION.dll
0x00007ff8f2b90000 - 0x00007ff8f2bb4000 	C:\Windows\SYSTEM32\WINMM.dll
0x00007ff8f81d0000 - 0x00007ff8f823d000 	C:\Windows\System32\WS2_32.dll
0x00007ff8f2b60000 - 0x00007ff8f2b8d000 	C:\Windows\SYSTEM32\WINMMBASE.dll
0x00007ff8f54c0000 - 0x00007ff8f550a000 	C:\Windows\System32\cfgmgr32.dll
0x00007ff8f4bb0000 - 0x00007ff8f4bc1000 	C:\Windows\System32\kernel.appcore.dll
0x00007ff8b44e0000 - 0x00007ff8b44f1000 	C:\Program Files\Android\Android Studio\jre\bin\verify.dll
0x00007ff8ebb50000 - 0x00007ff8ebd3d000 	C:\Windows\SYSTEM32\DBGHELP.DLL
0x00007ff8dade0000 - 0x00007ff8dae0a000 	C:\Windows\SYSTEM32\dbgcore.DLL
0x00007ff8b44b0000 - 0x00007ff8b44d9000 	C:\Program Files\Android\Android Studio\jre\bin\java.dll
0x00007ff8df180000 - 0x00007ff8df18b000 	C:\Program Files\Android\Android Studio\jre\bin\jimage.dll
0x00007ff8b4490000 - 0x00007ff8b44a8000 	C:\Program Files\Android\Android Studio\jre\bin\zip.dll
0x00007ff8f6a00000 - 0x00007ff8f7ef9000 	C:\Windows\System32\SHELL32.dll
0x00007ff8f60c0000 - 0x00007ff8f6168000 	C:\Windows\System32\shcore.dll
0x00007ff8f4bf0000 - 0x00007ff8f5343000 	C:\Windows\System32\windows.storage.dll
0x00007ff8f4b80000 - 0x00007ff8f4ba4000 	C:\Windows\System32\profapi.dll
0x00007ff8f4b20000 - 0x00007ff8f4b7d000 	C:\Windows\System32\powrprof.dll
0x00007ff8f8490000 - 0x00007ff8f84e2000 	C:\Windows\System32\shlwapi.dll
0x00007ff8f56f0000 - 0x00007ff8f5707000 	C:\Windows\System32\cryptsp.dll
0x00007ff8b4470000 - 0x00007ff8b448a000 	C:\Program Files\Android\Android Studio\jre\bin\net.dll
0x00007ff8e8530000 - 0x00007ff8e8624000 	C:\Windows\SYSTEM32\WINHTTP.dll
0x00007ff8f4330000 - 0x00007ff8f4397000 	C:\Windows\system32\mswsock.dll
0x00007ff8b4450000 - 0x00007ff8b4464000 	C:\Program Files\Android\Android Studio\jre\bin\nio.dll
0x00007ff8b6930000 - 0x00007ff8b6957000 	C:\Users\Doc\.gradle\native\e1d6ef7f7dcc3fd88c89a11ec53ec762bb8ba0a96d01ffa2cd45eb1d1d8dd5c5\windows-amd64\native-platform.dll
0x00007ff8a47f0000 - 0x00007ff8a4934000 	C:\Users\Doc\.gradle\native\5664cfc778a61ccfe75a443a1ab52a65af34e5dc3c78e0209fed803814484fcb\windows-amd64\native-platform-file-events.dll
0x00007ff8defe0000 - 0x00007ff8defea000 	C:\Program Files\Android\Android Studio\jre\bin\management.dll
0x00007ff8de630000 - 0x00007ff8de63d000 	C:\Program Files\Android\Android Studio\jre\bin\management_ext.dll
0x00007ff8f3eb0000 - 0x00007ff8f3ee3000 	C:\Windows\system32\rsaenh.dll
0x00007ff8f5350000 - 0x00007ff8f5376000 	C:\Windows\System32\bcrypt.dll
0x00007ff8f4a20000 - 0x00007ff8f4a49000 	C:\Windows\SYSTEM32\USERENV.dll
0x00007ff8f4500000 - 0x00007ff8f450c000 	C:\Windows\SYSTEM32\CRYPTBASE.dll
0x00007ff8f4050000 - 0x00007ff8f408d000 	C:\Windows\SYSTEM32\IPHLPAPI.DLL
0x00007ff8f60b0000 - 0x00007ff8f60b8000 	C:\Windows\System32\NSI.dll
0x00007ff8eaac0000 - 0x00007ff8eaad6000 	C:\Windows\SYSTEM32\dhcpcsvc6.DLL
0x00007ff8eb080000 - 0x00007ff8eb09c000 	C:\Windows\SYSTEM32\dhcpcsvc.DLL
0x00007ff8f4090000 - 0x00007ff8f4156000 	C:\Windows\SYSTEM32\DNSAPI.dll
0x00007ff8f3b90000 - 0x00007ff8f3bc1000 	C:\Windows\SYSTEM32\ntmarta.dll
0x00007ff8b3fe0000 - 0x00007ff8b4007000 	C:\Program Files\Android\Android Studio\jre\bin\sunec.dll

dbghelp: loaded successfully - version: 4.0.5 - missing functions: none
symbol engine: initialized successfully - sym options: 0x614 - pdb path: .;C:\Program Files\Android\Android Studio\jre\bin;C:\Windows\SYSTEM32;C:\Windows\WinSxS\amd64_microsoft.windows.common-controls_6595b64144ccf1df_6.0.17763.1577_none_de7444545348a3d0;C:\Program Files\Android\Android Studio\jre\bin\server;C:\Users\Doc\.gradle\native\e1d6ef7f7dcc3fd88c89a11ec53ec762bb8ba0a96d01ffa2cd45eb1d1d8dd5c5\windows-amd64;C:\Users\Doc\.gradle\native\5664cfc778a61ccfe75a443a1ab52a65af34e5dc3c78e0209fed803814484fcb\windows-amd64

VM Arguments:
jvm_args: --add-opens=java.base/java.util=ALL-UNNAMED --add-opens=java.base/java.lang=ALL-UNNAMED --add-opens=java.base/java.lang.invoke=ALL-UNNAMED --add-opens=java.base/java.util=ALL-UNNAMED --add-opens=java.prefs/java.util.prefs=ALL-UNNAMED --add-opens=java.prefs/java.util.prefs=ALL-UNNAMED --add-opens=java.base/java.nio.charset=ALL-UNNAMED --add-opens=java.base/java.net=ALL-UNNAMED --add-opens=java.base/java.util.concurrent.atomic=ALL-UNNAMED -Xmx2048m -Dfile.encoding=UTF-8 -Duser.country=RU -Duser.language=ru -Duser.variant 
java_command: org.gradle.launcher.daemon.bootstrap.GradleDaemon 7.3.3
java_class_path (initial): C:\Users\Doc\.gradle\wrapper\dists\gradle-7.3.3-bin\6a41zxkdtcxs8rphpq6y0069z\gradle-7.3.3\lib\gradle-launcher-7.3.3.jar
Launcher Type: SUN_STANDARD

[Global flags]
     intx CICompilerCount                          = 4                                         {product} {ergonomic}
     uint ConcGCThreads                            = 2                                         {product} {ergonomic}
     uint G1ConcRefinementThreads                  = 8                                         {product} {ergonomic}
   size_t G1HeapRegionSize                         = 1048576                                   {product} {ergonomic}
    uintx GCDrainStackTargetSize                   = 64                                        {product} {ergonomic}
   size_t InitialHeapSize                          = 234881024                                 {product} {ergonomic}
   size_t MarkStackSize                            = 4194304                                   {product} {ergonomic}
   size_t MaxHeapSize                              = 2147483648                                {product} {command line}
   size_t MaxNewSize                               = 1287651328                                {product} {ergonomic}
   size_t MinHeapDeltaBytes                        = 1048576                                   {product} {ergonomic}
    uintx NonNMethodCodeHeapSize                   = 5836300                                {pd product} {ergonomic}
    uintx NonProfiledCodeHeapSize                  = 122910970                              {pd product} {ergonomic}
    uintx ProfiledCodeHeapSize                     = 122910970                              {pd product} {ergonomic}
    uintx ReservedCodeCacheSize                    = 251658240                              {pd product} {ergonomic}
     bool SegmentedCodeCache                       = true                                      {product} {ergonomic}
     bool UseCompressedClassPointers               = true                                 {lp64_product} {ergonomic}
     bool UseCompressedOops                        = true                                 {lp64_product} {ergonomic}
     bool UseG1GC                                  = true                                      {product} {ergonomic}
     bool UseLargePagesIndividualAllocation        = false                                  {pd product} {ergonomic}

Logging:
Log output configuration:
 #0: stdout all=warning uptime,level,tags
 #1: stderr all=off uptime,level,tags

Environment Variables:
PATH=C:\Program Files (x86)\Common Files\Oracle\Java\javapath;C:\Program Files\Microsoft\jdk-11.0.12.7-hotspot\bin;C:\Windows\system32;C:\Windows;C:\Windows\System32\Wbem;C:\Windows\System32\WindowsPowerShell\v1.0\;C:\Program Files (x86)\NVIDIA Corporation\PhysX\Common;C:\Program Files\Git\cmd;C:\Users\Doc\AppData\Local\Microsoft\WindowsApps;;C:\Users\Doc\AppData\Local\Programs\Microsoft VS Code\bin
USERNAME=Doc
OS=Windows_NT
PROCESSOR_IDENTIFIER=AMD64 Family 23 Model 24 Stepping 1, AuthenticAMD



---------------  S Y S T E M  ---------------

OS: Windows 10 , 64 bit Build 17763 (10.0.17763.475)
OS uptime: 0 days 1:53 hours

CPU:total 8 (initial active 8) (8 cores per cpu, 2 threads per core) family 23 model 24 stepping 1 microcode 0x0, cmov, cx8, fxsr, mmx, sse, sse2, sse3, ssse3, sse4.1, sse4.2, popcnt, avx, avx2, aes, clmul, mmxext, 3dnowpref, lzcnt, sse4a, ht, tsc, tscinvbit, tscinv, bmi1, bmi2, adx, sha, fma

Memory: 4k page, system-wide physical 14283M (3430M free)
TotalPageFile size 14283M (AvailPageFile size 1M)
current process WorkingSet (physical memory assigned to process): 638M, peak: 638M
current process commit charge ("private bytes"): 675M, peak: 677M

vm_info: OpenJDK 64-Bit Server VM (11.0.12+7-b1504.28-7817840) for windows-amd64 JRE (11.0.12+7-b1504.28-7817840), built on Oct 13 2021 22:12:33 by "builder" with MS VC++ 14.0 (VS2015)

END.
