#
# There is insufficient memory for the Java Runtime Environment to continue.
# Native memory allocation (malloc) failed to allocate 32744 bytes for ChunkPool::allocate
# Possible reasons:
#   The system is out of physical RAM or swap space
#   The process is running with CompressedOops enabled, and the Java Heap may be blocking the growth of the native heap
# Possible solutions:
#   Reduce memory load on the system
#   Increase physical memory or swap space
#   Check if swap backing store is full
#   Decrease Java heap size (-Xmx/-Xms)
#   Decrease number of Java threads
#   Decrease Java thread stack sizes (-Xss)
#   Set larger code cache with -XX:ReservedCodeCacheSize=
#   JVM is running with Unscaled Compressed Oops mode in which the Java heap is
#     placed in the first 4GB address space. The Java Heap base address is the
#     maximum limit for the native heap growth. Please use -XX:HeapBaseMinAddress
#     to set the Java Heap base and to place the Java Heap above 4GB virtual address.
# This output file may be truncated or incomplete.
#
#  Out of Memory Error (./src/hotspot/share/memory/arena.cpp:81), pid=8896, tid=8328
#
# JRE version: OpenJDK Runtime Environment (11.0.12+7) (build 11.0.12+7-b1504.28-7817840)
# Java VM: OpenJDK 64-Bit Server VM (11.0.12+7-b1504.28-7817840, mixed mode, tiered, compressed oops, g1 gc, windows-amd64)
# No core dump will be written. Minidumps are not enabled by default on client versions of Windows
#

---------------  S U M M A R Y ------------

Command Line: --add-opens=java.base/java.util=ALL-UNNAMED --add-opens=java.base/java.lang=ALL-UNNAMED --add-opens=java.base/java.lang.invoke=ALL-UNNAMED --add-opens=java.base/java.util=ALL-UNNAMED --add-opens=java.prefs/java.util.prefs=ALL-UNNAMED --add-opens=java.prefs/java.util.prefs=ALL-UNNAMED --add-opens=java.base/java.nio.charset=ALL-UNNAMED --add-opens=java.base/java.net=ALL-UNNAMED --add-opens=java.base/java.util.concurrent.atomic=ALL-UNNAMED -Xmx2048m -Dfile.encoding=UTF-8 -Duser.country=RU -Duser.language=ru -Duser.variant org.gradle.launcher.daemon.bootstrap.GradleDaemon 7.3.3

Host: AMD Ryzen 7 3700U with Radeon Vega Mobile Gfx  , 8 cores, 13G,  Windows 10 , 64 bit Build 17763 (10.0.17763.475)
Time: Tue Jun 28 19:52:02 2022 RTZ 2 (ceia) elapsed time: 21.673860 seconds (0d 0h 0m 21s)

---------------  T H R E A D  ---------------

Current thread (0x000001f88204e000):  JavaThread "C2 CompilerThread0" daemon [_thread_in_native, id=8328, stack(0x0000002745600000,0x0000002745700000)]


Current CompileTask:
C2:  21673 11372       4      
[error occurred during error reporting (printing current compile task), id 0xe0000001, Out of Memory Error (./src/hotspot/share/memory/arena.cpp:81)]

Stack: [0x0000002745600000,0x0000002745700000]
Native frames: (J=compiled Java code, j=interpreted, Vv=VM code, C=native code)
V  [jvm.dll+0x5fbcea]
V  [jvm.dll+0x731905]
V  [jvm.dll+0x732f1d]
V  [jvm.dll+0x7335d3]
V  [jvm.dll+0x247bf8]
V  [jvm.dll+0xc041b]
V  [jvm.dll+0xc06cc]
V  [jvm.dll+0x6c480a]
V  [jvm.dll+0x6c4959]
V  [jvm.dll+0x4d23f2]
V  [jvm.dll+0x5b3719]
V  [jvm.dll+0x2129f5]
V  [jvm.dll+0x212e07]
V  [jvm.dll+0x7317a3]
V  [jvm.dll+0x732f1d]
V  [jvm.dll+0x7335d3]
V  [jvm.dll+0x247bf8]
V  [jvm.dll+0xc041b]
V  [jvm.dll+0xc06cc]
V  [jvm.dll+0x36064e]
V  [jvm.dll+0x35b34e]
V  [jvm.dll+0x328803]
V  [jvm.dll+0x327cfa]
V  [jvm.dll+0x200602]
V  [jvm.dll+0x1ff794]
V  [jvm.dll+0x18868c]
V  [jvm.dll+0x20e0d7]
V  [jvm.dll+0x20c901]
V  [jvm.dll+0x6f9b7f]
V  [jvm.dll+0x6f26a5]
V  [jvm.dll+0x5fabf6]
C  [ucrtbase.dll+0x2268a]
C  [KERNEL32.DLL+0x17974]
C  [ntdll.dll+0x5a0b1]


---------------  P R O C E S S  ---------------

Threads class SMR info:
_java_thread_list=0x000001f88d054590, length=151, elements={
0x000001f8e718e800, 0x000001f88202a000, 0x000001f88202d000, 0x000001f882046000,
0x000001f882047000, 0x000001f88204b000, 0x000001f88204e000, 0x000001f882094000,
0x000001f8820a1000, 0x000001f882209000, 0x000001f8847f4000, 0x000001f8847f4800,
0x000001f8847f5800, 0x000001f8847f6800, 0x000001f8847f2000, 0x000001f8847f3000,
0x000001f8847f7000, 0x000001f8847f8000, 0x000001f8847f8800, 0x000001f885398800,
0x000001f885399000, 0x000001f88539b000, 0x000001f88539b800, 0x000001f88539a000,
0x000001f88539c800, 0x000001f885396800, 0x000001f88539d000, 0x000001f885397800,
0x000001f88539e000, 0x000001f88539f800, 0x000001f8853a0800, 0x000001f8853a3000,
0x000001f88539f000, 0x000001f8853a5800, 0x000001f885d26800, 0x000001f885d25800,
0x000001f885d24800, 0x000001f885d2b000, 0x000001f885d29000, 0x000001f885d2c000,
0x000001f885d2a800, 0x000001f885d2d000, 0x000001f885d29800, 0x000001f885d27000,
0x000001f885d2d800, 0x000001f885d28000, 0x000001f885d2f800, 0x000001f885d31000,
0x000001f885d32800, 0x000001f885d32000, 0x000001f885d2e800, 0x000001f885d33800,
0x000001f885d30000, 0x000001f8847a0800, 0x000001f8847a7000, 0x000001f8847a6000,
0x000001f8847a2000, 0x000001f8847a3000, 0x000001f8847a1000, 0x000001f8847a8000,
0x000001f8847a3800, 0x000001f8847a8800, 0x000001f8847aa000, 0x000001f8847a9800,
0x000001f8847a4800, 0x000001f8847ab000, 0x000001f8847a5800, 0x000001f8847ad800,
0x000001f8847af000, 0x000001f8847ac000, 0x000001f8847ae800, 0x000001f8847ac800,
0x000001f887762800, 0x000001f887764000, 0x000001f887761800, 0x000001f887760800,
0x000001f887763000, 0x000001f887760000, 0x000001f887768000, 0x000001f887765800,
0x000001f887767000, 0x000001f887766800, 0x000001f887769000, 0x000001f887769800,
0x000001f88776a800, 0x000001f887765000, 0x000001f88776b800, 0x000001f88776c000,
0x000001f88776d000, 0x000001f88776e000, 0x000001f88776e800, 0x000001f885bb9800,
0x000001f885bbc000, 0x000001f885bb8800, 0x000001f885bbb000, 0x000001f885bba000,
0x000001f885bbc800, 0x000001f885bb8000, 0x000001f885bc0000, 0x000001f885bbe800,
0x000001f885bc2800, 0x000001f885bbd800, 0x000001f885bc1000, 0x000001f885bc1800,
0x000001f885bc3000, 0x000001f885bbf000, 0x000001f885bc4000, 0x000001f885bc5000,
0x000001f885bc6800, 0x000001f885bc5800, 0x000001f88269c000, 0x000001f88269e800,
0x000001f8826a0000, 0x000001f88269f800, 0x000001f88269d000, 0x000001f88269e000,
0x000001f8826a1000, 0x000001f88269b800, 0x000001f8826a6000, 0x000001f8826a2800,
0x000001f8826a7800, 0x000001f887a38000, 0x000001f885e54800, 0x000001f8826a3800,
0x000001f8826a5000, 0x000001f8826a6800, 0x000001f8826a2000, 0x000001f8826a8800,
0x000001f8826a9000, 0x000001f8826aa000, 0x000001f889647000, 0x000001f88964c000,
0x000001f889646000, 0x000001f889648800, 0x000001f88964a800, 0x000001f889648000,
0x000001f88964d800, 0x000001f88964b000, 0x000001f88964e800, 0x000001f88964c800,
0x000001f88964f000, 0x000001f889651000, 0x000001f889655000, 0x000001f889653800,
0x000001f889654000, 0x000001f889650000, 0x000001f889651800, 0x000001f889652800,
0x000001f888fc5000, 0x000001f888fc6800, 0x000001f888fcb800
}

Java Threads: ( => current thread )
  0x000001f8e718e800 JavaThread "main" [_thread_blocked, id=8272, stack(0x0000002744a00000,0x0000002744b00000)]
  0x000001f88202a000 JavaThread "Reference Handler" daemon [_thread_blocked, id=8612, stack(0x0000002745100000,0x0000002745200000)]
  0x000001f88202d000 JavaThread "Finalizer" daemon [_thread_blocked, id=9188, stack(0x0000002745200000,0x0000002745300000)]
  0x000001f882046000 JavaThread "Signal Dispatcher" daemon [_thread_blocked, id=8580, stack(0x0000002745300000,0x0000002745400000)]
  0x000001f882047000 JavaThread "Attach Listener" daemon [_thread_blocked, id=4020, stack(0x0000002745400000,0x0000002745500000)]
  0x000001f88204b000 JavaThread "Service Thread" daemon [_thread_blocked, id=5820, stack(0x0000002745500000,0x0000002745600000)]
=>0x000001f88204e000 JavaThread "C2 CompilerThread0" daemon [_thread_in_native, id=8328, stack(0x0000002745600000,0x0000002745700000)]
  0x000001f882094000 JavaThread "C1 CompilerThread0" daemon [_thread_blocked, id=9024, stack(0x0000002745700000,0x0000002745800000)]
  0x000001f8820a1000 JavaThread "Sweeper thread" daemon [_thread_blocked, id=1684, stack(0x0000002745800000,0x0000002745900000)]
  0x000001f882209000 JavaThread "Common-Cleaner" daemon [_thread_in_Java, id=7096, stack(0x0000002745900000,0x0000002745a00000)]
  0x000001f8847f4000 JavaThread "Daemon health stats" [_thread_blocked, id=6464, stack(0x0000002746100000,0x0000002746200000)]
  0x000001f8847f4800 JavaThread "Incoming local TCP Connector on port 51767" [_thread_in_native, id=5560, stack(0x0000002745b00000,0x0000002745c00000)]
  0x000001f8847f5800 JavaThread "Daemon periodic checks" [_thread_blocked, id=3708, stack(0x0000002746000000,0x0000002746100000)]
  0x000001f8847f6800 JavaThread "Daemon" [_thread_blocked, id=3716, stack(0x0000002746200000,0x0000002746300000)]
  0x000001f8847f2000 JavaThread "Handler for socket connection from /127.0.0.1:51767 to /127.0.0.1:51768" [_thread_in_native, id=6228, stack(0x0000002746300000,0x0000002746400000)]
  0x000001f8847f3000 JavaThread "Cancel handler" [_thread_blocked, id=8856, stack(0x0000002746400000,0x0000002746500000)]
  0x000001f8847f7000 JavaThread "Daemon worker" [_thread_blocked, id=88, stack(0x0000002746500000,0x0000002746600000)]
  0x000001f8847f8000 JavaThread "Asynchronous log dispatcher for DefaultDaemonConnection: socket connection from /127.0.0.1:51767 to /127.0.0.1:51768" [_thread_blocked, id=8804, stack(0x0000002746600000,0x0000002746700000)]
  0x000001f8847f8800 JavaThread "Stdin handler" [_thread_blocked, id=8408, stack(0x0000002746700000,0x0000002746800000)]
  0x000001f885398800 JavaThread "Daemon client event forwarder" [_thread_blocked, id=8872, stack(0x0000002746800000,0x0000002746900000)]
  0x000001f885399000 JavaThread "Cache worker for journal cache (C:\Users\Doc\.gradle\caches\journal-1)" [_thread_blocked, id=9140, stack(0x0000002746900000,0x0000002746a00000)]
  0x000001f88539b000 JavaThread "File lock request listener" [_thread_in_native, id=3784, stack(0x0000002746a00000,0x0000002746b00000)]
  0x000001f88539b800 JavaThread "Cache worker for file hash cache (C:\Users\Doc\.gradle\caches\7.3.3\fileHashes)" [_thread_blocked, id=7984, stack(0x0000002746b00000,0x0000002746c00000)]
  0x000001f88539a000 JavaThread "Cache worker for file hash cache (C:\Users\Doc\AndroidStudioProjects\HelloJava\.gradle\7.3.3\fileHashes)" [_thread_blocked, id=7672, stack(0x0000002747100000,0x0000002747200000)]
  0x000001f88539c800 JavaThread "File watcher server" daemon [_thread_in_native, id=8496, stack(0x0000002747200000,0x0000002747300000)]
  0x000001f885396800 JavaThread "File watcher consumer" daemon [_thread_blocked, id=2052, stack(0x0000002747300000,0x0000002747400000)]
  0x000001f88539d000 JavaThread "Cache worker for checksums cache (C:\Users\Doc\AndroidStudioProjects\HelloJava\.gradle\7.3.3\checksums)" [_thread_blocked, id=8556, stack(0x0000002747400000,0x0000002747500000)]
  0x000001f885397800 JavaThread "Cache worker for cache directory md-supplier (C:\Users\Doc\.gradle\caches\7.3.3\md-supplier)" [_thread_blocked, id=5388, stack(0x0000002747500000,0x0000002747600000)]
  0x000001f88539e000 JavaThread "Cache worker for cache directory md-rule (C:\Users\Doc\.gradle\caches\7.3.3\md-rule)" [_thread_blocked, id=3432, stack(0x0000002747700000,0x0000002747800000)]
  0x000001f88539f800 JavaThread "Cache worker for execution history cache (C:\Users\Doc\.gradle\caches\7.3.3\executionHistory)" [_thread_blocked, id=84, stack(0x0000002747800000,0x0000002747900000)]
  0x000001f8853a0800 JavaThread "jar transforms" [_thread_blocked, id=1172, stack(0x0000002747900000,0x0000002747a00000)]
  0x000001f8853a3000 JavaThread "Cache worker for file content cache (C:\Users\Doc\.gradle\caches\7.3.3\fileContent)" [_thread_blocked, id=8292, stack(0x0000002747a00000,0x0000002747b00000)]
  0x000001f88539f000 JavaThread "jar transforms Thread 2" [_thread_blocked, id=3724, stack(0x0000002747b00000,0x0000002747c00000)]
  0x000001f8853a5800 JavaThread "Cache worker for dependencies-accessors (C:\Users\Doc\AndroidStudioProjects\HelloJava\.gradle\7.3.3\dependencies-accessors)" [_thread_blocked, id=5308, stack(0x0000002747c00000,0x0000002747d00000)]
  0x000001f885d26800 JavaThread "jar transforms Thread 3" [_thread_blocked, id=3772, stack(0x0000002747d00000,0x0000002747e00000)]
  0x000001f885d25800 JavaThread "Cache worker for Build Output Cleanup Cache (C:\Users\Doc\AndroidStudioProjects\HelloJava\.gradle\buildOutputCleanup)" [_thread_blocked, id=9108, stack(0x0000002747600000,0x0000002747700000)]
  0x000001f885d24800 JavaThread "Unconstrained build operations" [_thread_blocked, id=6984, stack(0x0000002747f00000,0x0000002748000000)]
  0x000001f885d2b000 JavaThread "Unconstrained build operations Thread 2" [_thread_blocked, id=3996, stack(0x0000002748000000,0x0000002748100000)]
  0x000001f885d29000 JavaThread "Unconstrained build operations Thread 3" [_thread_blocked, id=5956, stack(0x0000002748100000,0x0000002748200000)]
  0x000001f885d2c000 JavaThread "Unconstrained build operations Thread 4" [_thread_blocked, id=4416, stack(0x0000002748200000,0x0000002748300000)]
  0x000001f885d2a800 JavaThread "Unconstrained build operations Thread 5" [_thread_blocked, id=8820, stack(0x0000002748300000,0x0000002748400000)]
  0x000001f885d2d000 JavaThread "Unconstrained build operations Thread 6" [_thread_blocked, id=8248, stack(0x0000002748400000,0x0000002748500000)]
  0x000001f885d29800 JavaThread "Unconstrained build operations Thread 7" [_thread_blocked, id=6476, stack(0x0000002748500000,0x0000002748600000)]
  0x000001f885d27000 JavaThread "Unconstrained build operations Thread 8" [_thread_blocked, id=7348, stack(0x0000002748600000,0x0000002748700000)]
  0x000001f885d2d800 JavaThread "Unconstrained build operations Thread 9" [_thread_blocked, id=8372, stack(0x0000002748700000,0x0000002748800000)]
  0x000001f885d28000 JavaThread "Unconstrained build operations Thread 10" [_thread_blocked, id=8868, stack(0x0000002748800000,0x0000002748900000)]
  0x000001f885d2f800 JavaThread "Unconstrained build operations Thread 11" [_thread_blocked, id=5392, stack(0x0000002748900000,0x0000002748a00000)]
  0x000001f885d31000 JavaThread "Unconstrained build operations Thread 12" [_thread_blocked, id=6468, stack(0x0000002748a00000,0x0000002748b00000)]
  0x000001f885d32800 JavaThread "Unconstrained build operations Thread 13" [_thread_blocked, id=2784, stack(0x0000002748b00000,0x0000002748c00000)]
  0x000001f885d32000 JavaThread "Unconstrained build operations Thread 14" [_thread_blocked, id=7852, stack(0x0000002748c00000,0x0000002748d00000)]
  0x000001f885d2e800 JavaThread "Unconstrained build operations Thread 15" [_thread_blocked, id=4580, stack(0x0000002748d00000,0x0000002748e00000)]
  0x000001f885d33800 JavaThread "Unconstrained build operations Thread 16" [_thread_blocked, id=8756, stack(0x0000002748e00000,0x0000002748f00000)]
  0x000001f885d30000 JavaThread "Unconstrained build operations Thread 17" [_thread_blocked, id=3452, stack(0x0000002748f00000,0x0000002749000000)]
  0x000001f8847a0800 JavaThread "Unconstrained build operations Thread 18" [_thread_blocked, id=5324, stack(0x0000002749000000,0x0000002749100000)]
  0x000001f8847a7000 JavaThread "Unconstrained build operations Thread 19" [_thread_blocked, id=7376, stack(0x0000002749100000,0x0000002749200000)]
  0x000001f8847a6000 JavaThread "Unconstrained build operations Thread 20" [_thread_blocked, id=220, stack(0x0000002749200000,0x0000002749300000)]
  0x000001f8847a2000 JavaThread "Unconstrained build operations Thread 21" [_thread_blocked, id=7260, stack(0x0000002749300000,0x0000002749400000)]
  0x000001f8847a3000 JavaThread "Unconstrained build operations Thread 22" [_thread_blocked, id=6156, stack(0x0000002749400000,0x0000002749500000)]
  0x000001f8847a1000 JavaThread "Unconstrained build operations Thread 23" [_thread_blocked, id=6408, stack(0x0000002749500000,0x0000002749600000)]
  0x000001f8847a8000 JavaThread "Unconstrained build operations Thread 24" [_thread_blocked, id=6668, stack(0x0000002749600000,0x0000002749700000)]
  0x000001f8847a3800 JavaThread "Unconstrained build operations Thread 25" [_thread_blocked, id=376, stack(0x0000002749700000,0x0000002749800000)]
  0x000001f8847a8800 JavaThread "Unconstrained build operations Thread 26" [_thread_blocked, id=7316, stack(0x0000002749800000,0x0000002749900000)]
  0x000001f8847aa000 JavaThread "Unconstrained build operations Thread 27" [_thread_blocked, id=5732, stack(0x0000002749900000,0x0000002749a00000)]
  0x000001f8847a9800 JavaThread "Unconstrained build operations Thread 28" [_thread_blocked, id=4500, stack(0x0000002749a00000,0x0000002749b00000)]
  0x000001f8847a4800 JavaThread "Unconstrained build operations Thread 29" [_thread_blocked, id=7228, stack(0x0000002749b00000,0x0000002749c00000)]
  0x000001f8847ab000 JavaThread "Unconstrained build operations Thread 30" [_thread_blocked, id=8152, stack(0x0000002749c00000,0x0000002749d00000)]
  0x000001f8847a5800 JavaThread "Unconstrained build operations Thread 31" [_thread_blocked, id=5408, stack(0x0000002749d00000,0x0000002749e00000)]
  0x000001f8847ad800 JavaThread "Unconstrained build operations Thread 32" [_thread_blocked, id=6688, stack(0x0000002749e00000,0x0000002749f00000)]
  0x000001f8847af000 JavaThread "Unconstrained build operations Thread 33" [_thread_blocked, id=7560, stack(0x0000002749f00000,0x000000274a000000)]
  0x000001f8847ac000 JavaThread "Unconstrained build operations Thread 34" [_thread_blocked, id=7232, stack(0x000000274a000000,0x000000274a100000)]
  0x000001f8847ae800 JavaThread "Unconstrained build operations Thread 35" [_thread_blocked, id=5156, stack(0x000000274a100000,0x000000274a200000)]
  0x000001f8847ac800 JavaThread "Unconstrained build operations Thread 36" [_thread_blocked, id=4108, stack(0x000000274a200000,0x000000274a300000)]
  0x000001f887762800 JavaThread "Unconstrained build operations Thread 37" [_thread_blocked, id=5884, stack(0x000000274a300000,0x000000274a400000)]
  0x000001f887764000 JavaThread "Unconstrained build operations Thread 38" [_thread_blocked, id=4160, stack(0x000000274a400000,0x000000274a500000)]
  0x000001f887761800 JavaThread "Unconstrained build operations Thread 39" [_thread_blocked, id=588, stack(0x000000274a500000,0x000000274a600000)]
  0x000001f887760800 JavaThread "Unconstrained build operations Thread 40" [_thread_blocked, id=4056, stack(0x000000274a600000,0x000000274a700000)]
  0x000001f887763000 JavaThread "Unconstrained build operations Thread 41" [_thread_blocked, id=2584, stack(0x000000274a700000,0x000000274a800000)]
  0x000001f887760000 JavaThread "Unconstrained build operations Thread 42" [_thread_blocked, id=4320, stack(0x000000274a800000,0x000000274a900000)]
  0x000001f887768000 JavaThread "Unconstrained build operations Thread 43" [_thread_blocked, id=7500, stack(0x000000274a900000,0x000000274aa00000)]
  0x000001f887765800 JavaThread "Unconstrained build operations Thread 44" [_thread_blocked, id=5852, stack(0x000000274aa00000,0x000000274ab00000)]
  0x000001f887767000 JavaThread "Unconstrained build operations Thread 45" [_thread_blocked, id=1920, stack(0x000000274ab00000,0x000000274ac00000)]
  0x000001f887766800 JavaThread "Unconstrained build operations Thread 46" [_thread_blocked, id=6052, stack(0x000000274ac00000,0x000000274ad00000)]
  0x000001f887769000 JavaThread "Unconstrained build operations Thread 47" [_thread_blocked, id=4380, stack(0x000000274ad00000,0x000000274ae00000)]
  0x000001f887769800 JavaThread "Unconstrained build operations Thread 48" [_thread_blocked, id=7236, stack(0x000000274ae00000,0x000000274af00000)]
  0x000001f88776a800 JavaThread "Unconstrained build operations Thread 49" [_thread_blocked, id=2028, stack(0x000000274af00000,0x000000274b000000)]
  0x000001f887765000 JavaThread "Unconstrained build operations Thread 50" [_thread_blocked, id=7296, stack(0x000000274b000000,0x000000274b100000)]
  0x000001f88776b800 JavaThread "Unconstrained build operations Thread 51" [_thread_blocked, id=6008, stack(0x000000274b100000,0x000000274b200000)]
  0x000001f88776c000 JavaThread "Unconstrained build operations Thread 52" [_thread_blocked, id=2956, stack(0x000000274b200000,0x000000274b300000)]
  0x000001f88776d000 JavaThread "Unconstrained build operations Thread 53" [_thread_blocked, id=2472, stack(0x000000274b300000,0x000000274b400000)]
  0x000001f88776e000 JavaThread "Unconstrained build operations Thread 54" [_thread_blocked, id=2388, stack(0x000000274b400000,0x000000274b500000)]
  0x000001f88776e800 JavaThread "Unconstrained build operations Thread 55" [_thread_blocked, id=8376, stack(0x000000274b500000,0x000000274b600000)]
  0x000001f885bb9800 JavaThread "Unconstrained build operations Thread 56" [_thread_blocked, id=9064, stack(0x000000274b600000,0x000000274b700000)]
  0x000001f885bbc000 JavaThread "Unconstrained build operations Thread 57" [_thread_blocked, id=5888, stack(0x000000274b700000,0x000000274b800000)]
  0x000001f885bb8800 JavaThread "Unconstrained build operations Thread 58" [_thread_blocked, id=1904, stack(0x000000274b800000,0x000000274b900000)]
  0x000001f885bbb000 JavaThread "Unconstrained build operations Thread 59" [_thread_blocked, id=2668, stack(0x000000274b900000,0x000000274ba00000)]
  0x000001f885bba000 JavaThread "Unconstrained build operations Thread 60" [_thread_blocked, id=7720, stack(0x000000274ba00000,0x000000274bb00000)]
  0x000001f885bbc800 JavaThread "Unconstrained build operations Thread 61" [_thread_blocked, id=812, stack(0x000000274bb00000,0x000000274bc00000)]
  0x000001f885bb8000 JavaThread "Unconstrained build operations Thread 62" [_thread_blocked, id=2876, stack(0x000000274bc00000,0x000000274bd00000)]
  0x000001f885bc0000 JavaThread "Unconstrained build operations Thread 63" [_thread_blocked, id=4460, stack(0x000000274bd00000,0x000000274be00000)]
  0x000001f885bbe800 JavaThread "Unconstrained build operations Thread 64" [_thread_blocked, id=6056, stack(0x000000274be00000,0x000000274bf00000)]
  0x000001f885bc2800 JavaThread "Unconstrained build operations Thread 65" [_thread_blocked, id=2468, stack(0x000000274bf00000,0x000000274c000000)]
  0x000001f885bbd800 JavaThread "Unconstrained build operations Thread 66" [_thread_blocked, id=8836, stack(0x000000274c000000,0x000000274c100000)]
  0x000001f885bc1000 JavaThread "Unconstrained build operations Thread 67" [_thread_blocked, id=8216, stack(0x000000274c100000,0x000000274c200000)]
  0x000001f885bc1800 JavaThread "Unconstrained build operations Thread 68" [_thread_blocked, id=6472, stack(0x000000274c200000,0x000000274c300000)]
  0x000001f885bc3000 JavaThread "Unconstrained build operations Thread 69" [_thread_blocked, id=4792, stack(0x000000274c300000,0x000000274c400000)]
  0x000001f885bbf000 JavaThread "Unconstrained build operations Thread 70" [_thread_blocked, id=7920, stack(0x000000274c400000,0x000000274c500000)]
  0x000001f885bc4000 JavaThread "Unconstrained build operations Thread 71" [_thread_blocked, id=7812, stack(0x000000274c500000,0x000000274c600000)]
  0x000001f885bc5000 JavaThread "Unconstrained build operations Thread 72" [_thread_blocked, id=7808, stack(0x000000274c600000,0x000000274c700000)]
  0x000001f885bc6800 JavaThread "Unconstrained build operations Thread 73" [_thread_blocked, id=8588, stack(0x000000274c700000,0x000000274c800000)]
  0x000001f885bc5800 JavaThread "Unconstrained build operations Thread 74" [_thread_blocked, id=4264, stack(0x000000274c800000,0x000000274c900000)]
  0x000001f88269c000 JavaThread "Unconstrained build operations Thread 75" [_thread_blocked, id=8124, stack(0x000000274c900000,0x000000274ca00000)]
  0x000001f88269e800 JavaThread "Unconstrained build operations Thread 76" [_thread_blocked, id=8916, stack(0x000000274ca00000,0x000000274cb00000)]
  0x000001f8826a0000 JavaThread "Unconstrained build operations Thread 77" [_thread_blocked, id=9148, stack(0x000000274cb00000,0x000000274cc00000)]
  0x000001f88269f800 JavaThread "Unconstrained build operations Thread 78" [_thread_blocked, id=9176, stack(0x000000274cc00000,0x000000274cd00000)]
  0x000001f88269d000 JavaThread "Unconstrained build operations Thread 79" [_thread_blocked, id=6328, stack(0x000000274cd00000,0x000000274ce00000)]
  0x000001f88269e000 JavaThread "Unconstrained build operations Thread 80" [_thread_blocked, id=2432, stack(0x000000274ce00000,0x000000274cf00000)]
  0x000001f8826a1000 JavaThread "jar transforms Thread 4" [_thread_blocked, id=8344, stack(0x000000274cf00000,0x000000274d000000)]
  0x000001f88269b800 JavaThread "jar transforms Thread 5" [_thread_blocked, id=8236, stack(0x000000274d000000,0x000000274d100000)]
  0x000001f8826a6000 JavaThread "jar transforms Thread 6" [_thread_blocked, id=8204, stack(0x000000274d100000,0x000000274d200000)]
  0x000001f8826a2800 JavaThread "jar transforms Thread 7" [_thread_blocked, id=8984, stack(0x000000274d200000,0x000000274d300000)]
  0x000001f8826a7800 JavaThread "jar transforms Thread 8" [_thread_blocked, id=8168, stack(0x000000274d300000,0x000000274d400000)]
  0x000001f887a38000 JavaThread "C2 CompilerThread1" daemon [_thread_in_native, id=5628, stack(0x0000002747000000,0x0000002747100000)]
  0x000001f885e54800 JavaThread "C2 CompilerThread2" daemon [_thread_in_native, id=1244, stack(0x0000002747e00000,0x0000002747f00000)]
  0x000001f8826a3800 JavaThread "Memory manager" [_thread_blocked, id=4136, stack(0x000000274d500000,0x000000274d600000)]
  0x000001f8826a5000 JavaThread "build event listener" [_thread_blocked, id=3916, stack(0x000000274d600000,0x000000274d700000)]
  0x000001f8826a6800 JavaThread "pool-3-thread-1" [_thread_blocked, id=9160, stack(0x000000274d700000,0x000000274d800000)]
  0x000001f8826a2000 JavaThread "build event listener" [_thread_blocked, id=3660, stack(0x000000274d800000,0x000000274d900000)]
  0x000001f8826a8800 JavaThread "Execution worker for ':'" [_thread_blocked, id=3892, stack(0x000000274d900000,0x000000274da00000)]
  0x000001f8826a9000 JavaThread "Execution worker for ':' Thread 2" [_thread_blocked, id=8396, stack(0x000000274da00000,0x000000274db00000)]
  0x000001f8826aa000 JavaThread "Execution worker for ':' Thread 3" [_thread_blocked, id=8544, stack(0x000000274db00000,0x000000274dc00000)]
  0x000001f889647000 JavaThread "Execution worker for ':' Thread 4" [_thread_blocked, id=3396, stack(0x000000274dc00000,0x000000274dd00000)]
  0x000001f88964c000 JavaThread "Execution worker for ':' Thread 5" [_thread_blocked, id=9152, stack(0x000000274dd00000,0x000000274de00000)]
  0x000001f889646000 JavaThread "Execution worker for ':' Thread 6" [_thread_blocked, id=6676, stack(0x000000274de00000,0x000000274df00000)]
  0x000001f889648800 JavaThread "Execution worker for ':' Thread 7" [_thread_blocked, id=8348, stack(0x000000274df00000,0x000000274e000000)]
  0x000001f88964a800 JavaThread "Cache worker for execution history cache (C:\Users\Doc\AndroidStudioProjects\HelloJava\.gradle\7.3.3\executionHistory)" [_thread_blocked, id=8468, stack(0x000000274e000000,0x000000274e100000)]
  0x000001f889648000 JavaThread "WorkerExecutor Queue" [_thread_blocked, id=1104, stack(0x000000274e100000,0x000000274e200000)]
  0x000001f88964d800 JavaThread "WorkerExecutor Queue Thread 2" [_thread_blocked, id=8752, stack(0x000000274e200000,0x000000274e300000)]
  0x000001f88964b000 JavaThread "WorkerExecutor Queue Thread 3" [_thread_blocked, id=8700, stack(0x000000274e300000,0x000000274e400000)]
  0x000001f88964e800 JavaThread "WorkerExecutor Queue Thread 4" [_thread_blocked, id=8724, stack(0x000000274e400000,0x000000274e500000)]
  0x000001f88964c800 JavaThread "WorkerExecutor Queue Thread 5" [_thread_blocked, id=6728, stack(0x000000274e500000,0x000000274e600000)]
  0x000001f88964f000 JavaThread "pool-4-thread-1" [_thread_blocked, id=2360, stack(0x000000274e600000,0x000000274e700000)]
  0x000001f889651000 JavaThread "stderr" [_thread_in_native, id=8548, stack(0x000000274e700000,0x000000274e800000)]
  0x000001f889655000 JavaThread "stdout" [_thread_in_native, id=8092, stack(0x000000274e800000,0x000000274e900000)]
  0x000001f889653800 JavaThread "ForkJoinPool-1-worker-3" daemon [_thread_blocked, id=6824, stack(0x000000274e900000,0x000000274ea00000)]
  0x000001f889654000 JavaThread "ForkJoinPool-1-worker-5" daemon [_thread_in_Java, id=2904, stack(0x000000274ea00000,0x000000274eb00000)]
  0x000001f889650000 JavaThread "ForkJoinPool-1-worker-9" daemon [_thread_blocked, id=8928, stack(0x000000274eb00000,0x000000274ec00000)]
  0x000001f889651800 JavaThread "ForkJoinPool-1-worker-7" daemon [_thread_blocked, id=7448, stack(0x000000274ec00000,0x000000274ed00000)]
  0x000001f889652800 JavaThread "ForkJoinPool-1-worker-11" daemon [_thread_blocked, id=8732, stack(0x000000274ed00000,0x000000274ee00000)]
  0x000001f888fc5000 JavaThread "ForkJoinPool-1-worker-13" daemon [_thread_blocked, id=8520, stack(0x000000274ee00000,0x000000274ef00000)]
  0x000001f888fc6800 JavaThread "ForkJoinPool-1-worker-15" daemon [_thread_blocked, id=3976, stack(0x000000274ef00000,0x000000274f000000)]
  0x000001f888fcb800 JavaThread "ForkJoinPool-1-worker-1" daemon [_thread_blocked, id=8356, stack(0x000000274f000000,0x000000274f100000)]

Other Threads:
  0x000001f882028800 VMThread "VM Thread" [stack: 0x0000002745000000,0x0000002745100000] [id=1348]
  0x000001f882234000 WatcherThread [stack: 0x0000002745a00000,0x0000002745b00000] [id=2380]
  0x000001f8e71a6000 GCTaskThread "GC Thread#0" [stack: 0x0000002744b00000,0x0000002744c00000] [id=7416]
  0x000001f8827de000 GCTaskThread "GC Thread#1" [stack: 0x0000002745c00000,0x0000002745d00000] [id=5760]
  0x000001f882fc8000 GCTaskThread "GC Thread#2" [stack: 0x0000002745d00000,0x0000002745e00000] [id=5552]
  0x000001f882b72800 GCTaskThread "GC Thread#3" [stack: 0x0000002745e00000,0x0000002745f00000] [id=5348]
  0x000001f882d34000 GCTaskThread "GC Thread#4" [stack: 0x0000002745f00000,0x0000002746000000] [id=1140]
  0x000001f882e1f000 GCTaskThread "GC Thread#5" [stack: 0x0000002746c00000,0x0000002746d00000] [id=6344]
  0x000001f88390d800 GCTaskThread "GC Thread#6" [stack: 0x0000002746d00000,0x0000002746e00000] [id=3624]
  0x000001f883754800 GCTaskThread "GC Thread#7" [stack: 0x0000002746e00000,0x0000002746f00000] [id=7460]
  0x000001f8e71d8800 ConcurrentGCThread "G1 Main Marker" [stack: 0x0000002744c00000,0x0000002744d00000] [id=8416]
  0x000001f8e71da800 ConcurrentGCThread "G1 Conc#0" [stack: 0x0000002744d00000,0x0000002744e00000] [id=8672]
  0x000001f8847e9000 ConcurrentGCThread "G1 Conc#1" [stack: 0x0000002746f00000,0x0000002747000000] [id=8616]
  0x000001f8ff4b2800 ConcurrentGCThread "G1 Refine#0" [stack: 0x0000002744e00000,0x0000002744f00000] [id=8384]
  0x000001f887a36800 ConcurrentGCThread "G1 Refine#1" [stack: 0x000000274d400000,0x000000274d500000] [id=8456]
  0x000001f88bbfa800 ConcurrentGCThread "G1 Refine#2" [stack: 0x000000274f100000,0x000000274f200000] [id=4896]
  0x000001f88e6de800 ConcurrentGCThread "G1 Refine#3" [stack: 0x000000274f200000,0x000000274f300000] [id=8768]
  0x000001f88966f800 ConcurrentGCThread "G1 Refine#4" [stack: 0x000000274f300000,0x000000274f400000] [id=7276]
  0x000001f88c0c0000 ConcurrentGCThread "G1 Refine#5" [stack: 0x000000274f400000,0x000000274f500000] [id=8976]
  0x000001f88c0ba800 ConcurrentGCThread "G1 Refine#6" [stack: 0x000000274f500000,0x000000274f600000] [id=5092]
  0x000001f88c0c1000 ConcurrentGCThread "G1 Refine#7" [stack: 0x0000000000000000,0x0000000000000000] [id=388]
  0x000001f8ff4b3800 ConcurrentGCThread "G1 Young RemSet Sampling" [stack: 0x0000002744f00000,0x0000002745000000] [id=1540]

Threads with active compile tasks:
C2 CompilerThread0  21708 11372       4       com.android.tools.r8.code.y1::a (4129 bytes)
C2 CompilerThread1  21708 11164   !   4       java.net.URLClassLoader$1::run (63 bytes)
C2 CompilerThread2  21708 11603 %     4       com.android.tools.r8.graph.d1::a @ 8 (258 bytes)

VM state:not at safepoint (normal execution)

VM Mutex/Monitor currently owned by a thread: None

Heap address: 0x0000000080000000, size: 2048 MB, Compressed Oops mode: 32-bit
Narrow klass base: 0x0000000000000000, Narrow klass shift: 3
Compressed class space size: 1073741824 Address: 0x0000000100000000

Heap:
 garbage-first heap   total 275456K, used 133631K [0x0000000080000000, 0x0000000100000000)
  region size 1024K, 18 young (18432K), 17 survivors (17408K)
 Metaspace       used 97175K, capacity 99654K, committed 99832K, reserved 1134592K
  class space    used 12758K, capacity 13712K, committed 13816K, reserved 1048576K
Heap Regions: E=young(eden), S=young(survivor), O=old, HS=humongous(starts), HC=humongous(continues), CS=collection set, F=free, A=archive, TAMS=top-at-mark-start (previous, next)
|   0|0x0000000080000000, 0x0000000080100000, 0x0000000080100000|100%| O|  |TAMS 0x0000000080100000, 0x0000000080000000| Untracked 
|   1|0x0000000080100000, 0x0000000080200000, 0x0000000080200000|100%| O|  |TAMS 0x0000000080200000, 0x0000000080100000| Untracked 
|   2|0x0000000080200000, 0x0000000080300000, 0x0000000080300000|100%| O|  |TAMS 0x0000000080300000, 0x0000000080200000| Untracked 
|   3|0x0000000080300000, 0x0000000080400000, 0x0000000080400000|100%|HS|  |TAMS 0x0000000080400000, 0x0000000080300000| Complete 
|   4|0x0000000080400000, 0x0000000080500000, 0x0000000080500000|100%|HC|  |TAMS 0x0000000080500000, 0x0000000080400000| Complete 
|   5|0x0000000080500000, 0x0000000080600000, 0x0000000080600000|100%|HC|  |TAMS 0x0000000080600000, 0x0000000080500000| Complete 
|   6|0x0000000080600000, 0x0000000080700000, 0x0000000080700000|100%| O|  |TAMS 0x0000000080700000, 0x0000000080600000| Untracked 
|   7|0x0000000080700000, 0x0000000080800000, 0x0000000080800000|100%| O|  |TAMS 0x0000000080800000, 0x0000000080700000| Untracked 
|   8|0x0000000080800000, 0x0000000080900000, 0x0000000080900000|100%| O|  |TAMS 0x0000000080900000, 0x0000000080800000| Untracked 
|   9|0x0000000080900000, 0x0000000080a00000, 0x0000000080a00000|100%| O|  |TAMS 0x0000000080a00000, 0x0000000080900000| Untracked 
|  10|0x0000000080a00000, 0x0000000080b00000, 0x0000000080b00000|100%| O|  |TAMS 0x0000000080b00000, 0x0000000080a00000| Untracked 
|  11|0x0000000080b00000, 0x0000000080c00000, 0x0000000080c00000|100%| O|  |TAMS 0x0000000080c00000, 0x0000000080b00000| Untracked 
|  12|0x0000000080c00000, 0x0000000080d00000, 0x0000000080d00000|100%| O|  |TAMS 0x0000000080d00000, 0x0000000080c00000| Untracked 
|  13|0x0000000080d00000, 0x0000000080e00000, 0x0000000080e00000|100%| O|  |TAMS 0x0000000080e00000, 0x0000000080d00000| Untracked 
|  14|0x0000000080e00000, 0x0000000080f00000, 0x0000000080f00000|100%| O|  |TAMS 0x0000000080f00000, 0x0000000080e00000| Untracked 
|  15|0x0000000080f00000, 0x0000000081000000, 0x0000000081000000|100%| O|  |TAMS 0x0000000081000000, 0x0000000080f00000| Untracked 
|  16|0x0000000081000000, 0x0000000081100000, 0x0000000081100000|100%| O|  |TAMS 0x0000000081100000, 0x0000000081000000| Untracked 
|  17|0x0000000081100000, 0x0000000081200000, 0x0000000081200000|100%|HS|  |TAMS 0x0000000081200000, 0x0000000081100000| Complete 
|  18|0x0000000081200000, 0x0000000081300000, 0x0000000081300000|100%|HS|  |TAMS 0x0000000081300000, 0x0000000081200000| Complete 
|  19|0x0000000081300000, 0x0000000081400000, 0x0000000081400000|100%|HS|  |TAMS 0x0000000081400000, 0x0000000081300000| Complete 
|  20|0x0000000081400000, 0x0000000081500000, 0x0000000081500000|100%|HC|  |TAMS 0x0000000081500000, 0x0000000081400000| Complete 
|  21|0x0000000081500000, 0x0000000081600000, 0x0000000081600000|100%| O|  |TAMS 0x0000000081600000, 0x0000000081500000| Untracked 
|  22|0x0000000081600000, 0x0000000081700000, 0x0000000081700000|100%| O|  |TAMS 0x0000000081700000, 0x0000000081600000| Untracked 
|  23|0x0000000081700000, 0x0000000081800000, 0x0000000081800000|100%| O|  |TAMS 0x0000000081800000, 0x0000000081700000| Untracked 
|  24|0x0000000081800000, 0x0000000081900000, 0x0000000081900000|100%| O|  |TAMS 0x0000000081900000, 0x0000000081800000| Untracked 
|  25|0x0000000081900000, 0x0000000081a00000, 0x0000000081a00000|100%| O|  |TAMS 0x0000000081a00000, 0x0000000081900000| Untracked 
|  26|0x0000000081a00000, 0x0000000081b00000, 0x0000000081b00000|100%| O|  |TAMS 0x0000000081b00000, 0x0000000081a00000| Untracked 
|  27|0x0000000081b00000, 0x0000000081c00000, 0x0000000081c00000|100%| O|  |TAMS 0x0000000081c00000, 0x0000000081b00000| Untracked 
|  28|0x0000000081c00000, 0x0000000081d00000, 0x0000000081d00000|100%| O|  |TAMS 0x0000000081d00000, 0x0000000081c00000| Untracked 
|  29|0x0000000081d00000, 0x0000000081e00000, 0x0000000081e00000|100%| O|  |TAMS 0x0000000081e00000, 0x0000000081d00000| Untracked 
|  30|0x0000000081e00000, 0x0000000081f00000, 0x0000000081f00000|100%| O|  |TAMS 0x0000000081f00000, 0x0000000081e00000| Untracked 
|  31|0x0000000081f00000, 0x0000000082000000, 0x0000000082000000|100%| O|  |TAMS 0x0000000082000000, 0x0000000081f00000| Untracked 
|  32|0x0000000082000000, 0x0000000082100000, 0x0000000082100000|100%| O|  |TAMS 0x0000000082100000, 0x0000000082000000| Untracked 
|  33|0x0000000082100000, 0x0000000082200000, 0x0000000082200000|100%| O|  |TAMS 0x0000000082200000, 0x0000000082100000| Untracked 
|  34|0x0000000082200000, 0x0000000082300000, 0x0000000082300000|100%| O|  |TAMS 0x0000000082300000, 0x0000000082200000| Untracked 
|  35|0x0000000082300000, 0x0000000082400000, 0x0000000082400000|100%| O|  |TAMS 0x0000000082400000, 0x0000000082300000| Untracked 
|  36|0x0000000082400000, 0x0000000082500000, 0x0000000082500000|100%| O|  |TAMS 0x0000000082500000, 0x0000000082400000| Untracked 
|  37|0x0000000082500000, 0x0000000082600000, 0x0000000082600000|100%| O|  |TAMS 0x0000000082600000, 0x0000000082500000| Untracked 
|  38|0x0000000082600000, 0x0000000082700000, 0x0000000082700000|100%| O|  |TAMS 0x0000000082700000, 0x0000000082600000| Untracked 
|  39|0x0000000082700000, 0x0000000082800000, 0x0000000082800000|100%| O|  |TAMS 0x0000000082800000, 0x0000000082700000| Untracked 
|  40|0x0000000082800000, 0x0000000082900000, 0x0000000082900000|100%| O|  |TAMS 0x0000000082900000, 0x0000000082800000| Untracked 
|  41|0x0000000082900000, 0x0000000082a00000, 0x0000000082a00000|100%| O|  |TAMS 0x0000000082a00000, 0x0000000082900000| Untracked 
|  42|0x0000000082a00000, 0x0000000082b00000, 0x0000000082b00000|100%| O|  |TAMS 0x0000000082ab3a00, 0x0000000082a00000| Untracked 
|  43|0x0000000082b00000, 0x0000000082c00000, 0x0000000082c00000|100%| O|  |TAMS 0x0000000082b00000, 0x0000000082b00000| Untracked 
|  44|0x0000000082c00000, 0x0000000082d00000, 0x0000000082d00000|100%| O|  |TAMS 0x0000000082c00000, 0x0000000082c00000| Untracked 
|  45|0x0000000082d00000, 0x0000000082e00000, 0x0000000082e00000|100%| O|  |TAMS 0x0000000082d00000, 0x0000000082d00000| Untracked 
|  46|0x0000000082e00000, 0x0000000082f00000, 0x0000000082f00000|100%| O|  |TAMS 0x0000000082e00000, 0x0000000082e00000| Untracked 
|  47|0x0000000082f00000, 0x0000000083000000, 0x0000000083000000|100%| O|  |TAMS 0x0000000082f00000, 0x0000000082f00000| Untracked 
|  48|0x0000000083000000, 0x0000000083100000, 0x0000000083100000|100%| O|  |TAMS 0x0000000083000000, 0x0000000083000000| Untracked 
|  49|0x0000000083100000, 0x0000000083200000, 0x0000000083200000|100%| O|  |TAMS 0x0000000083100000, 0x0000000083100000| Untracked 
|  50|0x0000000083200000, 0x0000000083300000, 0x0000000083300000|100%| O|  |TAMS 0x0000000083200000, 0x0000000083200000| Untracked 
|  51|0x0000000083300000, 0x0000000083400000, 0x0000000083400000|100%| O|  |TAMS 0x0000000083300000, 0x0000000083300000| Untracked 
|  52|0x0000000083400000, 0x0000000083500000, 0x0000000083500000|100%| O|  |TAMS 0x0000000083400000, 0x0000000083400000| Untracked 
|  53|0x0000000083500000, 0x0000000083600000, 0x0000000083600000|100%| O|  |TAMS 0x0000000083500000, 0x0000000083500000| Untracked 
|  54|0x0000000083600000, 0x0000000083700000, 0x0000000083700000|100%| O|  |TAMS 0x0000000083600000, 0x0000000083600000| Untracked 
|  55|0x0000000083700000, 0x0000000083800000, 0x0000000083800000|100%| O|  |TAMS 0x0000000083700000, 0x0000000083700000| Untracked 
|  56|0x0000000083800000, 0x0000000083900000, 0x0000000083900000|100%| O|  |TAMS 0x0000000083800000, 0x0000000083800000| Untracked 
|  57|0x0000000083900000, 0x0000000083a00000, 0x0000000083a00000|100%| O|  |TAMS 0x0000000083900000, 0x0000000083900000| Untracked 
|  58|0x0000000083a00000, 0x0000000083b00000, 0x0000000083b00000|100%| O|  |TAMS 0x0000000083a00000, 0x0000000083a00000| Untracked 
|  59|0x0000000083b00000, 0x0000000083c00000, 0x0000000083c00000|100%| O|  |TAMS 0x0000000083b00000, 0x0000000083b00000| Untracked 
|  60|0x0000000083c00000, 0x0000000083d00000, 0x0000000083d00000|100%| O|  |TAMS 0x0000000083c00000, 0x0000000083c00000| Untracked 
|  61|0x0000000083d00000, 0x0000000083e00000, 0x0000000083e00000|100%| O|  |TAMS 0x0000000083d00000, 0x0000000083d00000| Untracked 
|  62|0x0000000083e00000, 0x0000000083f00000, 0x0000000083f00000|100%|HS|  |TAMS 0x0000000083e00000, 0x0000000083e00000| Complete 
|  63|0x0000000083f00000, 0x0000000084000000, 0x0000000084000000|100%|HC|  |TAMS 0x0000000083f00000, 0x0000000083f00000| Complete 
|  64|0x0000000084000000, 0x0000000084100000, 0x0000000084100000|100%|HS|  |TAMS 0x0000000084000000, 0x0000000084000000| Complete 
|  65|0x0000000084100000, 0x0000000084200000, 0x0000000084200000|100%|HS|  |TAMS 0x0000000084100000, 0x0000000084100000| Complete 
|  66|0x0000000084200000, 0x0000000084300000, 0x0000000084300000|100%|HS|  |TAMS 0x0000000084200000, 0x0000000084200000| Complete 
|  67|0x0000000084300000, 0x0000000084400000, 0x0000000084400000|100%| O|  |TAMS 0x0000000084300000, 0x0000000084300000| Untracked 
|  68|0x0000000084400000, 0x0000000084500000, 0x0000000084500000|100%| O|  |TAMS 0x0000000084400000, 0x0000000084400000| Untracked 
|  69|0x0000000084500000, 0x0000000084600000, 0x0000000084600000|100%| O|  |TAMS 0x0000000084500000, 0x0000000084500000| Untracked 
|  70|0x0000000084600000, 0x0000000084700000, 0x0000000084700000|100%| O|  |TAMS 0x0000000084600000, 0x0000000084600000| Untracked 
|  71|0x0000000084700000, 0x0000000084800000, 0x0000000084800000|100%| O|  |TAMS 0x0000000084700000, 0x0000000084700000| Untracked 
|  72|0x0000000084800000, 0x0000000084900000, 0x0000000084900000|100%| O|  |TAMS 0x0000000084800000, 0x0000000084800000| Untracked 
|  73|0x0000000084900000, 0x0000000084a00000, 0x0000000084a00000|100%| O|  |TAMS 0x0000000084900000, 0x0000000084900000| Untracked 
|  74|0x0000000084a00000, 0x0000000084b00000, 0x0000000084b00000|100%| O|  |TAMS 0x0000000084a00000, 0x0000000084a00000| Untracked 
|  75|0x0000000084b00000, 0x0000000084c00000, 0x0000000084c00000|100%| O|  |TAMS 0x0000000084b00000, 0x0000000084b00000| Untracked 
|  76|0x0000000084c00000, 0x0000000084d00000, 0x0000000084d00000|100%| O|  |TAMS 0x0000000084c00000, 0x0000000084c00000| Untracked 
|  77|0x0000000084d00000, 0x0000000084d00000, 0x0000000084e00000|  0%| F|  |TAMS 0x0000000084d00000, 0x0000000084d00000| Untracked 
|  78|0x0000000084e00000, 0x0000000084e00000, 0x0000000084f00000|  0%| F|  |TAMS 0x0000000084e00000, 0x0000000084e00000| Untracked 
|  79|0x0000000084f00000, 0x0000000084f00000, 0x0000000085000000|  0%| F|  |TAMS 0x0000000084f00000, 0x0000000084f00000| Untracked 
|  80|0x0000000085000000, 0x0000000085000000, 0x0000000085100000|  0%| F|  |TAMS 0x0000000085000000, 0x0000000085000000| Untracked 
|  81|0x0000000085100000, 0x0000000085100000, 0x0000000085200000|  0%| F|  |TAMS 0x0000000085100000, 0x0000000085100000| Untracked 
|  82|0x0000000085200000, 0x0000000085300000, 0x0000000085300000|100%|HS|  |TAMS 0x0000000085200000, 0x0000000085200000| Complete 
|  83|0x0000000085300000, 0x0000000085400000, 0x0000000085400000|100%|HC|  |TAMS 0x0000000085300000, 0x0000000085300000| Complete 
|  84|0x0000000085400000, 0x0000000085400000, 0x0000000085500000|  0%| F|  |TAMS 0x0000000085400000, 0x0000000085400000| Untracked 
|  85|0x0000000085500000, 0x0000000085600000, 0x0000000085600000|100%|HS|  |TAMS 0x0000000085500000, 0x0000000085500000| Complete 
|  86|0x0000000085600000, 0x0000000085600000, 0x0000000085700000|  0%| F|  |TAMS 0x0000000085600000, 0x0000000085600000| Untracked 
|  87|0x0000000085700000, 0x0000000085800000, 0x0000000085800000|100%|HS|  |TAMS 0x0000000085700000, 0x0000000085700000| Complete 
|  88|0x0000000085800000, 0x0000000085800000, 0x0000000085900000|  0%| F|  |TAMS 0x0000000085800000, 0x0000000085800000| Untracked 
|  89|0x0000000085900000, 0x0000000085a00000, 0x0000000085a00000|100%|HS|  |TAMS 0x0000000085900000, 0x0000000085900000| Complete 
|  90|0x0000000085a00000, 0x0000000085b00000, 0x0000000085b00000|100%| O|  |TAMS 0x0000000085a00000, 0x0000000085a00000| Untracked 
|  91|0x0000000085b00000, 0x0000000085c00000, 0x0000000085c00000|100%| O|  |TAMS 0x0000000085b00000, 0x0000000085b00000| Untracked 
|  92|0x0000000085c00000, 0x0000000085d00000, 0x0000000085d00000|100%| O|  |TAMS 0x0000000085c00000, 0x0000000085c00000| Untracked 
|  93|0x0000000085d00000, 0x0000000085e00000, 0x0000000085e00000|100%| O|  |TAMS 0x0000000085d00000, 0x0000000085d00000| Untracked 
|  94|0x0000000085e00000, 0x0000000085f00000, 0x0000000085f00000|100%| O|  |TAMS 0x0000000085e00000, 0x0000000085e00000| Untracked 
|  95|0x0000000085f00000, 0x0000000086000000, 0x0000000086000000|100%| O|  |TAMS 0x0000000085f00000, 0x0000000085f00000| Untracked 
|  96|0x0000000086000000, 0x0000000086100000, 0x0000000086100000|100%| O|  |TAMS 0x0000000086000000, 0x0000000086000000| Untracked 
|  97|0x0000000086100000, 0x0000000086200000, 0x0000000086200000|100%| O|  |TAMS 0x0000000086100000, 0x0000000086100000| Untracked 
|  98|0x0000000086200000, 0x0000000086300000, 0x0000000086300000|100%| O|  |TAMS 0x0000000086200000, 0x0000000086200000| Untracked 
|  99|0x0000000086300000, 0x0000000086400000, 0x0000000086400000|100%| O|  |TAMS 0x0000000086300000, 0x0000000086300000| Untracked 
| 100|0x0000000086400000, 0x0000000086500000, 0x0000000086500000|100%| O|  |TAMS 0x0000000086400000, 0x0000000086400000| Untracked 
| 101|0x0000000086500000, 0x0000000086600000, 0x0000000086600000|100%| O|  |TAMS 0x0000000086500000, 0x0000000086500000| Untracked 
| 102|0x0000000086600000, 0x0000000086700000, 0x0000000086700000|100%| O|  |TAMS 0x0000000086600000, 0x0000000086600000| Untracked 
| 103|0x0000000086700000, 0x0000000086800000, 0x0000000086800000|100%| O|  |TAMS 0x0000000086700000, 0x0000000086700000| Untracked 
| 104|0x0000000086800000, 0x0000000086900000, 0x0000000086900000|100%| O|  |TAMS 0x0000000086800000, 0x0000000086800000| Untracked 
| 105|0x0000000086900000, 0x0000000086a00000, 0x0000000086a00000|100%| O|  |TAMS 0x0000000086900000, 0x0000000086900000| Untracked 
| 106|0x0000000086a00000, 0x0000000086b00000, 0x0000000086b00000|100%| O|  |TAMS 0x0000000086a00000, 0x0000000086a00000| Untracked 
| 107|0x0000000086b00000, 0x0000000086c00000, 0x0000000086c00000|100%| O|  |TAMS 0x0000000086b00000, 0x0000000086b00000| Untracked 
| 108|0x0000000086c00000, 0x0000000086d00000, 0x0000000086d00000|100%| O|  |TAMS 0x0000000086c00000, 0x0000000086c00000| Untracked 
| 109|0x0000000086d00000, 0x0000000086e00000, 0x0000000086e00000|100%| O|  |TAMS 0x0000000086d00000, 0x0000000086d00000| Untracked 
| 110|0x0000000086e00000, 0x0000000086f00000, 0x0000000086f00000|100%| O|  |TAMS 0x0000000086e00000, 0x0000000086e00000| Untracked 
| 111|0x0000000086f00000, 0x0000000087000000, 0x0000000087000000|100%| O|  |TAMS 0x0000000086f00000, 0x0000000086f00000| Untracked 
| 112|0x0000000087000000, 0x0000000087100000, 0x0000000087100000|100%| O|  |TAMS 0x0000000087000000, 0x0000000087000000| Untracked 
| 113|0x0000000087100000, 0x0000000087200000, 0x0000000087200000|100%| O|  |TAMS 0x0000000087100000, 0x0000000087100000| Untracked 
| 114|0x0000000087200000, 0x0000000087300000, 0x0000000087300000|100%| O|  |TAMS 0x0000000087200000, 0x0000000087200000| Untracked 
| 115|0x0000000087300000, 0x0000000087400000, 0x0000000087400000|100%| O|  |TAMS 0x0000000087300000, 0x0000000087300000| Untracked 
| 116|0x0000000087400000, 0x0000000087500000, 0x0000000087500000|100%| O|  |TAMS 0x0000000087400000, 0x0000000087400000| Untracked 
| 117|0x0000000087500000, 0x0000000087600000, 0x0000000087600000|100%| O|  |TAMS 0x0000000087500000, 0x0000000087500000| Untracked 
| 118|0x0000000087600000, 0x0000000087700000, 0x0000000087700000|100%| O|  |TAMS 0x0000000087600000, 0x0000000087600000| Untracked 
| 119|0x0000000087700000, 0x0000000087800000, 0x0000000087800000|100%| O|  |TAMS 0x0000000087700000, 0x0000000087700000| Untracked 
| 120|0x0000000087800000, 0x0000000087900000, 0x0000000087900000|100%| O|  |TAMS 0x0000000087800000, 0x0000000087800000| Untracked 
| 121|0x0000000087900000, 0x000000008797fe00, 0x0000000087a00000| 49%| O|  |TAMS 0x0000000087900000, 0x0000000087900000| Untracked 
| 122|0x0000000087a00000, 0x0000000087b00000, 0x0000000087b00000|100%| S|CS|TAMS 0x0000000087a00000, 0x0000000087a00000| Complete 
| 123|0x0000000087b00000, 0x0000000087c00000, 0x0000000087c00000|100%| S|CS|TAMS 0x0000000087b00000, 0x0000000087b00000| Complete 
| 124|0x0000000087c00000, 0x0000000087d00000, 0x0000000087d00000|100%| S|CS|TAMS 0x0000000087c00000, 0x0000000087c00000| Complete 
| 125|0x0000000087d00000, 0x0000000087e00000, 0x0000000087e00000|100%| S|CS|TAMS 0x0000000087d00000, 0x0000000087d00000| Complete 
| 126|0x0000000087e00000, 0x0000000087f00000, 0x0000000087f00000|100%| S|CS|TAMS 0x0000000087e00000, 0x0000000087e00000| Complete 
| 127|0x0000000087f00000, 0x0000000088000000, 0x0000000088000000|100%| S|CS|TAMS 0x0000000087f00000, 0x0000000087f00000| Complete 
| 128|0x0000000088000000, 0x0000000088000000, 0x0000000088100000|  0%| F|  |TAMS 0x0000000088000000, 0x0000000088000000| Untracked 
| 129|0x0000000088100000, 0x0000000088100000, 0x0000000088200000|  0%| F|  |TAMS 0x0000000088100000, 0x0000000088100000| Untracked 
| 130|0x0000000088200000, 0x0000000088200000, 0x0000000088300000|  0%| F|  |TAMS 0x0000000088200000, 0x0000000088200000| Untracked 
| 131|0x0000000088300000, 0x0000000088300000, 0x0000000088400000|  0%| F|  |TAMS 0x0000000088300000, 0x0000000088300000| Untracked 
| 132|0x0000000088400000, 0x0000000088400000, 0x0000000088500000|  0%| F|  |TAMS 0x0000000088400000, 0x0000000088400000| Untracked 
| 133|0x0000000088500000, 0x0000000088500000, 0x0000000088600000|  0%| F|  |TAMS 0x0000000088500000, 0x0000000088500000| Untracked 
| 134|0x0000000088600000, 0x0000000088600000, 0x0000000088700000|  0%| F|  |TAMS 0x0000000088600000, 0x0000000088600000| Untracked 
| 135|0x0000000088700000, 0x0000000088700000, 0x0000000088800000|  0%| F|  |TAMS 0x0000000088700000, 0x0000000088700000| Untracked 
| 136|0x0000000088800000, 0x0000000088800000, 0x0000000088900000|  0%| F|  |TAMS 0x0000000088800000, 0x0000000088800000| Untracked 
| 137|0x0000000088900000, 0x0000000088900000, 0x0000000088a00000|  0%| F|  |TAMS 0x0000000088900000, 0x0000000088900000| Untracked 
| 138|0x0000000088a00000, 0x0000000088a00000, 0x0000000088b00000|  0%| F|  |TAMS 0x0000000088a00000, 0x0000000088a00000| Untracked 
| 139|0x0000000088b00000, 0x0000000088c00000, 0x0000000088c00000|100%| S|CS|TAMS 0x0000000088b00000, 0x0000000088b00000| Complete 
| 140|0x0000000088c00000, 0x0000000088d00000, 0x0000000088d00000|100%| S|CS|TAMS 0x0000000088c00000, 0x0000000088c00000| Complete 
| 141|0x0000000088d00000, 0x0000000088e00000, 0x0000000088e00000|100%| S|CS|TAMS 0x0000000088d00000, 0x0000000088d00000| Complete 
| 142|0x0000000088e00000, 0x0000000088f00000, 0x0000000088f00000|100%| S|CS|TAMS 0x0000000088e00000, 0x0000000088e00000| Complete 
| 143|0x0000000088f00000, 0x0000000089000000, 0x0000000089000000|100%| S|CS|TAMS 0x0000000088f00000, 0x0000000088f00000| Complete 
| 144|0x0000000089000000, 0x0000000089100000, 0x0000000089100000|100%| S|CS|TAMS 0x0000000089000000, 0x0000000089000000| Complete 
| 145|0x0000000089100000, 0x0000000089200000, 0x0000000089200000|100%| S|CS|TAMS 0x0000000089100000, 0x0000000089100000| Complete 
| 146|0x0000000089200000, 0x0000000089300000, 0x0000000089300000|100%| S|CS|TAMS 0x0000000089200000, 0x0000000089200000| Complete 
| 147|0x0000000089300000, 0x0000000089400000, 0x0000000089400000|100%| S|CS|TAMS 0x0000000089300000, 0x0000000089300000| Complete 
| 148|0x0000000089400000, 0x0000000089500000, 0x0000000089500000|100%| S|CS|TAMS 0x0000000089400000, 0x0000000089400000| Complete 
| 149|0x0000000089500000, 0x0000000089600000, 0x0000000089600000|100%| S|CS|TAMS 0x0000000089500000, 0x0000000089500000| Complete 
| 150|0x0000000089600000, 0x0000000089600000, 0x0000000089700000|  0%| F|  |TAMS 0x0000000089600000, 0x0000000089600000| Untracked 
| 151|0x0000000089700000, 0x0000000089700000, 0x0000000089800000|  0%| F|  |TAMS 0x0000000089700000, 0x0000000089700000| Untracked 
| 152|0x0000000089800000, 0x0000000089800000, 0x0000000089900000|  0%| F|  |TAMS 0x0000000089800000, 0x0000000089800000| Untracked 
| 153|0x0000000089900000, 0x0000000089900000, 0x0000000089a00000|  0%| F|  |TAMS 0x0000000089900000, 0x0000000089900000| Untracked 
| 154|0x0000000089a00000, 0x0000000089a00000, 0x0000000089b00000|  0%| F|  |TAMS 0x0000000089a00000, 0x0000000089a00000| Untracked 
| 155|0x0000000089b00000, 0x0000000089b00000, 0x0000000089c00000|  0%| F|  |TAMS 0x0000000089b00000, 0x0000000089b00000| Untracked 
| 156|0x0000000089c00000, 0x0000000089c00000, 0x0000000089d00000|  0%| F|  |TAMS 0x0000000089c00000, 0x0000000089c00000| Untracked 
| 157|0x0000000089d00000, 0x0000000089d00000, 0x0000000089e00000|  0%| F|  |TAMS 0x0000000089d00000, 0x0000000089d00000| Untracked 
| 158|0x0000000089e00000, 0x0000000089e00000, 0x0000000089f00000|  0%| F|  |TAMS 0x0000000089e00000, 0x0000000089e00000| Untracked 
| 159|0x0000000089f00000, 0x0000000089f00000, 0x000000008a000000|  0%| F|  |TAMS 0x0000000089f00000, 0x0000000089f00000| Untracked 
| 160|0x000000008a000000, 0x000000008a000000, 0x000000008a100000|  0%| F|  |TAMS 0x000000008a000000, 0x000000008a000000| Untracked 
| 161|0x000000008a100000, 0x000000008a100000, 0x000000008a200000|  0%| F|  |TAMS 0x000000008a100000, 0x000000008a100000| Untracked 
| 162|0x000000008a200000, 0x000000008a200000, 0x000000008a300000|  0%| F|  |TAMS 0x000000008a200000, 0x000000008a200000| Untracked 
| 163|0x000000008a300000, 0x000000008a300000, 0x000000008a400000|  0%| F|  |TAMS 0x000000008a300000, 0x000000008a300000| Untracked 
| 164|0x000000008a400000, 0x000000008a400000, 0x000000008a500000|  0%| F|  |TAMS 0x000000008a400000, 0x000000008a400000| Untracked 
| 165|0x000000008a500000, 0x000000008a500000, 0x000000008a600000|  0%| F|  |TAMS 0x000000008a500000, 0x000000008a500000| Untracked 
| 166|0x000000008a600000, 0x000000008a600000, 0x000000008a700000|  0%| F|  |TAMS 0x000000008a600000, 0x000000008a600000| Untracked 
| 167|0x000000008a700000, 0x000000008a700000, 0x000000008a800000|  0%| F|  |TAMS 0x000000008a700000, 0x000000008a700000| Untracked 
| 168|0x000000008a800000, 0x000000008a800000, 0x000000008a900000|  0%| F|  |TAMS 0x000000008a800000, 0x000000008a800000| Untracked 
| 169|0x000000008a900000, 0x000000008a900000, 0x000000008aa00000|  0%| F|  |TAMS 0x000000008a900000, 0x000000008a900000| Untracked 
| 170|0x000000008aa00000, 0x000000008aa00000, 0x000000008ab00000|  0%| F|  |TAMS 0x000000008aa00000, 0x000000008aa00000| Untracked 
| 171|0x000000008ab00000, 0x000000008ab00000, 0x000000008ac00000|  0%| F|  |TAMS 0x000000008ab00000, 0x000000008ab00000| Untracked 
| 172|0x000000008ac00000, 0x000000008ac00000, 0x000000008ad00000|  0%| F|  |TAMS 0x000000008ac00000, 0x000000008ac00000| Untracked 
| 173|0x000000008ad00000, 0x000000008ad00000, 0x000000008ae00000|  0%| F|  |TAMS 0x000000008ad00000, 0x000000008ad00000| Untracked 
| 174|0x000000008ae00000, 0x000000008ae00000, 0x000000008af00000|  0%| F|  |TAMS 0x000000008ae00000, 0x000000008ae00000| Untracked 
| 175|0x000000008af00000, 0x000000008af00000, 0x000000008b000000|  0%| F|  |TAMS 0x000000008af00000, 0x000000008af00000| Untracked 
| 176|0x000000008b000000, 0x000000008b000000, 0x000000008b100000|  0%| F|  |TAMS 0x000000008b000000, 0x000000008b000000| Untracked 
| 177|0x000000008b100000, 0x000000008b100000, 0x000000008b200000|  0%| F|  |TAMS 0x000000008b100000, 0x000000008b100000| Untracked 
| 178|0x000000008b200000, 0x000000008b200000, 0x000000008b300000|  0%| F|  |TAMS 0x000000008b200000, 0x000000008b200000| Untracked 
| 179|0x000000008b300000, 0x000000008b300000, 0x000000008b400000|  0%| F|  |TAMS 0x000000008b300000, 0x000000008b300000| Untracked 
| 180|0x000000008b400000, 0x000000008b400000, 0x000000008b500000|  0%| F|  |TAMS 0x000000008b400000, 0x000000008b400000| Untracked 
| 181|0x000000008b500000, 0x000000008b500000, 0x000000008b600000|  0%| F|  |TAMS 0x000000008b500000, 0x000000008b500000| Untracked 
| 182|0x000000008b600000, 0x000000008b600000, 0x000000008b700000|  0%| F|  |TAMS 0x000000008b600000, 0x000000008b600000| Untracked 
| 183|0x000000008b700000, 0x000000008b700000, 0x000000008b800000|  0%| F|  |TAMS 0x000000008b700000, 0x000000008b700000| Untracked 
| 184|0x000000008b800000, 0x000000008b800000, 0x000000008b900000|  0%| F|  |TAMS 0x000000008b800000, 0x000000008b800000| Untracked 
| 185|0x000000008b900000, 0x000000008b900000, 0x000000008ba00000|  0%| F|  |TAMS 0x000000008b900000, 0x000000008b900000| Untracked 
| 186|0x000000008ba00000, 0x000000008ba00000, 0x000000008bb00000|  0%| F|  |TAMS 0x000000008ba00000, 0x000000008ba00000| Untracked 
| 187|0x000000008bb00000, 0x000000008bb00000, 0x000000008bc00000|  0%| F|  |TAMS 0x000000008bb00000, 0x000000008bb00000| Untracked 
| 188|0x000000008bc00000, 0x000000008bc00000, 0x000000008bd00000|  0%| F|  |TAMS 0x000000008bc00000, 0x000000008bc00000| Untracked 
| 189|0x000000008bd00000, 0x000000008bd00000, 0x000000008be00000|  0%| F|  |TAMS 0x000000008bd00000, 0x000000008bd00000| Untracked 
| 190|0x000000008be00000, 0x000000008be00000, 0x000000008bf00000|  0%| F|  |TAMS 0x000000008be00000, 0x000000008be00000| Untracked 
| 191|0x000000008bf00000, 0x000000008bf00000, 0x000000008c000000|  0%| F|  |TAMS 0x000000008bf00000, 0x000000008bf00000| Untracked 
| 192|0x000000008c000000, 0x000000008c000000, 0x000000008c100000|  0%| F|  |TAMS 0x000000008c000000, 0x000000008c000000| Untracked 
| 193|0x000000008c100000, 0x000000008c100000, 0x000000008c200000|  0%| F|  |TAMS 0x000000008c100000, 0x000000008c100000| Untracked 
| 194|0x000000008c200000, 0x000000008c200000, 0x000000008c300000|  0%| F|  |TAMS 0x000000008c200000, 0x000000008c200000| Untracked 
| 195|0x000000008c300000, 0x000000008c300000, 0x000000008c400000|  0%| F|  |TAMS 0x000000008c300000, 0x000000008c300000| Untracked 
| 196|0x000000008c400000, 0x000000008c400000, 0x000000008c500000|  0%| F|  |TAMS 0x000000008c400000, 0x000000008c400000| Untracked 
| 197|0x000000008c500000, 0x000000008c500000, 0x000000008c600000|  0%| F|  |TAMS 0x000000008c500000, 0x000000008c500000| Untracked 
| 198|0x000000008c600000, 0x000000008c600000, 0x000000008c700000|  0%| F|  |TAMS 0x000000008c600000, 0x000000008c600000| Untracked 
| 199|0x000000008c700000, 0x000000008c700000, 0x000000008c800000|  0%| F|  |TAMS 0x000000008c700000, 0x000000008c700000| Untracked 
| 200|0x000000008c800000, 0x000000008c800000, 0x000000008c900000|  0%| F|  |TAMS 0x000000008c800000, 0x000000008c800000| Untracked 
| 201|0x000000008c900000, 0x000000008c900000, 0x000000008ca00000|  0%| F|  |TAMS 0x000000008c900000, 0x000000008c900000| Untracked 
| 202|0x000000008ca00000, 0x000000008ca00000, 0x000000008cb00000|  0%| F|  |TAMS 0x000000008ca00000, 0x000000008ca00000| Untracked 
| 203|0x000000008cb00000, 0x000000008cb00000, 0x000000008cc00000|  0%| F|  |TAMS 0x000000008cb00000, 0x000000008cb00000| Untracked 
| 204|0x000000008cc00000, 0x000000008cc00000, 0x000000008cd00000|  0%| F|  |TAMS 0x000000008cc00000, 0x000000008cc00000| Untracked 
| 205|0x000000008cd00000, 0x000000008cd00000, 0x000000008ce00000|  0%| F|  |TAMS 0x000000008cd00000, 0x000000008cd00000| Untracked 
| 206|0x000000008ce00000, 0x000000008ce00000, 0x000000008cf00000|  0%| F|  |TAMS 0x000000008ce00000, 0x000000008ce00000| Untracked 
| 207|0x000000008cf00000, 0x000000008cf00000, 0x000000008d000000|  0%| F|  |TAMS 0x000000008cf00000, 0x000000008cf00000| Untracked 
| 208|0x000000008d000000, 0x000000008d000000, 0x000000008d100000|  0%| F|  |TAMS 0x000000008d000000, 0x000000008d000000| Untracked 
| 209|0x000000008d100000, 0x000000008d100000, 0x000000008d200000|  0%| F|  |TAMS 0x000000008d100000, 0x000000008d100000| Untracked 
| 210|0x000000008d200000, 0x000000008d200000, 0x000000008d300000|  0%| F|  |TAMS 0x000000008d200000, 0x000000008d200000| Untracked 
| 211|0x000000008d300000, 0x000000008d300000, 0x000000008d400000|  0%| F|  |TAMS 0x000000008d300000, 0x000000008d300000| Untracked 
| 212|0x000000008d400000, 0x000000008d400000, 0x000000008d500000|  0%| F|  |TAMS 0x000000008d400000, 0x000000008d400000| Untracked 
| 213|0x000000008d500000, 0x000000008d500000, 0x000000008d600000|  0%| F|  |TAMS 0x000000008d500000, 0x000000008d500000| Untracked 
| 214|0x000000008d600000, 0x000000008d600000, 0x000000008d700000|  0%| F|  |TAMS 0x000000008d600000, 0x000000008d600000| Untracked 
| 215|0x000000008d700000, 0x000000008d700000, 0x000000008d800000|  0%| F|  |TAMS 0x000000008d700000, 0x000000008d700000| Untracked 
| 216|0x000000008d800000, 0x000000008d800000, 0x000000008d900000|  0%| F|  |TAMS 0x000000008d800000, 0x000000008d800000| Untracked 
| 217|0x000000008d900000, 0x000000008d900000, 0x000000008da00000|  0%| F|  |TAMS 0x000000008d900000, 0x000000008d900000| Untracked 
| 218|0x000000008da00000, 0x000000008da00000, 0x000000008db00000|  0%| F|  |TAMS 0x000000008da00000, 0x000000008da00000| Untracked 
| 219|0x000000008db00000, 0x000000008db00000, 0x000000008dc00000|  0%| F|  |TAMS 0x000000008db00000, 0x000000008db00000| Untracked 
| 220|0x000000008dc00000, 0x000000008dc00000, 0x000000008dd00000|  0%| F|  |TAMS 0x000000008dc00000, 0x000000008dc00000| Untracked 
| 221|0x000000008dd00000, 0x000000008dd00000, 0x000000008de00000|  0%| F|  |TAMS 0x000000008dd00000, 0x000000008dd00000| Untracked 
| 222|0x000000008de00000, 0x000000008de00000, 0x000000008df00000|  0%| F|  |TAMS 0x000000008de00000, 0x000000008de00000| Untracked 
| 223|0x000000008df00000, 0x000000008df00000, 0x000000008e000000|  0%| F|  |TAMS 0x000000008df00000, 0x000000008df00000| Untracked 
| 224|0x000000008e000000, 0x000000008e000000, 0x000000008e100000|  0%| F|  |TAMS 0x000000008e000000, 0x000000008e000000| Untracked 
| 225|0x000000008e100000, 0x000000008e100000, 0x000000008e200000|  0%| F|  |TAMS 0x000000008e100000, 0x000000008e100000| Untracked 
| 226|0x000000008e200000, 0x000000008e200000, 0x000000008e300000|  0%| F|  |TAMS 0x000000008e200000, 0x000000008e200000| Untracked 
| 227|0x000000008e300000, 0x000000008e300000, 0x000000008e400000|  0%| F|  |TAMS 0x000000008e300000, 0x000000008e300000| Untracked 
| 228|0x000000008e400000, 0x000000008e400000, 0x000000008e500000|  0%| F|  |TAMS 0x000000008e400000, 0x000000008e400000| Untracked 
| 229|0x000000008e500000, 0x000000008e500000, 0x000000008e600000|  0%| F|  |TAMS 0x000000008e500000, 0x000000008e500000| Untracked 
| 230|0x000000008e600000, 0x000000008e600000, 0x000000008e700000|  0%| F|  |TAMS 0x000000008e600000, 0x000000008e600000| Untracked 
| 231|0x000000008e700000, 0x000000008e700000, 0x000000008e800000|  0%| F|  |TAMS 0x000000008e700000, 0x000000008e700000| Untracked 
| 232|0x000000008e800000, 0x000000008e800000, 0x000000008e900000|  0%| F|  |TAMS 0x000000008e800000, 0x000000008e800000| Untracked 
| 233|0x000000008e900000, 0x000000008e900000, 0x000000008ea00000|  0%| F|  |TAMS 0x000000008e900000, 0x000000008e900000| Untracked 
| 234|0x000000008ea00000, 0x000000008ea00000, 0x000000008eb00000|  0%| F|  |TAMS 0x000000008ea00000, 0x000000008ea00000| Untracked 
| 235|0x000000008eb00000, 0x000000008eb00000, 0x000000008ec00000|  0%| F|  |TAMS 0x000000008eb00000, 0x000000008eb00000| Untracked 
| 236|0x000000008ec00000, 0x000000008ec00000, 0x000000008ed00000|  0%| F|  |TAMS 0x000000008ec00000, 0x000000008ec00000| Untracked 
| 237|0x000000008ed00000, 0x000000008ed00000, 0x000000008ee00000|  0%| F|  |TAMS 0x000000008ed00000, 0x000000008ed00000| Untracked 
| 238|0x000000008ee00000, 0x000000008ee00000, 0x000000008ef00000|  0%| F|  |TAMS 0x000000008ee00000, 0x000000008ee00000| Untracked 
| 239|0x000000008ef00000, 0x000000008ef00000, 0x000000008f000000|  0%| F|  |TAMS 0x000000008ef00000, 0x000000008ef00000| Untracked 
| 240|0x000000008f000000, 0x000000008f000000, 0x000000008f100000|  0%| F|  |TAMS 0x000000008f000000, 0x000000008f000000| Untracked 
| 241|0x000000008f100000, 0x000000008f100000, 0x000000008f200000|  0%| F|  |TAMS 0x000000008f100000, 0x000000008f100000| Untracked 
| 242|0x000000008f200000, 0x000000008f200000, 0x000000008f300000|  0%| F|  |TAMS 0x000000008f200000, 0x000000008f200000| Untracked 
| 243|0x000000008f300000, 0x000000008f300000, 0x000000008f400000|  0%| F|  |TAMS 0x000000008f300000, 0x000000008f300000| Untracked 
| 244|0x000000008f400000, 0x000000008f400000, 0x000000008f500000|  0%| F|  |TAMS 0x000000008f400000, 0x000000008f400000| Untracked 
| 245|0x000000008f500000, 0x000000008f500000, 0x000000008f600000|  0%| F|  |TAMS 0x000000008f500000, 0x000000008f500000| Untracked 
| 246|0x000000008f600000, 0x000000008f600000, 0x000000008f700000|  0%| F|  |TAMS 0x000000008f600000, 0x000000008f600000| Untracked 
| 247|0x000000008f700000, 0x000000008f700000, 0x000000008f800000|  0%| F|  |TAMS 0x000000008f700000, 0x000000008f700000| Untracked 
| 248|0x000000008f800000, 0x000000008f800000, 0x000000008f900000|  0%| F|  |TAMS 0x000000008f800000, 0x000000008f800000| Untracked 
| 249|0x000000008f900000, 0x000000008f900000, 0x000000008fa00000|  0%| F|  |TAMS 0x000000008f900000, 0x000000008f900000| Untracked 
| 250|0x000000008fa00000, 0x000000008fa00000, 0x000000008fb00000|  0%| F|  |TAMS 0x000000008fa00000, 0x000000008fa00000| Untracked 
| 251|0x000000008fb00000, 0x000000008fb00000, 0x000000008fc00000|  0%| F|  |TAMS 0x000000008fb00000, 0x000000008fb00000| Untracked 
| 252|0x000000008fc00000, 0x000000008fc00000, 0x000000008fd00000|  0%| F|  |TAMS 0x000000008fc00000, 0x000000008fc00000| Untracked 
| 253|0x000000008fd00000, 0x000000008fd00000, 0x000000008fe00000|  0%| F|  |TAMS 0x000000008fd00000, 0x000000008fd00000| Untracked 
| 254|0x000000008fe00000, 0x000000008fe00000, 0x000000008ff00000|  0%| F|  |TAMS 0x000000008fe00000, 0x000000008fe00000| Untracked 
| 255|0x000000008ff00000, 0x000000008ff00000, 0x0000000090000000|  0%| F|  |TAMS 0x000000008ff00000, 0x000000008ff00000| Untracked 
| 256|0x0000000090000000, 0x0000000090000000, 0x0000000090100000|  0%| F|  |TAMS 0x0000000090000000, 0x0000000090000000| Untracked 
| 257|0x0000000090100000, 0x0000000090100000, 0x0000000090200000|  0%| F|  |TAMS 0x0000000090100000, 0x0000000090100000| Untracked 
| 258|0x0000000090200000, 0x0000000090200000, 0x0000000090300000|  0%| F|  |TAMS 0x0000000090200000, 0x0000000090200000| Untracked 
| 259|0x0000000090300000, 0x0000000090300000, 0x0000000090400000|  0%| F|  |TAMS 0x0000000090300000, 0x0000000090300000| Untracked 
| 260|0x0000000090400000, 0x0000000090400000, 0x0000000090500000|  0%| F|  |TAMS 0x0000000090400000, 0x0000000090400000| Untracked 
| 261|0x0000000090500000, 0x0000000090500000, 0x0000000090600000|  0%| F|  |TAMS 0x0000000090500000, 0x0000000090500000| Untracked 
| 262|0x0000000090600000, 0x0000000090600000, 0x0000000090700000|  0%| F|  |TAMS 0x0000000090600000, 0x0000000090600000| Untracked 
| 263|0x0000000090700000, 0x0000000090700000, 0x0000000090800000|  0%| F|  |TAMS 0x0000000090700000, 0x0000000090700000| Untracked 
| 264|0x0000000090800000, 0x0000000090800000, 0x0000000090900000|  0%| F|  |TAMS 0x0000000090800000, 0x0000000090800000| Untracked 
| 265|0x0000000090900000, 0x0000000090900000, 0x0000000090a00000|  0%| F|  |TAMS 0x0000000090900000, 0x0000000090900000| Untracked 
| 266|0x0000000090a00000, 0x0000000090a00000, 0x0000000090b00000|  0%| F|  |TAMS 0x0000000090a00000, 0x0000000090a00000| Untracked 
| 267|0x0000000090b00000, 0x0000000090bcb220, 0x0000000090c00000| 79%| E|  |TAMS 0x0000000090b00000, 0x0000000090b00000| Complete 
| 268|0x0000000090c00000, 0x0000000090d00000, 0x0000000090d00000|100%| E|CS|TAMS 0x0000000090c00000, 0x0000000090c00000| Complete 

Card table byte_map: [0x000001f8fa3c0000,0x000001f8fa7c0000] _byte_map_base: 0x000001f8f9fc0000

Marking Bits (Prev, Next): (CMBitMap*) 0x000001f8e71cd8e0, (CMBitMap*) 0x000001f8e71cd8a8
 Prev Bits: [0x000001f8fcbc0000, 0x000001f8febc0000)
 Next Bits: [0x000001f8fabc0000, 0x000001f8fcbc0000)

Polling page: 0x000001f8e50c0000

Metaspace:

Usage:
  Non-class:     83.93 MB capacity,    82.44 MB ( 98%) used,     1.20 MB (  1%) free+waste,   294.44 KB ( <1%) overhead. 
      Class:     13.39 MB capacity,    12.46 MB ( 93%) used,   819.31 KB (  6%) free+waste,   134.44 KB ( <1%) overhead. 
       Both:     97.32 MB capacity,    94.90 MB ( 98%) used,     2.00 MB (  2%) free+waste,   428.88 KB ( <1%) overhead. 

Virtual space:
  Non-class space:       84.00 MB reserved,      84.00 MB (100%) committed 
      Class space:        1.00 GB reserved,      13.49 MB (  1%) committed 
             Both:        1.08 GB reserved,      97.49 MB (  9%) committed 

Chunk freelists:
   Non-Class:  10.00 KB
       Class:  16.00 KB
        Both:  26.00 KB

MaxMetaspaceSize: 17179869184.00 GB
CompressedClassSpaceSize: 1.00 GB
Initial GC threshold: 20.80 MB
Current GC threshold: 98.11 MB
CDS: off

CodeHeap 'non-profiled nmethods': size=120000Kb used=6755Kb max_used=6755Kb free=113244Kb
 bounds [0x000001f8f2760000, 0x000001f8f2e00000, 0x000001f8f9c90000]
CodeHeap 'profiled nmethods': size=120000Kb used=24724Kb max_used=24724Kb free=95275Kb
 bounds [0x000001f8eb230000, 0x000001f8eca60000, 0x000001f8f2760000]
CodeHeap 'non-nmethods': size=5760Kb used=2407Kb max_used=2435Kb free=3352Kb
 bounds [0x000001f8eac90000, 0x000001f8eaf00000, 0x000001f8eb230000]
 total_blobs=12477 nmethods=11552 adapters=837
 compilation: enabled
              stopped_count=0, restarted_count=0
 full_count=0

Compilation events (20 events):
Event: 21.614 Thread 0x000001f882094000 11654       2       com.android.tools.r8.code.F3::<init> (85 bytes)
Event: 21.615 Thread 0x000001f882094000 nmethod 11654 0x000001f8eca4f110 code [0x000001f8eca4f340, 0x000001f8eca4fa68]
Event: 21.616 Thread 0x000001f882094000 11656       2       com.android.tools.r8.graph.z::d (73 bytes)
Event: 21.617 Thread 0x000001f882094000 nmethod 11656 0x000001f8eca4ff90 code [0x000001f8eca501c0, 0x000001f8eca506d8]
Event: 21.619 Thread 0x000001f882094000 11659 %     3       com.android.tools.r8.internal.Yg::d @ 29 (61 bytes)
Event: 21.620 Thread 0x000001f882094000 nmethod 11659% 0x000001f8eca50a90 code [0x000001f8eca50c60, 0x000001f8eca51088]
Event: 21.620 Thread 0x000001f882094000 11660       2       com.android.tools.r8.graph.j1$a::g0 (2 bytes)
Event: 21.620 Thread 0x000001f882094000 nmethod 11660 0x000001f8eca51290 code [0x000001f8eca51440, 0x000001f8eca51538]
Event: 21.620 Thread 0x000001f882094000 11661       2       com.android.tools.r8.graph.X2::a (49 bytes)
Event: 21.621 Thread 0x000001f882094000 nmethod 11661 0x000001f8eca51610 code [0x000001f8eca517e0, 0x000001f8eca51a28]
Event: 21.623 Thread 0x000001f882094000 11662       2       java.util.Arrays::hashCode (44 bytes)
Event: 21.623 Thread 0x000001f882094000 nmethod 11662 0x000001f8eca51b90 code [0x000001f8eca51d40, 0x000001f8eca51eb8]
Event: 21.623 Thread 0x000001f882094000 11663       2       com.android.tools.r8.code.x0::<init> (97 bytes)
Event: 21.624 Thread 0x000001f882094000 nmethod 11663 0x000001f8eca51f90 code [0x000001f8eca521a0, 0x000001f8eca526d8]
Event: 21.629 Thread 0x000001f882094000 11665       2       com.android.tools.r8.graph.n1::q0 (2 bytes)
Event: 21.629 Thread 0x000001f882094000 nmethod 11665 0x000001f8eca52b10 code [0x000001f8eca52cc0, 0x000001f8eca52db8]
Event: 21.634 Thread 0x000001f882094000 11666       2       com.android.tools.r8.dex.j::a (64 bytes)
Event: 21.635 Thread 0x000001f882094000 nmethod 11666 0x000001f8eca52e90 code [0x000001f8eca53140, 0x000001f8eca53a68]
Event: 21.644 Thread 0x000001f882094000 11669       2       com.android.tools.r8.internal.bH::<init> (88 bytes)
Event: 21.644 Thread 0x000001f882094000 nmethod 11669 0x000001f8eca54090 code [0x000001f8eca542c0, 0x000001f8eca54848]

GC Heap History (20 events):
Event: 4.711 GC heap after
{Heap after GC invocations=2 (full 0):
 garbage-first heap   total 229376K, used 16946K [0x0000000080000000, 0x0000000100000000)
  region size 1024K, 11 young (11264K), 11 survivors (11264K)
 Metaspace       used 20663K, capacity 21085K, committed 21248K, reserved 1067008K
  class space    used 2546K, capacity 2712K, committed 2816K, reserved 1048576K
}
Event: 5.242 GC heap before
{Heap before GC invocations=3 (full 0):
 garbage-first heap   total 229376K, used 45618K [0x0000000080000000, 0x0000000100000000)
  region size 1024K, 39 young (39936K), 11 survivors (11264K)
 Metaspace       used 23340K, capacity 23866K, committed 23936K, reserved 1071104K
  class space    used 2973K, capacity 3133K, committed 3200K, reserved 1048576K
}
Event: 5.255 GC heap after
{Heap after GC invocations=4 (full 0):
 garbage-first heap   total 229376K, used 18279K [0x0000000080000000, 0x0000000100000000)
  region size 1024K, 2 young (2048K), 2 survivors (2048K)
 Metaspace       used 23340K, capacity 23866K, committed 23936K, reserved 1071104K
  class space    used 2973K, capacity 3133K, committed 3200K, reserved 1048576K
}
Event: 7.627 GC heap before
{Heap before GC invocations=4 (full 0):
 garbage-first heap   total 229376K, used 104295K [0x0000000080000000, 0x0000000100000000)
  region size 1024K, 87 young (89088K), 2 survivors (2048K)
 Metaspace       used 34910K, capacity 35727K, committed 35840K, reserved 1081344K
  class space    used 4533K, capacity 4839K, committed 4864K, reserved 1048576K
}
Event: 7.657 GC heap after
{Heap after GC invocations=5 (full 0):
 garbage-first heap   total 229376K, used 22348K [0x0000000080000000, 0x0000000100000000)
  region size 1024K, 6 young (6144K), 6 survivors (6144K)
 Metaspace       used 34910K, capacity 35727K, committed 35840K, reserved 1081344K
  class space    used 4533K, capacity 4839K, committed 4864K, reserved 1048576K
}
Event: 10.090 GC heap before
{Heap before GC invocations=6 (full 0):
 garbage-first heap   total 229376K, used 143180K [0x0000000080000000, 0x0000000100000000)
  region size 1024K, 121 young (123904K), 6 survivors (6144K)
 Metaspace       used 44842K, capacity 45879K, committed 46208K, reserved 1089536K
  class space    used 5781K, capacity 6163K, committed 6272K, reserved 1048576K
}
Event: 10.118 GC heap after
{Heap after GC invocations=7 (full 0):
 garbage-first heap   total 229376K, used 29770K [0x0000000080000000, 0x0000000100000000)
  region size 1024K, 13 young (13312K), 13 survivors (13312K)
 Metaspace       used 44842K, capacity 45879K, committed 46208K, reserved 1089536K
  class space    used 5781K, capacity 6163K, committed 6272K, reserved 1048576K
}
Event: 12.658 GC heap before
{Heap before GC invocations=7 (full 0):
 garbage-first heap   total 229376K, used 157770K [0x0000000080000000, 0x0000000100000000)
  region size 1024K, 134 young (137216K), 13 survivors (13312K)
 Metaspace       used 53398K, capacity 54708K, committed 55040K, reserved 1097728K
  class space    used 6838K, capacity 7343K, committed 7424K, reserved 1048576K
}
Event: 12.711 GC heap after
{Heap after GC invocations=8 (full 0):
 garbage-first heap   total 229376K, used 44032K [0x0000000080000000, 0x0000000100000000)
  region size 1024K, 17 young (17408K), 17 survivors (17408K)
 Metaspace       used 53398K, capacity 54708K, committed 55040K, reserved 1097728K
  class space    used 6838K, capacity 7343K, committed 7424K, reserved 1048576K
}
Event: 13.674 GC heap before
{Heap before GC invocations=8 (full 0):
 garbage-first heap   total 229376K, used 75776K [0x0000000080000000, 0x0000000100000000)
  region size 1024K, 49 young (50176K), 17 survivors (17408K)
 Metaspace       used 58494K, capacity 59876K, committed 59904K, reserved 1101824K
  class space    used 7410K, capacity 7930K, committed 7936K, reserved 1048576K
}
Event: 13.715 GC heap after
{Heap after GC invocations=9 (full 0):
 garbage-first heap   total 229376K, used 46798K [0x0000000080000000, 0x0000000100000000)
  region size 1024K, 3 young (3072K), 3 survivors (3072K)
 Metaspace       used 58494K, capacity 59876K, committed 59904K, reserved 1101824K
  class space    used 7410K, capacity 7930K, committed 7936K, reserved 1048576K
}
Event: 15.812 GC heap before
{Heap before GC invocations=10 (full 0):
 garbage-first heap   total 229376K, used 159438K [0x0000000080000000, 0x0000000100000000)
  region size 1024K, 113 young (115712K), 3 survivors (3072K)
 Metaspace       used 66484K, capacity 68127K, committed 68344K, reserved 1107968K
  class space    used 8465K, capacity 9089K, committed 9208K, reserved 1048576K
}
Event: 15.824 GC heap after
{Heap after GC invocations=11 (full 0):
 garbage-first heap   total 275456K, used 53966K [0x0000000080000000, 0x0000000100000000)
  region size 1024K, 10 young (10240K), 10 survivors (10240K)
 Metaspace       used 66484K, capacity 68127K, committed 68344K, reserved 1107968K
  class space    used 8465K, capacity 9089K, committed 9208K, reserved 1048576K
}
Event: 18.176 GC heap before
{Heap before GC invocations=11 (full 0):
 garbage-first heap   total 275456K, used 190158K [0x0000000080000000, 0x0000000100000000)
  region size 1024K, 143 young (146432K), 10 survivors (10240K)
 Metaspace       used 80579K, capacity 82375K, committed 82680K, reserved 1120256K
  class space    used 10498K, capacity 11194K, committed 11256K, reserved 1048576K
}
Event: 18.201 GC heap after
{Heap after GC invocations=12 (full 0):
 garbage-first heap   total 275456K, used 63743K [0x0000000080000000, 0x0000000100000000)
  region size 1024K, 18 young (18432K), 18 survivors (18432K)
 Metaspace       used 80579K, capacity 82375K, committed 82680K, reserved 1120256K
  class space    used 10498K, capacity 11194K, committed 11256K, reserved 1048576K
}
Event: 19.819 GC heap before
{Heap before GC invocations=12 (full 0):
 garbage-first heap   total 275456K, used 198911K [0x0000000080000000, 0x0000000100000000)
  region size 1024K, 151 young (154624K), 18 survivors (18432K)
 Metaspace       used 85832K, capacity 88069K, committed 88312K, reserved 1126400K
  class space    used 11140K, capacity 11982K, committed 12024K, reserved 1048576K
}
Event: 19.843 GC heap after
{Heap after GC invocations=13 (full 0):
 garbage-first heap   total 275456K, used 74294K [0x0000000080000000, 0x0000000100000000)
  region size 1024K, 11 young (11264K), 11 survivors (11264K)
 Metaspace       used 85832K, capacity 88069K, committed 88312K, reserved 1126400K
  class space    used 11140K, capacity 11982K, committed 12024K, reserved 1048576K
}
Event: 20.647 GC heap before
{Heap before GC invocations=13 (full 0):
 garbage-first heap   total 275456K, used 211510K [0x0000000080000000, 0x0000000100000000)
  region size 1024K, 141 young (144384K), 11 survivors (11264K)
 Metaspace       used 91722K, capacity 94005K, committed 94200K, reserved 1130496K
  class space    used 11872K, capacity 12722K, committed 12792K, reserved 1048576K
}
Event: 20.670 GC heap after
{Heap after GC invocations=14 (full 0):
 garbage-first heap   total 275456K, used 90090K [0x0000000080000000, 0x0000000100000000)
  region size 1024K, 11 young (11264K), 11 survivors (11264K)
 Metaspace       used 91722K, capacity 94005K, committed 94200K, reserved 1130496K
  class space    used 11872K, capacity 12722K, committed 12792K, reserved 1048576K
}
Event: 21.650 GC heap before
{Heap before GC invocations=14 (full 0):
 garbage-first heap   total 275456K, used 224234K [0x0000000080000000, 0x0000000100000000)
  region size 1024K, 130 young (133120K), 11 survivors (11264K)
 Metaspace       used 97175K, capacity 99654K, committed 99832K, reserved 1134592K
  class space    used 12758K, capacity 13712K, committed 13816K, reserved 1048576K
}

Deoptimization events (20 events):
Event: 21.576 Thread 0x000001f889654000 DEOPT PACKING pc=0x000001f8eca2d5b6 sp=0x000000274eafeb20
Event: 21.576 Thread 0x000001f889654000 DEOPT UNPACKING pc=0x000001f8eacda95e sp=0x000000274eafdf98 mode 0
Event: 21.586 Thread 0x000001f889651800 DEOPT PACKING pc=0x000001f8eca2d5b6 sp=0x000000274ecfeac0
Event: 21.586 Thread 0x000001f889651800 DEOPT UNPACKING pc=0x000001f8eacda95e sp=0x000000274ecfdf38 mode 0
Event: 21.592 Thread 0x000001f889654000 DEOPT PACKING pc=0x000001f8eca2d5b6 sp=0x000000274eafe380
Event: 21.592 Thread 0x000001f889654000 DEOPT UNPACKING pc=0x000001f8eacda95e sp=0x000000274eafd7f8 mode 0
Event: 21.597 Thread 0x000001f889651800 DEOPT PACKING pc=0x000001f8eca2d5b6 sp=0x000000274ecfe320
Event: 21.597 Thread 0x000001f889651800 DEOPT UNPACKING pc=0x000001f8eacda95e sp=0x000000274ecfd798 mode 0
Event: 21.605 Thread 0x000001f889653800 DEOPT PACKING pc=0x000001f8eca2d5b6 sp=0x000000274e9fe820
Event: 21.605 Thread 0x000001f889653800 DEOPT UNPACKING pc=0x000001f8eacda95e sp=0x000000274e9fdc98 mode 0
Event: 21.612 Thread 0x000001f889653800 DEOPT PACKING pc=0x000001f8eca2c8db sp=0x000000274e9fe6f0
Event: 21.612 Thread 0x000001f889653800 DEOPT UNPACKING pc=0x000001f8eacda95e sp=0x000000274e9fdc48 mode 0
Event: 21.616 Thread 0x000001f889651800 DEOPT PACKING pc=0x000001f8eca2d5b6 sp=0x000000274ecfe320
Event: 21.616 Thread 0x000001f889651800 DEOPT UNPACKING pc=0x000001f8eacda95e sp=0x000000274ecfd798 mode 0
Event: 21.625 Thread 0x000001f889653800 DEOPT PACKING pc=0x000001f8eca2d5b6 sp=0x000000274e9fe080
Event: 21.625 Thread 0x000001f889653800 DEOPT UNPACKING pc=0x000001f8eacda95e sp=0x000000274e9fd4f8 mode 0
Event: 21.632 Thread 0x000001f889653800 DEOPT PACKING pc=0x000001f8eca2d5b6 sp=0x000000274e9fe080
Event: 21.632 Thread 0x000001f889653800 DEOPT UNPACKING pc=0x000001f8eacda95e sp=0x000000274e9fd4f8 mode 0
Event: 21.644 Thread 0x000001f889654000 DEOPT PACKING pc=0x000001f8eca2d5b6 sp=0x000000274eafeb20
Event: 21.644 Thread 0x000001f889654000 DEOPT UNPACKING pc=0x000001f8eacda95e sp=0x000000274eafdf98 mode 0

Classes redefined (0 events):
No events

Internal exceptions (20 events):
Event: 19.922 Thread 0x000001f88964d800 Exception <a 'sun/nio/fs/WindowsException'{0x000000008ff07ba8}> (0x000000008ff07ba8) thrown at [./src/hotspot/share/prims/jni.cpp, line 615]
Event: 19.922 Thread 0x000001f88964d800 Exception <a 'sun/nio/fs/WindowsException'{0x000000008ff07e98}> (0x000000008ff07e98) thrown at [./src/hotspot/share/prims/jni.cpp, line 615]
Event: 20.427 Thread 0x000001f88964d800 Exception <a 'java/lang/NoSuchMethodError'{0x000000008ac9ca70}: 'java.lang.Object java.lang.invoke.DirectMethodHandle$Holder.invokeVirtual(java.lang.Object, java.lang.Object, int)'> (0x000000008ac9ca70) thrown at [./src/hotspot/share/interpreter/linkResolver.cpp, line 773]
Event: 20.569 Thread 0x000001f88964e800 Exception <a 'sun/nio/fs/WindowsException'{0x000000008972b8e8}> (0x000000008972b8e8) thrown at [./src/hotspot/share/prims/jni.cpp, line 615]
Event: 20.807 Thread 0x000001f889648000 Exception <a 'java/lang/NoSuchMethodError'{0x00000000900a3928}: 'void java.lang.invoke.DirectMethodHandle$Holder.invokeStatic(java.lang.Object, long)'> (0x00000000900a3928) thrown at [./src/hotspot/share/interpreter/linkResolver.cpp, line 773]
Event: 20.807 Thread 0x000001f889648000 Exception <a 'java/lang/NoSuchMethodError'{0x00000000900a8b40}: 'java.lang.Object java.lang.invoke.DirectMethodHandle$Holder.invokeStatic(java.lang.Object, long)'> (0x00000000900a8b40) thrown at [./src/hotspot/share/interpreter/linkResolver.cpp, line 773]
Event: 20.810 Thread 0x000001f889648000 Exception <a 'java/lang/NoSuchMethodError'{0x00000000900b6dd8}: 'java.lang.Object java.lang.invoke.DirectMethodHandle$Holder.invokeStaticInit(java.lang.Object, java.lang.Object, long, java.lang.Object)'> (0x00000000900b6dd8) thrown at [./src/hotspot/share/interpreter/linkResolver.cpp, line 773]
Event: 20.810 Thread 0x000001f889648000 Exception <a 'java/lang/NoSuchMethodError'{0x00000000900bcf70}: 'java.lang.Object java.lang.invoke.DirectMethodHandle$Holder.invokeStatic(java.lang.Object, java.lang.Object, long)'> (0x00000000900bcf70) thrown at [./src/hotspot/share/interpreter/linkResolver.cpp, line 773]
Event: 20.811 Thread 0x000001f889648000 Exception <a 'java/lang/NoSuchMethodError'{0x00000000900c34e8}: 'java.lang.Object java.lang.invoke.Invokers$Holder.linkToTargetMethod(java.lang.Object, long, java.lang.Object)'> (0x00000000900c34e8) thrown at [./src/hotspot/share/interpreter/linkResolver.cpp, line 773]
Event: 20.916 Thread 0x000001f88964e800 Exception <a 'java/lang/NoSuchMethodError'{0x000000008f53ca28}: 'java.lang.Object java.lang.invoke.DirectMethodHandle$Holder.invokeStaticInit(java.lang.Object, java.lang.Object, java.lang.Object, java.lang.Object, java.lang.Object, java.lang.Object, java.lang.Object, java.lang.Object, java.lang.Object, java.lang.Object, java.lang.Object, java.lang.Object, java.lang.Object, java.lang.Object, java.lang.Object, java.lang.Object, java.lang.Object, java.lang.Object, int, java.lang.Object, java.lang.Object)'> (0
Event: 20.922 Thread 0x000001f889648000 Exception <a 'java/lang/NoSuchMethodError'{0x000000008f789430}: 'int java.lang.invoke.DirectMethodHandle$Holder.invokeSpecialIFC(java.lang.Object, java.lang.Object, java.lang.Object)'> (0x000000008f789430) thrown at [./src/hotspot/share/interpreter/linkResolver.cpp, line 773]
Event: 20.995 Thread 0x000001f889646000 Exception <a 'java/lang/NoSuchMethodError'{0x000000008e9b3c70}: 'java.lang.Object java.lang.invoke.DirectMethodHandle$Holder.newInvokeSpecial(java.lang.Object, java.lang.Object, java.lang.Object, java.lang.Object)'> (0x000000008e9b3c70) thrown at [./src/hotspot/share/interpreter/linkResolver.cpp, line 773]
Event: 21.265 Thread 0x000001f889650000 Exception <a 'java/lang/IncompatibleClassChangeError'{0x000000008cf2e2a0}: Found class java.lang.Object, but interface was expected> (0x000000008cf2e2a0) thrown at [./src/hotspot/share/interpreter/linkResolver.cpp, line 839]
Event: 21.265 Thread 0x000001f888fc5000 Exception <a 'java/lang/IncompatibleClassChangeError'{0x000000008cf3f038}: Found class java.lang.Object, but interface was expected> (0x000000008cf3f038) thrown at [./src/hotspot/share/interpreter/linkResolver.cpp, line 839]
Event: 21.296 Thread 0x000001f889654000 Exception <a 'java/lang/NoSuchMethodError'{0x000000008cef2d58}: 'java.lang.Object java.lang.invoke.DirectMethodHandle$Holder.newInvokeSpecial(java.lang.Object, int)'> (0x000000008cef2d58) thrown at [./src/hotspot/share/interpreter/linkResolver.cpp, line 773]
Event: 21.372 Thread 0x000001f889654000 Exception <a 'java/lang/IncompatibleClassChangeError'{0x000000008cd330c0}: Found class java.lang.Object, but interface was expected> (0x000000008cd330c0) thrown at [./src/hotspot/share/interpreter/linkResolver.cpp, line 839]
Event: 21.372 Thread 0x000001f889653800 Exception <a 'java/lang/IncompatibleClassChangeError'{0x000000008ca47008}: Found class java.lang.Object, but interface was expected> (0x000000008ca47008) thrown at [./src/hotspot/share/interpreter/linkResolver.cpp, line 839]
Event: 21.372 Thread 0x000001f889653800 Exception <a 'java/lang/IncompatibleClassChangeError'{0x000000008ca4c990}: Found class java.lang.Object, but interface was expected> (0x000000008ca4c990) thrown at [./src/hotspot/share/interpreter/linkResolver.cpp, line 839]
Event: 21.372 Thread 0x000001f889650000 Exception <a 'java/lang/IncompatibleClassChangeError'{0x000000008ca34a88}: Found class java.lang.Object, but interface was expected> (0x000000008ca34a88) thrown at [./src/hotspot/share/interpreter/linkResolver.cpp, line 839]
Event: 21.372 Thread 0x000001f888fc6800 Exception <a 'java/lang/IncompatibleClassChangeError'{0x000000008ca429d0}: Found class java.lang.Object, but interface was expected> (0x000000008ca429d0) thrown at [./src/hotspot/share/interpreter/linkResolver.cpp, line 839]

Events (20 events):
Event: 21.399 loading class com/android/tools/r8/internal/UG done
Event: 21.400 loading class com/android/tools/r8/internal/RH
Event: 21.400 loading class com/android/tools/r8/internal/RH done
Event: 21.401 loading class com/android/tools/r8/internal/ZG
Event: 21.401 loading class com/android/tools/r8/internal/ZG done
Event: 21.410 loading class com/android/tools/r8/graph/W0
Event: 21.410 loading class com/android/tools/r8/graph/W0 done
Event: 21.411 loading class com/android/tools/r8/graph/N2
Event: 21.411 loading class com/android/tools/r8/graph/N2 done
Event: 21.411 loading class com/android/tools/r8/graph/N2
Event: 21.411 loading class com/android/tools/r8/graph/N2 done
Event: 21.411 loading class com/android/tools/r8/graph/N2
Event: 21.411 loading class com/android/tools/r8/graph/N2 done
Event: 21.411 loading class com/android/tools/r8/internal/XG
Event: 21.411 loading class com/android/tools/r8/internal/XG done
Event: 21.411 loading class com/android/tools/r8/internal/cH
Event: 21.411 loading class com/android/tools/r8/internal/cH done
Event: 21.415 loading class com/android/tools/r8/internal/Dj
Event: 21.415 loading class com/android/tools/r8/internal/Dj done
Event: 21.650 Executing VM operation: G1CollectForAllocation


Dynamic libraries:
0x00007ff7bc570000 - 0x00007ff7bc57a000 	C:\Program Files\Android\Android Studio\jre\bin\java.exe
0x00007ff8f8b10000 - 0x00007ff8f8cfd000 	C:\Windows\SYSTEM32\ntdll.dll
0x00007ff8f84f0000 - 0x00007ff8f85a3000 	C:\Windows\System32\KERNEL32.DLL
0x00007ff8f5810000 - 0x00007ff8f5aa5000 	C:\Windows\System32\KERNELBASE.dll
0x00007ff8f5710000 - 0x00007ff8f580a000 	C:\Windows\System32\ucrtbase.dll
0x00007ff8e1170000 - 0x00007ff8e1187000 	C:\Program Files\Android\Android Studio\jre\bin\VCRUNTIME140.dll
0x00007ff8e1150000 - 0x00007ff8e1169000 	C:\Program Files\Android\Android Studio\jre\bin\jli.dll
0x00007ff8f5d60000 - 0x00007ff8f5ef7000 	C:\Windows\System32\USER32.dll
0x00007ff8f54a0000 - 0x00007ff8f54c0000 	C:\Windows\System32\win32u.dll
0x00007ff8e3210000 - 0x00007ff8e3489000 	C:\Windows\WinSxS\amd64_microsoft.windows.common-controls_6595b64144ccf1df_6.0.17763.1577_none_de7444545348a3d0\COMCTL32.dll
0x00007ff8f88e0000 - 0x00007ff8f897e000 	C:\Windows\System32\msvcrt.dll
0x00007ff8f8a30000 - 0x00007ff8f8a59000 	C:\Windows\System32\GDI32.dll
0x00007ff8f85b0000 - 0x00007ff8f88dd000 	C:\Windows\System32\combase.dll
0x00007ff8f5b10000 - 0x00007ff8f5cac000 	C:\Windows\System32\gdi32full.dll
0x00007ff8f7fa0000 - 0x00007ff8f80c2000 	C:\Windows\System32\RPCRT4.dll
0x00007ff8f5400000 - 0x00007ff8f54a0000 	C:\Windows\System32\msvcp_win.dll
0x00007ff8f5380000 - 0x00007ff8f53fe000 	C:\Windows\System32\bcryptPrimitives.dll
0x00007ff8f7f60000 - 0x00007ff8f7f8e000 	C:\Windows\System32\IMM32.DLL
0x00007ff8afcb0000 - 0x00007ff8afd4d000 	C:\Program Files\Android\Android Studio\jre\bin\msvcp140.dll
0x00007ff8b4520000 - 0x00007ff8b5005000 	C:\Program Files\Android\Android Studio\jre\bin\server\jvm.dll
0x00007ff8f8980000 - 0x00007ff8f8a23000 	C:\Windows\System32\ADVAPI32.dll
0x00007ff8f6170000 - 0x00007ff8f620e000 	C:\Windows\System32\sechost.dll
0x00007ff8f7f90000 - 0x00007ff8f7f98000 	C:\Windows\System32\PSAPI.DLL
0x00007ff8e5650000 - 0x00007ff8e5659000 	C:\Windows\SYSTEM32\WSOCK32.dll
0x00007ff8f81d0000 - 0x00007ff8f823d000 	C:\Windows\System32\WS2_32.dll
0x00007ff8efea0000 - 0x00007ff8efeaa000 	C:\Windows\SYSTEM32\VERSION.dll
0x00007ff8f2b90000 - 0x00007ff8f2bb4000 	C:\Windows\SYSTEM32\WINMM.dll
0x00007ff8f2b60000 - 0x00007ff8f2b8d000 	C:\Windows\SYSTEM32\winmmbase.dll
0x00007ff8f54c0000 - 0x00007ff8f550a000 	C:\Windows\System32\cfgmgr32.dll
0x00007ff8f4bb0000 - 0x00007ff8f4bc1000 	C:\Windows\System32\kernel.appcore.dll
0x00007ff8b44e0000 - 0x00007ff8b44f1000 	C:\Program Files\Android\Android Studio\jre\bin\verify.dll
0x00007ff8ebb50000 - 0x00007ff8ebd3d000 	C:\Windows\SYSTEM32\DBGHELP.DLL
0x00007ff8dade0000 - 0x00007ff8dae0a000 	C:\Windows\SYSTEM32\dbgcore.DLL
0x00007ff8b44b0000 - 0x00007ff8b44d9000 	C:\Program Files\Android\Android Studio\jre\bin\java.dll
0x00007ff8df180000 - 0x00007ff8df18b000 	C:\Program Files\Android\Android Studio\jre\bin\jimage.dll
0x00007ff8b4490000 - 0x00007ff8b44a8000 	C:\Program Files\Android\Android Studio\jre\bin\zip.dll
0x00007ff8f6a00000 - 0x00007ff8f7ef9000 	C:\Windows\System32\SHELL32.dll
0x00007ff8f60c0000 - 0x00007ff8f6168000 	C:\Windows\System32\shcore.dll
0x00007ff8f4bf0000 - 0x00007ff8f5343000 	C:\Windows\System32\windows.storage.dll
0x00007ff8f4b80000 - 0x00007ff8f4ba4000 	C:\Windows\System32\profapi.dll
0x00007ff8f4b20000 - 0x00007ff8f4b7d000 	C:\Windows\System32\powrprof.dll
0x00007ff8f8490000 - 0x00007ff8f84e2000 	C:\Windows\System32\shlwapi.dll
0x00007ff8f56f0000 - 0x00007ff8f5707000 	C:\Windows\System32\cryptsp.dll
0x00007ff8b4470000 - 0x00007ff8b448a000 	C:\Program Files\Android\Android Studio\jre\bin\net.dll
0x00007ff8e8530000 - 0x00007ff8e8624000 	C:\Windows\SYSTEM32\WINHTTP.dll
0x00007ff8f4330000 - 0x00007ff8f4397000 	C:\Windows\system32\mswsock.dll
0x00007ff8b4450000 - 0x00007ff8b4464000 	C:\Program Files\Android\Android Studio\jre\bin\nio.dll
0x00007ff8b6930000 - 0x00007ff8b6957000 	C:\Users\Doc\.gradle\native\e1d6ef7f7dcc3fd88c89a11ec53ec762bb8ba0a96d01ffa2cd45eb1d1d8dd5c5\windows-amd64\native-platform.dll
0x00007ff8a47f0000 - 0x00007ff8a4934000 	C:\Users\Doc\.gradle\native\5664cfc778a61ccfe75a443a1ab52a65af34e5dc3c78e0209fed803814484fcb\windows-amd64\native-platform-file-events.dll
0x00007ff8defe0000 - 0x00007ff8defea000 	C:\Program Files\Android\Android Studio\jre\bin\management.dll
0x00007ff8de630000 - 0x00007ff8de63d000 	C:\Program Files\Android\Android Studio\jre\bin\management_ext.dll
0x00007ff8f3eb0000 - 0x00007ff8f3ee3000 	C:\Windows\system32\rsaenh.dll
0x00007ff8f5350000 - 0x00007ff8f5376000 	C:\Windows\System32\bcrypt.dll
0x00007ff8f4a20000 - 0x00007ff8f4a49000 	C:\Windows\SYSTEM32\USERENV.dll
0x00007ff8f4500000 - 0x00007ff8f450c000 	C:\Windows\SYSTEM32\CRYPTBASE.dll
0x00007ff8f4050000 - 0x00007ff8f408d000 	C:\Windows\SYSTEM32\IPHLPAPI.DLL
0x00007ff8f60b0000 - 0x00007ff8f60b8000 	C:\Windows\System32\NSI.dll
0x00007ff8eaac0000 - 0x00007ff8eaad6000 	C:\Windows\SYSTEM32\dhcpcsvc6.DLL
0x00007ff8eb080000 - 0x00007ff8eb09c000 	C:\Windows\SYSTEM32\dhcpcsvc.DLL
0x00007ff8f4090000 - 0x00007ff8f4156000 	C:\Windows\SYSTEM32\DNSAPI.dll

dbghelp: loaded successfully - version: 4.0.5 - missing functions: none
symbol engine: initialized successfully - sym options: 0x614 - pdb path: .;C:\Program Files\Android\Android Studio\jre\bin;C:\Windows\SYSTEM32;C:\Windows\WinSxS\amd64_microsoft.windows.common-controls_6595b64144ccf1df_6.0.17763.1577_none_de7444545348a3d0;C:\Program Files\Android\Android Studio\jre\bin\server;C:\Users\Doc\.gradle\native\e1d6ef7f7dcc3fd88c89a11ec53ec762bb8ba0a96d01ffa2cd45eb1d1d8dd5c5\windows-amd64;C:\Users\Doc\.gradle\native\5664cfc778a61ccfe75a443a1ab52a65af34e5dc3c78e0209fed803814484fcb\windows-amd64

VM Arguments:
jvm_args: --add-opens=java.base/java.util=ALL-UNNAMED --add-opens=java.base/java.lang=ALL-UNNAMED --add-opens=java.base/java.lang.invoke=ALL-UNNAMED --add-opens=java.base/java.util=ALL-UNNAMED --add-opens=java.prefs/java.util.prefs=ALL-UNNAMED --add-opens=java.prefs/java.util.prefs=ALL-UNNAMED --add-opens=java.base/java.nio.charset=ALL-UNNAMED --add-opens=java.base/java.net=ALL-UNNAMED --add-opens=java.base/java.util.concurrent.atomic=ALL-UNNAMED -Xmx2048m -Dfile.encoding=UTF-8 -Duser.country=RU -Duser.language=ru -Duser.variant 
java_command: org.gradle.launcher.daemon.bootstrap.GradleDaemon 7.3.3
java_class_path (initial): C:\Users\Doc\.gradle\wrapper\dists\gradle-7.3.3-bin\6a41zxkdtcxs8rphpq6y0069z\gradle-7.3.3\lib\gradle-launcher-7.3.3.jar
Launcher Type: SUN_STANDARD

[Global flags]
     intx CICompilerCount                          = 4                                         {product} {ergonomic}
     uint ConcGCThreads                            = 2                                         {product} {ergonomic}
     uint G1ConcRefinementThreads                  = 8                                         {product} {ergonomic}
   size_t G1HeapRegionSize                         = 1048576                                   {product} {ergonomic}
    uintx GCDrainStackTargetSize                   = 64                                        {product} {ergonomic}
   size_t InitialHeapSize                          = 234881024                                 {product} {ergonomic}
   size_t MarkStackSize                            = 4194304                                   {product} {ergonomic}
   size_t MaxHeapSize                              = 2147483648                                {product} {command line}
   size_t MaxNewSize                               = 1287651328                                {product} {ergonomic}
   size_t MinHeapDeltaBytes                        = 1048576                                   {product} {ergonomic}
    uintx NonNMethodCodeHeapSize                   = 5836300                                {pd product} {ergonomic}
    uintx NonProfiledCodeHeapSize                  = 122910970                              {pd product} {ergonomic}
    uintx ProfiledCodeHeapSize                     = 122910970                              {pd product} {ergonomic}
    uintx ReservedCodeCacheSize                    = 251658240                              {pd product} {ergonomic}
     bool SegmentedCodeCache                       = true                                      {product} {ergonomic}
     bool UseCompressedClassPointers               = true                                 {lp64_product} {ergonomic}
     bool UseCompressedOops                        = true                                 {lp64_product} {ergonomic}
     bool UseG1GC                                  = true                                      {product} {ergonomic}
     bool UseLargePagesIndividualAllocation        = false                                  {pd product} {ergonomic}

Logging:
Log output configuration:
 #0: stdout all=warning uptime,level,tags
 #1: stderr all=off uptime,level,tags

Environment Variables:
PATH=C:\Program Files (x86)\Common Files\Oracle\Java\javapath;C:\Program Files\Microsoft\jdk-11.0.12.7-hotspot\bin;C:\Windows\system32;C:\Windows;C:\Windows\System32\Wbem;C:\Windows\System32\WindowsPowerShell\v1.0\;C:\Program Files (x86)\NVIDIA Corporation\PhysX\Common;C:\Program Files\Git\cmd;C:\Users\Doc\AppData\Local\Microsoft\WindowsApps;;C:\Users\Doc\AppData\Local\Programs\Microsoft VS Code\bin
USERNAME=Doc
OS=Windows_NT
PROCESSOR_IDENTIFIER=AMD64 Family 23 Model 24 Stepping 1, AuthenticAMD



---------------  S Y S T E M  ---------------

OS: Windows 10 , 64 bit Build 17763 (10.0.17763.475)
OS uptime: 0 days 1:54 hours

CPU:total 8 (initial active 8) (8 cores per cpu, 2 threads per core) family 23 model 24 stepping 1 microcode 0x0, cmov, cx8, fxsr, mmx, sse, sse2, sse3, ssse3, sse4.1, sse4.2, popcnt, avx, avx2, aes, clmul, mmxext, 3dnowpref, lzcnt, sse4a, ht, tsc, tscinvbit, tscinv, bmi1, bmi2, adx, sha, fma

Memory: 4k page, system-wide physical 14283M (3468M free)
TotalPageFile size 14283M (AvailPageFile size 2M)
current process WorkingSet (physical memory assigned to process): 573M, peak: 573M
current process commit charge ("private bytes"): 617M, peak: 617M

vm_info: OpenJDK 64-Bit Server VM (11.0.12+7-b1504.28-7817840) for windows-amd64 JRE (11.0.12+7-b1504.28-7817840), built on Oct 13 2021 22:12:33 by "builder" with MS VC++ 14.0 (VS2015)

END.
