#
# There is insufficient memory for the Java Runtime Environment to continue.
# Native memory allocation (malloc) failed to allocate 1263856 bytes for Chunk::new
# Possible reasons:
#   The system is out of physical RAM or swap space
#   The process is running with CompressedOops enabled, and the Java Heap may be blocking the growth of the native heap
# Possible solutions:
#   Reduce memory load on the system
#   Increase physical memory or swap space
#   Check if swap backing store is full
#   Decrease Java heap size (-Xmx/-Xms)
#   Decrease number of Java threads
#   Decrease Java thread stack sizes (-Xss)
#   Set larger code cache with -XX:ReservedCodeCacheSize=
#   JVM is running with Unscaled Compressed Oops mode in which the Java heap is
#     placed in the first 4GB address space. The Java Heap base address is the
#     maximum limit for the native heap growth. Please use -XX:HeapBaseMinAddress
#     to set the Java Heap base and to place the Java Heap above 4GB virtual address.
# This output file may be truncated or incomplete.
#
#  Out of Memory Error (./src/hotspot/share/memory/arena.cpp:197), pid=2388, tid=6276
#
# JRE version: OpenJDK Runtime Environment (11.0.12+7) (build 11.0.12+7-b1504.28-7817840)
# Java VM: OpenJDK 64-Bit Server VM (11.0.12+7-b1504.28-7817840, mixed mode, tiered, compressed oops, g1 gc, windows-amd64)
# No core dump will be written. Minidumps are not enabled by default on client versions of Windows
#

---------------  S U M M A R Y ------------

Command Line: --add-opens=java.base/java.util=ALL-UNNAMED --add-opens=java.base/java.lang=ALL-UNNAMED --add-opens=java.base/java.lang.invoke=ALL-UNNAMED --add-opens=java.base/java.util=ALL-UNNAMED --add-opens=java.prefs/java.util.prefs=ALL-UNNAMED --add-opens=java.prefs/java.util.prefs=ALL-UNNAMED --add-opens=java.base/java.nio.charset=ALL-UNNAMED --add-opens=java.base/java.net=ALL-UNNAMED --add-opens=java.base/java.util.concurrent.atomic=ALL-UNNAMED -Xmx2048m -Dfile.encoding=UTF-8 -Duser.country=RU -Duser.language=ru -Duser.variant org.gradle.launcher.daemon.bootstrap.GradleDaemon 7.3.3

Host: AMD Ryzen 7 3700U with Radeon Vega Mobile Gfx  , 8 cores, 13G,  Windows 10 , 64 bit Build 17763 (10.0.17763.475)
Time: Tue Jun 28 20:01:41 2022 RTZ 2 (ceia) elapsed time: 21.239472 seconds (0d 0h 0m 21s)

---------------  T H R E A D  ---------------

Current thread (0x0000028cfd716000):  JavaThread "C2 CompilerThread2" daemon [_thread_in_native, id=6276, stack(0x0000009e00a00000,0x0000009e00b00000)]


Current CompileTask:
C2:  21239 10888 %     4       com.android.tools.r8.dex.j::e @ 90 (664 bytes)

Stack: [0x0000009e00a00000,0x0000009e00b00000]
Native frames: (J=compiled Java code, j=interpreted, Vv=VM code, C=native code)
V  [jvm.dll+0x5fbcea]
V  [jvm.dll+0x731905]
V  [jvm.dll+0x732f1d]
V  [jvm.dll+0x7335d3]
V  [jvm.dll+0x247bf8]
V  [jvm.dll+0xc018c]
V  [jvm.dll+0xc06cc]
V  [jvm.dll+0x35b2db]
V  [jvm.dll+0x19cebc]
V  [jvm.dll+0x20070e]
V  [jvm.dll+0x1ff794]
V  [jvm.dll+0x18868c]
V  [jvm.dll+0x20e0d7]
V  [jvm.dll+0x20c901]
V  [jvm.dll+0x6f9b7f]
V  [jvm.dll+0x6f26a5]
V  [jvm.dll+0x5fabf6]
C  [ucrtbase.dll+0x2268a]
C  [KERNEL32.DLL+0x17974]
C  [ntdll.dll+0x5a0b1]


---------------  P R O C E S S  ---------------

Threads class SMR info:
_java_thread_list=0x0000028c97463540, length=150, elements={
0x0000028cecddd800, 0x0000028cfab67000, 0x0000028cfab74800, 0x0000028cfab88000,
0x0000028cfab89000, 0x0000028cfab8e000, 0x0000028cfabf4800, 0x0000028cfac00800,
0x0000028cfac04000, 0x0000028cfad64800, 0x0000028cfe016800, 0x0000028cfd207800,
0x0000028cfc68d800, 0x0000028cfc3be800, 0x0000028cfc31f000, 0x0000028cfd9d5000,
0x0000028cfda49000, 0x0000028cfe00c000, 0x0000028cfdc38000, 0x0000028cfdffe800,
0x0000028cfe001000, 0x0000028cfe002800, 0x0000028cfdfff800, 0x0000028cfe000000,
0x0000028cfe002000, 0x0000028cfdffd000, 0x0000028cfdffd800, 0x0000028cfe003800,
0x0000028cfd4f6800, 0x0000028cfd4fa800, 0x0000028cfaf3e800, 0x0000028cfd4f8000,
0x0000028cfd4f9000, 0x0000028cfd4fa000, 0x0000028cfd4f5000, 0x0000028cfd4fb800,
0x0000028cfd4fd000, 0x0000028cfd502000, 0x0000028cfd4fe000, 0x0000028cfd4ff800,
0x0000028cfd500800, 0x0000028cfd4fc000, 0x0000028cfd502800, 0x0000028cfd503800,
0x0000028c91823000, 0x0000028c9181d000, 0x0000028c9181f000, 0x0000028c9181e000,
0x0000028c91823800, 0x0000028c91824800, 0x0000028c91821000, 0x0000028c91825800,
0x0000028c9181f800, 0x0000028c91826000, 0x0000028c91820800, 0x0000028c91822000,
0x0000028c91827000, 0x0000028c91829800, 0x0000028c91828800, 0x0000028c9182b000,
0x0000028c91828000, 0x0000028c9182a000, 0x0000028c9182c000, 0x0000028cfd010800,
0x0000028cfd016000, 0x0000028cfd013800, 0x0000028cfd017000, 0x0000028cfd011000,
0x0000028cfd012000, 0x0000028cfd014800, 0x0000028cfd017800, 0x0000028cfd018800,
0x0000028cfd013000, 0x0000028cfd01a000, 0x0000028cfd019800, 0x0000028cfd01b000,
0x0000028cfd015800, 0x0000028cfd01e800, 0x0000028cfd01c000, 0x0000028cfd01c800,
0x0000028cfd01d800, 0x0000028cfd01f000, 0x0000028c8fbfd800, 0x0000028c8fbfa800,
0x0000028c8fbfb000, 0x0000028c8fbfc000, 0x0000028c8fbfd000, 0x0000028c8fbf8000,
0x0000028c8fbfe800, 0x0000028c8fbf8800, 0x0000028c8fbff000, 0x0000028c8fbf9800,
0x0000028c8fc01000, 0x0000028c8fc03800, 0x0000028c8fc04000, 0x0000028c8fc05000,
0x0000028c8fc05800, 0x0000028c8fc00000, 0x0000028c8fc01800, 0x0000028c8fc06800,
0x0000028c8fc02800, 0x0000028cfbfce000, 0x0000028cfbfcc800, 0x0000028cfbfcd800,
0x0000028cfbfca000, 0x0000028cfbfcf000, 0x0000028cfbfc9000, 0x0000028cfbfd0800,
0x0000028cfbfcb000, 0x0000028cfbfcf800, 0x0000028cfbfd1800, 0x0000028cfbfcb800,
0x0000028cfbfd8000, 0x0000028cfbfd3000, 0x0000028cfbfd4000, 0x0000028cfbfd7000,
0x0000028cfbfd2000, 0x0000028cfbfd4800, 0x0000028cfbfd5800, 0x0000028cfbfd6800,
0x0000028cfd714000, 0x0000028cfd715000, 0x0000028cfd716000, 0x0000028cfd716800,
0x0000028cfd717800, 0x0000028cfd713800, 0x0000028cfd718800, 0x0000028cfd712800,
0x0000028cfd71b800, 0x0000028cfd71c800, 0x0000028cfd71e000, 0x0000028cfd71f000,
0x0000028cfd71d000, 0x0000028cfd71b000, 0x0000028cfd719000, 0x0000028cfd71f800,
0x0000028cfd71a000, 0x0000028cfd720800, 0x0000028cfd4fe800, 0x0000028c8f690000,
0x0000028c8f68b000, 0x0000028c8f68c800, 0x0000028c8f68f000, 0x0000028c8f68a800,
0x0000028c8f691800, 0x0000028c8f68c000, 0x0000028c8f693800, 0x0000028c8f691000,
0x0000028c8f692800, 0x0000028c8f68d800
}

Java Threads: ( => current thread )
  0x0000028cecddd800 JavaThread "main" [_thread_blocked, id=1244, stack(0x0000009e78000000,0x0000009e78100000)]
  0x0000028cfab67000 JavaThread "Reference Handler" daemon [_thread_blocked, id=8484, stack(0x0000009e78700000,0x0000009e78800000)]
  0x0000028cfab74800 JavaThread "Finalizer" daemon [_thread_blocked, id=8612, stack(0x0000009e78800000,0x0000009e78900000)]
  0x0000028cfab88000 JavaThread "Signal Dispatcher" daemon [_thread_blocked, id=8892, stack(0x0000009e78900000,0x0000009e78a00000)]
  0x0000028cfab89000 JavaThread "Attach Listener" daemon [_thread_blocked, id=5852, stack(0x0000009e78a00000,0x0000009e78b00000)]
  0x0000028cfab8e000 JavaThread "Service Thread" daemon [_thread_blocked, id=7180, stack(0x0000009e78b00000,0x0000009e78c00000)]
  0x0000028cfabf4800 JavaThread "C2 CompilerThread0" daemon [_thread_in_native, id=8580, stack(0x0000009e78c00000,0x0000009e78d00000)]
  0x0000028cfac00800 JavaThread "C1 CompilerThread0" daemon [_thread_blocked, id=8984, stack(0x0000009e78d00000,0x0000009e78e00000)]
  0x0000028cfac04000 JavaThread "Sweeper thread" daemon [_thread_blocked, id=8856, stack(0x0000009e78e00000,0x0000009e78f00000)]
  0x0000028cfad64800 JavaThread "Common-Cleaner" daemon [_thread_blocked, id=504, stack(0x0000009e78f00000,0x0000009e79000000)]
  0x0000028cfe016800 JavaThread "Daemon health stats" [_thread_blocked, id=2876, stack(0x0000009e79700000,0x0000009e79800000)]
  0x0000028cfd207800 JavaThread "Incoming local TCP Connector on port 51973" [_thread_in_native, id=8204, stack(0x0000009e79600000,0x0000009e79700000)]
  0x0000028cfc68d800 JavaThread "Daemon periodic checks" [_thread_blocked, id=588, stack(0x0000009e79800000,0x0000009e79900000)]
  0x0000028cfc3be800 JavaThread "Daemon" [_thread_blocked, id=7820, stack(0x0000009e79900000,0x0000009e79a00000)]
  0x0000028cfc31f000 JavaThread "Handler for socket connection from /127.0.0.1:51973 to /127.0.0.1:51974" [_thread_in_native, id=7276, stack(0x0000009e79a00000,0x0000009e79b00000)]
  0x0000028cfd9d5000 JavaThread "Cancel handler" [_thread_blocked, id=1336, stack(0x0000009e79b00000,0x0000009e79c00000)]
  0x0000028cfda49000 JavaThread "Daemon worker" [_thread_blocked, id=8292, stack(0x0000009e79c00000,0x0000009e79d00000)]
  0x0000028cfe00c000 JavaThread "Asynchronous log dispatcher for DefaultDaemonConnection: socket connection from /127.0.0.1:51973 to /127.0.0.1:51974" [_thread_blocked, id=8488, stack(0x0000009e79d00000,0x0000009e79e00000)]
  0x0000028cfdc38000 JavaThread "Stdin handler" [_thread_blocked, id=3396, stack(0x0000009e79e00000,0x0000009e79f00000)]
  0x0000028cfdffe800 JavaThread "Daemon client event forwarder" [_thread_blocked, id=7508, stack(0x0000009e79f00000,0x0000009e7a000000)]
  0x0000028cfe001000 JavaThread "Cache worker for journal cache (C:\Users\Doc\.gradle\caches\journal-1)" [_thread_blocked, id=2152, stack(0x0000009e7a000000,0x0000009e7a100000)]
  0x0000028cfe002800 JavaThread "File lock request listener" [_thread_in_native, id=8224, stack(0x0000009e7a100000,0x0000009e7a200000)]
  0x0000028cfdfff800 JavaThread "Cache worker for file hash cache (C:\Users\Doc\.gradle\caches\7.3.3\fileHashes)" [_thread_blocked, id=9120, stack(0x0000009e7a200000,0x0000009e7a300000)]
  0x0000028cfe000000 JavaThread "Cache worker for file hash cache (C:\Users\Doc\AndroidStudioProjects\HelloJava\.gradle\7.3.3\fileHashes)" [_thread_blocked, id=8396, stack(0x0000009e7a700000,0x0000009e7a800000)]
  0x0000028cfe002000 JavaThread "File watcher server" daemon [_thread_in_native, id=8700, stack(0x0000009e7a900000,0x0000009e7aa00000)]
  0x0000028cfdffd000 JavaThread "File watcher consumer" daemon [_thread_blocked, id=376, stack(0x0000009e7aa00000,0x0000009e7ab00000)]
  0x0000028cfdffd800 JavaThread "Cache worker for checksums cache (C:\Users\Doc\AndroidStudioProjects\HelloJava\.gradle\7.3.3\checksums)" [_thread_blocked, id=2328, stack(0x0000009e7ab00000,0x0000009e7ac00000)]
  0x0000028cfe003800 JavaThread "Cache worker for cache directory md-supplier (C:\Users\Doc\.gradle\caches\7.3.3\md-supplier)" [_thread_blocked, id=7016, stack(0x0000009e7ac00000,0x0000009e7ad00000)]
  0x0000028cfd4f6800 JavaThread "Cache worker for cache directory md-rule (C:\Users\Doc\.gradle\caches\7.3.3\md-rule)" [_thread_blocked, id=4264, stack(0x0000009e7ad00000,0x0000009e7ae00000)]
  0x0000028cfd4fa800 JavaThread "Cache worker for execution history cache (C:\Users\Doc\.gradle\caches\7.3.3\executionHistory)" [_thread_blocked, id=7280, stack(0x0000009e7ae00000,0x0000009e7af00000)]
  0x0000028cfaf3e800 JavaThread "C2 CompilerThread1" daemon [_thread_in_native, id=2584, stack(0x0000009e79100000,0x0000009e79200000)]
  0x0000028cfd4f8000 JavaThread "jar transforms" [_thread_blocked, id=8660, stack(0x0000009e7af00000,0x0000009e7b000000)]
  0x0000028cfd4f9000 JavaThread "Cache worker for file content cache (C:\Users\Doc\.gradle\caches\7.3.3\fileContent)" [_thread_blocked, id=8168, stack(0x0000009e7b000000,0x0000009e7b100000)]
  0x0000028cfd4fa000 JavaThread "jar transforms Thread 2" [_thread_blocked, id=8368, stack(0x0000009e7b100000,0x0000009e7b200000)]
  0x0000028cfd4f5000 JavaThread "Cache worker for dependencies-accessors (C:\Users\Doc\AndroidStudioProjects\HelloJava\.gradle\7.3.3\dependencies-accessors)" [_thread_blocked, id=5884, stack(0x0000009e7b200000,0x0000009e7b300000)]
  0x0000028cfd4fb800 JavaThread "jar transforms Thread 3" [_thread_blocked, id=8476, stack(0x0000009e7b300000,0x0000009e7b400000)]
  0x0000028cfd4fd000 JavaThread "Cache worker for Build Output Cleanup Cache (C:\Users\Doc\AndroidStudioProjects\HelloJava\.gradle\buildOutputCleanup)" [_thread_blocked, id=8936, stack(0x0000009e7a800000,0x0000009e7a900000)]
  0x0000028cfd502000 JavaThread "Unconstrained build operations" [_thread_blocked, id=128, stack(0x0000009e7b500000,0x0000009e7b600000)]
  0x0000028cfd4fe000 JavaThread "Unconstrained build operations Thread 2" [_thread_blocked, id=9136, stack(0x0000009e7b600000,0x0000009e7b700000)]
  0x0000028cfd4ff800 JavaThread "Unconstrained build operations Thread 3" [_thread_blocked, id=8468, stack(0x0000009e7b700000,0x0000009e7b800000)]
  0x0000028cfd500800 JavaThread "Unconstrained build operations Thread 4" [_thread_blocked, id=7952, stack(0x0000009e7b800000,0x0000009e7b900000)]
  0x0000028cfd4fc000 JavaThread "Unconstrained build operations Thread 5" [_thread_blocked, id=8384, stack(0x0000009e7b900000,0x0000009e7ba00000)]
  0x0000028cfd502800 JavaThread "Unconstrained build operations Thread 6" [_thread_blocked, id=7684, stack(0x0000009e7ba00000,0x0000009e7bb00000)]
  0x0000028cfd503800 JavaThread "Unconstrained build operations Thread 7" [_thread_blocked, id=4020, stack(0x0000009e7bb00000,0x0000009e7bc00000)]
  0x0000028c91823000 JavaThread "Unconstrained build operations Thread 8" [_thread_blocked, id=7492, stack(0x0000009e7bc00000,0x0000009e7bd00000)]
  0x0000028c9181d000 JavaThread "Unconstrained build operations Thread 9" [_thread_blocked, id=8616, stack(0x0000009e7bd00000,0x0000009e7be00000)]
  0x0000028c9181f000 JavaThread "Unconstrained build operations Thread 10" [_thread_blocked, id=8920, stack(0x0000009e7be00000,0x0000009e7bf00000)]
  0x0000028c9181e000 JavaThread "Unconstrained build operations Thread 11" [_thread_blocked, id=8688, stack(0x0000009e7bf00000,0x0000009e7c000000)]
  0x0000028c91823800 JavaThread "Unconstrained build operations Thread 12" [_thread_blocked, id=2588, stack(0x0000009e7c000000,0x0000009e7c100000)]
  0x0000028c91824800 JavaThread "Unconstrained build operations Thread 13" [_thread_blocked, id=7984, stack(0x0000009e7c100000,0x0000009e7c200000)]
  0x0000028c91821000 JavaThread "Unconstrained build operations Thread 14" [_thread_blocked, id=8988, stack(0x0000009e7c200000,0x0000009e7c300000)]
  0x0000028c91825800 JavaThread "Unconstrained build operations Thread 15" [_thread_blocked, id=8188, stack(0x0000009e7c300000,0x0000009e7c400000)]
  0x0000028c9181f800 JavaThread "Unconstrained build operations Thread 16" [_thread_blocked, id=6632, stack(0x0000009e7c400000,0x0000009e7c500000)]
  0x0000028c91826000 JavaThread "Unconstrained build operations Thread 17" [_thread_blocked, id=7536, stack(0x0000009e7c500000,0x0000009e7c600000)]
  0x0000028c91820800 JavaThread "Unconstrained build operations Thread 18" [_thread_blocked, id=4196, stack(0x0000009e7c600000,0x0000009e7c700000)]
  0x0000028c91822000 JavaThread "Unconstrained build operations Thread 19" [_thread_blocked, id=1724, stack(0x0000009e7c700000,0x0000009e7c800000)]
  0x0000028c91827000 JavaThread "Unconstrained build operations Thread 20" [_thread_blocked, id=8220, stack(0x0000009e7c800000,0x0000009e7c900000)]
  0x0000028c91829800 JavaThread "Unconstrained build operations Thread 21" [_thread_blocked, id=8456, stack(0x0000009e7c900000,0x0000009e7ca00000)]
  0x0000028c91828800 JavaThread "Unconstrained build operations Thread 22" [_thread_blocked, id=8412, stack(0x0000009e7ca00000,0x0000009e7cb00000)]
  0x0000028c9182b000 JavaThread "Unconstrained build operations Thread 23" [_thread_blocked, id=5628, stack(0x0000009e7cb00000,0x0000009e7cc00000)]
  0x0000028c91828000 JavaThread "Unconstrained build operations Thread 24" [_thread_blocked, id=1468, stack(0x0000009e7cc00000,0x0000009e7cd00000)]
  0x0000028c9182a000 JavaThread "Unconstrained build operations Thread 25" [_thread_blocked, id=8272, stack(0x0000009e7cd00000,0x0000009e7ce00000)]
  0x0000028c9182c000 JavaThread "Unconstrained build operations Thread 26" [_thread_blocked, id=7092, stack(0x0000009e7ce00000,0x0000009e7cf00000)]
  0x0000028cfd010800 JavaThread "Unconstrained build operations Thread 27" [_thread_blocked, id=3916, stack(0x0000009e7cf00000,0x0000009e7d000000)]
  0x0000028cfd016000 JavaThread "Unconstrained build operations Thread 28" [_thread_blocked, id=2192, stack(0x0000009e7d000000,0x0000009e7d100000)]
  0x0000028cfd013800 JavaThread "Unconstrained build operations Thread 29" [_thread_blocked, id=32, stack(0x0000009e7d100000,0x0000009e7d200000)]
  0x0000028cfd017000 JavaThread "Unconstrained build operations Thread 30" [_thread_blocked, id=8532, stack(0x0000009e7d200000,0x0000009e7d300000)]
  0x0000028cfd011000 JavaThread "Unconstrained build operations Thread 31" [_thread_blocked, id=8196, stack(0x0000009e7d300000,0x0000009e7d400000)]
  0x0000028cfd012000 JavaThread "Unconstrained build operations Thread 32" [_thread_blocked, id=7392, stack(0x0000009e7d400000,0x0000009e7d500000)]
  0x0000028cfd014800 JavaThread "Unconstrained build operations Thread 33" [_thread_blocked, id=7056, stack(0x0000009e7d500000,0x0000009e7d600000)]
  0x0000028cfd017800 JavaThread "Unconstrained build operations Thread 34" [_thread_blocked, id=8764, stack(0x0000009e7d600000,0x0000009e7d700000)]
  0x0000028cfd018800 JavaThread "Unconstrained build operations Thread 35" [_thread_blocked, id=84, stack(0x0000009e7d700000,0x0000009e7d800000)]
  0x0000028cfd013000 JavaThread "Unconstrained build operations Thread 36" [_thread_blocked, id=3996, stack(0x0000009e7d800000,0x0000009e7d900000)]
  0x0000028cfd01a000 JavaThread "Unconstrained build operations Thread 37" [_thread_blocked, id=1920, stack(0x0000009e7d900000,0x0000009e7da00000)]
  0x0000028cfd019800 JavaThread "Unconstrained build operations Thread 38" [_thread_blocked, id=8736, stack(0x0000009e7da00000,0x0000009e7db00000)]
  0x0000028cfd01b000 JavaThread "Unconstrained build operations Thread 39" [_thread_blocked, id=8788, stack(0x0000009e7db00000,0x0000009e7dc00000)]
  0x0000028cfd015800 JavaThread "Unconstrained build operations Thread 40" [_thread_blocked, id=7920, stack(0x0000009e7dc00000,0x0000009e7dd00000)]
  0x0000028cfd01e800 JavaThread "Unconstrained build operations Thread 41" [_thread_blocked, id=5144, stack(0x0000009e7dd00000,0x0000009e7de00000)]
  0x0000028cfd01c000 JavaThread "Unconstrained build operations Thread 42" [_thread_blocked, id=7320, stack(0x0000009e7de00000,0x0000009e7df00000)]
  0x0000028cfd01c800 JavaThread "Unconstrained build operations Thread 43" [_thread_blocked, id=6732, stack(0x0000009e7df00000,0x0000009e7e000000)]
  0x0000028cfd01d800 JavaThread "Unconstrained build operations Thread 44" [_thread_blocked, id=3700, stack(0x0000009e7e000000,0x0000009e7e100000)]
  0x0000028cfd01f000 JavaThread "Unconstrained build operations Thread 45" [_thread_blocked, id=8732, stack(0x0000009e7e100000,0x0000009e7e200000)]
  0x0000028c8fbfd800 JavaThread "Unconstrained build operations Thread 46" [_thread_blocked, id=1384, stack(0x0000009e7e200000,0x0000009e7e300000)]
  0x0000028c8fbfa800 JavaThread "Unconstrained build operations Thread 47" [_thread_blocked, id=1160, stack(0x0000009e7e300000,0x0000009e7e400000)]
  0x0000028c8fbfb000 JavaThread "Unconstrained build operations Thread 48" [_thread_blocked, id=8336, stack(0x0000009e7e400000,0x0000009e7e500000)]
  0x0000028c8fbfc000 JavaThread "Unconstrained build operations Thread 49" [_thread_blocked, id=3032, stack(0x0000009e7e500000,0x0000009e7e600000)]
  0x0000028c8fbfd000 JavaThread "Unconstrained build operations Thread 50" [_thread_blocked, id=8524, stack(0x0000009e7e600000,0x0000009e7e700000)]
  0x0000028c8fbf8000 JavaThread "Unconstrained build operations Thread 51" [_thread_blocked, id=8480, stack(0x0000009e7e700000,0x0000009e7e800000)]
  0x0000028c8fbfe800 JavaThread "Unconstrained build operations Thread 52" [_thread_blocked, id=8948, stack(0x0000009e7e800000,0x0000009e7e900000)]
  0x0000028c8fbf8800 JavaThread "Unconstrained build operations Thread 53" [_thread_blocked, id=8280, stack(0x0000009e7e900000,0x0000009e7ea00000)]
  0x0000028c8fbff000 JavaThread "Unconstrained build operations Thread 54" [_thread_blocked, id=4288, stack(0x0000009e7ea00000,0x0000009e7eb00000)]
  0x0000028c8fbf9800 JavaThread "Unconstrained build operations Thread 55" [_thread_blocked, id=7800, stack(0x0000009e7eb00000,0x0000009e7ec00000)]
  0x0000028c8fc01000 JavaThread "Unconstrained build operations Thread 56" [_thread_blocked, id=8868, stack(0x0000009e7ec00000,0x0000009e7ed00000)]
  0x0000028c8fc03800 JavaThread "Unconstrained build operations Thread 57" [_thread_blocked, id=8792, stack(0x0000009e7ed00000,0x0000009e7ee00000)]
  0x0000028c8fc04000 JavaThread "Unconstrained build operations Thread 58" [_thread_blocked, id=6764, stack(0x0000009e7ee00000,0x0000009e7ef00000)]
  0x0000028c8fc05000 JavaThread "Unconstrained build operations Thread 59" [_thread_blocked, id=6344, stack(0x0000009e7ef00000,0x0000009e7f000000)]
  0x0000028c8fc05800 JavaThread "Unconstrained build operations Thread 60" [_thread_blocked, id=8424, stack(0x0000009e7f000000,0x0000009e7f100000)]
  0x0000028c8fc00000 JavaThread "Unconstrained build operations Thread 61" [_thread_blocked, id=5560, stack(0x0000009e7f100000,0x0000009e7f200000)]
  0x0000028c8fc01800 JavaThread "Unconstrained build operations Thread 62" [_thread_blocked, id=3896, stack(0x0000009e7f200000,0x0000009e7f300000)]
  0x0000028c8fc06800 JavaThread "Unconstrained build operations Thread 63" [_thread_blocked, id=4320, stack(0x0000009e7f300000,0x0000009e7f400000)]
  0x0000028c8fc02800 JavaThread "Unconstrained build operations Thread 64" [_thread_blocked, id=1348, stack(0x0000009e7f400000,0x0000009e7f500000)]
  0x0000028cfbfce000 JavaThread "Unconstrained build operations Thread 65" [_thread_blocked, id=8744, stack(0x0000009e7f500000,0x0000009e7f600000)]
  0x0000028cfbfcc800 JavaThread "Unconstrained build operations Thread 66" [_thread_blocked, id=3624, stack(0x0000009e7f600000,0x0000009e7f700000)]
  0x0000028cfbfcd800 JavaThread "Unconstrained build operations Thread 67" [_thread_blocked, id=6364, stack(0x0000009e7f700000,0x0000009e7f800000)]
  0x0000028cfbfca000 JavaThread "Unconstrained build operations Thread 68" [_thread_blocked, id=3844, stack(0x0000009e7f800000,0x0000009e7f900000)]
  0x0000028cfbfcf000 JavaThread "Unconstrained build operations Thread 69" [_thread_blocked, id=2608, stack(0x0000009e7f900000,0x0000009e7fa00000)]
  0x0000028cfbfc9000 JavaThread "Unconstrained build operations Thread 70" [_thread_blocked, id=5552, stack(0x0000009e7fa00000,0x0000009e7fb00000)]
  0x0000028cfbfd0800 JavaThread "Unconstrained build operations Thread 71" [_thread_blocked, id=5308, stack(0x0000009e7fb00000,0x0000009e7fc00000)]
  0x0000028cfbfcb000 JavaThread "Unconstrained build operations Thread 72" [_thread_blocked, id=4936, stack(0x0000009e7fc00000,0x0000009e7fd00000)]
  0x0000028cfbfcf800 JavaThread "Unconstrained build operations Thread 73" [_thread_blocked, id=6228, stack(0x0000009e7fd00000,0x0000009e7fe00000)]
  0x0000028cfbfd1800 JavaThread "Unconstrained build operations Thread 74" [_thread_blocked, id=8496, stack(0x0000009e7fe00000,0x0000009e7ff00000)]
  0x0000028cfbfcb800 JavaThread "Unconstrained build operations Thread 75" [_thread_blocked, id=8504, stack(0x0000009e7ff00000,0x0000009e80000000)]
  0x0000028cfbfd8000 JavaThread "Unconstrained build operations Thread 76" [_thread_blocked, id=9096, stack(0x0000009e00000000,0x0000009e00100000)]
  0x0000028cfbfd3000 JavaThread "Unconstrained build operations Thread 77" [_thread_blocked, id=9016, stack(0x0000009e00100000,0x0000009e00200000)]
  0x0000028cfbfd4000 JavaThread "Unconstrained build operations Thread 78" [_thread_blocked, id=4160, stack(0x0000009e00200000,0x0000009e00300000)]
  0x0000028cfbfd7000 JavaThread "Unconstrained build operations Thread 79" [_thread_blocked, id=6408, stack(0x0000009e00300000,0x0000009e00400000)]
  0x0000028cfbfd2000 JavaThread "Unconstrained build operations Thread 80" [_thread_blocked, id=8352, stack(0x0000009e00400000,0x0000009e00500000)]
  0x0000028cfbfd4800 JavaThread "jar transforms Thread 4" [_thread_blocked, id=9140, stack(0x0000009e00500000,0x0000009e00600000)]
  0x0000028cfbfd5800 JavaThread "jar transforms Thread 5" [_thread_blocked, id=7008, stack(0x0000009e00600000,0x0000009e00700000)]
  0x0000028cfbfd6800 JavaThread "jar transforms Thread 6" [_thread_blocked, id=8756, stack(0x0000009e00700000,0x0000009e00800000)]
  0x0000028cfd714000 JavaThread "jar transforms Thread 7" [_thread_blocked, id=5956, stack(0x0000009e00800000,0x0000009e00900000)]
  0x0000028cfd715000 JavaThread "jar transforms Thread 8" [_thread_blocked, id=2380, stack(0x0000009e00900000,0x0000009e00a00000)]
=>0x0000028cfd716000 JavaThread "C2 CompilerThread2" daemon [_thread_in_native, id=6276, stack(0x0000009e00a00000,0x0000009e00b00000)]
  0x0000028cfd716800 JavaThread "Memory manager" [_thread_blocked, id=8852, stack(0x0000009e00b00000,0x0000009e00c00000)]
  0x0000028cfd717800 JavaThread "build event listener" [_thread_blocked, id=8968, stack(0x0000009e00c00000,0x0000009e00d00000)]
  0x0000028cfd713800 JavaThread "pool-3-thread-1" [_thread_blocked, id=8896, stack(0x0000009e00d00000,0x0000009e00e00000)]
  0x0000028cfd718800 JavaThread "build event listener" [_thread_blocked, id=7228, stack(0x0000009e00e00000,0x0000009e00f00000)]
  0x0000028cfd712800 JavaThread "Execution worker for ':'" [_thread_blocked, id=2956, stack(0x0000009e00f00000,0x0000009e01000000)]
  0x0000028cfd71b800 JavaThread "Execution worker for ':' Thread 2" [_thread_blocked, id=7296, stack(0x0000009e01000000,0x0000009e01100000)]
  0x0000028cfd71c800 JavaThread "Execution worker for ':' Thread 3" [_thread_blocked, id=8376, stack(0x0000009e01100000,0x0000009e01200000)]
  0x0000028cfd71e000 JavaThread "Execution worker for ':' Thread 4" [_thread_blocked, id=8452, stack(0x0000009e01200000,0x0000009e01300000)]
  0x0000028cfd71f000 JavaThread "Execution worker for ':' Thread 5" [_thread_blocked, id=8624, stack(0x0000009e01300000,0x0000009e01400000)]
  0x0000028cfd71d000 JavaThread "Execution worker for ':' Thread 6" [_thread_blocked, id=5336, stack(0x0000009e01400000,0x0000009e01500000)]
  0x0000028cfd71b000 JavaThread "Execution worker for ':' Thread 7" [_thread_blocked, id=9160, stack(0x0000009e01500000,0x0000009e01600000)]
  0x0000028cfd719000 JavaThread "Cache worker for execution history cache (C:\Users\Doc\AndroidStudioProjects\HelloJava\.gradle\7.3.3\executionHistory)" [_thread_blocked, id=4276, stack(0x0000009e01600000,0x0000009e01700000)]
  0x0000028cfd71f800 JavaThread "WorkerExecutor Queue" [_thread_blocked, id=2784, stack(0x0000009e01700000,0x0000009e01800000)]
  0x0000028cfd71a000 JavaThread "WorkerExecutor Queue Thread 2" [_thread_blocked, id=2168, stack(0x0000009e01800000,0x0000009e01900000)]
  0x0000028cfd720800 JavaThread "WorkerExecutor Queue Thread 3" [_thread_in_vm, id=5408, stack(0x0000009e01900000,0x0000009e01a00000)]
  0x0000028cfd4fe800 JavaThread "WorkerExecutor Queue Thread 4" [_thread_blocked, id=2664, stack(0x0000009e01a00000,0x0000009e01b00000)]
  0x0000028c8f690000 JavaThread "pool-4-thread-1" [_thread_blocked, id=8608, stack(0x0000009e01b00000,0x0000009e01c00000)]
  0x0000028c8f68b000 JavaThread "stderr" [_thread_in_native, id=8776, stack(0x0000009e01c00000,0x0000009e01d00000)]
  0x0000028c8f68c800 JavaThread "stdout" [_thread_in_native, id=6692, stack(0x0000009e01d00000,0x0000009e01e00000)]
  0x0000028c8f68f000 JavaThread "ForkJoinPool-1-worker-3" daemon [_thread_blocked, id=2984, stack(0x0000009e01e00000,0x0000009e01f00000)]
  0x0000028c8f68a800 JavaThread "ForkJoinPool-1-worker-5" daemon [_thread_blocked, id=1872, stack(0x0000009e01f00000,0x0000009e02000000)]
  0x0000028c8f691800 JavaThread "ForkJoinPool-1-worker-7" daemon [_thread_blocked, id=1032, stack(0x0000009e02000000,0x0000009e02100000)]
  0x0000028c8f68c000 JavaThread "ForkJoinPool-1-worker-9" daemon [_thread_blocked, id=3244, stack(0x0000009e02100000,0x0000009e02200000)]
  0x0000028c8f693800 JavaThread "ForkJoinPool-1-worker-11" daemon [_thread_blocked, id=2668, stack(0x0000009e02200000,0x0000009e02300000)]
  0x0000028c8f691000 JavaThread "ForkJoinPool-1-worker-13" daemon [_thread_blocked, id=2344, stack(0x0000009e02300000,0x0000009e02400000)]
  0x0000028c8f692800 JavaThread "ForkJoinPool-1-worker-15" daemon [_thread_blocked, id=8668, stack(0x0000009e02400000,0x0000009e02500000)]
  0x0000028c8f68d800 JavaThread "ForkJoinPool-1-worker-1" daemon [_thread_blocked, id=7720, stack(0x0000009e02500000,0x0000009e02600000)]

Other Threads:
  0x0000028cfab62800 VMThread "VM Thread" [stack: 0x0000009e78600000,0x0000009e78700000] [id=1584]
  0x0000028cfad6c800 WatcherThread [stack: 0x0000009e79000000,0x0000009e79100000] [id=6156]
  0x0000028ceeea7000 GCTaskThread "GC Thread#0" [stack: 0x0000009e78100000,0x0000009e78200000] [id=1540]
  0x0000028cfb996800 GCTaskThread "GC Thread#1" [stack: 0x0000009e79200000,0x0000009e79300000] [id=9168]
  0x0000028cfb9f4000 GCTaskThread "GC Thread#2" [stack: 0x0000009e79300000,0x0000009e79400000] [id=8248]
  0x0000028cfb8d1000 GCTaskThread "GC Thread#3" [stack: 0x0000009e79400000,0x0000009e79500000] [id=6392]
  0x0000028cfc23f000 GCTaskThread "GC Thread#4" [stack: 0x0000009e79500000,0x0000009e79600000] [id=3716]
  0x0000028cfe56e800 GCTaskThread "GC Thread#5" [stack: 0x0000009e7a300000,0x0000009e7a400000] [id=8544]
  0x0000028cfd4f4000 GCTaskThread "GC Thread#6" [stack: 0x0000009e7a400000,0x0000009e7a500000] [id=7448]
  0x0000028cfd4cf000 GCTaskThread "GC Thread#7" [stack: 0x0000009e7a500000,0x0000009e7a600000] [id=5976]
  0x0000028ceeed9000 ConcurrentGCThread "G1 Main Marker" [stack: 0x0000009e78200000,0x0000009e78300000] [id=5820]
  0x0000028ceeedb800 ConcurrentGCThread "G1 Conc#0" [stack: 0x0000009e78300000,0x0000009e78400000] [id=1296]
  0x0000028cfb817800 ConcurrentGCThread "G1 Conc#1" [stack: 0x0000009e7a600000,0x0000009e7a700000] [id=7244]
  0x0000028ceef5e000 ConcurrentGCThread "G1 Refine#0" [stack: 0x0000009e78400000,0x0000009e78500000] [id=4416]
  0x0000028cfe23a800 ConcurrentGCThread "G1 Refine#1" [stack: 0x0000009e02600000,0x0000009e02700000] [id=3776]
  0x0000028cfe237000 ConcurrentGCThread "G1 Refine#2" [stack: 0x0000009e02700000,0x0000009e02800000] [id=8632]
  0x0000028cfe23d800 ConcurrentGCThread "G1 Refine#3" [stack: 0x0000009e02800000,0x0000009e02900000] [id=2540]
  0x0000028cfe238000 ConcurrentGCThread "G1 Refine#4" [stack: 0x0000009e02900000,0x0000009e02a00000] [id=1844]
  0x0000028cfe238800 ConcurrentGCThread "G1 Refine#5" [stack: 0x0000009e02a00000,0x0000009e02b00000] [id=4500]
  0x0000028cfa1b4800 ConcurrentGCThread "G1 Young RemSet Sampling" [stack: 0x0000009e78500000,0x0000009e78600000] [id=8820]

Threads with active compile tasks:
C2 CompilerThread0  21259 10808 %     4       com.android.tools.r8.dex.j::a @ 313 (1042 bytes)
C2 CompilerThread1  21259 11429       4       com.android.tools.r8.ir.conversion.r::a (450 bytes)
C2 CompilerThread2  21259 10888 %     4       com.android.tools.r8.dex.j::e @ 90 (664 bytes)

VM state:not at safepoint (normal execution)

VM Mutex/Monitor currently owned by a thread: None

Heap address: 0x0000000080000000, size: 2048 MB, Compressed Oops mode: 32-bit
Narrow klass base: 0x0000000000000000, Narrow klass shift: 3
Compressed class space size: 1073741824 Address: 0x0000000100000000

Heap:
 garbage-first heap   total 229376K, used 143360K [0x0000000080000000, 0x0000000100000000)
  region size 1024K, 21 young (21504K), 11 survivors (11264K)
 Metaspace       used 97777K, capacity 100353K, committed 100468K, reserved 1136640K
  class space    used 12853K, capacity 13845K, committed 13940K, reserved 1048576K
Heap Regions: E=young(eden), S=young(survivor), O=old, HS=humongous(starts), HC=humongous(continues), CS=collection set, F=free, A=archive, TAMS=top-at-mark-start (previous, next)
|   0|0x0000000080000000, 0x0000000080100000, 0x0000000080100000|100%| O|  |TAMS 0x0000000080100000, 0x0000000080000000| Untracked 
|   1|0x0000000080100000, 0x0000000080200000, 0x0000000080200000|100%| O|  |TAMS 0x0000000080200000, 0x0000000080100000| Untracked 
|   2|0x0000000080200000, 0x0000000080300000, 0x0000000080300000|100%| O|  |TAMS 0x0000000080300000, 0x0000000080200000| Untracked 
|   3|0x0000000080300000, 0x0000000080400000, 0x0000000080400000|100%|HS|  |TAMS 0x0000000080400000, 0x0000000080300000| Complete 
|   4|0x0000000080400000, 0x0000000080500000, 0x0000000080500000|100%|HC|  |TAMS 0x0000000080500000, 0x0000000080400000| Complete 
|   5|0x0000000080500000, 0x0000000080600000, 0x0000000080600000|100%|HC|  |TAMS 0x0000000080600000, 0x0000000080500000| Complete 
|   6|0x0000000080600000, 0x0000000080700000, 0x0000000080700000|100%| O|  |TAMS 0x0000000080700000, 0x0000000080600000| Untracked 
|   7|0x0000000080700000, 0x0000000080800000, 0x0000000080800000|100%| O|  |TAMS 0x0000000080800000, 0x0000000080700000| Untracked 
|   8|0x0000000080800000, 0x0000000080900000, 0x0000000080900000|100%| O|  |TAMS 0x0000000080900000, 0x0000000080800000| Untracked 
|   9|0x0000000080900000, 0x0000000080a00000, 0x0000000080a00000|100%| O|  |TAMS 0x0000000080a00000, 0x0000000080900000| Untracked 
|  10|0x0000000080a00000, 0x0000000080b00000, 0x0000000080b00000|100%| O|  |TAMS 0x0000000080b00000, 0x0000000080a00000| Untracked 
|  11|0x0000000080b00000, 0x0000000080c00000, 0x0000000080c00000|100%| O|  |TAMS 0x0000000080c00000, 0x0000000080b00000| Untracked 
|  12|0x0000000080c00000, 0x0000000080d00000, 0x0000000080d00000|100%| O|  |TAMS 0x0000000080d00000, 0x0000000080c00000| Untracked 
|  13|0x0000000080d00000, 0x0000000080e00000, 0x0000000080e00000|100%| O|  |TAMS 0x0000000080e00000, 0x0000000080d00000| Untracked 
|  14|0x0000000080e00000, 0x0000000080f00000, 0x0000000080f00000|100%| O|  |TAMS 0x0000000080f00000, 0x0000000080e00000| Untracked 
|  15|0x0000000080f00000, 0x0000000081000000, 0x0000000081000000|100%| O|  |TAMS 0x0000000081000000, 0x0000000080f00000| Untracked 
|  16|0x0000000081000000, 0x0000000081100000, 0x0000000081100000|100%|HS|  |TAMS 0x0000000081100000, 0x0000000081000000| Complete 
|  17|0x0000000081100000, 0x0000000081200000, 0x0000000081200000|100%|HS|  |TAMS 0x0000000081200000, 0x0000000081100000| Complete 
|  18|0x0000000081200000, 0x0000000081300000, 0x0000000081300000|100%|HS|  |TAMS 0x0000000081300000, 0x0000000081200000| Complete 
|  19|0x0000000081300000, 0x0000000081400000, 0x0000000081400000|100%|HC|  |TAMS 0x0000000081400000, 0x0000000081300000| Complete 
|  20|0x0000000081400000, 0x0000000081500000, 0x0000000081500000|100%| O|  |TAMS 0x0000000081500000, 0x0000000081400000| Untracked 
|  21|0x0000000081500000, 0x0000000081600000, 0x0000000081600000|100%| O|  |TAMS 0x0000000081600000, 0x0000000081500000| Untracked 
|  22|0x0000000081600000, 0x0000000081700000, 0x0000000081700000|100%| O|  |TAMS 0x0000000081700000, 0x0000000081600000| Untracked 
|  23|0x0000000081700000, 0x0000000081800000, 0x0000000081800000|100%| O|  |TAMS 0x0000000081800000, 0x0000000081700000| Untracked 
|  24|0x0000000081800000, 0x0000000081900000, 0x0000000081900000|100%| O|  |TAMS 0x0000000081900000, 0x0000000081800000| Untracked 
|  25|0x0000000081900000, 0x0000000081a00000, 0x0000000081a00000|100%| O|  |TAMS 0x0000000081a00000, 0x0000000081900000| Untracked 
|  26|0x0000000081a00000, 0x0000000081b00000, 0x0000000081b00000|100%| O|  |TAMS 0x0000000081b00000, 0x0000000081a00000| Untracked 
|  27|0x0000000081b00000, 0x0000000081c00000, 0x0000000081c00000|100%| O|  |TAMS 0x0000000081c00000, 0x0000000081b00000| Untracked 
|  28|0x0000000081c00000, 0x0000000081d00000, 0x0000000081d00000|100%| O|  |TAMS 0x0000000081d00000, 0x0000000081c00000| Untracked 
|  29|0x0000000081d00000, 0x0000000081e00000, 0x0000000081e00000|100%| O|  |TAMS 0x0000000081e00000, 0x0000000081d00000| Untracked 
|  30|0x0000000081e00000, 0x0000000081f00000, 0x0000000081f00000|100%| O|  |TAMS 0x0000000081f00000, 0x0000000081e00000| Untracked 
|  31|0x0000000081f00000, 0x0000000082000000, 0x0000000082000000|100%| O|  |TAMS 0x0000000082000000, 0x0000000081f00000| Untracked 
|  32|0x0000000082000000, 0x0000000082100000, 0x0000000082100000|100%| O|  |TAMS 0x0000000082100000, 0x0000000082000000| Untracked 
|  33|0x0000000082100000, 0x0000000082200000, 0x0000000082200000|100%| O|  |TAMS 0x0000000082200000, 0x0000000082100000| Untracked 
|  34|0x0000000082200000, 0x0000000082300000, 0x0000000082300000|100%| O|  |TAMS 0x0000000082300000, 0x0000000082200000| Untracked 
|  35|0x0000000082300000, 0x0000000082400000, 0x0000000082400000|100%| O|  |TAMS 0x0000000082400000, 0x0000000082300000| Untracked 
|  36|0x0000000082400000, 0x0000000082500000, 0x0000000082500000|100%| O|  |TAMS 0x0000000082500000, 0x0000000082400000| Untracked 
|  37|0x0000000082500000, 0x0000000082600000, 0x0000000082600000|100%| O|  |TAMS 0x0000000082600000, 0x0000000082500000| Untracked 
|  38|0x0000000082600000, 0x0000000082700000, 0x0000000082700000|100%| O|  |TAMS 0x0000000082700000, 0x0000000082600000| Untracked 
|  39|0x0000000082700000, 0x0000000082800000, 0x0000000082800000|100%| O|  |TAMS 0x0000000082800000, 0x0000000082700000| Untracked 
|  40|0x0000000082800000, 0x0000000082900000, 0x0000000082900000|100%| O|  |TAMS 0x0000000082900000, 0x0000000082800000| Untracked 
|  41|0x0000000082900000, 0x0000000082a00000, 0x0000000082a00000|100%| O|  |TAMS 0x0000000082988200, 0x0000000082900000| Untracked 
|  42|0x0000000082a00000, 0x0000000082b00000, 0x0000000082b00000|100%| O|  |TAMS 0x0000000082a00000, 0x0000000082a00000| Untracked 
|  43|0x0000000082b00000, 0x0000000082c00000, 0x0000000082c00000|100%| O|  |TAMS 0x0000000082b00000, 0x0000000082b00000| Untracked 
|  44|0x0000000082c00000, 0x0000000082d00000, 0x0000000082d00000|100%| O|  |TAMS 0x0000000082c00000, 0x0000000082c00000| Untracked 
|  45|0x0000000082d00000, 0x0000000082e00000, 0x0000000082e00000|100%| O|  |TAMS 0x0000000082d00000, 0x0000000082d00000| Untracked 
|  46|0x0000000082e00000, 0x0000000082f00000, 0x0000000082f00000|100%| O|  |TAMS 0x0000000082e00000, 0x0000000082e00000| Untracked 
|  47|0x0000000082f00000, 0x0000000083000000, 0x0000000083000000|100%| O|  |TAMS 0x0000000082f00000, 0x0000000082f00000| Untracked 
|  48|0x0000000083000000, 0x0000000083100000, 0x0000000083100000|100%| O|  |TAMS 0x0000000083000000, 0x0000000083000000| Untracked 
|  49|0x0000000083100000, 0x0000000083200000, 0x0000000083200000|100%| O|  |TAMS 0x0000000083100000, 0x0000000083100000| Untracked 
|  50|0x0000000083200000, 0x0000000083300000, 0x0000000083300000|100%| O|  |TAMS 0x0000000083200000, 0x0000000083200000| Untracked 
|  51|0x0000000083300000, 0x0000000083400000, 0x0000000083400000|100%| O|  |TAMS 0x0000000083300000, 0x0000000083300000| Untracked 
|  52|0x0000000083400000, 0x0000000083500000, 0x0000000083500000|100%| O|  |TAMS 0x0000000083400000, 0x0000000083400000| Untracked 
|  53|0x0000000083500000, 0x0000000083600000, 0x0000000083600000|100%| O|  |TAMS 0x0000000083500000, 0x0000000083500000| Untracked 
|  54|0x0000000083600000, 0x0000000083700000, 0x0000000083700000|100%| O|  |TAMS 0x0000000083600000, 0x0000000083600000| Untracked 
|  55|0x0000000083700000, 0x0000000083800000, 0x0000000083800000|100%| O|  |TAMS 0x0000000083700000, 0x0000000083700000| Untracked 
|  56|0x0000000083800000, 0x0000000083900000, 0x0000000083900000|100%| O|  |TAMS 0x0000000083800000, 0x0000000083800000| Untracked 
|  57|0x0000000083900000, 0x0000000083a00000, 0x0000000083a00000|100%| O|  |TAMS 0x0000000083900000, 0x0000000083900000| Untracked 
|  58|0x0000000083a00000, 0x0000000083b00000, 0x0000000083b00000|100%| O|  |TAMS 0x0000000083a00000, 0x0000000083a00000| Untracked 
|  59|0x0000000083b00000, 0x0000000083c00000, 0x0000000083c00000|100%| O|  |TAMS 0x0000000083b00000, 0x0000000083b00000| Untracked 
|  60|0x0000000083c00000, 0x0000000083d00000, 0x0000000083d00000|100%| O|  |TAMS 0x0000000083c00000, 0x0000000083c00000| Untracked 
|  61|0x0000000083d00000, 0x0000000083e00000, 0x0000000083e00000|100%| O|  |TAMS 0x0000000083d00000, 0x0000000083d00000| Untracked 
|  62|0x0000000083e00000, 0x0000000083f00000, 0x0000000083f00000|100%| O|  |TAMS 0x0000000083e00000, 0x0000000083e00000| Untracked 
|  63|0x0000000083f00000, 0x0000000084000000, 0x0000000084000000|100%| O|  |TAMS 0x0000000083f00000, 0x0000000083f00000| Untracked 
|  64|0x0000000084000000, 0x0000000084100000, 0x0000000084100000|100%| O|  |TAMS 0x0000000084000000, 0x0000000084000000| Untracked 
|  65|0x0000000084100000, 0x0000000084200000, 0x0000000084200000|100%| O|  |TAMS 0x0000000084100000, 0x0000000084100000| Untracked 
|  66|0x0000000084200000, 0x0000000084300000, 0x0000000084300000|100%|HS|  |TAMS 0x0000000084200000, 0x0000000084200000| Complete 
|  67|0x0000000084300000, 0x0000000084400000, 0x0000000084400000|100%|HC|  |TAMS 0x0000000084300000, 0x0000000084300000| Complete 
|  68|0x0000000084400000, 0x0000000084500000, 0x0000000084500000|100%|HS|  |TAMS 0x0000000084400000, 0x0000000084400000| Complete 
|  69|0x0000000084500000, 0x0000000084600000, 0x0000000084600000|100%|HS|  |TAMS 0x0000000084500000, 0x0000000084500000| Complete 
|  70|0x0000000084600000, 0x0000000084700000, 0x0000000084700000|100%|HS|  |TAMS 0x0000000084600000, 0x0000000084600000| Complete 
|  71|0x0000000084700000, 0x0000000084800000, 0x0000000084800000|100%| O|  |TAMS 0x0000000084700000, 0x0000000084700000| Untracked 
|  72|0x0000000084800000, 0x0000000084900000, 0x0000000084900000|100%| O|  |TAMS 0x0000000084800000, 0x0000000084800000| Untracked 
|  73|0x0000000084900000, 0x0000000084a00000, 0x0000000084a00000|100%| O|  |TAMS 0x0000000084900000, 0x0000000084900000| Untracked 
|  74|0x0000000084a00000, 0x0000000084b00000, 0x0000000084b00000|100%|HS|  |TAMS 0x0000000084a00000, 0x0000000084a00000| Complete 
|  75|0x0000000084b00000, 0x0000000084c00000, 0x0000000084c00000|100%|HC|  |TAMS 0x0000000084b00000, 0x0000000084b00000| Complete 
|  76|0x0000000084c00000, 0x0000000084d00000, 0x0000000084d00000|100%| O|  |TAMS 0x0000000084c00000, 0x0000000084c00000| Untracked 
|  77|0x0000000084d00000, 0x0000000084e00000, 0x0000000084e00000|100%|HS|  |TAMS 0x0000000084d00000, 0x0000000084d00000| Complete 
|  78|0x0000000084e00000, 0x0000000084f00000, 0x0000000084f00000|100%| O|  |TAMS 0x0000000084e00000, 0x0000000084e00000| Untracked 
|  79|0x0000000084f00000, 0x0000000085000000, 0x0000000085000000|100%|HS|  |TAMS 0x0000000084f00000, 0x0000000084f00000| Complete 
|  80|0x0000000085000000, 0x0000000085100000, 0x0000000085100000|100%| O|  |TAMS 0x0000000085000000, 0x0000000085000000| Untracked 
|  81|0x0000000085100000, 0x0000000085200000, 0x0000000085200000|100%|HS|  |TAMS 0x0000000085100000, 0x0000000085100000| Complete 
|  82|0x0000000085200000, 0x0000000085300000, 0x0000000085300000|100%| O|  |TAMS 0x0000000085200000, 0x0000000085200000| Untracked 
|  83|0x0000000085300000, 0x0000000085400000, 0x0000000085400000|100%| O|  |TAMS 0x0000000085300000, 0x0000000085300000| Untracked 
|  84|0x0000000085400000, 0x0000000085500000, 0x0000000085500000|100%| O|  |TAMS 0x0000000085400000, 0x0000000085400000| Untracked 
|  85|0x0000000085500000, 0x0000000085600000, 0x0000000085600000|100%| O|  |TAMS 0x0000000085500000, 0x0000000085500000| Untracked 
|  86|0x0000000085600000, 0x0000000085700000, 0x0000000085700000|100%| O|  |TAMS 0x0000000085600000, 0x0000000085600000| Untracked 
|  87|0x0000000085700000, 0x0000000085800000, 0x0000000085800000|100%| O|  |TAMS 0x0000000085700000, 0x0000000085700000| Untracked 
|  88|0x0000000085800000, 0x0000000085900000, 0x0000000085900000|100%| O|  |TAMS 0x0000000085800000, 0x0000000085800000| Untracked 
|  89|0x0000000085900000, 0x0000000085a00000, 0x0000000085a00000|100%| O|  |TAMS 0x0000000085900000, 0x0000000085900000| Untracked 
|  90|0x0000000085a00000, 0x0000000085b00000, 0x0000000085b00000|100%| O|  |TAMS 0x0000000085a00000, 0x0000000085a00000| Untracked 
|  91|0x0000000085b00000, 0x0000000085c00000, 0x0000000085c00000|100%| O|  |TAMS 0x0000000085b00000, 0x0000000085b00000| Untracked 
|  92|0x0000000085c00000, 0x0000000085d00000, 0x0000000085d00000|100%| O|  |TAMS 0x0000000085c00000, 0x0000000085c00000| Untracked 
|  93|0x0000000085d00000, 0x0000000085e00000, 0x0000000085e00000|100%| O|  |TAMS 0x0000000085d00000, 0x0000000085d00000| Untracked 
|  94|0x0000000085e00000, 0x0000000085f00000, 0x0000000085f00000|100%| O|  |TAMS 0x0000000085e00000, 0x0000000085e00000| Untracked 
|  95|0x0000000085f00000, 0x0000000086000000, 0x0000000086000000|100%| O|  |TAMS 0x0000000085f00000, 0x0000000085f00000| Untracked 
|  96|0x0000000086000000, 0x0000000086100000, 0x0000000086100000|100%| O|  |TAMS 0x0000000086000000, 0x0000000086000000| Untracked 
|  97|0x0000000086100000, 0x0000000086200000, 0x0000000086200000|100%| O|  |TAMS 0x0000000086100000, 0x0000000086100000| Untracked 
|  98|0x0000000086200000, 0x0000000086300000, 0x0000000086300000|100%| O|  |TAMS 0x0000000086200000, 0x0000000086200000| Untracked 
|  99|0x0000000086300000, 0x0000000086400000, 0x0000000086400000|100%| O|  |TAMS 0x0000000086300000, 0x0000000086300000| Untracked 
| 100|0x0000000086400000, 0x0000000086500000, 0x0000000086500000|100%| O|  |TAMS 0x0000000086400000, 0x0000000086400000| Untracked 
| 101|0x0000000086500000, 0x0000000086600000, 0x0000000086600000|100%| O|  |TAMS 0x0000000086500000, 0x0000000086500000| Untracked 
| 102|0x0000000086600000, 0x0000000086700000, 0x0000000086700000|100%| O|  |TAMS 0x0000000086600000, 0x0000000086600000| Untracked 
| 103|0x0000000086700000, 0x0000000086700000, 0x0000000086800000|  0%| F|  |TAMS 0x0000000086700000, 0x0000000086700000| Untracked 
| 104|0x0000000086800000, 0x0000000086800000, 0x0000000086900000|  0%| F|  |TAMS 0x0000000086800000, 0x0000000086800000| Untracked 
| 105|0x0000000086900000, 0x0000000086900000, 0x0000000086a00000|  0%| F|  |TAMS 0x0000000086900000, 0x0000000086900000| Untracked 
| 106|0x0000000086a00000, 0x0000000086a00000, 0x0000000086b00000|  0%| F|  |TAMS 0x0000000086a00000, 0x0000000086a00000| Untracked 
| 107|0x0000000086b00000, 0x0000000086b00000, 0x0000000086c00000|  0%| F|  |TAMS 0x0000000086b00000, 0x0000000086b00000| Untracked 
| 108|0x0000000086c00000, 0x0000000086c00000, 0x0000000086d00000|  0%| F|  |TAMS 0x0000000086c00000, 0x0000000086c00000| Untracked 
| 109|0x0000000086d00000, 0x0000000086d00000, 0x0000000086e00000|  0%| F|  |TAMS 0x0000000086d00000, 0x0000000086d00000| Untracked 
| 110|0x0000000086e00000, 0x0000000086e00000, 0x0000000086f00000|  0%| F|  |TAMS 0x0000000086e00000, 0x0000000086e00000| Untracked 
| 111|0x0000000086f00000, 0x0000000086f00000, 0x0000000087000000|  0%| F|  |TAMS 0x0000000086f00000, 0x0000000086f00000| Untracked 
| 112|0x0000000087000000, 0x0000000087000000, 0x0000000087100000|  0%| F|  |TAMS 0x0000000087000000, 0x0000000087000000| Untracked 
| 113|0x0000000087100000, 0x0000000087100000, 0x0000000087200000|  0%| F|  |TAMS 0x0000000087100000, 0x0000000087100000| Untracked 
| 114|0x0000000087200000, 0x0000000087200000, 0x0000000087300000|  0%| F|  |TAMS 0x0000000087200000, 0x0000000087200000| Untracked 
| 115|0x0000000087300000, 0x0000000087400000, 0x0000000087400000|100%| O|  |TAMS 0x0000000087300000, 0x0000000087300000| Untracked 
| 116|0x0000000087400000, 0x0000000087500000, 0x0000000087500000|100%| O|  |TAMS 0x0000000087400000, 0x0000000087400000| Untracked 
| 117|0x0000000087500000, 0x0000000087600000, 0x0000000087600000|100%| O|  |TAMS 0x0000000087500000, 0x0000000087500000| Untracked 
| 118|0x0000000087600000, 0x0000000087700000, 0x0000000087700000|100%| O|  |TAMS 0x0000000087600000, 0x0000000087600000| Untracked 
| 119|0x0000000087700000, 0x0000000087800000, 0x0000000087800000|100%| O|  |TAMS 0x0000000087700000, 0x0000000087700000| Untracked 
| 120|0x0000000087800000, 0x0000000087900000, 0x0000000087900000|100%| O|  |TAMS 0x0000000087800000, 0x0000000087800000| Untracked 
| 121|0x0000000087900000, 0x0000000087a00000, 0x0000000087a00000|100%| O|  |TAMS 0x0000000087900000, 0x0000000087900000| Untracked 
| 122|0x0000000087a00000, 0x0000000087a00000, 0x0000000087b00000|  0%| F|  |TAMS 0x0000000087a00000, 0x0000000087a00000| Untracked 
| 123|0x0000000087b00000, 0x0000000087b00000, 0x0000000087c00000|  0%| F|  |TAMS 0x0000000087b00000, 0x0000000087b00000| Untracked 
| 124|0x0000000087c00000, 0x0000000087d00000, 0x0000000087d00000|100%| O|  |TAMS 0x0000000087c00000, 0x0000000087c00000| Untracked 
| 125|0x0000000087d00000, 0x0000000087e00000, 0x0000000087e00000|100%| O|  |TAMS 0x0000000087d00000, 0x0000000087d00000| Untracked 
| 126|0x0000000087e00000, 0x0000000087f00000, 0x0000000087f00000|100%| O|  |TAMS 0x0000000087e00000, 0x0000000087e00000| Untracked 
| 127|0x0000000087f00000, 0x0000000088000000, 0x0000000088000000|100%| O|  |TAMS 0x0000000087f00000, 0x0000000087f00000| Untracked 
| 128|0x0000000088000000, 0x0000000088100000, 0x0000000088100000|100%| O|  |TAMS 0x0000000088000000, 0x0000000088000000| Untracked 
| 129|0x0000000088100000, 0x0000000088200000, 0x0000000088200000|100%| O|  |TAMS 0x0000000088100000, 0x0000000088100000| Untracked 
| 130|0x0000000088200000, 0x0000000088300000, 0x0000000088300000|100%| O|  |TAMS 0x0000000088200000, 0x0000000088200000| Untracked 
| 131|0x0000000088300000, 0x0000000088400000, 0x0000000088400000|100%| O|  |TAMS 0x0000000088300000, 0x0000000088300000| Untracked 
| 132|0x0000000088400000, 0x0000000088500000, 0x0000000088500000|100%| O|  |TAMS 0x0000000088400000, 0x0000000088400000| Untracked 
| 133|0x0000000088500000, 0x0000000088600000, 0x0000000088600000|100%| O|  |TAMS 0x0000000088500000, 0x0000000088500000| Untracked 
| 134|0x0000000088600000, 0x0000000088600000, 0x0000000088700000|  0%| F|  |TAMS 0x0000000088600000, 0x0000000088600000| Untracked 
| 135|0x0000000088700000, 0x0000000088700000, 0x0000000088800000|  0%| F|  |TAMS 0x0000000088700000, 0x0000000088700000| Untracked 
| 136|0x0000000088800000, 0x0000000088800000, 0x0000000088900000|  0%| F|  |TAMS 0x0000000088800000, 0x0000000088800000| Untracked 
| 137|0x0000000088900000, 0x0000000088900000, 0x0000000088a00000|  0%| F|  |TAMS 0x0000000088900000, 0x0000000088900000| Untracked 
| 138|0x0000000088a00000, 0x0000000088a00000, 0x0000000088b00000|  0%| F|  |TAMS 0x0000000088a00000, 0x0000000088a00000| Untracked 
| 139|0x0000000088b00000, 0x0000000088b00000, 0x0000000088c00000|  0%| F|  |TAMS 0x0000000088b00000, 0x0000000088b00000| Untracked 
| 140|0x0000000088c00000, 0x0000000088c00000, 0x0000000088d00000|  0%| F|  |TAMS 0x0000000088c00000, 0x0000000088c00000| Untracked 
| 141|0x0000000088d00000, 0x0000000088d00000, 0x0000000088e00000|  0%| F|  |TAMS 0x0000000088d00000, 0x0000000088d00000| Untracked 
| 142|0x0000000088e00000, 0x0000000088e00000, 0x0000000088f00000|  0%| F|  |TAMS 0x0000000088e00000, 0x0000000088e00000| Untracked 
| 143|0x0000000088f00000, 0x0000000089000000, 0x0000000089000000|100%| S|CS|TAMS 0x0000000088f00000, 0x0000000088f00000| Complete 
| 144|0x0000000089000000, 0x0000000089100000, 0x0000000089100000|100%| S|CS|TAMS 0x0000000089000000, 0x0000000089000000| Complete 
| 145|0x0000000089100000, 0x0000000089200000, 0x0000000089200000|100%| S|CS|TAMS 0x0000000089100000, 0x0000000089100000| Complete 
| 146|0x0000000089200000, 0x0000000089300000, 0x0000000089300000|100%| S|CS|TAMS 0x0000000089200000, 0x0000000089200000| Complete 
| 147|0x0000000089300000, 0x0000000089400000, 0x0000000089400000|100%| S|CS|TAMS 0x0000000089300000, 0x0000000089300000| Complete 
| 148|0x0000000089400000, 0x0000000089500000, 0x0000000089500000|100%| S|CS|TAMS 0x0000000089400000, 0x0000000089400000| Complete 
| 149|0x0000000089500000, 0x0000000089600000, 0x0000000089600000|100%| S|CS|TAMS 0x0000000089500000, 0x0000000089500000| Complete 
| 150|0x0000000089600000, 0x0000000089700000, 0x0000000089700000|100%| S|CS|TAMS 0x0000000089600000, 0x0000000089600000| Complete 
| 151|0x0000000089700000, 0x0000000089800000, 0x0000000089800000|100%| S|CS|TAMS 0x0000000089700000, 0x0000000089700000| Complete 
| 152|0x0000000089800000, 0x0000000089900000, 0x0000000089900000|100%| S|CS|TAMS 0x0000000089800000, 0x0000000089800000| Complete 
| 153|0x0000000089900000, 0x0000000089a00000, 0x0000000089a00000|100%| S|CS|TAMS 0x0000000089900000, 0x0000000089900000| Complete 
| 154|0x0000000089a00000, 0x0000000089a00000, 0x0000000089b00000|  0%| F|  |TAMS 0x0000000089a00000, 0x0000000089a00000| Untracked 
| 155|0x0000000089b00000, 0x0000000089b00000, 0x0000000089c00000|  0%| F|  |TAMS 0x0000000089b00000, 0x0000000089b00000| Untracked 
| 156|0x0000000089c00000, 0x0000000089c00000, 0x0000000089d00000|  0%| F|  |TAMS 0x0000000089c00000, 0x0000000089c00000| Untracked 
| 157|0x0000000089d00000, 0x0000000089d00000, 0x0000000089e00000|  0%| F|  |TAMS 0x0000000089d00000, 0x0000000089d00000| Untracked 
| 158|0x0000000089e00000, 0x0000000089e00000, 0x0000000089f00000|  0%| F|  |TAMS 0x0000000089e00000, 0x0000000089e00000| Untracked 
| 159|0x0000000089f00000, 0x0000000089f00000, 0x000000008a000000|  0%| F|  |TAMS 0x0000000089f00000, 0x0000000089f00000| Untracked 
| 160|0x000000008a000000, 0x000000008a000000, 0x000000008a100000|  0%| F|  |TAMS 0x000000008a000000, 0x000000008a000000| Untracked 
| 161|0x000000008a100000, 0x000000008a100000, 0x000000008a200000|  0%| F|  |TAMS 0x000000008a100000, 0x000000008a100000| Untracked 
| 162|0x000000008a200000, 0x000000008a200000, 0x000000008a300000|  0%| F|  |TAMS 0x000000008a200000, 0x000000008a200000| Untracked 
| 163|0x000000008a300000, 0x000000008a300000, 0x000000008a400000|  0%| F|  |TAMS 0x000000008a300000, 0x000000008a300000| Untracked 
| 164|0x000000008a400000, 0x000000008a400000, 0x000000008a500000|  0%| F|  |TAMS 0x000000008a400000, 0x000000008a400000| Untracked 
| 165|0x000000008a500000, 0x000000008a500000, 0x000000008a600000|  0%| F|  |TAMS 0x000000008a500000, 0x000000008a500000| Untracked 
| 166|0x000000008a600000, 0x000000008a600000, 0x000000008a700000|  0%| F|  |TAMS 0x000000008a600000, 0x000000008a600000| Untracked 
| 167|0x000000008a700000, 0x000000008a700000, 0x000000008a800000|  0%| F|  |TAMS 0x000000008a700000, 0x000000008a700000| Untracked 
| 168|0x000000008a800000, 0x000000008a800000, 0x000000008a900000|  0%| F|  |TAMS 0x000000008a800000, 0x000000008a800000| Untracked 
| 169|0x000000008a900000, 0x000000008a900000, 0x000000008aa00000|  0%| F|  |TAMS 0x000000008a900000, 0x000000008a900000| Untracked 
| 170|0x000000008aa00000, 0x000000008aa00000, 0x000000008ab00000|  0%| F|  |TAMS 0x000000008aa00000, 0x000000008aa00000| Untracked 
| 171|0x000000008ab00000, 0x000000008ab00000, 0x000000008ac00000|  0%| F|  |TAMS 0x000000008ab00000, 0x000000008ab00000| Untracked 
| 172|0x000000008ac00000, 0x000000008ac00000, 0x000000008ad00000|  0%| F|  |TAMS 0x000000008ac00000, 0x000000008ac00000| Untracked 
| 173|0x000000008ad00000, 0x000000008ad00000, 0x000000008ae00000|  0%| F|  |TAMS 0x000000008ad00000, 0x000000008ad00000| Untracked 
| 174|0x000000008ae00000, 0x000000008ae00000, 0x000000008af00000|  0%| F|  |TAMS 0x000000008ae00000, 0x000000008ae00000| Untracked 
| 175|0x000000008af00000, 0x000000008af00000, 0x000000008b000000|  0%| F|  |TAMS 0x000000008af00000, 0x000000008af00000| Untracked 
| 176|0x000000008b000000, 0x000000008b000000, 0x000000008b100000|  0%| F|  |TAMS 0x000000008b000000, 0x000000008b000000| Untracked 
| 177|0x000000008b100000, 0x000000008b100000, 0x000000008b200000|  0%| F|  |TAMS 0x000000008b100000, 0x000000008b100000| Untracked 
| 178|0x000000008b200000, 0x000000008b200000, 0x000000008b300000|  0%| F|  |TAMS 0x000000008b200000, 0x000000008b200000| Untracked 
| 179|0x000000008b300000, 0x000000008b300000, 0x000000008b400000|  0%| F|  |TAMS 0x000000008b300000, 0x000000008b300000| Untracked 
| 180|0x000000008b400000, 0x000000008b400000, 0x000000008b500000|  0%| F|  |TAMS 0x000000008b400000, 0x000000008b400000| Untracked 
| 181|0x000000008b500000, 0x000000008b500000, 0x000000008b600000|  0%| F|  |TAMS 0x000000008b500000, 0x000000008b500000| Untracked 
| 182|0x000000008b600000, 0x000000008b600000, 0x000000008b700000|  0%| F|  |TAMS 0x000000008b600000, 0x000000008b600000| Untracked 
| 183|0x000000008b700000, 0x000000008b700000, 0x000000008b800000|  0%| F|  |TAMS 0x000000008b700000, 0x000000008b700000| Untracked 
| 184|0x000000008b800000, 0x000000008b800000, 0x000000008b900000|  0%| F|  |TAMS 0x000000008b800000, 0x000000008b800000| Untracked 
| 185|0x000000008b900000, 0x000000008b900000, 0x000000008ba00000|  0%| F|  |TAMS 0x000000008b900000, 0x000000008b900000| Untracked 
| 186|0x000000008ba00000, 0x000000008ba00000, 0x000000008bb00000|  0%| F|  |TAMS 0x000000008ba00000, 0x000000008ba00000| Untracked 
| 187|0x000000008bb00000, 0x000000008bb00000, 0x000000008bc00000|  0%| F|  |TAMS 0x000000008bb00000, 0x000000008bb00000| Untracked 
| 188|0x000000008bc00000, 0x000000008bc00000, 0x000000008bd00000|  0%| F|  |TAMS 0x000000008bc00000, 0x000000008bc00000| Untracked 
| 189|0x000000008bd00000, 0x000000008bd00000, 0x000000008be00000|  0%| F|  |TAMS 0x000000008bd00000, 0x000000008bd00000| Untracked 
| 190|0x000000008be00000, 0x000000008be00000, 0x000000008bf00000|  0%| F|  |TAMS 0x000000008be00000, 0x000000008be00000| Untracked 
| 191|0x000000008bf00000, 0x000000008bf00000, 0x000000008c000000|  0%| F|  |TAMS 0x000000008bf00000, 0x000000008bf00000| Untracked 
| 192|0x000000008c000000, 0x000000008c000000, 0x000000008c100000|  0%| F|  |TAMS 0x000000008c000000, 0x000000008c000000| Untracked 
| 193|0x000000008c100000, 0x000000008c100000, 0x000000008c200000|  0%| F|  |TAMS 0x000000008c100000, 0x000000008c100000| Untracked 
| 194|0x000000008c200000, 0x000000008c200000, 0x000000008c300000|  0%| F|  |TAMS 0x000000008c200000, 0x000000008c200000| Untracked 
| 195|0x000000008c300000, 0x000000008c300000, 0x000000008c400000|  0%| F|  |TAMS 0x000000008c300000, 0x000000008c300000| Untracked 
| 196|0x000000008c400000, 0x000000008c400000, 0x000000008c500000|  0%| F|  |TAMS 0x000000008c400000, 0x000000008c400000| Untracked 
| 197|0x000000008c500000, 0x000000008c500000, 0x000000008c600000|  0%| F|  |TAMS 0x000000008c500000, 0x000000008c500000| Untracked 
| 198|0x000000008c600000, 0x000000008c600000, 0x000000008c700000|  0%| F|  |TAMS 0x000000008c600000, 0x000000008c600000| Untracked 
| 199|0x000000008c700000, 0x000000008c700000, 0x000000008c800000|  0%| F|  |TAMS 0x000000008c700000, 0x000000008c700000| Untracked 
| 200|0x000000008c800000, 0x000000008c800000, 0x000000008c900000|  0%| F|  |TAMS 0x000000008c800000, 0x000000008c800000| Untracked 
| 201|0x000000008c900000, 0x000000008c900000, 0x000000008ca00000|  0%| F|  |TAMS 0x000000008c900000, 0x000000008c900000| Untracked 
| 202|0x000000008ca00000, 0x000000008ca00000, 0x000000008cb00000|  0%| F|  |TAMS 0x000000008ca00000, 0x000000008ca00000| Untracked 
| 203|0x000000008cb00000, 0x000000008cb00000, 0x000000008cc00000|  0%| F|  |TAMS 0x000000008cb00000, 0x000000008cb00000| Untracked 
| 204|0x000000008cc00000, 0x000000008cc00000, 0x000000008cd00000|  0%| F|  |TAMS 0x000000008cc00000, 0x000000008cc00000| Untracked 
| 205|0x000000008cd00000, 0x000000008cd00000, 0x000000008ce00000|  0%| F|  |TAMS 0x000000008cd00000, 0x000000008cd00000| Untracked 
| 206|0x000000008ce00000, 0x000000008ce00000, 0x000000008cf00000|  0%| F|  |TAMS 0x000000008ce00000, 0x000000008ce00000| Untracked 
| 207|0x000000008cf00000, 0x000000008cf00000, 0x000000008d000000|  0%| F|  |TAMS 0x000000008cf00000, 0x000000008cf00000| Untracked 
| 208|0x000000008d000000, 0x000000008d000000, 0x000000008d100000|  0%| F|  |TAMS 0x000000008d000000, 0x000000008d000000| Untracked 
| 209|0x000000008d100000, 0x000000008d100000, 0x000000008d200000|  0%| F|  |TAMS 0x000000008d100000, 0x000000008d100000| Untracked 
| 210|0x000000008d200000, 0x000000008d200000, 0x000000008d300000|  0%| F|  |TAMS 0x000000008d200000, 0x000000008d200000| Untracked 
| 211|0x000000008d300000, 0x000000008d300000, 0x000000008d400000|  0%| F|  |TAMS 0x000000008d300000, 0x000000008d300000| Untracked 
| 212|0x000000008d400000, 0x000000008d400000, 0x000000008d500000|  0%| F|  |TAMS 0x000000008d400000, 0x000000008d400000| Untracked 
| 213|0x000000008d500000, 0x000000008d500000, 0x000000008d600000|  0%| F|  |TAMS 0x000000008d500000, 0x000000008d500000| Untracked 
| 214|0x000000008d600000, 0x000000008d6f95e8, 0x000000008d700000| 97%| E|  |TAMS 0x000000008d600000, 0x000000008d600000| Complete 
| 215|0x000000008d700000, 0x000000008d800000, 0x000000008d800000|100%| E|CS|TAMS 0x000000008d700000, 0x000000008d700000| Complete 
| 216|0x000000008d800000, 0x000000008d900000, 0x000000008d900000|100%| E|CS|TAMS 0x000000008d800000, 0x000000008d800000| Complete 
| 217|0x000000008d900000, 0x000000008da00000, 0x000000008da00000|100%| E|CS|TAMS 0x000000008d900000, 0x000000008d900000| Complete 
| 218|0x000000008da00000, 0x000000008db00000, 0x000000008db00000|100%| E|CS|TAMS 0x000000008da00000, 0x000000008da00000| Complete 
| 219|0x000000008db00000, 0x000000008dc00000, 0x000000008dc00000|100%| E|CS|TAMS 0x000000008db00000, 0x000000008db00000| Complete 
| 220|0x000000008dc00000, 0x000000008dd00000, 0x000000008dd00000|100%| E|CS|TAMS 0x000000008dc00000, 0x000000008dc00000| Complete 
| 221|0x000000008dd00000, 0x000000008de00000, 0x000000008de00000|100%| E|CS|TAMS 0x000000008dd00000, 0x000000008dd00000| Complete 
| 222|0x000000008de00000, 0x000000008df00000, 0x000000008df00000|100%| E|CS|TAMS 0x000000008de00000, 0x000000008de00000| Complete 
| 223|0x000000008df00000, 0x000000008e000000, 0x000000008e000000|100%| E|CS|TAMS 0x000000008df00000, 0x000000008df00000| Complete 

Card table byte_map: [0x0000028cf30c0000,0x0000028cf34c0000] _byte_map_base: 0x0000028cf2cc0000

Marking Bits (Prev, Next): (CMBitMap*) 0x0000028ceeed0450, (CMBitMap*) 0x0000028ceeed0418
 Prev Bits: [0x0000028cf58c0000, 0x0000028cf78c0000)
 Next Bits: [0x0000028cf38c0000, 0x0000028cf58c0000)

Polling page: 0x0000028ceccc0000

Metaspace:

Usage:
  Non-class:     84.49 MB capacity,    82.97 MB ( 98%) used,     1.22 MB (  1%) free+waste,   301.31 KB ( <1%) overhead. 
      Class:     13.53 MB capacity,    12.56 MB ( 93%) used,   854.47 KB (  6%) free+waste,   137.38 KB ( <1%) overhead. 
       Both:     98.02 MB capacity,    95.53 MB ( 97%) used,     2.06 MB (  2%) free+waste,   438.69 KB ( <1%) overhead. 

Virtual space:
  Non-class space:       86.00 MB reserved,      84.50 MB ( 98%) committed 
      Class space:        1.00 GB reserved,      13.61 MB (  1%) committed 
             Both:        1.08 GB reserved,      98.11 MB (  9%) committed 

Chunk freelists:
   Non-Class:  10.00 KB
       Class:  4.00 KB
        Both:  14.00 KB

MaxMetaspaceSize: 17179869184.00 GB
CompressedClassSpaceSize: 1.00 GB
Initial GC threshold: 20.80 MB
Current GC threshold: 98.11 MB
CDS: off

CodeHeap 'non-profiled nmethods': size=120000Kb used=6518Kb max_used=6518Kb free=113481Kb
 bounds [0x0000028c87ad0000, 0x0000028c88130000, 0x0000028c8f000000]
CodeHeap 'profiled nmethods': size=120000Kb used=24173Kb max_used=24173Kb free=95827Kb
 bounds [0x0000028c805a0000, 0x0000028c81d40000, 0x0000028c87ad0000]
CodeHeap 'non-nmethods': size=5760Kb used=2401Kb max_used=2453Kb free=3358Kb
 bounds [0x0000028c80000000, 0x0000028c80280000, 0x0000028c805a0000]
 total_blobs=12200 nmethods=11281 adapters=831
 compilation: enabled
              stopped_count=0, restarted_count=0
 full_count=0

Compilation events (20 events):
Event: 21.227 Thread 0x0000028cfac00800 nmethod 11349 0x0000028c81d1bf90 code [0x0000028c81d1c140, 0x0000028c81d1c238]
Event: 21.227 Thread 0x0000028cfac00800 11355       3       com.android.tools.r8.internal.R9::a (4 bytes)
Event: 21.227 Thread 0x0000028cfac00800 nmethod 11355 0x0000028c81d1c310 code [0x0000028c81d1c4c0, 0x0000028c81d1c5f8]
Event: 21.227 Thread 0x0000028cfac00800 11360       3       com.android.tools.r8.internal.fE::a (18 bytes)
Event: 21.227 Thread 0x0000028cfac00800 nmethod 11360 0x0000028c81d1c690 code [0x0000028c81d1c860, 0x0000028c81d1ca78]
Event: 21.227 Thread 0x0000028cfac00800 11357       3       com.android.tools.r8.internal.ic::<init> (5 bytes)
Event: 21.227 Thread 0x0000028cfac00800 nmethod 11357 0x0000028c81d1cb90 code [0x0000028c81d1cd40, 0x0000028c81d1ce98]
Event: 21.227 Thread 0x0000028cfac00800 11359       3       com.android.tools.r8.internal.fE::a (13 bytes)
Event: 21.227 Thread 0x0000028cfac00800 nmethod 11359 0x0000028c81d1cf90 code [0x0000028c81d1d140, 0x0000028c81d1d258]
Event: 21.227 Thread 0x0000028cfac00800 11363       3       com.android.tools.r8.internal.kc::a (33 bytes)
Event: 21.227 Thread 0x0000028cfac00800 nmethod 11363 0x0000028c81d1d310 code [0x0000028c81d1d500, 0x0000028c81d1d8f8]
Event: 21.227 Thread 0x0000028cfac00800 11365       3       com.android.tools.r8.graph.q0::W0 (17 bytes)
Event: 21.228 Thread 0x0000028cfac00800 nmethod 11365 0x0000028c81d1da90 code [0x0000028c81d1dc40, 0x0000028c81d1de18]
Event: 21.228 Thread 0x0000028cfac00800 11366       3       com.android.tools.r8.internal.VP::size (6 bytes)
Event: 21.228 Thread 0x0000028cfac00800 nmethod 11366 0x0000028c81d1df10 code [0x0000028c81d1e0c0, 0x0000028c81d1e1d8]
Event: 21.228 Thread 0x0000028cfac00800 11361       3       com.android.tools.r8.graph.O::f0 (2 bytes)
Event: 21.228 Thread 0x0000028cfac00800 nmethod 11361 0x0000028c81d1e290 code [0x0000028c81d1e440, 0x0000028c81d1e538]
Event: 21.228 Thread 0x0000028cfac00800 11367       3       com.android.tools.r8.internal.rs::l0 (18 bytes)
Event: 21.228 Thread 0x0000028cfac00800 nmethod 11367 0x0000028c81d1e610 code [0x0000028c81d1e7e0, 0x0000028c81d1ea08]
Event: 21.228 Thread 0x0000028cfac00800 11372  s    3       com.android.tools.r8.ir.conversion.r::c (66 bytes)

GC Heap History (20 events):
Event: 7.032 GC heap before
{Heap before GC invocations=4 (full 0):
 garbage-first heap   total 229376K, used 115613K [0x0000000080000000, 0x0000000100000000)
  region size 1024K, 98 young (100352K), 1 survivors (1024K)
 Metaspace       used 34920K, capacity 35727K, committed 35840K, reserved 1081344K
  class space    used 4534K, capacity 4839K, committed 4864K, reserved 1048576K
}
Event: 7.054 GC heap after
{Heap after GC invocations=5 (full 0):
 garbage-first heap   total 229376K, used 21753K [0x0000000080000000, 0x0000000100000000)
  region size 1024K, 6 young (6144K), 6 survivors (6144K)
 Metaspace       used 34920K, capacity 35727K, committed 35840K, reserved 1081344K
  class space    used 4534K, capacity 4839K, committed 4864K, reserved 1048576K
}
Event: 9.572 GC heap before
{Heap before GC invocations=6 (full 0):
 garbage-first heap   total 229376K, used 141561K [0x0000000080000000, 0x0000000100000000)
  region size 1024K, 120 young (122880K), 6 survivors (6144K)
 Metaspace       used 44812K, capacity 45815K, committed 45952K, reserved 1089536K
  class space    used 5777K, capacity 6163K, committed 6272K, reserved 1048576K
}
Event: 9.584 GC heap after
{Heap after GC invocations=7 (full 0):
 garbage-first heap   total 229376K, used 29129K [0x0000000080000000, 0x0000000100000000)
  region size 1024K, 13 young (13312K), 13 survivors (13312K)
 Metaspace       used 44812K, capacity 45815K, committed 45952K, reserved 1089536K
  class space    used 5777K, capacity 6163K, committed 6272K, reserved 1048576K
}
Event: 12.118 GC heap before
{Heap before GC invocations=7 (full 0):
 garbage-first heap   total 229376K, used 156105K [0x0000000080000000, 0x0000000100000000)
  region size 1024K, 134 young (137216K), 13 survivors (13312K)
 Metaspace       used 52845K, capacity 54193K, committed 54400K, reserved 1095680K
  class space    used 6774K, capacity 7278K, committed 7296K, reserved 1048576K
}
Event: 12.138 GC heap after
{Heap after GC invocations=8 (full 0):
 garbage-first heap   total 229376K, used 42864K [0x0000000080000000, 0x0000000100000000)
  region size 1024K, 17 young (17408K), 17 survivors (17408K)
 Metaspace       used 52845K, capacity 54193K, committed 54400K, reserved 1095680K
  class space    used 6774K, capacity 7278K, committed 7296K, reserved 1048576K
}
Event: 12.957 GC heap before
{Heap before GC invocations=8 (full 0):
 garbage-first heap   total 229376K, used 78704K [0x0000000080000000, 0x0000000100000000)
  region size 1024K, 53 young (54272K), 17 survivors (17408K)
 Metaspace       used 58449K, capacity 59873K, committed 59904K, reserved 1101824K
  class space    used 7398K, capacity 7929K, committed 7936K, reserved 1048576K
}
Event: 12.993 GC heap after
{Heap after GC invocations=9 (full 0):
 garbage-first heap   total 229376K, used 45556K [0x0000000080000000, 0x0000000100000000)
  region size 1024K, 3 young (3072K), 3 survivors (3072K)
 Metaspace       used 58449K, capacity 59873K, committed 59904K, reserved 1101824K
  class space    used 7398K, capacity 7929K, committed 7936K, reserved 1048576K
}
Event: 14.697 GC heap before
{Heap before GC invocations=10 (full 0):
 garbage-first heap   total 229376K, used 154100K [0x0000000080000000, 0x0000000100000000)
  region size 1024K, 109 young (111616K), 3 survivors (3072K)
 Metaspace       used 66358K, capacity 67957K, committed 68216K, reserved 1107968K
  class space    used 8448K, capacity 9054K, committed 9080K, reserved 1048576K
}
Event: 14.707 GC heap after
{Heap after GC invocations=11 (full 0):
 garbage-first heap   total 229376K, used 52399K [0x0000000080000000, 0x0000000100000000)
  region size 1024K, 10 young (10240K), 10 survivors (10240K)
 Metaspace       used 66358K, capacity 67957K, committed 68216K, reserved 1107968K
  class space    used 8448K, capacity 9054K, committed 9080K, reserved 1048576K
}
Event: 16.593 GC heap before
{Heap before GC invocations=11 (full 0):
 garbage-first heap   total 229376K, used 160943K [0x0000000080000000, 0x0000000100000000)
  region size 1024K, 116 young (118784K), 10 survivors (10240K)
 Metaspace       used 77054K, capacity 78876K, committed 79224K, reserved 1118208K
  class space    used 10098K, capacity 10767K, committed 10872K, reserved 1048576K
}
Event: 16.613 GC heap after
{Heap after GC invocations=12 (full 0):
 garbage-first heap   total 229376K, used 58731K [0x0000000080000000, 0x0000000100000000)
  region size 1024K, 7 young (7168K), 7 survivors (7168K)
 Metaspace       used 77054K, capacity 78876K, committed 79224K, reserved 1118208K
  class space    used 10098K, capacity 10767K, committed 10872K, reserved 1048576K
}
Event: 18.802 GC heap before
{Heap before GC invocations=12 (full 0):
 garbage-first heap   total 229376K, used 166251K [0x0000000080000000, 0x0000000100000000)
  region size 1024K, 113 young (115712K), 7 survivors (7168K)
 Metaspace       used 84222K, capacity 86446K, committed 86648K, reserved 1124352K
  class space    used 10992K, capacity 11842K, committed 11896K, reserved 1048576K
}
Event: 18.822 GC heap after
{Heap after GC invocations=13 (full 0):
 garbage-first heap   total 229376K, used 67584K [0x0000000080000000, 0x0000000100000000)
  region size 1024K, 15 young (15360K), 15 survivors (15360K)
 Metaspace       used 84222K, capacity 86446K, committed 86648K, reserved 1124352K
  class space    used 10992K, capacity 11842K, committed 11896K, reserved 1048576K
}
Event: 19.818 GC heap before
{Heap before GC invocations=13 (full 0):
 garbage-first heap   total 229376K, used 171008K [0x0000000080000000, 0x0000000100000000)
  region size 1024K, 117 young (119808K), 15 survivors (15360K)
 Metaspace       used 87175K, capacity 89436K, committed 89592K, reserved 1126400K
  class space    used 11336K, capacity 12194K, committed 12280K, reserved 1048576K
}
Event: 19.837 GC heap after
{Heap after GC invocations=14 (full 0):
 garbage-first heap   total 229376K, used 74333K [0x0000000080000000, 0x0000000100000000)
  region size 1024K, 7 young (7168K), 7 survivors (7168K)
 Metaspace       used 87175K, capacity 89436K, committed 89592K, reserved 1126400K
  class space    used 11336K, capacity 12194K, committed 12280K, reserved 1048576K
}
Event: 20.513 GC heap before
{Heap before GC invocations=14 (full 0):
 garbage-first heap   total 229376K, used 192093K [0x0000000080000000, 0x0000000100000000)
  region size 1024K, 107 young (109568K), 7 survivors (7168K)
 Metaspace       used 93413K, capacity 95762K, committed 95992K, reserved 1132544K
  class space    used 12113K, capacity 12999K, committed 13048K, reserved 1048576K
}
Event: 20.533 GC heap after
{Heap after GC invocations=15 (full 0):
 garbage-first heap   total 229376K, used 104728K [0x0000000080000000, 0x0000000100000000)
  region size 1024K, 14 young (14336K), 14 survivors (14336K)
 Metaspace       used 93413K, capacity 95762K, committed 95992K, reserved 1132544K
  class space    used 12113K, capacity 12999K, committed 13048K, reserved 1048576K
}
Event: 21.151 GC heap before
{Heap before GC invocations=15 (full 0):
 garbage-first heap   total 229376K, used 175384K [0x0000000080000000, 0x0000000100000000)
  region size 1024K, 84 young (86016K), 14 survivors (14336K)
 Metaspace       used 97528K, capacity 100049K, committed 100088K, reserved 1136640K
  class space    used 12820K, capacity 13789K, committed 13816K, reserved 1048576K
}
Event: 21.194 GC heap after
{Heap after GC invocations=16 (full 0):
 garbage-first heap   total 229376K, used 134144K [0x0000000080000000, 0x0000000100000000)
  region size 1024K, 11 young (11264K), 11 survivors (11264K)
 Metaspace       used 97528K, capacity 100049K, committed 100088K, reserved 1136640K
  class space    used 12820K, capacity 13789K, committed 13816K, reserved 1048576K
}

Deoptimization events (20 events):
Event: 21.012 Thread 0x0000028cfd720800 Uncommon trap: trap_request=0xffffffde fr.pc=0x0000028c880f3f54 relative=0x0000000000000274
Event: 21.012 Thread 0x0000028cfd720800 Uncommon trap: reason=class_check action=maybe_recompile pc=0x0000028c880f3f54 method=java.util.Map.computeIfAbsent(Ljava/lang/Object;Ljava/util/function/Function;)Ljava/lang/Object; @ 7 c2
Event: 21.012 Thread 0x0000028cfd720800 DEOPT PACKING pc=0x0000028c880f3f54 sp=0x0000009e019fdd40
Event: 21.012 Thread 0x0000028cfd720800 DEOPT UNPACKING pc=0x0000028c8004a1af sp=0x0000009e019fdcf8 mode 2
Event: 21.204 Thread 0x0000028c8f68d800 Uncommon trap: trap_request=0xffffffde fr.pc=0x0000028c88128848 relative=0x0000000000000088
Event: 21.204 Thread 0x0000028c8f68d800 Uncommon trap: reason=class_check action=maybe_recompile pc=0x0000028c88128848 method=com.android.tools.r8.graph.L2.b(Ljava/util/function/Predicate;Ljava/util/function/Consumer;Lcom/android/tools/r8/graph/q0;)V @ 2 c2
Event: 21.204 Thread 0x0000028c8f68d800 DEOPT PACKING pc=0x0000028c88128848 sp=0x0000009e025fe6b0
Event: 21.204 Thread 0x0000028c8f68c000 Uncommon trap: trap_request=0xffffffde fr.pc=0x0000028c88128848 relative=0x0000000000000088
Event: 21.204 Thread 0x0000028c8f68d800 DEOPT UNPACKING pc=0x0000028c8004a1af sp=0x0000009e025fe5d8 mode 2
Event: 21.204 Thread 0x0000028c8f693800 Uncommon trap: trap_request=0xffffffde fr.pc=0x0000028c88128848 relative=0x0000000000000088
Event: 21.204 Thread 0x0000028c8f68a800 Uncommon trap: trap_request=0xffffffde fr.pc=0x0000028c88128848 relative=0x0000000000000088
Event: 21.204 Thread 0x0000028c8f693800 Uncommon trap: reason=class_check action=maybe_recompile pc=0x0000028c88128848 method=com.android.tools.r8.graph.L2.b(Ljava/util/function/Predicate;Ljava/util/function/Consumer;Lcom/android/tools/r8/graph/q0;)V @ 2 c2
Event: 21.204 Thread 0x0000028c8f68a800 Uncommon trap: reason=class_check action=maybe_recompile pc=0x0000028c88128848 method=com.android.tools.r8.graph.L2.b(Ljava/util/function/Predicate;Ljava/util/function/Consumer;Lcom/android/tools/r8/graph/q0;)V @ 2 c2
Event: 21.204 Thread 0x0000028c8f693800 DEOPT PACKING pc=0x0000028c88128848 sp=0x0000009e022fe8e0
Event: 21.204 Thread 0x0000028c8f68c000 Uncommon trap: reason=class_check action=maybe_recompile pc=0x0000028c88128848 method=com.android.tools.r8.graph.L2.b(Ljava/util/function/Predicate;Ljava/util/function/Consumer;Lcom/android/tools/r8/graph/q0;)V @ 2 c2
Event: 21.204 Thread 0x0000028c8f68c000 DEOPT PACKING pc=0x0000028c88128848 sp=0x0000009e021fea90
Event: 21.204 Thread 0x0000028c8f693800 DEOPT UNPACKING pc=0x0000028c8004a1af sp=0x0000009e022fe808 mode 2
Event: 21.204 Thread 0x0000028c8f68c000 DEOPT UNPACKING pc=0x0000028c8004a1af sp=0x0000009e021fe9b8 mode 2
Event: 21.204 Thread 0x0000028c8f68a800 DEOPT PACKING pc=0x0000028c88128848 sp=0x0000009e01ffe9e0
Event: 21.204 Thread 0x0000028c8f68a800 DEOPT UNPACKING pc=0x0000028c8004a1af sp=0x0000009e01ffe908 mode 2

Classes redefined (0 events):
No events

Internal exceptions (20 events):
Event: 19.605 Thread 0x0000028cfd71d000 Exception <a 'java/lang/NoSuchMethodError'{0x000000008998e5e0}: 'int java.lang.invoke.DirectMethodHandle$Holder.invokeSpecial(java.lang.Object, java.lang.Object, java.lang.Object, java.lang.Object, java.lang.Object)'> (0x000000008998e5e0) thrown at [./src/hotspot/share/interpreter/linkResolver.cpp, line 773]
Event: 19.662 Thread 0x0000028c91828000 Implicit null exception at 0x0000028c88062bf6 to 0x0000028c88063244
Event: 20.082 Thread 0x0000028cfd720800 Exception <a 'sun/nio/fs/WindowsException'{0x000000008b94d918}> (0x000000008b94d918) thrown at [./src/hotspot/share/prims/jni.cpp, line 615]
Event: 20.255 Thread 0x0000028cfd720800 Exception <a 'java/lang/NoSuchMethodError'{0x000000008a5b5738}: 'java.lang.Object java.lang.invoke.DirectMethodHandle$Holder.invokeStaticInit(java.lang.Object, java.lang.Object, java.lang.Object, java.lang.Object, java.lang.Object, java.lang.Object, java.lang.Object, java.lang.Object, java.lang.Object, java.lang.Object, java.lang.Object, java.lang.Object, java.lang.Object, java.lang.Object, java.lang.Object, java.lang.Object, java.lang.Object, java.lang.Object, int, java.lang.Object, java.lang.Object)'> (0
Event: 20.327 Thread 0x0000028cfd71f800 Exception <a 'java/lang/NoSuchMethodError'{0x00000000897db2f8}: 'void java.lang.invoke.DirectMethodHandle$Holder.invokeStatic(java.lang.Object, long)'> (0x00000000897db2f8) thrown at [./src/hotspot/share/interpreter/linkResolver.cpp, line 773]
Event: 20.327 Thread 0x0000028cfd71f800 Exception <a 'java/lang/NoSuchMethodError'{0x00000000897e0510}: 'java.lang.Object java.lang.invoke.DirectMethodHandle$Holder.invokeStatic(java.lang.Object, long)'> (0x00000000897e0510) thrown at [./src/hotspot/share/interpreter/linkResolver.cpp, line 773]
Event: 20.329 Thread 0x0000028cfd71f800 Exception <a 'java/lang/NoSuchMethodError'{0x00000000897ee878}: 'java.lang.Object java.lang.invoke.DirectMethodHandle$Holder.invokeStaticInit(java.lang.Object, java.lang.Object, long, java.lang.Object)'> (0x00000000897ee878) thrown at [./src/hotspot/share/interpreter/linkResolver.cpp, line 773]
Event: 20.330 Thread 0x0000028cfd71f800 Exception <a 'java/lang/NoSuchMethodError'{0x00000000897f4a10}: 'java.lang.Object java.lang.invoke.DirectMethodHandle$Holder.invokeStatic(java.lang.Object, java.lang.Object, long)'> (0x00000000897f4a10) thrown at [./src/hotspot/share/interpreter/linkResolver.cpp, line 773]
Event: 20.330 Thread 0x0000028cfd71f800 Exception <a 'java/lang/NoSuchMethodError'{0x00000000897faf88}: 'java.lang.Object java.lang.invoke.Invokers$Holder.linkToTargetMethod(java.lang.Object, long, java.lang.Object)'> (0x00000000897faf88) thrown at [./src/hotspot/share/interpreter/linkResolver.cpp, line 773]
Event: 20.424 Thread 0x0000028cfd71f800 Exception <a 'java/lang/NoSuchMethodError'{0x0000000088bb9840}: 'int java.lang.invoke.DirectMethodHandle$Holder.invokeSpecialIFC(java.lang.Object, java.lang.Object, java.lang.Object)'> (0x0000000088bb9840) thrown at [./src/hotspot/share/interpreter/linkResolver.cpp, line 773]
Event: 20.506 Thread 0x0000028c8f691800 Exception <a 'java/lang/IncompatibleClassChangeError'{0x0000000087c33948}: Found class java.lang.Object, but interface was expected> (0x0000000087c33948) thrown at [./src/hotspot/share/interpreter/linkResolver.cpp, line 839]
Event: 20.506 Thread 0x0000028c8f691000 Exception <a 'java/lang/IncompatibleClassChangeError'{0x0000000087c64038}: Found class java.lang.Object, but interface was expected> (0x0000000087c64038) thrown at [./src/hotspot/share/interpreter/linkResolver.cpp, line 839]
Event: 20.564 Thread 0x0000028c8f68c000 Exception <a 'java/lang/NoSuchMethodError'{0x000000008de495e8}: 'java.lang.Object java.lang.invoke.DirectMethodHandle$Holder.newInvokeSpecial(java.lang.Object, int)'> (0x000000008de495e8) thrown at [./src/hotspot/share/interpreter/linkResolver.cpp, line 773]
Event: 20.638 Thread 0x0000028c8f68a800 Exception <a 'java/lang/IncompatibleClassChangeError'{0x000000008db95c28}: Found class java.lang.Object, but interface was expected> (0x000000008db95c28) thrown at [./src/hotspot/share/interpreter/linkResolver.cpp, line 839]
Event: 20.638 Thread 0x0000028c8f68c000 Exception <a 'java/lang/IncompatibleClassChangeError'{0x000000008db9f680}: Found class java.lang.Object, but interface was expected> (0x000000008db9f680) thrown at [./src/hotspot/share/interpreter/linkResolver.cpp, line 839]
Event: 20.638 Thread 0x0000028c8f68c000 Exception <a 'java/lang/IncompatibleClassChangeError'{0x000000008dbadb00}: Found class java.lang.Object, but interface was expected> (0x000000008dbadb00) thrown at [./src/hotspot/share/interpreter/linkResolver.cpp, line 839]
Event: 20.638 Thread 0x0000028c8f692800 Exception <a 'java/lang/IncompatibleClassChangeError'{0x000000008db879f0}: Found class java.lang.Object, but interface was expected> (0x000000008db879f0) thrown at [./src/hotspot/share/interpreter/linkResolver.cpp, line 839]
Event: 20.638 Thread 0x0000028c8f693800 Exception <a 'java/lang/IncompatibleClassChangeError'{0x000000008dbabd78}: Found class java.lang.Object, but interface was expected> (0x000000008dbabd78) thrown at [./src/hotspot/share/interpreter/linkResolver.cpp, line 839]
Event: 20.638 Thread 0x0000028c8f691800 Exception <a 'java/lang/IncompatibleClassChangeError'{0x000000008db89eb0}: Found class java.lang.Object, but interface was expected> (0x000000008db89eb0) thrown at [./src/hotspot/share/interpreter/linkResolver.cpp, line 839]
Event: 21.033 Thread 0x0000028cfd720800 Exception <a 'java/lang/IncompatibleClassChangeError'{0x0000000089fea280}: Found class java.lang.Object, but interface was expected> (0x0000000089fea280) thrown at [./src/hotspot/share/interpreter/linkResolver.cpp, line 839]

Events (20 events):
Event: 21.210 Executing coalesced safepoint VM operation: RevokeBias done
Event: 21.210 Executing coalesced safepoint VM operation: RevokeBias
Event: 21.210 Executing coalesced safepoint VM operation: RevokeBias done
Event: 21.210 Executing coalesced safepoint VM operation: RevokeBias
Event: 21.210 Executing coalesced safepoint VM operation: RevokeBias done
Event: 21.210 Executing coalesced safepoint VM operation: RevokeBias
Event: 21.210 Executing coalesced safepoint VM operation: RevokeBias done
Event: 21.210 Executing VM operation: RevokeBias done
Event: 21.211 Executing VM operation: RevokeBias
Event: 21.211 Executing coalesced safepoint VM operation: RevokeBias
Event: 21.211 Executing coalesced safepoint VM operation: RevokeBias done
Event: 21.211 Executing coalesced safepoint VM operation: RevokeBias
Event: 21.211 Executing coalesced safepoint VM operation: RevokeBias done
Event: 21.211 Executing coalesced safepoint VM operation: BulkRevokeBias
Event: 21.213 Executing coalesced safepoint VM operation: BulkRevokeBias done
Event: 21.213 Executing coalesced safepoint VM operation: RevokeBias
Event: 21.213 Executing coalesced safepoint VM operation: RevokeBias done
Event: 21.213 Executing coalesced safepoint VM operation: RevokeBias
Event: 21.213 Executing coalesced safepoint VM operation: RevokeBias done
Event: 21.213 Executing VM operation: RevokeBias done


Dynamic libraries:
0x00007ff7bc570000 - 0x00007ff7bc57a000 	C:\Program Files\Android\Android Studio\jre\bin\java.exe
0x00007ff8f8b10000 - 0x00007ff8f8cfd000 	C:\Windows\SYSTEM32\ntdll.dll
0x00007ff8f84f0000 - 0x00007ff8f85a3000 	C:\Windows\System32\KERNEL32.DLL
0x00007ff8f5810000 - 0x00007ff8f5aa5000 	C:\Windows\System32\KERNELBASE.dll
0x00007ff8f5710000 - 0x00007ff8f580a000 	C:\Windows\System32\ucrtbase.dll
0x00007ff8e1150000 - 0x00007ff8e1169000 	C:\Program Files\Android\Android Studio\jre\bin\jli.dll
0x00007ff8e1130000 - 0x00007ff8e1147000 	C:\Program Files\Android\Android Studio\jre\bin\VCRUNTIME140.dll
0x00007ff8f5d60000 - 0x00007ff8f5ef7000 	C:\Windows\System32\USER32.dll
0x00007ff8f54a0000 - 0x00007ff8f54c0000 	C:\Windows\System32\win32u.dll
0x00007ff8e3210000 - 0x00007ff8e3489000 	C:\Windows\WinSxS\amd64_microsoft.windows.common-controls_6595b64144ccf1df_6.0.17763.1577_none_de7444545348a3d0\COMCTL32.dll
0x00007ff8f8a30000 - 0x00007ff8f8a59000 	C:\Windows\System32\GDI32.dll
0x00007ff8f5b10000 - 0x00007ff8f5cac000 	C:\Windows\System32\gdi32full.dll
0x00007ff8f88e0000 - 0x00007ff8f897e000 	C:\Windows\System32\msvcrt.dll
0x00007ff8f5400000 - 0x00007ff8f54a0000 	C:\Windows\System32\msvcp_win.dll
0x00007ff8f85b0000 - 0x00007ff8f88dd000 	C:\Windows\System32\combase.dll
0x00007ff8f7fa0000 - 0x00007ff8f80c2000 	C:\Windows\System32\RPCRT4.dll
0x00007ff8f5380000 - 0x00007ff8f53fe000 	C:\Windows\System32\bcryptPrimitives.dll
0x00007ff8f7f60000 - 0x00007ff8f7f8e000 	C:\Windows\System32\IMM32.DLL
0x00007ff8afcb0000 - 0x00007ff8afd4d000 	C:\Program Files\Android\Android Studio\jre\bin\msvcp140.dll
0x00007ff8b4520000 - 0x00007ff8b5005000 	C:\Program Files\Android\Android Studio\jre\bin\server\jvm.dll
0x00007ff8f8980000 - 0x00007ff8f8a23000 	C:\Windows\System32\ADVAPI32.dll
0x00007ff8f6170000 - 0x00007ff8f620e000 	C:\Windows\System32\sechost.dll
0x00007ff8f7f90000 - 0x00007ff8f7f98000 	C:\Windows\System32\PSAPI.DLL
0x00007ff8e5650000 - 0x00007ff8e5659000 	C:\Windows\SYSTEM32\WSOCK32.dll
0x00007ff8f81d0000 - 0x00007ff8f823d000 	C:\Windows\System32\WS2_32.dll
0x00007ff8f2b90000 - 0x00007ff8f2bb4000 	C:\Windows\SYSTEM32\WINMM.dll
0x00007ff8efea0000 - 0x00007ff8efeaa000 	C:\Windows\SYSTEM32\VERSION.dll
0x00007ff8f2b60000 - 0x00007ff8f2b8d000 	C:\Windows\SYSTEM32\WINMMBASE.dll
0x00007ff8f54c0000 - 0x00007ff8f550a000 	C:\Windows\System32\cfgmgr32.dll
0x00007ff8f4bb0000 - 0x00007ff8f4bc1000 	C:\Windows\System32\kernel.appcore.dll
0x00007ff8b44e0000 - 0x00007ff8b44f1000 	C:\Program Files\Android\Android Studio\jre\bin\verify.dll
0x00007ff8ebb50000 - 0x00007ff8ebd3d000 	C:\Windows\SYSTEM32\DBGHELP.DLL
0x00007ff8dade0000 - 0x00007ff8dae0a000 	C:\Windows\SYSTEM32\dbgcore.DLL
0x00007ff8b44b0000 - 0x00007ff8b44d9000 	C:\Program Files\Android\Android Studio\jre\bin\java.dll
0x00007ff8df180000 - 0x00007ff8df18b000 	C:\Program Files\Android\Android Studio\jre\bin\jimage.dll
0x00007ff8b4490000 - 0x00007ff8b44a8000 	C:\Program Files\Android\Android Studio\jre\bin\zip.dll
0x00007ff8f6a00000 - 0x00007ff8f7ef9000 	C:\Windows\System32\SHELL32.dll
0x00007ff8f60c0000 - 0x00007ff8f6168000 	C:\Windows\System32\shcore.dll
0x00007ff8f4bf0000 - 0x00007ff8f5343000 	C:\Windows\System32\windows.storage.dll
0x00007ff8f4b80000 - 0x00007ff8f4ba4000 	C:\Windows\System32\profapi.dll
0x00007ff8f4b20000 - 0x00007ff8f4b7d000 	C:\Windows\System32\powrprof.dll
0x00007ff8f8490000 - 0x00007ff8f84e2000 	C:\Windows\System32\shlwapi.dll
0x00007ff8f56f0000 - 0x00007ff8f5707000 	C:\Windows\System32\cryptsp.dll
0x00007ff8b4470000 - 0x00007ff8b448a000 	C:\Program Files\Android\Android Studio\jre\bin\net.dll
0x00007ff8e8530000 - 0x00007ff8e8624000 	C:\Windows\SYSTEM32\WINHTTP.dll
0x00007ff8f4330000 - 0x00007ff8f4397000 	C:\Windows\system32\mswsock.dll
0x00007ff8b4450000 - 0x00007ff8b4464000 	C:\Program Files\Android\Android Studio\jre\bin\nio.dll
0x00007ff8b6930000 - 0x00007ff8b6957000 	C:\Users\Doc\.gradle\native\e1d6ef7f7dcc3fd88c89a11ec53ec762bb8ba0a96d01ffa2cd45eb1d1d8dd5c5\windows-amd64\native-platform.dll
0x00007ff8a47f0000 - 0x00007ff8a4934000 	C:\Users\Doc\.gradle\native\5664cfc778a61ccfe75a443a1ab52a65af34e5dc3c78e0209fed803814484fcb\windows-amd64\native-platform-file-events.dll
0x00007ff8defe0000 - 0x00007ff8defea000 	C:\Program Files\Android\Android Studio\jre\bin\management.dll
0x00007ff8de630000 - 0x00007ff8de63d000 	C:\Program Files\Android\Android Studio\jre\bin\management_ext.dll
0x00007ff8f3eb0000 - 0x00007ff8f3ee3000 	C:\Windows\system32\rsaenh.dll
0x00007ff8f5350000 - 0x00007ff8f5376000 	C:\Windows\System32\bcrypt.dll
0x00007ff8f4a20000 - 0x00007ff8f4a49000 	C:\Windows\SYSTEM32\USERENV.dll
0x00007ff8f4500000 - 0x00007ff8f450c000 	C:\Windows\SYSTEM32\CRYPTBASE.dll
0x00007ff8f4050000 - 0x00007ff8f408d000 	C:\Windows\SYSTEM32\IPHLPAPI.DLL
0x00007ff8f60b0000 - 0x00007ff8f60b8000 	C:\Windows\System32\NSI.dll
0x00007ff8eaac0000 - 0x00007ff8eaad6000 	C:\Windows\SYSTEM32\dhcpcsvc6.DLL
0x00007ff8eb080000 - 0x00007ff8eb09c000 	C:\Windows\SYSTEM32\dhcpcsvc.DLL
0x00007ff8f4090000 - 0x00007ff8f4156000 	C:\Windows\SYSTEM32\DNSAPI.dll

dbghelp: loaded successfully - version: 4.0.5 - missing functions: none
symbol engine: initialized successfully - sym options: 0x614 - pdb path: .;C:\Program Files\Android\Android Studio\jre\bin;C:\Windows\SYSTEM32;C:\Windows\WinSxS\amd64_microsoft.windows.common-controls_6595b64144ccf1df_6.0.17763.1577_none_de7444545348a3d0;C:\Program Files\Android\Android Studio\jre\bin\server;C:\Users\Doc\.gradle\native\e1d6ef7f7dcc3fd88c89a11ec53ec762bb8ba0a96d01ffa2cd45eb1d1d8dd5c5\windows-amd64;C:\Users\Doc\.gradle\native\5664cfc778a61ccfe75a443a1ab52a65af34e5dc3c78e0209fed803814484fcb\windows-amd64

VM Arguments:
jvm_args: --add-opens=java.base/java.util=ALL-UNNAMED --add-opens=java.base/java.lang=ALL-UNNAMED --add-opens=java.base/java.lang.invoke=ALL-UNNAMED --add-opens=java.base/java.util=ALL-UNNAMED --add-opens=java.prefs/java.util.prefs=ALL-UNNAMED --add-opens=java.prefs/java.util.prefs=ALL-UNNAMED --add-opens=java.base/java.nio.charset=ALL-UNNAMED --add-opens=java.base/java.net=ALL-UNNAMED --add-opens=java.base/java.util.concurrent.atomic=ALL-UNNAMED -Xmx2048m -Dfile.encoding=UTF-8 -Duser.country=RU -Duser.language=ru -Duser.variant 
java_command: org.gradle.launcher.daemon.bootstrap.GradleDaemon 7.3.3
java_class_path (initial): C:\Users\Doc\.gradle\wrapper\dists\gradle-7.3.3-bin\6a41zxkdtcxs8rphpq6y0069z\gradle-7.3.3\lib\gradle-launcher-7.3.3.jar
Launcher Type: SUN_STANDARD

[Global flags]
     intx CICompilerCount                          = 4                                         {product} {ergonomic}
     uint ConcGCThreads                            = 2                                         {product} {ergonomic}
     uint G1ConcRefinementThreads                  = 8                                         {product} {ergonomic}
   size_t G1HeapRegionSize                         = 1048576                                   {product} {ergonomic}
    uintx GCDrainStackTargetSize                   = 64                                        {product} {ergonomic}
   size_t InitialHeapSize                          = 234881024                                 {product} {ergonomic}
   size_t MarkStackSize                            = 4194304                                   {product} {ergonomic}
   size_t MaxHeapSize                              = 2147483648                                {product} {command line}
   size_t MaxNewSize                               = 1287651328                                {product} {ergonomic}
   size_t MinHeapDeltaBytes                        = 1048576                                   {product} {ergonomic}
    uintx NonNMethodCodeHeapSize                   = 5836300                                {pd product} {ergonomic}
    uintx NonProfiledCodeHeapSize                  = 122910970                              {pd product} {ergonomic}
    uintx ProfiledCodeHeapSize                     = 122910970                              {pd product} {ergonomic}
    uintx ReservedCodeCacheSize                    = 251658240                              {pd product} {ergonomic}
     bool SegmentedCodeCache                       = true                                      {product} {ergonomic}
     bool UseCompressedClassPointers               = true                                 {lp64_product} {ergonomic}
     bool UseCompressedOops                        = true                                 {lp64_product} {ergonomic}
     bool UseG1GC                                  = true                                      {product} {ergonomic}
     bool UseLargePagesIndividualAllocation        = false                                  {pd product} {ergonomic}

Logging:
Log output configuration:
 #0: stdout all=warning uptime,level,tags
 #1: stderr all=off uptime,level,tags

Environment Variables:
PATH=C:\Program Files (x86)\Common Files\Oracle\Java\javapath;C:\Program Files\Microsoft\jdk-11.0.12.7-hotspot\bin;C:\Windows\system32;C:\Windows;C:\Windows\System32\Wbem;C:\Windows\System32\WindowsPowerShell\v1.0\;C:\Program Files (x86)\NVIDIA Corporation\PhysX\Common;C:\Program Files\Git\cmd;C:\Users\Doc\AppData\Local\Microsoft\WindowsApps;;C:\Users\Doc\AppData\Local\Programs\Microsoft VS Code\bin
USERNAME=Doc
OS=Windows_NT
PROCESSOR_IDENTIFIER=AMD64 Family 23 Model 24 Stepping 1, AuthenticAMD



---------------  S Y S T E M  ---------------

OS: Windows 10 , 64 bit Build 17763 (10.0.17763.475)
OS uptime: 0 days 2:03 hours

CPU:total 8 (initial active 8) (8 cores per cpu, 2 threads per core) family 23 model 24 stepping 1 microcode 0x0, cmov, cx8, fxsr, mmx, sse, sse2, sse3, ssse3, sse4.1, sse4.2, popcnt, avx, avx2, aes, clmul, mmxext, 3dnowpref, lzcnt, sse4a, ht, tsc, tscinvbit, tscinv, bmi1, bmi2, adx, sha, fma

Memory: 4k page, system-wide physical 14283M (3435M free)
TotalPageFile size 14283M (AvailPageFile size 5M)
current process WorkingSet (physical memory assigned to process): 527M, peak: 527M
current process commit charge ("private bytes"): 568M, peak: 569M

vm_info: OpenJDK 64-Bit Server VM (11.0.12+7-b1504.28-7817840) for windows-amd64 JRE (11.0.12+7-b1504.28-7817840), built on Oct 13 2021 22:12:33 by "builder" with MS VC++ 14.0 (VS2015)

END.
