#
# There is insufficient memory for the Java Runtime Environment to continue.
# Native memory allocation (mmap) failed to map 96468992 bytes for Failed to commit area from 0x0000000090d00000 to 0x0000000096900000 of length 96468992.
# Possible reasons:
#   The system is out of physical RAM or swap space
#   The process is running with CompressedOops enabled, and the Java Heap may be blocking the growth of the native heap
# Possible solutions:
#   Reduce memory load on the system
#   Increase physical memory or swap space
#   Check if swap backing store is full
#   Decrease Java heap size (-Xmx/-Xms)
#   Decrease number of Java threads
#   Decrease Java thread stack sizes (-Xss)
#   Set larger code cache with -XX:ReservedCodeCacheSize=
#   JVM is running with Unscaled Compressed Oops mode in which the Java heap is
#     placed in the first 4GB address space. The Java Heap base address is the
#     maximum limit for the native heap growth. Please use -XX:HeapBaseMinAddress
#     to set the Java Heap base and to place the Java Heap above 4GB virtual address.
# This output file may be truncated or incomplete.
#
#  Out of Memory Error (./src/hotspot/os/windows/os_windows.cpp:3521), pid=1140, tid=3716
#
# JRE version: OpenJDK Runtime Environment (11.0.12+7) (build 11.0.12+7-b1504.28-7817840)
# Java VM: OpenJDK 64-Bit Server VM (11.0.12+7-b1504.28-7817840, mixed mode, tiered, compressed oops, g1 gc, windows-amd64)
# No core dump will be written. Minidumps are not enabled by default on client versions of Windows
#

---------------  S U M M A R Y ------------

Command Line: --add-opens=java.base/java.util=ALL-UNNAMED --add-opens=java.base/java.lang=ALL-UNNAMED --add-opens=java.base/java.lang.invoke=ALL-UNNAMED --add-opens=java.base/java.util=ALL-UNNAMED --add-opens=java.prefs/java.util.prefs=ALL-UNNAMED --add-opens=java.prefs/java.util.prefs=ALL-UNNAMED --add-opens=java.base/java.nio.charset=ALL-UNNAMED --add-opens=java.base/java.net=ALL-UNNAMED --add-opens=java.base/java.util.concurrent.atomic=ALL-UNNAMED -Xmx2048m -Dfile.encoding=UTF-8 -Duser.country=RU -Duser.language=ru -Duser.variant org.gradle.launcher.daemon.bootstrap.GradleDaemon 7.3.3

Host: AMD Ryzen 7 3700U with Radeon Vega Mobile Gfx  , 8 cores, 13G,  Windows 10 , 64 bit Build 17763 (10.0.17763.475)
Time: Tue Jun 28 20:02:25 2022 RTZ 2 (ceia) elapsed time: 25.780383 seconds (0d 0h 0m 25s)

---------------  T H R E A D  ---------------

Current thread (0x000001ee4cca4000):  VMThread "VM Thread" [stack: 0x000000a77f000000,0x000000a77f100000] [id=3716]

Stack: [0x000000a77f000000,0x000000a77f100000]
[error occurred during error reporting (printing stack bounds), id 0xc0000005, EXCEPTION_ACCESS_VIOLATION (0xc0000005) at pc=0x000001ee35aa112d]

Native frames: (J=compiled Java code, j=interpreted, Vv=VM code, C=native code)
V  [jvm.dll+0x5fbcea]
V  [jvm.dll+0x731905]
V  [jvm.dll+0x732f1d]
V  [jvm.dll+0x733535]
V  [jvm.dll+0x7334eb]
V  [jvm.dll+0x5fb080]
V  [jvm.dll+0x5fb818]
C  [ntdll.dll+0xa41bf]
C  [ntdll.dll+0x4bef]
C  [ntdll.dll+0xa2f2e]
C  0x000001ee35aa112d

VM_Operation (0x000000a7083f90c0): G1CollectForAllocation, mode: safepoint, requested by thread 0x000001ee561f5000


---------------  P R O C E S S  ---------------

Threads class SMR info:
_java_thread_list=0x000001ee59962ce0, length=155, elements={
0x000001ee31fa1800, 0x000001ee4cca6800, 0x000001ee4ccac800, 0x000001ee4ccc1000,
0x000001ee4ccc2000, 0x000001ee4ccc6000, 0x000001ee4ccd1000, 0x000001ee4ccd5000,
0x000001ee4ccd8800, 0x000001ee4ce42000, 0x000001ee500ee000, 0x000001ee4f7f9800,
0x000001ee4fe56000, 0x000001ee4fa9c000, 0x000001ee50335800, 0x000001ee4ee10800,
0x000001ee4f8a4000, 0x000001ee502c4000, 0x000001ee502c4800, 0x000001ee4fcdc000,
0x000001ee4fcde800, 0x000001ee4fce0000, 0x000001ee4fcdd000, 0x000001ee4fce1000,
0x000001ee4fce2000, 0x000001ee4fce2800, 0x000001ee4fcdd800, 0x000001ee4fcdf800,
0x000001ee50439800, 0x000001ee50436000, 0x000001ee5043a000, 0x000001ee50435800,
0x000001ee5043c800, 0x000001ee50441000, 0x000001ee5043d800, 0x000001ee5043e800,
0x000001ee5043f000, 0x000001ee50440000, 0x000001ee5043b000, 0x000001ee5043c000,
0x000001ee50441800, 0x000001ee50442800, 0x000001ee50376000, 0x000001ee50372800,
0x000001ee50375000, 0x000001ee50373800, 0x000001ee50376800, 0x000001ee50371000,
0x000001ee50377800, 0x000001ee50372000, 0x000001ee50378800, 0x000001ee50379000,
0x000001ee5037a000, 0x000001ee50374800, 0x000001ee5037c800, 0x000001ee5037b800,
0x000001ee5037b000, 0x000001ee5037d800, 0x000001ee5037e000, 0x000001ee5037f000,
0x000001ee5037f800, 0x000001ee4e0a3000, 0x000001ee4e0a0800, 0x000001ee4e0a4800,
0x000001ee4e0a5800, 0x000001ee4e0a2000, 0x000001ee4e0a7000, 0x000001ee4e0a6000,
0x000001ee4e0a4000, 0x000001ee4e0a1800, 0x000001ee4e0ac000, 0x000001ee4e0ad000,
0x000001ee4e0a9800, 0x000001ee4e0a8800, 0x000001ee4e0aa800, 0x000001ee4e0ab000,
0x000001ee4e0ad800, 0x000001ee4e0a8000, 0x000001ee4e0ae800, 0x000001ee4e0af000,
0x000001ee50924000, 0x000001ee50920000, 0x000001ee50921000, 0x000001ee5091f800,
0x000001ee50921800, 0x000001ee50922800, 0x000001ee50923800, 0x000001ee5091e800,
0x000001ee50925000, 0x000001ee5092a800, 0x000001ee50927800, 0x000001ee50926800,
0x000001ee50926000, 0x000001ee5092b800, 0x000001ee50929000, 0x000001ee5092c800,
0x000001ee5092d000, 0x000001ee50928000, 0x000001ee5092a000, 0x000001ee526cd800,
0x000001ee526d1000, 0x000001ee526cf800, 0x000001ee526ce800, 0x000001ee526d0000,
0x000001ee526d2000, 0x000001ee526cc000, 0x000001ee526d2800, 0x000001ee526cd000,
0x000001ee526d6000, 0x000001ee526d3800, 0x000001ee526d4000, 0x000001ee526d8800,
0x000001ee526da000, 0x000001ee526db000, 0x000001ee526d6800, 0x000001ee526d5000,
0x000001ee526d7800, 0x000001ee526d9000, 0x000001ee52eee000, 0x000001ee52ef0800,
0x000001ee52eef000, 0x000001ee52eed000, 0x000001ee52eef800, 0x000001ee52eea800,
0x000001ee52eeb800, 0x000001ee52ef2000, 0x000001ee52eec800, 0x000001ee52ef4800,
0x000001ee52ef7800, 0x000001ee52ef3000, 0x000001ee52ef6000, 0x000001ee52ef8800,
0x000001ee52ef9800, 0x000001ee52ef3800, 0x000001ee52ef5800, 0x000001ee561f7000,
0x000001ee561f5000, 0x000001ee561f8000, 0x000001ee561f3000, 0x000001ee561f9000,
0x000001ee561f6800, 0x000001ee561f9800, 0x000001ee561f5800, 0x000001ee561f4000,
0x000001ee56200000, 0x000001ee561fb800, 0x000001ee561fc000, 0x000001ee561fa800,
0x000001ee561ff800, 0x000001ee56201000, 0x000001ee56202000, 0x000001ee561fd000,
0x000001ee561fd800, 0x000001ee561fe800, 0x000001ee50aa1000
}

Java Threads: ( => current thread )
  0x000001ee31fa1800 JavaThread "main" [_thread_blocked, id=8856, stack(0x000000a77ea00000,0x000000a77eb00000)]
  0x000001ee4cca6800 JavaThread "Reference Handler" daemon [_thread_blocked, id=2876, stack(0x000000a77f100000,0x000000a77f200000)]
  0x000001ee4ccac800 JavaThread "Finalizer" daemon [_thread_blocked, id=1244, stack(0x000000a77f200000,0x000000a77f300000)]
  0x000001ee4ccc1000 JavaThread "Signal Dispatcher" daemon [_thread_blocked, id=8204, stack(0x000000a77f300000,0x000000a77f400000)]
  0x000001ee4ccc2000 JavaThread "Attach Listener" daemon [_thread_blocked, id=588, stack(0x000000a77f400000,0x000000a77f500000)]
  0x000001ee4ccc6000 JavaThread "Service Thread" daemon [_thread_blocked, id=7820, stack(0x000000a77f500000,0x000000a77f600000)]
  0x000001ee4ccd1000 JavaThread "C2 CompilerThread0" daemon [_thread_blocked, id=7276, stack(0x000000a77f600000,0x000000a77f700000)]
  0x000001ee4ccd5000 JavaThread "C1 CompilerThread0" daemon [_thread_blocked, id=1336, stack(0x000000a77f700000,0x000000a77f800000)]
  0x000001ee4ccd8800 JavaThread "Sweeper thread" daemon [_thread_blocked, id=8292, stack(0x000000a77f800000,0x000000a77f900000)]
  0x000001ee4ce42000 JavaThread "Common-Cleaner" daemon [_thread_blocked, id=8488, stack(0x000000a77f900000,0x000000a77fa00000)]
  0x000001ee500ee000 JavaThread "Daemon health stats" [_thread_blocked, id=376, stack(0x000000a700100000,0x000000a700200000)]
  0x000001ee4f7f9800 JavaThread "Incoming local TCP Connector on port 51989" [_thread_in_native, id=2328, stack(0x000000a700000000,0x000000a700100000)]
  0x000001ee4fe56000 JavaThread "Daemon periodic checks" [_thread_blocked, id=7016, stack(0x000000a700200000,0x000000a700300000)]
  0x000001ee4fa9c000 JavaThread "Daemon" [_thread_blocked, id=4264, stack(0x000000a700300000,0x000000a700400000)]
  0x000001ee50335800 JavaThread "Handler for socket connection from /127.0.0.1:51989 to /127.0.0.1:51990" [_thread_in_native, id=7280, stack(0x000000a700400000,0x000000a700500000)]
  0x000001ee4ee10800 JavaThread "Cancel handler" [_thread_blocked, id=2584, stack(0x000000a700500000,0x000000a700600000)]
  0x000001ee4f8a4000 JavaThread "Daemon worker" [_thread_blocked, id=8644, stack(0x000000a700600000,0x000000a700700000)]
  0x000001ee502c4000 JavaThread "Asynchronous log dispatcher for DefaultDaemonConnection: socket connection from /127.0.0.1:51989 to /127.0.0.1:51990" [_thread_blocked, id=8368, stack(0x000000a700700000,0x000000a700800000)]
  0x000001ee502c4800 JavaThread "Stdin handler" [_thread_blocked, id=5884, stack(0x000000a700800000,0x000000a700900000)]
  0x000001ee4fcdc000 JavaThread "Daemon client event forwarder" [_thread_blocked, id=7508, stack(0x000000a700900000,0x000000a700a00000)]
  0x000001ee4fcde800 JavaThread "Cache worker for journal cache (C:\Users\Doc\.gradle\caches\journal-1)" [_thread_blocked, id=8476, stack(0x000000a700a00000,0x000000a700b00000)]
  0x000001ee4fce0000 JavaThread "File lock request listener" [_thread_in_native, id=8936, stack(0x000000a700b00000,0x000000a700c00000)]
  0x000001ee4fcdd000 JavaThread "Cache worker for file hash cache (C:\Users\Doc\.gradle\caches\7.3.3\fileHashes)" [_thread_blocked, id=128, stack(0x000000a700c00000,0x000000a700d00000)]
  0x000001ee4fce1000 JavaThread "Cache worker for file hash cache (C:\Users\Doc\AndroidStudioProjects\HelloJava\.gradle\7.3.3\fileHashes)" [_thread_blocked, id=7684, stack(0x000000a701100000,0x000000a701200000)]
  0x000001ee4fce2000 JavaThread "File watcher server" daemon [_thread_blocked, id=7492, stack(0x000000a701300000,0x000000a701400000)]
  0x000001ee4fce2800 JavaThread "File watcher consumer" daemon [_thread_blocked, id=8616, stack(0x000000a701400000,0x000000a701500000)]
  0x000001ee4fcdd800 JavaThread "Cache worker for checksums cache (C:\Users\Doc\AndroidStudioProjects\HelloJava\.gradle\7.3.3\checksums)" [_thread_blocked, id=8920, stack(0x000000a701200000,0x000000a701300000)]
  0x000001ee4fcdf800 JavaThread "Cache worker for cache directory md-supplier (C:\Users\Doc\.gradle\caches\7.3.3\md-supplier)" [_thread_blocked, id=8688, stack(0x000000a701500000,0x000000a701600000)]
  0x000001ee50439800 JavaThread "Cache worker for cache directory md-rule (C:\Users\Doc\.gradle\caches\7.3.3\md-rule)" [_thread_blocked, id=2588, stack(0x000000a701600000,0x000000a701700000)]
  0x000001ee50436000 JavaThread "Cache worker for execution history cache (C:\Users\Doc\.gradle\caches\7.3.3\executionHistory)" [_thread_blocked, id=7984, stack(0x000000a701700000,0x000000a701800000)]
  0x000001ee5043a000 JavaThread "jar transforms" [_thread_blocked, id=8188, stack(0x000000a701900000,0x000000a701a00000)]
  0x000001ee50435800 JavaThread "Cache worker for file content cache (C:\Users\Doc\.gradle\caches\7.3.3\fileContent)" [_thread_blocked, id=6632, stack(0x000000a701a00000,0x000000a701b00000)]
  0x000001ee5043c800 JavaThread "jar transforms Thread 2" [_thread_blocked, id=7536, stack(0x000000a701b00000,0x000000a701c00000)]
  0x000001ee50441000 JavaThread "Cache worker for dependencies-accessors (C:\Users\Doc\AndroidStudioProjects\HelloJava\.gradle\7.3.3\dependencies-accessors)" [_thread_blocked, id=4196, stack(0x000000a701c00000,0x000000a701d00000)]
  0x000001ee5043d800 JavaThread "jar transforms Thread 3" [_thread_blocked, id=1724, stack(0x000000a701d00000,0x000000a701e00000)]
  0x000001ee5043e800 JavaThread "Cache worker for Build Output Cleanup Cache (C:\Users\Doc\AndroidStudioProjects\HelloJava\.gradle\buildOutputCleanup)" [_thread_blocked, id=5628, stack(0x000000a701e00000,0x000000a701f00000)]
  0x000001ee5043f000 JavaThread "Unconstrained build operations" [_thread_blocked, id=1468, stack(0x000000a701f00000,0x000000a702000000)]
  0x000001ee50440000 JavaThread "Unconstrained build operations Thread 2" [_thread_blocked, id=8272, stack(0x000000a702000000,0x000000a702100000)]
  0x000001ee5043b000 JavaThread "Unconstrained build operations Thread 3" [_thread_blocked, id=7092, stack(0x000000a702100000,0x000000a702200000)]
  0x000001ee5043c000 JavaThread "Unconstrained build operations Thread 4" [_thread_blocked, id=3916, stack(0x000000a702200000,0x000000a702300000)]
  0x000001ee50441800 JavaThread "Unconstrained build operations Thread 5" [_thread_blocked, id=2192, stack(0x000000a702300000,0x000000a702400000)]
  0x000001ee50442800 JavaThread "Unconstrained build operations Thread 6" [_thread_blocked, id=32, stack(0x000000a702400000,0x000000a702500000)]
  0x000001ee50376000 JavaThread "Unconstrained build operations Thread 7" [_thread_blocked, id=8532, stack(0x000000a702500000,0x000000a702600000)]
  0x000001ee50372800 JavaThread "Unconstrained build operations Thread 8" [_thread_blocked, id=8196, stack(0x000000a702600000,0x000000a702700000)]
  0x000001ee50375000 JavaThread "Unconstrained build operations Thread 9" [_thread_blocked, id=7392, stack(0x000000a702700000,0x000000a702800000)]
  0x000001ee50373800 JavaThread "Unconstrained build operations Thread 10" [_thread_blocked, id=7056, stack(0x000000a702800000,0x000000a702900000)]
  0x000001ee50376800 JavaThread "Unconstrained build operations Thread 11" [_thread_blocked, id=8764, stack(0x000000a702900000,0x000000a702a00000)]
  0x000001ee50371000 JavaThread "Unconstrained build operations Thread 12" [_thread_blocked, id=84, stack(0x000000a702a00000,0x000000a702b00000)]
  0x000001ee50377800 JavaThread "Unconstrained build operations Thread 13" [_thread_blocked, id=3996, stack(0x000000a702b00000,0x000000a702c00000)]
  0x000001ee50372000 JavaThread "Unconstrained build operations Thread 14" [_thread_blocked, id=1920, stack(0x000000a702c00000,0x000000a702d00000)]
  0x000001ee50378800 JavaThread "Unconstrained build operations Thread 15" [_thread_blocked, id=8736, stack(0x000000a702d00000,0x000000a702e00000)]
  0x000001ee50379000 JavaThread "Unconstrained build operations Thread 16" [_thread_blocked, id=8788, stack(0x000000a702e00000,0x000000a702f00000)]
  0x000001ee5037a000 JavaThread "Unconstrained build operations Thread 17" [_thread_blocked, id=7920, stack(0x000000a702f00000,0x000000a703000000)]
  0x000001ee50374800 JavaThread "Unconstrained build operations Thread 18" [_thread_blocked, id=5144, stack(0x000000a703000000,0x000000a703100000)]
  0x000001ee5037c800 JavaThread "Unconstrained build operations Thread 19" [_thread_blocked, id=7320, stack(0x000000a703100000,0x000000a703200000)]
  0x000001ee5037b800 JavaThread "Unconstrained build operations Thread 20" [_thread_blocked, id=6732, stack(0x000000a703200000,0x000000a703300000)]
  0x000001ee5037b000 JavaThread "Unconstrained build operations Thread 21" [_thread_blocked, id=3700, stack(0x000000a703300000,0x000000a703400000)]
  0x000001ee5037d800 JavaThread "Unconstrained build operations Thread 22" [_thread_blocked, id=8732, stack(0x000000a703400000,0x000000a703500000)]
  0x000001ee5037e000 JavaThread "Unconstrained build operations Thread 23" [_thread_blocked, id=1384, stack(0x000000a703500000,0x000000a703600000)]
  0x000001ee5037f000 JavaThread "Unconstrained build operations Thread 24" [_thread_blocked, id=1160, stack(0x000000a703600000,0x000000a703700000)]
  0x000001ee5037f800 JavaThread "Unconstrained build operations Thread 25" [_thread_blocked, id=8336, stack(0x000000a703700000,0x000000a703800000)]
  0x000001ee4e0a3000 JavaThread "Unconstrained build operations Thread 26" [_thread_blocked, id=3032, stack(0x000000a703800000,0x000000a703900000)]
  0x000001ee4e0a0800 JavaThread "Unconstrained build operations Thread 27" [_thread_blocked, id=8524, stack(0x000000a703900000,0x000000a703a00000)]
  0x000001ee4e0a4800 JavaThread "Unconstrained build operations Thread 28" [_thread_blocked, id=8480, stack(0x000000a703a00000,0x000000a703b00000)]
  0x000001ee4e0a5800 JavaThread "Unconstrained build operations Thread 29" [_thread_blocked, id=8948, stack(0x000000a703b00000,0x000000a703c00000)]
  0x000001ee4e0a2000 JavaThread "Unconstrained build operations Thread 30" [_thread_blocked, id=8280, stack(0x000000a703c00000,0x000000a703d00000)]
  0x000001ee4e0a7000 JavaThread "Unconstrained build operations Thread 31" [_thread_blocked, id=4288, stack(0x000000a703d00000,0x000000a703e00000)]
  0x000001ee4e0a6000 JavaThread "Unconstrained build operations Thread 32" [_thread_blocked, id=7800, stack(0x000000a703e00000,0x000000a703f00000)]
  0x000001ee4e0a4000 JavaThread "Unconstrained build operations Thread 33" [_thread_blocked, id=8868, stack(0x000000a703f00000,0x000000a704000000)]
  0x000001ee4e0a1800 JavaThread "Unconstrained build operations Thread 34" [_thread_blocked, id=8792, stack(0x000000a704000000,0x000000a704100000)]
  0x000001ee4e0ac000 JavaThread "Unconstrained build operations Thread 35" [_thread_blocked, id=6764, stack(0x000000a704100000,0x000000a704200000)]
  0x000001ee4e0ad000 JavaThread "Unconstrained build operations Thread 36" [_thread_blocked, id=6344, stack(0x000000a704200000,0x000000a704300000)]
  0x000001ee4e0a9800 JavaThread "Unconstrained build operations Thread 37" [_thread_blocked, id=8424, stack(0x000000a704300000,0x000000a704400000)]
  0x000001ee4e0a8800 JavaThread "Unconstrained build operations Thread 38" [_thread_blocked, id=5560, stack(0x000000a704400000,0x000000a704500000)]
  0x000001ee4e0aa800 JavaThread "Unconstrained build operations Thread 39" [_thread_blocked, id=3896, stack(0x000000a704500000,0x000000a704600000)]
  0x000001ee4e0ab000 JavaThread "Unconstrained build operations Thread 40" [_thread_blocked, id=4320, stack(0x000000a704600000,0x000000a704700000)]
  0x000001ee4e0ad800 JavaThread "Unconstrained build operations Thread 41" [_thread_blocked, id=1348, stack(0x000000a704700000,0x000000a704800000)]
  0x000001ee4e0a8000 JavaThread "Unconstrained build operations Thread 42" [_thread_blocked, id=8744, stack(0x000000a704800000,0x000000a704900000)]
  0x000001ee4e0ae800 JavaThread "Unconstrained build operations Thread 43" [_thread_blocked, id=3624, stack(0x000000a704900000,0x000000a704a00000)]
  0x000001ee4e0af000 JavaThread "Unconstrained build operations Thread 44" [_thread_blocked, id=6364, stack(0x000000a704a00000,0x000000a704b00000)]
  0x000001ee50924000 JavaThread "Unconstrained build operations Thread 45" [_thread_blocked, id=3844, stack(0x000000a704b00000,0x000000a704c00000)]
  0x000001ee50920000 JavaThread "Unconstrained build operations Thread 46" [_thread_blocked, id=2608, stack(0x000000a704c00000,0x000000a704d00000)]
  0x000001ee50921000 JavaThread "Unconstrained build operations Thread 47" [_thread_blocked, id=5552, stack(0x000000a704d00000,0x000000a704e00000)]
  0x000001ee5091f800 JavaThread "Unconstrained build operations Thread 48" [_thread_blocked, id=5308, stack(0x000000a704e00000,0x000000a704f00000)]
  0x000001ee50921800 JavaThread "Unconstrained build operations Thread 49" [_thread_blocked, id=4936, stack(0x000000a704f00000,0x000000a705000000)]
  0x000001ee50922800 JavaThread "Unconstrained build operations Thread 50" [_thread_blocked, id=6228, stack(0x000000a705000000,0x000000a705100000)]
  0x000001ee50923800 JavaThread "Unconstrained build operations Thread 51" [_thread_blocked, id=8496, stack(0x000000a705100000,0x000000a705200000)]
  0x000001ee5091e800 JavaThread "Unconstrained build operations Thread 52" [_thread_blocked, id=8504, stack(0x000000a705200000,0x000000a705300000)]
  0x000001ee50925000 JavaThread "Unconstrained build operations Thread 53" [_thread_blocked, id=9096, stack(0x000000a705300000,0x000000a705400000)]
  0x000001ee5092a800 JavaThread "Unconstrained build operations Thread 54" [_thread_blocked, id=9016, stack(0x000000a705400000,0x000000a705500000)]
  0x000001ee50927800 JavaThread "Unconstrained build operations Thread 55" [_thread_blocked, id=4160, stack(0x000000a705500000,0x000000a705600000)]
  0x000001ee50926800 JavaThread "Unconstrained build operations Thread 56" [_thread_blocked, id=6408, stack(0x000000a705600000,0x000000a705700000)]
  0x000001ee50926000 JavaThread "Unconstrained build operations Thread 57" [_thread_blocked, id=8352, stack(0x000000a705700000,0x000000a705800000)]
  0x000001ee5092b800 JavaThread "Unconstrained build operations Thread 58" [_thread_blocked, id=9140, stack(0x000000a705800000,0x000000a705900000)]
  0x000001ee50929000 JavaThread "Unconstrained build operations Thread 59" [_thread_blocked, id=7008, stack(0x000000a705900000,0x000000a705a00000)]
  0x000001ee5092c800 JavaThread "Unconstrained build operations Thread 60" [_thread_blocked, id=8756, stack(0x000000a705a00000,0x000000a705b00000)]
  0x000001ee5092d000 JavaThread "Unconstrained build operations Thread 61" [_thread_blocked, id=5956, stack(0x000000a705b00000,0x000000a705c00000)]
  0x000001ee50928000 JavaThread "Unconstrained build operations Thread 62" [_thread_blocked, id=2380, stack(0x000000a705c00000,0x000000a705d00000)]
  0x000001ee5092a000 JavaThread "Unconstrained build operations Thread 63" [_thread_blocked, id=2864, stack(0x000000a705d00000,0x000000a705e00000)]
  0x000001ee526cd800 JavaThread "Unconstrained build operations Thread 64" [_thread_blocked, id=8852, stack(0x000000a705e00000,0x000000a705f00000)]
  0x000001ee526d1000 JavaThread "Unconstrained build operations Thread 65" [_thread_blocked, id=8968, stack(0x000000a705f00000,0x000000a706000000)]
  0x000001ee526cf800 JavaThread "Unconstrained build operations Thread 66" [_thread_blocked, id=8896, stack(0x000000a706000000,0x000000a706100000)]
  0x000001ee526ce800 JavaThread "Unconstrained build operations Thread 67" [_thread_blocked, id=7228, stack(0x000000a706100000,0x000000a706200000)]
  0x000001ee526d0000 JavaThread "Unconstrained build operations Thread 68" [_thread_blocked, id=2956, stack(0x000000a706200000,0x000000a706300000)]
  0x000001ee526d2000 JavaThread "Unconstrained build operations Thread 69" [_thread_blocked, id=7296, stack(0x000000a706300000,0x000000a706400000)]
  0x000001ee526cc000 JavaThread "Unconstrained build operations Thread 70" [_thread_blocked, id=8376, stack(0x000000a706400000,0x000000a706500000)]
  0x000001ee526d2800 JavaThread "Unconstrained build operations Thread 71" [_thread_blocked, id=8452, stack(0x000000a706500000,0x000000a706600000)]
  0x000001ee526cd000 JavaThread "Unconstrained build operations Thread 72" [_thread_blocked, id=8624, stack(0x000000a706600000,0x000000a706700000)]
  0x000001ee526d6000 JavaThread "Unconstrained build operations Thread 73" [_thread_blocked, id=5336, stack(0x000000a706700000,0x000000a706800000)]
  0x000001ee526d3800 JavaThread "Unconstrained build operations Thread 74" [_thread_blocked, id=9160, stack(0x000000a706800000,0x000000a706900000)]
  0x000001ee526d4000 JavaThread "Unconstrained build operations Thread 75" [_thread_blocked, id=4276, stack(0x000000a706900000,0x000000a706a00000)]
  0x000001ee526d8800 JavaThread "Unconstrained build operations Thread 76" [_thread_blocked, id=1032, stack(0x000000a706a00000,0x000000a706b00000)]
  0x000001ee526da000 JavaThread "Unconstrained build operations Thread 77" [_thread_blocked, id=2784, stack(0x000000a706b00000,0x000000a706c00000)]
  0x000001ee526db000 JavaThread "Unconstrained build operations Thread 78" [_thread_blocked, id=2168, stack(0x000000a706c00000,0x000000a706d00000)]
  0x000001ee526d6800 JavaThread "Unconstrained build operations Thread 79" [_thread_blocked, id=5408, stack(0x000000a706d00000,0x000000a706e00000)]
  0x000001ee526d5000 JavaThread "Unconstrained build operations Thread 80" [_thread_blocked, id=2664, stack(0x000000a706e00000,0x000000a706f00000)]
  0x000001ee526d7800 JavaThread "jar transforms Thread 4" [_thread_blocked, id=8608, stack(0x000000a706f00000,0x000000a707000000)]
  0x000001ee526d9000 JavaThread "jar transforms Thread 5" [_thread_blocked, id=3244, stack(0x000000a707000000,0x000000a707100000)]
  0x000001ee52eee000 JavaThread "jar transforms Thread 6" [_thread_blocked, id=8776, stack(0x000000a707100000,0x000000a707200000)]
  0x000001ee52ef0800 JavaThread "jar transforms Thread 7" [_thread_blocked, id=6692, stack(0x000000a707200000,0x000000a707300000)]
  0x000001ee52eef000 JavaThread "jar transforms Thread 8" [_thread_blocked, id=2984, stack(0x000000a707300000,0x000000a707400000)]
  0x000001ee52eed000 JavaThread "C2 CompilerThread1" daemon [_thread_blocked, id=1872, stack(0x000000a701800000,0x000000a701900000)]
  0x000001ee52eef800 JavaThread "C2 CompilerThread2" daemon [_thread_in_native, id=7720, stack(0x000000a707400000,0x000000a707500000)]
  0x000001ee52eea800 JavaThread "Memory manager" [_thread_blocked, id=3776, stack(0x000000a707500000,0x000000a707600000)]
  0x000001ee52eeb800 JavaThread "build event listener" [_thread_blocked, id=8632, stack(0x000000a707600000,0x000000a707700000)]
  0x000001ee52ef2000 JavaThread "pool-3-thread-1" [_thread_blocked, id=2540, stack(0x000000a707700000,0x000000a707800000)]
  0x000001ee52eec800 JavaThread "build event listener" [_thread_blocked, id=1844, stack(0x000000a707800000,0x000000a707900000)]
  0x000001ee52ef4800 JavaThread "Execution worker for ':'" [_thread_blocked, id=4500, stack(0x000000a707900000,0x000000a707a00000)]
  0x000001ee52ef7800 JavaThread "Execution worker for ':' Thread 2" [_thread_blocked, id=6276, stack(0x000000a707a00000,0x000000a707b00000)]
  0x000001ee52ef3000 JavaThread "Execution worker for ':' Thread 3" [_thread_blocked, id=4868, stack(0x000000a707b00000,0x000000a707c00000)]
  0x000001ee52ef6000 JavaThread "Execution worker for ':' Thread 4" [_thread_blocked, id=1784, stack(0x000000a707c00000,0x000000a707d00000)]
  0x000001ee52ef8800 JavaThread "Execution worker for ':' Thread 5" [_thread_blocked, id=4372, stack(0x000000a707d00000,0x000000a707e00000)]
  0x000001ee52ef9800 JavaThread "Execution worker for ':' Thread 6" [_thread_blocked, id=6676, stack(0x000000a707e00000,0x000000a707f00000)]
  0x000001ee52ef3800 JavaThread "Execution worker for ':' Thread 7" [_thread_blocked, id=7900, stack(0x000000a707f00000,0x000000a708000000)]
  0x000001ee52ef5800 JavaThread "Cache worker for execution history cache (C:\Users\Doc\AndroidStudioProjects\HelloJava\.gradle\7.3.3\executionHistory)" [_thread_blocked, id=6328, stack(0x000000a708000000,0x000000a708100000)]
  0x000001ee561f7000 JavaThread "WorkerExecutor Queue" [_thread_blocked, id=9116, stack(0x000000a708200000,0x000000a708300000)]
  0x000001ee561f5000 JavaThread "WorkerExecutor Queue Thread 2" [_thread_blocked, id=3448, stack(0x000000a708300000,0x000000a708400000)]
  0x000001ee561f8000 JavaThread "WorkerExecutor Queue Thread 3" [_thread_blocked, id=8672, stack(0x000000a708400000,0x000000a708500000)]
  0x000001ee561f3000 JavaThread "WorkerExecutor Queue Thread 4" [_thread_blocked, id=4864, stack(0x000000a708500000,0x000000a708600000)]
  0x000001ee561f9000 JavaThread "pool-4-thread-1" [_thread_blocked, id=6972, stack(0x000000a708600000,0x000000a708700000)]
  0x000001ee561f6800 JavaThread "stderr" [_thread_in_native, id=2356, stack(0x000000a708700000,0x000000a708800000)]
  0x000001ee561f9800 JavaThread "stdout" [_thread_in_native, id=2768, stack(0x000000a708800000,0x000000a708900000)]
  0x000001ee561f5800 JavaThread "Cache worker for Java compile cache (C:\Users\Doc\.gradle\caches\7.3.3\javaCompile)" [_thread_blocked, id=8216, stack(0x000000a708b00000,0x000000a708c00000)]
  0x000001ee561f4000 JavaThread "Build operations" [_thread_blocked, id=4792, stack(0x000000a708c00000,0x000000a708d00000)]
  0x000001ee56200000 JavaThread "Build operations Thread 2" [_thread_blocked, id=4136, stack(0x000000a708d00000,0x000000a708e00000)]
  0x000001ee561fb800 JavaThread "Build operations Thread 3" [_thread_blocked, id=8700, stack(0x000000a708e00000,0x000000a708f00000)]
  0x000001ee561fc000 JavaThread "Build operations Thread 4" [_thread_blocked, id=3976, stack(0x000000a708f00000,0x000000a709000000)]
  0x000001ee561fa800 JavaThread "Build operations Thread 5" [_thread_blocked, id=8892, stack(0x000000a709000000,0x000000a709100000)]
  0x000001ee561ff800 JavaThread "Build operations Thread 6" [_thread_blocked, id=8640, stack(0x000000a709100000,0x000000a709200000)]
  0x000001ee56201000 JavaThread "Build operations Thread 7" [_thread_blocked, id=4292, stack(0x000000a709200000,0x000000a709300000)]
  0x000001ee56202000 JavaThread "Build operations Thread 8" [_thread_blocked, id=1436, stack(0x000000a709600000,0x000000a709700000)]
  0x000001ee561fd000 JavaThread "WorkerExecutor Queue Thread 5" [_thread_blocked, id=3892, stack(0x000000a709700000,0x000000a709800000)]
  0x000001ee561fd800 JavaThread "WorkerExecutor Queue Thread 6" [_thread_blocked, id=7676, stack(0x000000a709800000,0x000000a709900000)]
  0x000001ee561fe800 JavaThread "WorkerExecutor Queue Thread 7" [_thread_blocked, id=8252, stack(0x000000a709900000,0x000000a709a00000)]
  0x000001ee50aa1000 JavaThread "WorkerExecutor Queue Thread 8" [_thread_blocked, id=3296, stack(0x000000a709a00000,0x000000a709b00000)]

Other Threads:
=>0x000001ee4cca4000 VMThread "VM Thread" [stack: 0x000000a77f000000,0x000000a77f100000] [id=3716]
  0x000001ee4cefd000 WatcherThread [stack: 0x000000a77fa00000,0x000000a77fb00000] [id=3396]
  0x000001ee31fb8800 GCTaskThread "GC Thread#0" [stack: 0x000000a77eb00000,0x000000a77ec00000] [id=504]
  0x000001ee4d98a800 GCTaskThread "GC Thread#1" [stack: 0x000000a77fc00000,0x000000a77fd00000] [id=9120]
  0x000001ee4d98d800 GCTaskThread "GC Thread#2" [stack: 0x000000a77fd00000,0x000000a77fe00000] [id=8544]
  0x000001ee4dcba800 GCTaskThread "GC Thread#3" [stack: 0x000000a77fe00000,0x000000a77ff00000] [id=7448]
  0x000001ee4daa1800 GCTaskThread "GC Thread#4" [stack: 0x000000a77ff00000,0x000000a780000000] [id=5976]
  0x000001ee4f7c9800 GCTaskThread "GC Thread#5" [stack: 0x000000a700d00000,0x000000a700e00000] [id=9136]
  0x000001ee503c7800 GCTaskThread "GC Thread#6" [stack: 0x000000a700e00000,0x000000a700f00000] [id=8468]
  0x000001ee4fa9a800 GCTaskThread "GC Thread#7" [stack: 0x000000a700f00000,0x000000a701000000] [id=7952]
  0x000001ee31feb000 ConcurrentGCThread "G1 Main Marker" [stack: 0x000000a77ec00000,0x000000a77ed00000] [id=6156]
  0x000001ee31fed800 ConcurrentGCThread "G1 Conc#0" [stack: 0x000000a77ed00000,0x000000a77ee00000] [id=9168]
  0x000001ee5007b800 ConcurrentGCThread "G1 Conc#1" [stack: 0x000000a701000000,0x000000a701100000] [id=8384]
  0x000001ee4c2c8800 ConcurrentGCThread "G1 Refine#0" [stack: 0x000000a77ee00000,0x000000a77ef00000] [id=8248]
  0x000001ee4de77000 ConcurrentGCThread "G1 Refine#1" [stack: 0x000000a708100000,0x000000a708200000] [id=3708]
  0x000001ee4de78800 ConcurrentGCThread "G1 Refine#2" [stack: 0x000000a708900000,0x000000a708a00000] [id=9184]
  0x000001ee4de7b000 ConcurrentGCThread "G1 Refine#3" [stack: 0x000000a708a00000,0x000000a708b00000] [id=3432]
  0x000001ee589b2800 ConcurrentGCThread "G1 Refine#4" [stack: 0x000000a709300000,0x000000a709400000] [id=8400]
  0x000001ee589b4800 ConcurrentGCThread "G1 Refine#5" [stack: 0x000000a709400000,0x000000a709500000] [id=448]
  0x000001ee589b4000 ConcurrentGCThread "G1 Refine#6" [stack: 0x000000a709500000,0x000000a709600000] [id=4784]
  0x000001ee4c2c9800 ConcurrentGCThread "G1 Young RemSet Sampling" [stack: 0x000000a77ef00000,0x000000a77f000000] [id=6392]

Threads with active compile tasks:
C2 CompilerThread0  25800 14728       4       org.objectweb.asm.ClassReader::readMethod (1061 bytes)
C1 CompilerThread0  25800 14957       2       com.android.tools.r8.internal.rs::L0 (28 bytes)
C2 CompilerThread1  25800 14800       4       com.google.common.collect.AbstractMapBasedMultimap$WrappedCollection::refreshIfEmpty (78 bytes)
C2 CompilerThread2  25800 14560       4       org.gradle.api.internal.tasks.compile.incremental.serialization.HierarchicalNameSerializer::readName (51 bytes)

VM state:at safepoint (normal execution)

VM Mutex/Monitor currently owned by a thread:  ([mutex/lock_event])
[0x000001ee31f9bf40] Threads_lock - owner thread: 0x000001ee4cca4000
[0x000001ee31f9d140] Heap_lock - owner thread: 0x000001ee561f5000

Heap address: 0x0000000080000000, size: 2048 MB, Compressed Oops mode: 32-bit
Narrow klass base: 0x0000000000000000, Narrow klass shift: 3
Compressed class space size: 1073741824 Address: 0x0000000100000000

Heap:
 garbage-first heap   total 369664K, used 118679K [0x0000000080000000, 0x0000000100000000)
  region size 1024K, 7 young (7168K), 7 survivors (7168K)
 Metaspace       used 110365K, capacity 113230K, committed 113272K, reserved 1146880K
  class space    used 14323K, capacity 15441K, committed 15480K, reserved 1048576K
Heap Regions: E=young(eden), S=young(survivor), O=old, HS=humongous(starts), HC=humongous(continues), CS=collection set, F=free, A=archive, TAMS=top-at-mark-start (previous, next)
|   0|0x0000000080000000, 0x0000000080100000, 0x0000000080100000|100%| O|  |TAMS 0x0000000080100000, 0x0000000080000000| Untracked 
|   1|0x0000000080100000, 0x0000000080200000, 0x0000000080200000|100%| O|  |TAMS 0x0000000080200000, 0x0000000080100000| Untracked 
|   2|0x0000000080200000, 0x0000000080300000, 0x0000000080300000|100%| O|  |TAMS 0x0000000080300000, 0x0000000080200000| Untracked 
|   3|0x0000000080300000, 0x0000000080400000, 0x0000000080400000|100%|HS|  |TAMS 0x0000000080400000, 0x0000000080300000| Complete 
|   4|0x0000000080400000, 0x0000000080500000, 0x0000000080500000|100%|HC|  |TAMS 0x0000000080500000, 0x0000000080400000| Complete 
|   5|0x0000000080500000, 0x0000000080600000, 0x0000000080600000|100%|HC|  |TAMS 0x0000000080600000, 0x0000000080500000| Complete 
|   6|0x0000000080600000, 0x0000000080700000, 0x0000000080700000|100%| O|  |TAMS 0x0000000080700000, 0x0000000080600000| Untracked 
|   7|0x0000000080700000, 0x0000000080800000, 0x0000000080800000|100%| O|  |TAMS 0x0000000080800000, 0x0000000080700000| Untracked 
|   8|0x0000000080800000, 0x0000000080900000, 0x0000000080900000|100%| O|  |TAMS 0x0000000080900000, 0x0000000080800000| Untracked 
|   9|0x0000000080900000, 0x0000000080a00000, 0x0000000080a00000|100%| O|  |TAMS 0x0000000080a00000, 0x0000000080900000| Untracked 
|  10|0x0000000080a00000, 0x0000000080b00000, 0x0000000080b00000|100%| O|  |TAMS 0x0000000080b00000, 0x0000000080a00000| Untracked 
|  11|0x0000000080b00000, 0x0000000080c00000, 0x0000000080c00000|100%| O|  |TAMS 0x0000000080c00000, 0x0000000080b00000| Untracked 
|  12|0x0000000080c00000, 0x0000000080d00000, 0x0000000080d00000|100%| O|  |TAMS 0x0000000080d00000, 0x0000000080c00000| Untracked 
|  13|0x0000000080d00000, 0x0000000080e00000, 0x0000000080e00000|100%| O|  |TAMS 0x0000000080e00000, 0x0000000080d00000| Untracked 
|  14|0x0000000080e00000, 0x0000000080f00000, 0x0000000080f00000|100%| O|  |TAMS 0x0000000080f00000, 0x0000000080e00000| Untracked 
|  15|0x0000000080f00000, 0x0000000081000000, 0x0000000081000000|100%| O|  |TAMS 0x0000000081000000, 0x0000000080f00000| Untracked 
|  16|0x0000000081000000, 0x0000000081100000, 0x0000000081100000|100%| O|  |TAMS 0x0000000081100000, 0x0000000081000000| Untracked 
|  17|0x0000000081100000, 0x0000000081200000, 0x0000000081200000|100%|HS|  |TAMS 0x0000000081200000, 0x0000000081100000| Complete 
|  18|0x0000000081200000, 0x0000000081300000, 0x0000000081300000|100%|HS|  |TAMS 0x0000000081300000, 0x0000000081200000| Complete 
|  19|0x0000000081300000, 0x0000000081400000, 0x0000000081400000|100%|HS|  |TAMS 0x0000000081400000, 0x0000000081300000| Complete 
|  20|0x0000000081400000, 0x0000000081500000, 0x0000000081500000|100%|HC|  |TAMS 0x0000000081500000, 0x0000000081400000| Complete 
|  21|0x0000000081500000, 0x0000000081600000, 0x0000000081600000|100%| O|  |TAMS 0x0000000081600000, 0x0000000081500000| Untracked 
|  22|0x0000000081600000, 0x0000000081700000, 0x0000000081700000|100%| O|  |TAMS 0x0000000081700000, 0x0000000081600000| Untracked 
|  23|0x0000000081700000, 0x0000000081800000, 0x0000000081800000|100%| O|  |TAMS 0x0000000081800000, 0x0000000081700000| Untracked 
|  24|0x0000000081800000, 0x0000000081900000, 0x0000000081900000|100%| O|  |TAMS 0x0000000081900000, 0x0000000081800000| Untracked 
|  25|0x0000000081900000, 0x0000000081a00000, 0x0000000081a00000|100%| O|  |TAMS 0x0000000081a00000, 0x0000000081900000| Untracked 
|  26|0x0000000081a00000, 0x0000000081b00000, 0x0000000081b00000|100%| O|  |TAMS 0x0000000081b00000, 0x0000000081a00000| Untracked 
|  27|0x0000000081b00000, 0x0000000081c00000, 0x0000000081c00000|100%| O|  |TAMS 0x0000000081c00000, 0x0000000081b00000| Untracked 
|  28|0x0000000081c00000, 0x0000000081d00000, 0x0000000081d00000|100%| O|  |TAMS 0x0000000081d00000, 0x0000000081c00000| Untracked 
|  29|0x0000000081d00000, 0x0000000081e00000, 0x0000000081e00000|100%| O|  |TAMS 0x0000000081e00000, 0x0000000081d00000| Untracked 
|  30|0x0000000081e00000, 0x0000000081f00000, 0x0000000081f00000|100%| O|  |TAMS 0x0000000081f00000, 0x0000000081e00000| Untracked 
|  31|0x0000000081f00000, 0x0000000082000000, 0x0000000082000000|100%| O|  |TAMS 0x0000000082000000, 0x0000000081f00000| Untracked 
|  32|0x0000000082000000, 0x0000000082100000, 0x0000000082100000|100%| O|  |TAMS 0x0000000082100000, 0x0000000082000000| Untracked 
|  33|0x0000000082100000, 0x0000000082200000, 0x0000000082200000|100%| O|  |TAMS 0x0000000082200000, 0x0000000082100000| Untracked 
|  34|0x0000000082200000, 0x0000000082300000, 0x0000000082300000|100%| O|  |TAMS 0x0000000082300000, 0x0000000082200000| Untracked 
|  35|0x0000000082300000, 0x0000000082400000, 0x0000000082400000|100%| O|  |TAMS 0x0000000082400000, 0x0000000082300000| Untracked 
|  36|0x0000000082400000, 0x0000000082500000, 0x0000000082500000|100%| O|  |TAMS 0x0000000082500000, 0x0000000082400000| Untracked 
|  37|0x0000000082500000, 0x0000000082600000, 0x0000000082600000|100%| O|  |TAMS 0x0000000082600000, 0x0000000082500000| Untracked 
|  38|0x0000000082600000, 0x0000000082700000, 0x0000000082700000|100%| O|  |TAMS 0x0000000082700000, 0x0000000082600000| Untracked 
|  39|0x0000000082700000, 0x0000000082800000, 0x0000000082800000|100%| O|  |TAMS 0x0000000082800000, 0x0000000082700000| Untracked 
|  40|0x0000000082800000, 0x0000000082900000, 0x0000000082900000|100%| O|  |TAMS 0x0000000082900000, 0x0000000082800000| Untracked 
|  41|0x0000000082900000, 0x0000000082a00000, 0x0000000082a00000|100%| O|  |TAMS 0x0000000082a00000, 0x0000000082900000| Untracked 
|  42|0x0000000082a00000, 0x0000000082b00000, 0x0000000082b00000|100%| O|  |TAMS 0x0000000082b00000, 0x0000000082a00000| Untracked 
|  43|0x0000000082b00000, 0x0000000082c00000, 0x0000000082c00000|100%| O|  |TAMS 0x0000000082c00000, 0x0000000082b00000| Untracked 
|  44|0x0000000082c00000, 0x0000000082d00000, 0x0000000082d00000|100%| O|  |TAMS 0x0000000082d00000, 0x0000000082c00000| Untracked 
|  45|0x0000000082d00000, 0x0000000082e00000, 0x0000000082e00000|100%| O|  |TAMS 0x0000000082e00000, 0x0000000082d00000| Untracked 
|  46|0x0000000082e00000, 0x0000000082f00000, 0x0000000082f00000|100%| O|  |TAMS 0x0000000082f00000, 0x0000000082e00000| Untracked 
|  47|0x0000000082f00000, 0x0000000083000000, 0x0000000083000000|100%| O|  |TAMS 0x0000000083000000, 0x0000000082f00000| Untracked 
|  48|0x0000000083000000, 0x0000000083100000, 0x0000000083100000|100%| O|  |TAMS 0x0000000083100000, 0x0000000083000000| Untracked 
|  49|0x0000000083100000, 0x0000000083200000, 0x0000000083200000|100%| O|  |TAMS 0x0000000083200000, 0x0000000083100000| Untracked 
|  50|0x0000000083200000, 0x0000000083300000, 0x0000000083300000|100%| O|  |TAMS 0x0000000083300000, 0x0000000083200000| Untracked 
|  51|0x0000000083300000, 0x0000000083300000, 0x0000000083400000|  0%| F|  |TAMS 0x0000000083300000, 0x0000000083300000| Untracked 
|  52|0x0000000083400000, 0x0000000083500000, 0x0000000083500000|100%| O|  |TAMS 0x0000000083500000, 0x0000000083400000| Untracked 
|  53|0x0000000083500000, 0x0000000083600000, 0x0000000083600000|100%| O|  |TAMS 0x0000000083600000, 0x0000000083500000| Untracked 
|  54|0x0000000083600000, 0x0000000083700000, 0x0000000083700000|100%| O|  |TAMS 0x0000000083700000, 0x0000000083600000| Untracked 
|  55|0x0000000083700000, 0x0000000083800000, 0x0000000083800000|100%| O|  |TAMS 0x0000000083800000, 0x0000000083700000| Untracked 
|  56|0x0000000083800000, 0x0000000083900000, 0x0000000083900000|100%| O|  |TAMS 0x0000000083900000, 0x0000000083800000| Untracked 
|  57|0x0000000083900000, 0x0000000083a00000, 0x0000000083a00000|100%| O|  |TAMS 0x0000000083a00000, 0x0000000083900000| Untracked 
|  58|0x0000000083a00000, 0x0000000083b00000, 0x0000000083b00000|100%| O|  |TAMS 0x0000000083b00000, 0x0000000083a00000| Untracked 
|  59|0x0000000083b00000, 0x0000000083c00000, 0x0000000083c00000|100%| O|  |TAMS 0x0000000083c00000, 0x0000000083b00000| Untracked 
|  60|0x0000000083c00000, 0x0000000083d00000, 0x0000000083d00000|100%| O|  |TAMS 0x0000000083d00000, 0x0000000083c00000| Untracked 
|  61|0x0000000083d00000, 0x0000000083e00000, 0x0000000083e00000|100%| O|  |TAMS 0x0000000083e00000, 0x0000000083d00000| Untracked 
|  62|0x0000000083e00000, 0x0000000083f00000, 0x0000000083f00000|100%| O|  |TAMS 0x0000000083f00000, 0x0000000083e00000| Untracked 
|  63|0x0000000083f00000, 0x0000000084000000, 0x0000000084000000|100%| O|  |TAMS 0x0000000084000000, 0x0000000083f00000| Untracked 
|  64|0x0000000084000000, 0x0000000084100000, 0x0000000084100000|100%| O|  |TAMS 0x0000000084100000, 0x0000000084000000| Untracked 
|  65|0x0000000084100000, 0x0000000084200000, 0x0000000084200000|100%| O|  |TAMS 0x0000000084200000, 0x0000000084100000| Untracked 
|  66|0x0000000084200000, 0x0000000084300000, 0x0000000084300000|100%| O|  |TAMS 0x0000000084200000, 0x0000000084200000| Untracked 
|  67|0x0000000084300000, 0x0000000084400000, 0x0000000084400000|100%| O|  |TAMS 0x0000000084300000, 0x0000000084300000| Untracked 
|  68|0x0000000084400000, 0x0000000084500000, 0x0000000084500000|100%| O|  |TAMS 0x0000000084400000, 0x0000000084400000| Untracked 
|  69|0x0000000084500000, 0x0000000084600000, 0x0000000084600000|100%| O|  |TAMS 0x0000000084500000, 0x0000000084500000| Untracked 
|  70|0x0000000084600000, 0x0000000084700000, 0x0000000084700000|100%| O|  |TAMS 0x0000000084600000, 0x0000000084600000| Untracked 
|  71|0x0000000084700000, 0x0000000084800000, 0x0000000084800000|100%| O|  |TAMS 0x0000000084800000, 0x0000000084700000| Untracked 
|  72|0x0000000084800000, 0x0000000084900000, 0x0000000084900000|100%| O|  |TAMS 0x0000000084900000, 0x0000000084800000| Untracked 
|  73|0x0000000084900000, 0x0000000084a00000, 0x0000000084a00000|100%| O|  |TAMS 0x0000000084a00000, 0x0000000084900000| Untracked 
|  74|0x0000000084a00000, 0x0000000084b00000, 0x0000000084b00000|100%| O|  |TAMS 0x0000000084a00000, 0x0000000084a00000| Untracked 
|  75|0x0000000084b00000, 0x0000000084c00000, 0x0000000084c00000|100%| O|  |TAMS 0x0000000084c00000, 0x0000000084b00000| Untracked 
|  76|0x0000000084c00000, 0x0000000084d00000, 0x0000000084d00000|100%| O|  |TAMS 0x0000000084d00000, 0x0000000084c00000| Untracked 
|  77|0x0000000084d00000, 0x0000000084e00000, 0x0000000084e00000|100%| O|  |TAMS 0x0000000084e00000, 0x0000000084d00000| Untracked 
|  78|0x0000000084e00000, 0x0000000084f00000, 0x0000000084f00000|100%| O|  |TAMS 0x0000000084f00000, 0x0000000084e00000| Untracked 
|  79|0x0000000084f00000, 0x0000000085000000, 0x0000000085000000|100%| O|  |TAMS 0x0000000085000000, 0x0000000084f00000| Untracked 
|  80|0x0000000085000000, 0x0000000085100000, 0x0000000085100000|100%| O|  |TAMS 0x0000000085100000, 0x0000000085000000| Untracked 
|  81|0x0000000085100000, 0x0000000085200000, 0x0000000085200000|100%| O|  |TAMS 0x0000000085200000, 0x0000000085100000| Untracked 
|  82|0x0000000085200000, 0x0000000085300000, 0x0000000085300000|100%| O|  |TAMS 0x0000000085300000, 0x0000000085200000| Untracked 
|  83|0x0000000085300000, 0x0000000085400000, 0x0000000085400000|100%| O|  |TAMS 0x0000000085400000, 0x0000000085300000| Untracked 
|  84|0x0000000085400000, 0x0000000085500000, 0x0000000085500000|100%|HS|  |TAMS 0x0000000085400000, 0x0000000085400000| Complete 
|  85|0x0000000085500000, 0x0000000085600000, 0x0000000085600000|100%|HC|  |TAMS 0x0000000085500000, 0x0000000085500000| Complete 
|  86|0x0000000085600000, 0x0000000085700000, 0x0000000085700000|100%| O|  |TAMS 0x0000000085700000, 0x0000000085600000| Untracked 
|  87|0x0000000085700000, 0x0000000085800000, 0x0000000085800000|100%| O|  |TAMS 0x0000000085800000, 0x0000000085700000| Untracked 
|  88|0x0000000085800000, 0x0000000085800000, 0x0000000085900000|  0%| F|  |TAMS 0x0000000085800000, 0x0000000085800000| Untracked 
|  89|0x0000000085900000, 0x0000000085900000, 0x0000000085a00000|  0%| F|  |TAMS 0x0000000085900000, 0x0000000085900000| Untracked 
|  90|0x0000000085a00000, 0x0000000085b00000, 0x0000000085b00000|100%| O|  |TAMS 0x0000000085a00000, 0x0000000085a00000| Untracked 
|  91|0x0000000085b00000, 0x0000000085c00000, 0x0000000085c00000|100%| O|  |TAMS 0x0000000085c00000, 0x0000000085b00000| Untracked 
|  92|0x0000000085c00000, 0x0000000085c00000, 0x0000000085d00000|  0%| F|  |TAMS 0x0000000085c00000, 0x0000000085c00000| Untracked 
|  93|0x0000000085d00000, 0x0000000085e00000, 0x0000000085e00000|100%| O|  |TAMS 0x0000000085d00000, 0x0000000085d00000| Untracked 
|  94|0x0000000085e00000, 0x0000000085f00000, 0x0000000085f00000|100%| O|  |TAMS 0x0000000085e00000, 0x0000000085e00000| Untracked 
|  95|0x0000000085f00000, 0x0000000086000000, 0x0000000086000000|100%| O|  |TAMS 0x0000000085f00000, 0x0000000085f00000| Untracked 
|  96|0x0000000086000000, 0x0000000086010600, 0x0000000086100000|  6%| O|  |TAMS 0x0000000086000000, 0x0000000086000000| Untracked 
|  97|0x0000000086100000, 0x0000000086100000, 0x0000000086200000|  0%| F|  |TAMS 0x0000000086100000, 0x0000000086100000| Untracked 
|  98|0x0000000086200000, 0x0000000086200000, 0x0000000086300000|  0%| F|  |TAMS 0x0000000086200000, 0x0000000086200000| Untracked 
|  99|0x0000000086300000, 0x0000000086300000, 0x0000000086400000|  0%| F|  |TAMS 0x0000000086300000, 0x0000000086300000| Untracked 
| 100|0x0000000086400000, 0x0000000086400000, 0x0000000086500000|  0%| F|  |TAMS 0x0000000086400000, 0x0000000086400000| Untracked 
| 101|0x0000000086500000, 0x0000000086500000, 0x0000000086600000|  0%| F|  |TAMS 0x0000000086500000, 0x0000000086500000| Untracked 
| 102|0x0000000086600000, 0x0000000086700000, 0x0000000086700000|100%| O|  |TAMS 0x0000000086700000, 0x0000000086600000| Untracked 
| 103|0x0000000086700000, 0x0000000086800000, 0x0000000086800000|100%| O|  |TAMS 0x0000000086800000, 0x0000000086700000| Untracked 
| 104|0x0000000086800000, 0x0000000086900000, 0x0000000086900000|100%| O|  |TAMS 0x0000000086900000, 0x0000000086800000| Untracked 
| 105|0x0000000086900000, 0x0000000086a00000, 0x0000000086a00000|100%| O|  |TAMS 0x0000000086a00000, 0x0000000086900000| Untracked 
| 106|0x0000000086a00000, 0x0000000086b00000, 0x0000000086b00000|100%| O|  |TAMS 0x0000000086b00000, 0x0000000086a00000| Untracked 
| 107|0x0000000086b00000, 0x0000000086c00000, 0x0000000086c00000|100%| O|  |TAMS 0x0000000086c00000, 0x0000000086b00000| Untracked 
| 108|0x0000000086c00000, 0x0000000086d00000, 0x0000000086d00000|100%| O|  |TAMS 0x0000000086d00000, 0x0000000086c00000| Untracked 
| 109|0x0000000086d00000, 0x0000000086d00000, 0x0000000086e00000|  0%| F|  |TAMS 0x0000000086d00000, 0x0000000086d00000| Untracked 
| 110|0x0000000086e00000, 0x0000000086e00000, 0x0000000086f00000|  0%| F|  |TAMS 0x0000000086e00000, 0x0000000086e00000| Untracked 
| 111|0x0000000086f00000, 0x0000000086f00000, 0x0000000087000000|  0%| F|  |TAMS 0x0000000086f00000, 0x0000000086f00000| Untracked 
| 112|0x0000000087000000, 0x0000000087000000, 0x0000000087100000|  0%| F|  |TAMS 0x0000000087000000, 0x0000000087000000| Untracked 
| 113|0x0000000087100000, 0x0000000087100000, 0x0000000087200000|  0%| F|  |TAMS 0x0000000087100000, 0x0000000087100000| Untracked 
| 114|0x0000000087200000, 0x0000000087200000, 0x0000000087300000|  0%| F|  |TAMS 0x0000000087200000, 0x0000000087200000| Untracked 
| 115|0x0000000087300000, 0x0000000087300000, 0x0000000087400000|  0%| F|  |TAMS 0x0000000087300000, 0x0000000087300000| Untracked 
| 116|0x0000000087400000, 0x0000000087400000, 0x0000000087500000|  0%| F|  |TAMS 0x0000000087400000, 0x0000000087400000| Untracked 
| 117|0x0000000087500000, 0x0000000087500000, 0x0000000087600000|  0%| F|  |TAMS 0x0000000087500000, 0x0000000087500000| Untracked 
| 118|0x0000000087600000, 0x0000000087600000, 0x0000000087700000|  0%| F|  |TAMS 0x0000000087600000, 0x0000000087600000| Untracked 
| 119|0x0000000087700000, 0x0000000087800000, 0x0000000087800000|100%| O|  |TAMS 0x0000000087800000, 0x0000000087700000| Untracked 
| 120|0x0000000087800000, 0x0000000087900000, 0x0000000087900000|100%| O|  |TAMS 0x0000000087900000, 0x0000000087800000| Untracked 
| 121|0x0000000087900000, 0x0000000087a00000, 0x0000000087a00000|100%| O|  |TAMS 0x0000000087a00000, 0x0000000087900000| Untracked 
| 122|0x0000000087a00000, 0x0000000087b00000, 0x0000000087b00000|100%| O|  |TAMS 0x0000000087b00000, 0x0000000087a00000| Untracked 
| 123|0x0000000087b00000, 0x0000000087c00000, 0x0000000087c00000|100%| O|  |TAMS 0x0000000087c00000, 0x0000000087b00000| Untracked 
| 124|0x0000000087c00000, 0x0000000087c00000, 0x0000000087d00000|  0%| F|  |TAMS 0x0000000087c00000, 0x0000000087c00000| Untracked 
| 125|0x0000000087d00000, 0x0000000087d00000, 0x0000000087e00000|  0%| F|  |TAMS 0x0000000087d00000, 0x0000000087d00000| Untracked 
| 126|0x0000000087e00000, 0x0000000087e00000, 0x0000000087f00000|  0%| F|  |TAMS 0x0000000087e00000, 0x0000000087e00000| Untracked 
| 127|0x0000000087f00000, 0x0000000087f00000, 0x0000000088000000|  0%| F|  |TAMS 0x0000000087f00000, 0x0000000087f00000| Untracked 
| 128|0x0000000088000000, 0x0000000088000000, 0x0000000088100000|  0%| F|  |TAMS 0x0000000088000000, 0x0000000088000000| Untracked 
| 129|0x0000000088100000, 0x0000000088100000, 0x0000000088200000|  0%| F|  |TAMS 0x0000000088100000, 0x0000000088100000| Untracked 
| 130|0x0000000088200000, 0x0000000088200000, 0x0000000088300000|  0%| F|  |TAMS 0x0000000088200000, 0x0000000088200000| Untracked 
| 131|0x0000000088300000, 0x0000000088300000, 0x0000000088400000|  0%| F|  |TAMS 0x0000000088300000, 0x0000000088300000| Untracked 
| 132|0x0000000088400000, 0x0000000088500000, 0x0000000088500000|100%| O|  |TAMS 0x0000000088500000, 0x0000000088400000| Untracked 
| 133|0x0000000088500000, 0x0000000088500000, 0x0000000088600000|  0%| F|  |TAMS 0x0000000088500000, 0x0000000088500000| Untracked 
| 134|0x0000000088600000, 0x0000000088600000, 0x0000000088700000|  0%| F|  |TAMS 0x0000000088600000, 0x0000000088600000| Untracked 
| 135|0x0000000088700000, 0x0000000088700000, 0x0000000088800000|  0%| F|  |TAMS 0x0000000088700000, 0x0000000088700000| Untracked 
| 136|0x0000000088800000, 0x0000000088800000, 0x0000000088900000|  0%| F|  |TAMS 0x0000000088800000, 0x0000000088800000| Untracked 
| 137|0x0000000088900000, 0x0000000088900000, 0x0000000088a00000|  0%| F|  |TAMS 0x0000000088900000, 0x0000000088900000| Untracked 
| 138|0x0000000088a00000, 0x0000000088a00000, 0x0000000088b00000|  0%| F|  |TAMS 0x0000000088a00000, 0x0000000088a00000| Untracked 
| 139|0x0000000088b00000, 0x0000000088b00000, 0x0000000088c00000|  0%| F|  |TAMS 0x0000000088b00000, 0x0000000088b00000| Untracked 
| 140|0x0000000088c00000, 0x0000000088c00000, 0x0000000088d00000|  0%| F|  |TAMS 0x0000000088c00000, 0x0000000088c00000| Untracked 
| 141|0x0000000088d00000, 0x0000000088e00000, 0x0000000088e00000|100%| O|  |TAMS 0x0000000088e00000, 0x0000000088d00000| Untracked 
| 142|0x0000000088e00000, 0x0000000088f00000, 0x0000000088f00000|100%| O|  |TAMS 0x0000000088f00000, 0x0000000088e00000| Untracked 
| 143|0x0000000088f00000, 0x0000000088f00000, 0x0000000089000000|  0%| F|  |TAMS 0x0000000088f00000, 0x0000000088f00000| Untracked 
| 144|0x0000000089000000, 0x0000000089000000, 0x0000000089100000|  0%| F|  |TAMS 0x0000000089000000, 0x0000000089000000| Untracked 
| 145|0x0000000089100000, 0x0000000089100000, 0x0000000089200000|  0%| F|  |TAMS 0x0000000089100000, 0x0000000089100000| Untracked 
| 146|0x0000000089200000, 0x0000000089200000, 0x0000000089300000|  0%| F|  |TAMS 0x0000000089200000, 0x0000000089200000| Untracked 
| 147|0x0000000089300000, 0x0000000089300000, 0x0000000089400000|  0%| F|  |TAMS 0x0000000089300000, 0x0000000089300000| Untracked 
| 148|0x0000000089400000, 0x0000000089400000, 0x0000000089500000|  0%| F|  |TAMS 0x0000000089400000, 0x0000000089400000| Untracked 
| 149|0x0000000089500000, 0x0000000089500000, 0x0000000089600000|  0%| F|  |TAMS 0x0000000089500000, 0x0000000089500000| Untracked 
| 150|0x0000000089600000, 0x0000000089600000, 0x0000000089700000|  0%| F|  |TAMS 0x0000000089600000, 0x0000000089600000| Untracked 
| 151|0x0000000089700000, 0x0000000089700000, 0x0000000089800000|  0%| F|  |TAMS 0x0000000089700000, 0x0000000089700000| Untracked 
| 152|0x0000000089800000, 0x0000000089800000, 0x0000000089900000|  0%| F|  |TAMS 0x0000000089800000, 0x0000000089800000| Untracked 
| 153|0x0000000089900000, 0x0000000089900000, 0x0000000089a00000|  0%| F|  |TAMS 0x0000000089900000, 0x0000000089900000| Untracked 
| 154|0x0000000089a00000, 0x0000000089a00000, 0x0000000089b00000|  0%| F|  |TAMS 0x0000000089a00000, 0x0000000089a00000| Untracked 
| 155|0x0000000089b00000, 0x0000000089b00000, 0x0000000089c00000|  0%| F|  |TAMS 0x0000000089b00000, 0x0000000089b00000| Untracked 
| 156|0x0000000089c00000, 0x0000000089c00000, 0x0000000089d00000|  0%| F|  |TAMS 0x0000000089c00000, 0x0000000089c00000| Untracked 
| 157|0x0000000089d00000, 0x0000000089d00000, 0x0000000089e00000|  0%| F|  |TAMS 0x0000000089d00000, 0x0000000089d00000| Untracked 
| 158|0x0000000089e00000, 0x0000000089e00000, 0x0000000089f00000|  0%| F|  |TAMS 0x0000000089e00000, 0x0000000089e00000| Untracked 
| 159|0x0000000089f00000, 0x0000000089f00000, 0x000000008a000000|  0%| F|  |TAMS 0x0000000089f00000, 0x0000000089f00000| Untracked 
| 160|0x000000008a000000, 0x000000008a000000, 0x000000008a100000|  0%| F|  |TAMS 0x000000008a000000, 0x000000008a000000| Untracked 
| 161|0x000000008a100000, 0x000000008a100000, 0x000000008a200000|  0%| F|  |TAMS 0x000000008a100000, 0x000000008a100000| Untracked 
| 162|0x000000008a200000, 0x000000008a200000, 0x000000008a300000|  0%| F|  |TAMS 0x000000008a200000, 0x000000008a200000| Untracked 
| 163|0x000000008a300000, 0x000000008a300000, 0x000000008a400000|  0%| F|  |TAMS 0x000000008a300000, 0x000000008a300000| Untracked 
| 164|0x000000008a400000, 0x000000008a500000, 0x000000008a500000|100%| O|  |TAMS 0x000000008a500000, 0x000000008a400000| Untracked 
| 165|0x000000008a500000, 0x000000008a500000, 0x000000008a600000|  0%| F|  |TAMS 0x000000008a500000, 0x000000008a500000| Untracked 
| 166|0x000000008a600000, 0x000000008a600000, 0x000000008a700000|  0%| F|  |TAMS 0x000000008a600000, 0x000000008a600000| Untracked 
| 167|0x000000008a700000, 0x000000008a800000, 0x000000008a800000|100%| O|  |TAMS 0x000000008a7e3e00, 0x000000008a700000| Untracked 
| 168|0x000000008a800000, 0x000000008a800000, 0x000000008a900000|  0%| F|  |TAMS 0x000000008a800000, 0x000000008a800000| Untracked 
| 169|0x000000008a900000, 0x000000008a900000, 0x000000008aa00000|  0%| F|  |TAMS 0x000000008a900000, 0x000000008a900000| Untracked 
| 170|0x000000008aa00000, 0x000000008aa00000, 0x000000008ab00000|  0%| F|  |TAMS 0x000000008aa00000, 0x000000008aa00000| Untracked 
| 171|0x000000008ab00000, 0x000000008ab00000, 0x000000008ac00000|  0%| F|  |TAMS 0x000000008ab00000, 0x000000008ab00000| Untracked 
| 172|0x000000008ac00000, 0x000000008ac00000, 0x000000008ad00000|  0%| F|  |TAMS 0x000000008ac00000, 0x000000008ac00000| Untracked 
| 173|0x000000008ad00000, 0x000000008ad00000, 0x000000008ae00000|  0%| F|  |TAMS 0x000000008ad00000, 0x000000008ad00000| Untracked 
| 174|0x000000008ae00000, 0x000000008ae00000, 0x000000008af00000|  0%| F|  |TAMS 0x000000008ae00000, 0x000000008ae00000| Untracked 
| 175|0x000000008af00000, 0x000000008af00000, 0x000000008b000000|  0%| F|  |TAMS 0x000000008af00000, 0x000000008af00000| Untracked 
| 176|0x000000008b000000, 0x000000008b000000, 0x000000008b100000|  0%| F|  |TAMS 0x000000008b000000, 0x000000008b000000| Untracked 
| 177|0x000000008b100000, 0x000000008b100000, 0x000000008b200000|  0%| F|  |TAMS 0x000000008b100000, 0x000000008b100000| Untracked 
| 178|0x000000008b200000, 0x000000008b200000, 0x000000008b300000|  0%| F|  |TAMS 0x000000008b200000, 0x000000008b200000| Untracked 
| 179|0x000000008b300000, 0x000000008b300000, 0x000000008b400000|  0%| F|  |TAMS 0x000000008b300000, 0x000000008b300000| Untracked 
| 180|0x000000008b400000, 0x000000008b400000, 0x000000008b500000|  0%| F|  |TAMS 0x000000008b400000, 0x000000008b400000| Untracked 
| 181|0x000000008b500000, 0x000000008b500000, 0x000000008b600000|  0%| F|  |TAMS 0x000000008b500000, 0x000000008b500000| Untracked 
| 182|0x000000008b600000, 0x000000008b600000, 0x000000008b700000|  0%| F|  |TAMS 0x000000008b600000, 0x000000008b600000| Untracked 
| 183|0x000000008b700000, 0x000000008b700000, 0x000000008b800000|  0%| F|  |TAMS 0x000000008b700000, 0x000000008b700000| Untracked 
| 184|0x000000008b800000, 0x000000008b8d5720, 0x000000008b900000| 83%| S|CS|TAMS 0x000000008b800000, 0x000000008b800000| Complete 
| 185|0x000000008b900000, 0x000000008ba00000, 0x000000008ba00000|100%| S|CS|TAMS 0x000000008b900000, 0x000000008b900000| Complete 
| 186|0x000000008ba00000, 0x000000008bb00000, 0x000000008bb00000|100%| S|CS|TAMS 0x000000008ba00000, 0x000000008ba00000| Complete 
| 187|0x000000008bb00000, 0x000000008bc00000, 0x000000008bc00000|100%| S|CS|TAMS 0x000000008bb00000, 0x000000008bb00000| Complete 
| 188|0x000000008bc00000, 0x000000008bd00000, 0x000000008bd00000|100%| S|CS|TAMS 0x000000008bc00000, 0x000000008bc00000| Complete 
| 189|0x000000008bd00000, 0x000000008be00000, 0x000000008be00000|100%| S|CS|TAMS 0x000000008bd00000, 0x000000008bd00000| Complete 
| 190|0x000000008be00000, 0x000000008bf00000, 0x000000008bf00000|100%| S|CS|TAMS 0x000000008be00000, 0x000000008be00000| Complete 
| 191|0x000000008bf00000, 0x000000008bf00000, 0x000000008c000000|  0%| F|  |TAMS 0x000000008bf00000, 0x000000008bf00000| Untracked 
| 192|0x000000008c000000, 0x000000008c000000, 0x000000008c100000|  0%| F|  |TAMS 0x000000008c000000, 0x000000008c000000| Untracked 
| 193|0x000000008c100000, 0x000000008c100000, 0x000000008c200000|  0%| F|  |TAMS 0x000000008c100000, 0x000000008c100000| Untracked 
| 194|0x000000008c200000, 0x000000008c200000, 0x000000008c300000|  0%| F|  |TAMS 0x000000008c200000, 0x000000008c200000| Untracked 
| 195|0x000000008c300000, 0x000000008c300000, 0x000000008c400000|  0%| F|  |TAMS 0x000000008c300000, 0x000000008c300000| Untracked 
| 196|0x000000008c400000, 0x000000008c400000, 0x000000008c500000|  0%| F|  |TAMS 0x000000008c400000, 0x000000008c400000| Untracked 
| 197|0x000000008c500000, 0x000000008c500000, 0x000000008c600000|  0%| F|  |TAMS 0x000000008c500000, 0x000000008c500000| Untracked 
| 198|0x000000008c600000, 0x000000008c600000, 0x000000008c700000|  0%| F|  |TAMS 0x000000008c600000, 0x000000008c600000| Untracked 
| 199|0x000000008c700000, 0x000000008c700000, 0x000000008c800000|  0%| F|  |TAMS 0x000000008c700000, 0x000000008c700000| Untracked 
| 200|0x000000008c800000, 0x000000008c800000, 0x000000008c900000|  0%| F|  |TAMS 0x000000008c800000, 0x000000008c800000| Untracked 
| 201|0x000000008c900000, 0x000000008c900000, 0x000000008ca00000|  0%| F|  |TAMS 0x000000008c900000, 0x000000008c900000| Untracked 
| 202|0x000000008ca00000, 0x000000008ca00000, 0x000000008cb00000|  0%| F|  |TAMS 0x000000008ca00000, 0x000000008ca00000| Untracked 
| 203|0x000000008cb00000, 0x000000008cb00000, 0x000000008cc00000|  0%| F|  |TAMS 0x000000008cb00000, 0x000000008cb00000| Untracked 
| 204|0x000000008cc00000, 0x000000008cc00000, 0x000000008cd00000|  0%| F|  |TAMS 0x000000008cc00000, 0x000000008cc00000| Untracked 
| 205|0x000000008cd00000, 0x000000008cd00000, 0x000000008ce00000|  0%| F|  |TAMS 0x000000008cd00000, 0x000000008cd00000| Untracked 
| 206|0x000000008ce00000, 0x000000008ce00000, 0x000000008cf00000|  0%| F|  |TAMS 0x000000008ce00000, 0x000000008ce00000| Untracked 
| 207|0x000000008cf00000, 0x000000008cf00000, 0x000000008d000000|  0%| F|  |TAMS 0x000000008cf00000, 0x000000008cf00000| Untracked 
| 208|0x000000008d000000, 0x000000008d000000, 0x000000008d100000|  0%| F|  |TAMS 0x000000008d000000, 0x000000008d000000| Untracked 
| 209|0x000000008d100000, 0x000000008d100000, 0x000000008d200000|  0%| F|  |TAMS 0x000000008d100000, 0x000000008d100000| Untracked 
| 210|0x000000008d200000, 0x000000008d200000, 0x000000008d300000|  0%| F|  |TAMS 0x000000008d200000, 0x000000008d200000| Untracked 
| 211|0x000000008d300000, 0x000000008d300000, 0x000000008d400000|  0%| F|  |TAMS 0x000000008d300000, 0x000000008d300000| Untracked 
| 212|0x000000008d400000, 0x000000008d400000, 0x000000008d500000|  0%| F|  |TAMS 0x000000008d400000, 0x000000008d400000| Untracked 
| 213|0x000000008d500000, 0x000000008d500000, 0x000000008d600000|  0%| F|  |TAMS 0x000000008d500000, 0x000000008d500000| Untracked 
| 214|0x000000008d600000, 0x000000008d600000, 0x000000008d700000|  0%| F|  |TAMS 0x000000008d600000, 0x000000008d600000| Untracked 
| 215|0x000000008d700000, 0x000000008d700000, 0x000000008d800000|  0%| F|  |TAMS 0x000000008d700000, 0x000000008d700000| Untracked 
| 216|0x000000008d800000, 0x000000008d800000, 0x000000008d900000|  0%| F|  |TAMS 0x000000008d800000, 0x000000008d800000| Untracked 
| 217|0x000000008d900000, 0x000000008d900000, 0x000000008da00000|  0%| F|  |TAMS 0x000000008d900000, 0x000000008d900000| Untracked 
| 218|0x000000008da00000, 0x000000008da00000, 0x000000008db00000|  0%| F|  |TAMS 0x000000008da00000, 0x000000008da00000| Untracked 
| 219|0x000000008db00000, 0x000000008db00000, 0x000000008dc00000|  0%| F|  |TAMS 0x000000008db00000, 0x000000008db00000| Untracked 
| 220|0x000000008dc00000, 0x000000008dc00000, 0x000000008dd00000|  0%| F|  |TAMS 0x000000008dc00000, 0x000000008dc00000| Untracked 
| 221|0x000000008dd00000, 0x000000008dd00000, 0x000000008de00000|  0%| F|  |TAMS 0x000000008dd00000, 0x000000008dd00000| Untracked 
| 222|0x000000008de00000, 0x000000008de00000, 0x000000008df00000|  0%| F|  |TAMS 0x000000008de00000, 0x000000008de00000| Untracked 
| 223|0x000000008df00000, 0x000000008df00000, 0x000000008e000000|  0%| F|  |TAMS 0x000000008df00000, 0x000000008df00000| Untracked 
| 224|0x000000008e000000, 0x000000008e000000, 0x000000008e100000|  0%| F|  |TAMS 0x000000008e000000, 0x000000008e000000| Untracked 
| 225|0x000000008e100000, 0x000000008e100000, 0x000000008e200000|  0%| F|  |TAMS 0x000000008e100000, 0x000000008e100000| Untracked 
| 226|0x000000008e200000, 0x000000008e200000, 0x000000008e300000|  0%| F|  |TAMS 0x000000008e200000, 0x000000008e200000| Untracked 
| 227|0x000000008e300000, 0x000000008e300000, 0x000000008e400000|  0%| F|  |TAMS 0x000000008e300000, 0x000000008e300000| Untracked 
| 228|0x000000008e400000, 0x000000008e400000, 0x000000008e500000|  0%| F|  |TAMS 0x000000008e400000, 0x000000008e400000| Untracked 
| 229|0x000000008e500000, 0x000000008e500000, 0x000000008e600000|  0%| F|  |TAMS 0x000000008e500000, 0x000000008e500000| Untracked 
| 230|0x000000008e600000, 0x000000008e600000, 0x000000008e700000|  0%| F|  |TAMS 0x000000008e600000, 0x000000008e600000| Untracked 
| 231|0x000000008e700000, 0x000000008e700000, 0x000000008e800000|  0%| F|  |TAMS 0x000000008e700000, 0x000000008e700000| Untracked 
| 232|0x000000008e800000, 0x000000008e800000, 0x000000008e900000|  0%| F|  |TAMS 0x000000008e800000, 0x000000008e800000| Untracked 
| 233|0x000000008e900000, 0x000000008e900000, 0x000000008ea00000|  0%| F|  |TAMS 0x000000008e900000, 0x000000008e900000| Untracked 
| 234|0x000000008ea00000, 0x000000008ea00000, 0x000000008eb00000|  0%| F|  |TAMS 0x000000008ea00000, 0x000000008ea00000| Untracked 
| 235|0x000000008eb00000, 0x000000008eb00000, 0x000000008ec00000|  0%| F|  |TAMS 0x000000008eb00000, 0x000000008eb00000| Untracked 
| 236|0x000000008ec00000, 0x000000008ec00000, 0x000000008ed00000|  0%| F|  |TAMS 0x000000008ec00000, 0x000000008ec00000| Untracked 
| 237|0x000000008ed00000, 0x000000008ed00000, 0x000000008ee00000|  0%| F|  |TAMS 0x000000008ed00000, 0x000000008ed00000| Untracked 
| 238|0x000000008ee00000, 0x000000008ee00000, 0x000000008ef00000|  0%| F|  |TAMS 0x000000008ee00000, 0x000000008ee00000| Untracked 
| 239|0x000000008ef00000, 0x000000008ef00000, 0x000000008f000000|  0%| F|  |TAMS 0x000000008ef00000, 0x000000008ef00000| Untracked 
| 240|0x000000008f000000, 0x000000008f000000, 0x000000008f100000|  0%| F|  |TAMS 0x000000008f000000, 0x000000008f000000| Untracked 
| 241|0x000000008f100000, 0x000000008f100000, 0x000000008f200000|  0%| F|  |TAMS 0x000000008f100000, 0x000000008f100000| Untracked 
| 242|0x000000008f200000, 0x000000008f200000, 0x000000008f300000|  0%| F|  |TAMS 0x000000008f200000, 0x000000008f200000| Untracked 
| 243|0x000000008f300000, 0x000000008f300000, 0x000000008f400000|  0%| F|  |TAMS 0x000000008f300000, 0x000000008f300000| Untracked 
| 244|0x000000008f400000, 0x000000008f400000, 0x000000008f500000|  0%| F|  |TAMS 0x000000008f400000, 0x000000008f400000| Untracked 
| 245|0x000000008f500000, 0x000000008f500000, 0x000000008f600000|  0%| F|  |TAMS 0x000000008f500000, 0x000000008f500000| Untracked 
| 246|0x000000008f600000, 0x000000008f600000, 0x000000008f700000|  0%| F|  |TAMS 0x000000008f600000, 0x000000008f600000| Untracked 
| 247|0x000000008f700000, 0x000000008f700000, 0x000000008f800000|  0%| F|  |TAMS 0x000000008f700000, 0x000000008f700000| Untracked 
| 248|0x000000008f800000, 0x000000008f800000, 0x000000008f900000|  0%| F|  |TAMS 0x000000008f800000, 0x000000008f800000| Untracked 
| 249|0x000000008f900000, 0x000000008f900000, 0x000000008fa00000|  0%| F|  |TAMS 0x000000008f900000, 0x000000008f900000| Untracked 
| 250|0x000000008fa00000, 0x000000008fa00000, 0x000000008fb00000|  0%| F|  |TAMS 0x000000008fa00000, 0x000000008fa00000| Untracked 
| 251|0x000000008fb00000, 0x000000008fb00000, 0x000000008fc00000|  0%| F|  |TAMS 0x000000008fb00000, 0x000000008fb00000| Untracked 
| 252|0x000000008fc00000, 0x000000008fc00000, 0x000000008fd00000|  0%| F|  |TAMS 0x000000008fc00000, 0x000000008fc00000| Untracked 
| 253|0x000000008fd00000, 0x000000008fd00000, 0x000000008fe00000|  0%| F|  |TAMS 0x000000008fd00000, 0x000000008fd00000| Untracked 
| 254|0x000000008fe00000, 0x000000008fe00000, 0x000000008ff00000|  0%| F|  |TAMS 0x000000008fe00000, 0x000000008fe00000| Untracked 
| 255|0x000000008ff00000, 0x000000008ff00000, 0x0000000090000000|  0%| F|  |TAMS 0x000000008ff00000, 0x000000008ff00000| Untracked 
| 256|0x0000000090000000, 0x0000000090000000, 0x0000000090100000|  0%| F|  |TAMS 0x0000000090000000, 0x0000000090000000| Untracked 
| 257|0x0000000090100000, 0x0000000090100000, 0x0000000090200000|  0%| F|  |TAMS 0x0000000090100000, 0x0000000090100000| Untracked 
| 258|0x0000000090200000, 0x0000000090200000, 0x0000000090300000|  0%| F|  |TAMS 0x0000000090200000, 0x0000000090200000| Untracked 
| 259|0x0000000090300000, 0x0000000090300000, 0x0000000090400000|  0%| F|  |TAMS 0x0000000090300000, 0x0000000090300000| Untracked 
| 260|0x0000000090400000, 0x0000000090400000, 0x0000000090500000|  0%| F|  |TAMS 0x0000000090400000, 0x0000000090400000| Untracked 
| 261|0x0000000090500000, 0x0000000090500000, 0x0000000090600000|  0%| F|  |TAMS 0x0000000090500000, 0x0000000090500000| Untracked 
| 262|0x0000000090600000, 0x0000000090600000, 0x0000000090700000|  0%| F|  |TAMS 0x0000000090600000, 0x0000000090600000| Untracked 
| 263|0x0000000090700000, 0x0000000090700000, 0x0000000090800000|  0%| F|  |TAMS 0x0000000090700000, 0x0000000090700000| Untracked 
| 264|0x0000000090800000, 0x0000000090800000, 0x0000000090900000|  0%| F|  |TAMS 0x0000000090800000, 0x0000000090800000| Untracked 
| 265|0x0000000090900000, 0x0000000090900000, 0x0000000090a00000|  0%| F|  |TAMS 0x0000000090900000, 0x0000000090900000| Untracked 
| 266|0x0000000090a00000, 0x0000000090a00000, 0x0000000090b00000|  0%| F|  |TAMS 0x0000000090a00000, 0x0000000090a00000| Untracked 
| 267|0x0000000090b00000, 0x0000000090b00000, 0x0000000090c00000|  0%| F|  |TAMS 0x0000000090b00000, 0x0000000090b00000| Untracked 
| 268|0x0000000090c00000, 0x0000000090c00000, 0x0000000090d00000|  0%| F|  |TAMS 0x0000000090c00000, 0x0000000090c00000| Untracked 

Card table byte_map: [0x000001ee451d0000,0x000001ee455d0000] _byte_map_base: 0x000001ee44dd0000

Marking Bits (Prev, Next): (CMBitMap*) 0x000001ee31fe0330, (CMBitMap*) 0x000001ee31fe02f8
 Prev Bits: [0x000001ee479d0000, 0x000001ee499d0000)
 Next Bits: [0x000001ee459d0000, 0x000001ee479d0000)

Polling page: 0x000001ee2fe50000

Metaspace:

Usage:
  Non-class:     95.50 MB capacity,    93.79 MB ( 98%) used,     1.36 MB (  1%) free+waste,   357.63 KB ( <1%) overhead. 
      Class:     15.08 MB capacity,    13.99 MB ( 93%) used,   958.34 KB (  6%) free+waste,   158.94 KB (  1%) overhead. 
       Both:    110.58 MB capacity,   107.78 MB ( 97%) used,     2.29 MB (  2%) free+waste,   516.56 KB ( <1%) overhead. 

Virtual space:
  Non-class space:       96.00 MB reserved,      95.50 MB (>99%) committed 
      Class space:        1.00 GB reserved,      15.12 MB (  1%) committed 
             Both:        1.09 GB reserved,     110.62 MB ( 10%) committed 

Chunk freelists:
   Non-Class:  3.00 KB
       Class:  15.00 KB
        Both:  18.00 KB

MaxMetaspaceSize: 17179869184.00 GB
CompressedClassSpaceSize: 1.00 GB
Initial GC threshold: 20.80 MB
Current GC threshold: 169.16 MB
CDS: off

CodeHeap 'non-profiled nmethods': size=120000Kb used=9125Kb max_used=9125Kb free=110874Kb
 bounds [0x000001ee3d570000, 0x000001ee3de60000, 0x000001ee44aa0000]
CodeHeap 'profiled nmethods': size=120000Kb used=30839Kb max_used=30839Kb free=89160Kb
 bounds [0x000001ee36040000, 0x000001ee37e60000, 0x000001ee3d570000]
CodeHeap 'non-nmethods': size=5760Kb used=2425Kb max_used=2475Kb free=3334Kb
 bounds [0x000001ee35aa0000, 0x000001ee35d20000, 0x000001ee36040000]
 total_blobs=15613 nmethods=14668 adapters=857
 compilation: enabled
              stopped_count=0, restarted_count=0
 full_count=0

Compilation events (20 events):
Event: 25.762 Thread 0x000001ee4ccd5000 nmethod 14959 0x000001ee37e59e10 code [0x000001ee37e59fc0, 0x000001ee37e5a1e8]
Event: 25.762 Thread 0x000001ee4ccd5000 14970       3       com.android.tools.r8.graph.d1::a (49 bytes)
Event: 25.763 Thread 0x000001ee4ccd5000 nmethod 14970 0x000001ee37e5a310 code [0x000001ee37e5a540, 0x000001ee37e5abe8]
Event: 25.763 Thread 0x000001ee4ccd5000 14976       3       com.android.tools.r8.internal.xa::a (148 bytes)
Event: 25.764 Thread 0x000001ee4ccd5000 nmethod 14976 0x000001ee37e5ae90 code [0x000001ee37e5b0c0, 0x000001ee37e5b6f8]
Event: 25.764 Thread 0x000001ee4ccd5000 14949       2       com.android.tools.r8.internal.Bt::f (57 bytes)
Event: 25.765 Thread 0x000001ee52eed000 nmethod 14566 0x000001ee3de4ea10 code [0x000001ee3de4f000, 0x000001ee3de55908]
Event: 25.765 Thread 0x000001ee52eed000 14800       4       com.google.common.collect.AbstractMapBasedMultimap$WrappedCollection::refreshIfEmpty (78 bytes)
Event: 25.766 Thread 0x000001ee4ccd5000 nmethod 14949 0x000001ee37e5ba90 code [0x000001ee37e5bc80, 0x000001ee37e5c178]
Event: 25.766 Thread 0x000001ee4ccd5000 14982   !   2       com.android.tools.r8.internal.Y9::b (116 bytes)
Event: 25.767 Thread 0x000001ee4ccd5000 nmethod 14982 0x000001ee37e5c410 code [0x000001ee37e5c640, 0x000001ee37e5cd18]
Event: 25.767 Thread 0x000001ee4ccd5000 14950       2       com.android.tools.r8.internal.i2::a (14 bytes)
Event: 25.767 Thread 0x000001ee4ccd5000 nmethod 14950 0x000001ee37e5d010 code [0x000001ee37e5d1c0, 0x000001ee37e5d308]
Event: 25.767 Thread 0x000001ee4ccd5000 14951       2       com.android.tools.r8.internal.rs::r0 (26 bytes)
Event: 25.768 Thread 0x000001ee4ccd5000 nmethod 14951 0x000001ee37e5d410 code [0x000001ee37e5d5c0, 0x000001ee37e5d738]
Event: 25.768 Thread 0x000001ee4ccd5000 14952       2       com.android.tools.r8.graph.r2::b (8 bytes)
Event: 25.768 Thread 0x000001ee4ccd5000 nmethod 14952 0x000001ee37e5d810 code [0x000001ee37e5d9c0, 0x000001ee37e5da98]
Event: 25.768 Thread 0x000001ee4ccd5000 14934       2       com.android.tools.r8.internal.Bt$$Lambda$1838/0x0000000100f08040::<init> (10 bytes)
Event: 25.768 Thread 0x000001ee4ccd5000 nmethod 14934 0x000001ee37e5db10 code [0x000001ee37e5dcc0, 0x000001ee37e5ddf8]
Event: 25.768 Thread 0x000001ee4ccd5000 14957       2       com.android.tools.r8.internal.rs::L0 (28 bytes)

GC Heap History (20 events):
Event: 22.239 GC heap after
{Heap after GC invocations=29 (full 0):
 garbage-first heap   total 229376K, used 168271K [0x0000000080000000, 0x0000000100000000)
  region size 1024K, 4 young (4096K), 4 survivors (4096K)
 Metaspace       used 100412K, capacity 102954K, committed 103416K, reserved 1138688K
  class space    used 13117K, capacity 14091K, committed 14328K, reserved 1048576K
}
Event: 22.314 GC heap before
{Heap before GC invocations=29 (full 0):
 garbage-first heap   total 229376K, used 189775K [0x0000000080000000, 0x0000000100000000)
  region size 1024K, 25 young (25600K), 4 survivors (4096K)
 Metaspace       used 100460K, capacity 103018K, committed 103672K, reserved 1138688K
  class space    used 13117K, capacity 14091K, committed 14328K, reserved 1048576K
}
Event: 22.321 GC heap after
{Heap after GC invocations=30 (full 0):
 garbage-first heap   total 275456K, used 169063K [0x0000000080000000, 0x0000000100000000)
  region size 1024K, 1 young (1024K), 1 survivors (1024K)
 Metaspace       used 100460K, capacity 103018K, committed 103672K, reserved 1138688K
  class space    used 13117K, capacity 14091K, committed 14328K, reserved 1048576K
}
Event: 22.352 GC heap before
{Heap before GC invocations=31 (full 0):
 garbage-first heap   total 275456K, used 174183K [0x0000000080000000, 0x0000000100000000)
  region size 1024K, 7 young (7168K), 1 survivors (1024K)
 Metaspace       used 100540K, capacity 103026K, committed 103672K, reserved 1138688K
  class space    used 13120K, capacity 14094K, committed 14328K, reserved 1048576K
}
Event: 22.356 GC heap after
{Heap after GC invocations=32 (full 0):
 garbage-first heap   total 275456K, used 168872K [0x0000000080000000, 0x0000000100000000)
  region size 1024K, 1 young (1024K), 1 survivors (1024K)
 Metaspace       used 100540K, capacity 103026K, committed 103672K, reserved 1138688K
  class space    used 13120K, capacity 14094K, committed 14328K, reserved 1048576K
}
Event: 22.639 GC heap before
{Heap before GC invocations=32 (full 0):
 garbage-first heap   total 275456K, used 209643K [0x0000000080000000, 0x0000000100000000)
  region size 1024K, 40 young (40960K), 1 survivors (1024K)
 Metaspace       used 100687K, capacity 103155K, committed 103672K, reserved 1138688K
  class space    used 13123K, capacity 14094K, committed 14328K, reserved 1048576K
}
Event: 22.641 GC heap after
{Heap after GC invocations=33 (full 0):
 garbage-first heap   total 275456K, used 169399K [0x0000000080000000, 0x0000000100000000)
  region size 1024K, 1 young (1024K), 1 survivors (1024K)
 Metaspace       used 100687K, capacity 103155K, committed 103672K, reserved 1138688K
  class space    used 13123K, capacity 14094K, committed 14328K, reserved 1048576K
}
Event: 22.800 GC heap before
{Heap before GC invocations=34 (full 0):
 garbage-first heap   total 275456K, used 212407K [0x0000000080000000, 0x0000000100000000)
  region size 1024K, 43 young (44032K), 1 survivors (1024K)
 Metaspace       used 100816K, capacity 103331K, committed 103672K, reserved 1138688K
  class space    used 13140K, capacity 14122K, committed 14328K, reserved 1048576K
}
Event: 22.801 GC heap after
{Heap after GC invocations=35 (full 0):
 garbage-first heap   total 275456K, used 169591K [0x0000000080000000, 0x0000000100000000)
  region size 1024K, 1 young (1024K), 1 survivors (1024K)
 Metaspace       used 100816K, capacity 103331K, committed 103672K, reserved 1138688K
  class space    used 13140K, capacity 14122K, committed 14328K, reserved 1048576K
}
Event: 22.847 GC heap before
{Heap before GC invocations=35 (full 0):
 garbage-first heap   total 275456K, used 181879K [0x0000000080000000, 0x0000000100000000)
  region size 1024K, 13 young (13312K), 1 survivors (1024K)
 Metaspace       used 100839K, capacity 103351K, committed 103672K, reserved 1138688K
  class space    used 13143K, capacity 14127K, committed 14328K, reserved 1048576K
}
Event: 22.852 GC heap after
{Heap after GC invocations=36 (full 0):
 garbage-first heap   total 275456K, used 163418K [0x0000000080000000, 0x0000000100000000)
  region size 1024K, 1 young (1024K), 1 survivors (1024K)
 Metaspace       used 100839K, capacity 103351K, committed 103672K, reserved 1138688K
  class space    used 13143K, capacity 14127K, committed 14328K, reserved 1048576K
}
Event: 22.999 GC heap before
{Heap before GC invocations=36 (full 0):
 garbage-first heap   total 275456K, used 212570K [0x0000000080000000, 0x0000000100000000)
  region size 1024K, 49 young (50176K), 1 survivors (1024K)
 Metaspace       used 100900K, capacity 103383K, committed 103672K, reserved 1138688K
  class space    used 13149K, capacity 14129K, committed 14328K, reserved 1048576K
}
Event: 23.002 GC heap after
{Heap after GC invocations=37 (full 0):
 garbage-first heap   total 275456K, used 163654K [0x0000000080000000, 0x0000000100000000)
  region size 1024K, 1 young (1024K), 1 survivors (1024K)
 Metaspace       used 100900K, capacity 103383K, committed 103672K, reserved 1138688K
  class space    used 13149K, capacity 14129K, committed 14328K, reserved 1048576K
}
Event: 23.330 GC heap before
{Heap before GC invocations=38 (full 0):
 garbage-first heap   total 275456K, used 200518K [0x0000000080000000, 0x0000000100000000)
  region size 1024K, 52 young (53248K), 1 survivors (1024K)
 Metaspace       used 101653K, capacity 104275K, committed 104568K, reserved 1138688K
  class space    used 13256K, capacity 14278K, committed 14456K, reserved 1048576K
}
Event: 23.333 GC heap after
{Heap after GC invocations=39 (full 0):
 garbage-first heap   total 275456K, used 145679K [0x0000000080000000, 0x0000000100000000)
  region size 1024K, 1 young (1024K), 1 survivors (1024K)
 Metaspace       used 101653K, capacity 104275K, committed 104568K, reserved 1138688K
  class space    used 13256K, capacity 14278K, committed 14456K, reserved 1048576K
}
Event: 23.584 GC heap before
{Heap before GC invocations=39 (full 0):
 garbage-first heap   total 275456K, used 156943K [0x0000000080000000, 0x0000000100000000)
  region size 1024K, 13 young (13312K), 1 survivors (1024K)
 Metaspace       used 104420K, capacity 107000K, committed 107128K, reserved 1142784K
  class space    used 13634K, capacity 14629K, committed 14712K, reserved 1048576K
}
Event: 23.593 GC heap after
{Heap after GC invocations=40 (full 0):
 garbage-first heap   total 275456K, used 120252K [0x0000000080000000, 0x0000000100000000)
  region size 1024K, 1 young (1024K), 1 survivors (1024K)
 Metaspace       used 104420K, capacity 107000K, committed 107128K, reserved 1142784K
  class space    used 13634K, capacity 14629K, committed 14712K, reserved 1048576K
}
Event: 23.783 GC heap before
{Heap before GC invocations=40 (full 0):
 garbage-first heap   total 275456K, used 133564K [0x0000000080000000, 0x0000000100000000)
  region size 1024K, 13 young (13312K), 1 survivors (1024K)
 Metaspace       used 106984K, capacity 109772K, committed 110072K, reserved 1144832K
  class space    used 13943K, capacity 14960K, committed 15096K, reserved 1048576K
}
Event: 23.796 GC heap after
{Heap after GC invocations=41 (full 0):
 garbage-first heap   total 275456K, used 113729K [0x0000000080000000, 0x0000000100000000)
  region size 1024K, 2 young (2048K), 2 survivors (2048K)
 Metaspace       used 106984K, capacity 109772K, committed 110072K, reserved 1144832K
  class space    used 13943K, capacity 14960K, committed 15096K, reserved 1048576K
}
Event: 25.769 GC heap before
{Heap before GC invocations=41 (full 0):
 garbage-first heap   total 275456K, used 192577K [0x0000000080000000, 0x0000000100000000)
  region size 1024K, 78 young (79872K), 2 survivors (2048K)
 Metaspace       used 110365K, capacity 113230K, committed 113272K, reserved 1146880K
  class space    used 14323K, capacity 15441K, committed 15480K, reserved 1048576K
}

Deoptimization events (20 events):
Event: 25.183 Thread 0x000001ee561f4000 Uncommon trap: trap_request=0xffffff4d fr.pc=0x000001ee3d660d98 relative=0x0000000000000078
Event: 25.183 Thread 0x000001ee561f4000 Uncommon trap: reason=unstable_if action=reinterpret pc=0x000001ee3d660d98 method=java.lang.Integer.stringSize(I)I @ 19 c2
Event: 25.183 Thread 0x000001ee561f4000 DEOPT PACKING pc=0x000001ee3d660d98 sp=0x000000a708cfda80
Event: 25.183 Thread 0x000001ee561f4000 DEOPT UNPACKING pc=0x000001ee35aea1af sp=0x000000a708cfda00 mode 2
Event: 25.185 Thread 0x000001ee561f4000 Uncommon trap: trap_request=0xffffffde fr.pc=0x000001ee3dd7f7d0 relative=0x0000000000003b30
Event: 25.185 Thread 0x000001ee561f4000 Uncommon trap: reason=class_check action=maybe_recompile pc=0x000001ee3dd7f7d0 method=org.objectweb.asm.ClassReader.accept(Lorg/objectweb/asm/ClassVisitor;[Lorg/objectweb/asm/Attribute;I)V @ 675 c2
Event: 25.185 Thread 0x000001ee561f4000 DEOPT PACKING pc=0x000001ee3dd7f7d0 sp=0x000000a708cfde80
Event: 25.185 Thread 0x000001ee561f4000 DEOPT UNPACKING pc=0x000001ee35aea1af sp=0x000000a708cfddb8 mode 2
Event: 25.461 Thread 0x000001ee561f4000 Uncommon trap: trap_request=0xffffff7e fr.pc=0x000001ee3de34584 relative=0x0000000000000c44
Event: 25.461 Thread 0x000001ee561f4000 Uncommon trap: reason=predicate action=maybe_recompile pc=0x000001ee3de34584 method=com.google.common.collect.RegularImmutableMap.fromEntryArray(I[Ljava/util/Map$Entry;)Lcom/google/common/collect/ImmutableMap; @ 59 c2
Event: 25.461 Thread 0x000001ee561f4000 DEOPT PACKING pc=0x000001ee3de34584 sp=0x000000a708cfe3a0
Event: 25.461 Thread 0x000001ee561f4000 DEOPT UNPACKING pc=0x000001ee35aea1af sp=0x000000a708cfe348 mode 2
Event: 25.654 Thread 0x000001ee52ef8800 Uncommon trap: trap_request=0xffffff4d fr.pc=0x000001ee3d661980 relative=0x0000000000000920
Event: 25.654 Thread 0x000001ee52ef8800 Uncommon trap: reason=unstable_if action=reinterpret pc=0x000001ee3d661980 method=java.lang.Integer.stringSize(I)I @ 19 c2
Event: 25.654 Thread 0x000001ee52ef8800 DEOPT PACKING pc=0x000001ee3d661980 sp=0x000000a707dfa040
Event: 25.654 Thread 0x000001ee52ef8800 DEOPT UNPACKING pc=0x000001ee35aea1af sp=0x000000a707df9f98 mode 2
Event: 25.762 Thread 0x000001ee561f5000 DEOPT PACKING pc=0x000001ee3772bb5f sp=0x000000a7083fcee0
Event: 25.762 Thread 0x000001ee561f5000 DEOPT UNPACKING pc=0x000001ee35aea95e sp=0x000000a7083fc3b0 mode 0
Event: 25.763 Thread 0x000001ee561fd800 DEOPT PACKING pc=0x000001ee37e54ec0 sp=0x000000a7098fcb90
Event: 25.763 Thread 0x000001ee561fd800 DEOPT UNPACKING pc=0x000001ee35aea95e sp=0x000000a7098fc098 mode 0

Classes redefined (0 events):
No events

Internal exceptions (20 events):
Event: 23.472 Thread 0x000001ee52ef8800 Exception <a 'java/lang/NoSuchMethodError'{0x00000000908330c0}: 'java.lang.Object java.lang.invoke.Invokers$Holder.linkToTargetMethod(java.lang.Object, java.lang.Object, java.lang.Object, int, int, java.lang.Object)'> (0x00000000908330c0) thrown at [./src/hotspot/share/interpreter/linkResolver.cpp, line 773]
Event: 23.481 Thread 0x000001ee52ef8800 Exception <a 'java/lang/NoSuchMethodError'{0x00000000908821f0}: 'void java.lang.invoke.DirectMethodHandle$Holder.invokeVirtual(java.lang.Object, java.lang.Object, java.lang.Object, java.lang.Object)'> (0x00000000908821f0) thrown at [./src/hotspot/share/interpreter/linkResolver.cpp, line 773]
Event: 23.756 Thread 0x000001ee52ef8800 Exception <a 'sun/nio/fs/WindowsException'{0x000000009021ff10}> (0x000000009021ff10) thrown at [./src/hotspot/share/prims/jni.cpp, line 615]
Event: 23.756 Thread 0x000001ee52ef8800 Exception <a 'sun/nio/fs/WindowsException'{0x0000000090220018}> (0x0000000090220018) thrown at [./src/hotspot/share/prims/jni.cpp, line 615]
Event: 24.766 Thread 0x000001ee52ef8800 Exception <a 'java/lang/NoSuchMethodError'{0x000000008f38ed40}: 'int java.lang.invoke.DirectMethodHandle$Holder.invokeVirtual(java.lang.Object, java.lang.Object, java.lang.Object, java.lang.Object)'> (0x000000008f38ed40) thrown at [./src/hotspot/share/interpreter/linkResolver.cpp, line 773]
Event: 24.901 Thread 0x000001ee52ef8800 Exception <a 'sun/nio/fs/WindowsException'{0x000000008ef37350}> (0x000000008ef37350) thrown at [./src/hotspot/share/prims/jni.cpp, line 615]
Event: 24.902 Thread 0x000001ee52ef8800 Exception <a 'sun/nio/fs/WindowsException'{0x000000008ef37c90}> (0x000000008ef37c90) thrown at [./src/hotspot/share/prims/jni.cpp, line 615]
Event: 24.902 Thread 0x000001ee52ef8800 Exception <a 'sun/nio/fs/WindowsException'{0x000000008ef38ee8}> (0x000000008ef38ee8) thrown at [./src/hotspot/share/prims/jni.cpp, line 615]
Event: 24.902 Thread 0x000001ee52ef8800 Exception <a 'sun/nio/fs/WindowsException'{0x000000008ef3a0a8}> (0x000000008ef3a0a8) thrown at [./src/hotspot/share/prims/jni.cpp, line 615]
Event: 24.902 Thread 0x000001ee52ef8800 Exception <a 'sun/nio/fs/WindowsException'{0x000000008ef3b2b8}> (0x000000008ef3b2b8) thrown at [./src/hotspot/share/prims/jni.cpp, line 615]
Event: 24.903 Thread 0x000001ee52ef8800 Exception <a 'sun/nio/fs/WindowsException'{0x000000008ef3b410}> (0x000000008ef3b410) thrown at [./src/hotspot/share/prims/jni.cpp, line 615]
Event: 24.903 Thread 0x000001ee52ef8800 Exception <a 'sun/nio/fs/WindowsException'{0x000000008ef3d628}> (0x000000008ef3d628) thrown at [./src/hotspot/share/prims/jni.cpp, line 615]
Event: 24.903 Thread 0x000001ee52ef8800 Exception <a 'sun/nio/fs/WindowsException'{0x000000008ef3d770}> (0x000000008ef3d770) thrown at [./src/hotspot/share/prims/jni.cpp, line 615]
Event: 24.903 Thread 0x000001ee52ef8800 Exception <a 'sun/nio/fs/WindowsException'{0x000000008ef3f978}> (0x000000008ef3f978) thrown at [./src/hotspot/share/prims/jni.cpp, line 615]
Event: 24.916 Thread 0x000001ee52ef8800 Exception <a 'sun/nio/fs/WindowsException'{0x000000008ef6f518}> (0x000000008ef6f518) thrown at [./src/hotspot/share/prims/jni.cpp, line 615]
Event: 25.538 Thread 0x000001ee4fcdc000 Exception <a 'java/lang/NoSuchMethodError'{0x000000008d1538d8}: <clinit>> (0x000000008d1538d8) thrown at [./src/hotspot/share/prims/jni.cpp, line 1365]
Event: 25.620 Thread 0x000001ee52ef8800 Exception <a 'sun/nio/fs/WindowsException'{0x000000008cedf328}> (0x000000008cedf328) thrown at [./src/hotspot/share/prims/jni.cpp, line 615]
Event: 25.660 Thread 0x000001ee52ef8800 Exception <a 'java/lang/NoSuchMethodError'{0x000000008cc09c70}: <clinit>> (0x000000008cc09c70) thrown at [./src/hotspot/share/prims/jni.cpp, line 1365]
Event: 25.698 Thread 0x000001ee561f8000 Exception <a 'sun/nio/fs/WindowsException'{0x000000008c702250}> (0x000000008c702250) thrown at [./src/hotspot/share/prims/jni.cpp, line 615]
Event: 25.752 Thread 0x000001ee561f8000 Exception <a 'java/lang/NoSuchMethodError'{0x000000008c175730}: 'long java.lang.invoke.DirectMethodHandle$Holder.invokeStatic(java.lang.Object, long, java.lang.Object)'> (0x000000008c175730) thrown at [./src/hotspot/share/interpreter/linkResolver.cpp, line 773]

Events (20 events):
Event: 25.760 loading class com/android/tools/r8/graph/e1 done
Event: 25.760 loading class com/android/tools/r8/internal/Y9
Event: 25.760 loading class com/android/tools/r8/internal/Y9 done
Event: 25.761 loading class com/android/tools/r8/internal/X9
Event: 25.761 loading class com/android/tools/r8/internal/X9 done
Event: 25.762 loading class com/android/tools/r8/graph/J
Event: 25.762 loading class com/android/tools/r8/graph/J done
Event: 25.762 loading class com/android/tools/r8/graph/J
Event: 25.762 loading class com/android/tools/r8/graph/J done
Event: 25.762 loading class com/android/tools/r8/internal/X9
Event: 25.762 loading class com/android/tools/r8/internal/X9 done
Event: 25.766 loading class com/android/tools/r8/graph/x2
Event: 25.766 loading class com/android/tools/r8/graph/x2 done
Event: 25.767 loading class com/android/tools/r8/internal/jz
Event: 25.767 loading class com/android/tools/r8/internal/jz done
Event: 25.767 loading class com/android/tools/r8/graph/w2
Event: 25.767 loading class com/android/tools/r8/graph/w2 done
Event: 25.768 loading class com/android/tools/r8/internal/At
Event: 25.768 loading class com/android/tools/r8/internal/At done
Event: 25.768 Executing VM operation: G1CollectForAllocation


Dynamic libraries:
0x00007ff7bc570000 - 0x00007ff7bc57a000 	C:\Program Files\Android\Android Studio\jre\bin\java.exe
0x00007ff8f8b10000 - 0x00007ff8f8cfd000 	C:\Windows\SYSTEM32\ntdll.dll
0x00007ff8f84f0000 - 0x00007ff8f85a3000 	C:\Windows\System32\KERNEL32.DLL
0x00007ff8f5810000 - 0x00007ff8f5aa5000 	C:\Windows\System32\KERNELBASE.dll
0x00007ff8f5710000 - 0x00007ff8f580a000 	C:\Windows\System32\ucrtbase.dll
0x00007ff8e1150000 - 0x00007ff8e1167000 	C:\Program Files\Android\Android Studio\jre\bin\VCRUNTIME140.dll
0x00007ff8e1130000 - 0x00007ff8e1149000 	C:\Program Files\Android\Android Studio\jre\bin\jli.dll
0x00007ff8f5d60000 - 0x00007ff8f5ef7000 	C:\Windows\System32\USER32.dll
0x00007ff8e3210000 - 0x00007ff8e3489000 	C:\Windows\WinSxS\amd64_microsoft.windows.common-controls_6595b64144ccf1df_6.0.17763.1577_none_de7444545348a3d0\COMCTL32.dll
0x00007ff8f54a0000 - 0x00007ff8f54c0000 	C:\Windows\System32\win32u.dll
0x00007ff8f88e0000 - 0x00007ff8f897e000 	C:\Windows\System32\msvcrt.dll
0x00007ff8f8a30000 - 0x00007ff8f8a59000 	C:\Windows\System32\GDI32.dll
0x00007ff8f85b0000 - 0x00007ff8f88dd000 	C:\Windows\System32\combase.dll
0x00007ff8f5b10000 - 0x00007ff8f5cac000 	C:\Windows\System32\gdi32full.dll
0x00007ff8f7fa0000 - 0x00007ff8f80c2000 	C:\Windows\System32\RPCRT4.dll
0x00007ff8f5400000 - 0x00007ff8f54a0000 	C:\Windows\System32\msvcp_win.dll
0x00007ff8f5380000 - 0x00007ff8f53fe000 	C:\Windows\System32\bcryptPrimitives.dll
0x00007ff8f7f60000 - 0x00007ff8f7f8e000 	C:\Windows\System32\IMM32.DLL
0x00007ff8afcb0000 - 0x00007ff8afd4d000 	C:\Program Files\Android\Android Studio\jre\bin\msvcp140.dll
0x00007ff8b4520000 - 0x00007ff8b5005000 	C:\Program Files\Android\Android Studio\jre\bin\server\jvm.dll
0x00007ff8f8980000 - 0x00007ff8f8a23000 	C:\Windows\System32\ADVAPI32.dll
0x00007ff8f6170000 - 0x00007ff8f620e000 	C:\Windows\System32\sechost.dll
0x00007ff8f7f90000 - 0x00007ff8f7f98000 	C:\Windows\System32\PSAPI.DLL
0x00007ff8f2b90000 - 0x00007ff8f2bb4000 	C:\Windows\SYSTEM32\WINMM.dll
0x00007ff8efea0000 - 0x00007ff8efeaa000 	C:\Windows\SYSTEM32\VERSION.dll
0x00007ff8e5650000 - 0x00007ff8e5659000 	C:\Windows\SYSTEM32\WSOCK32.dll
0x00007ff8f81d0000 - 0x00007ff8f823d000 	C:\Windows\System32\WS2_32.dll
0x00007ff8f2b60000 - 0x00007ff8f2b8d000 	C:\Windows\SYSTEM32\WINMMBASE.dll
0x00007ff8f54c0000 - 0x00007ff8f550a000 	C:\Windows\System32\cfgmgr32.dll
0x00007ff8f4bb0000 - 0x00007ff8f4bc1000 	C:\Windows\System32\kernel.appcore.dll
0x00007ff8b44e0000 - 0x00007ff8b44f1000 	C:\Program Files\Android\Android Studio\jre\bin\verify.dll
0x00007ff8ebb50000 - 0x00007ff8ebd3d000 	C:\Windows\SYSTEM32\DBGHELP.DLL
0x00007ff8dade0000 - 0x00007ff8dae0a000 	C:\Windows\SYSTEM32\dbgcore.DLL
0x00007ff8b44b0000 - 0x00007ff8b44d9000 	C:\Program Files\Android\Android Studio\jre\bin\java.dll
0x00007ff8df180000 - 0x00007ff8df18b000 	C:\Program Files\Android\Android Studio\jre\bin\jimage.dll
0x00007ff8b4490000 - 0x00007ff8b44a8000 	C:\Program Files\Android\Android Studio\jre\bin\zip.dll
0x00007ff8f6a00000 - 0x00007ff8f7ef9000 	C:\Windows\System32\SHELL32.dll
0x00007ff8f60c0000 - 0x00007ff8f6168000 	C:\Windows\System32\shcore.dll
0x00007ff8f4bf0000 - 0x00007ff8f5343000 	C:\Windows\System32\windows.storage.dll
0x00007ff8f4b80000 - 0x00007ff8f4ba4000 	C:\Windows\System32\profapi.dll
0x00007ff8f4b20000 - 0x00007ff8f4b7d000 	C:\Windows\System32\powrprof.dll
0x00007ff8f8490000 - 0x00007ff8f84e2000 	C:\Windows\System32\shlwapi.dll
0x00007ff8f56f0000 - 0x00007ff8f5707000 	C:\Windows\System32\cryptsp.dll
0x00007ff8b4470000 - 0x00007ff8b448a000 	C:\Program Files\Android\Android Studio\jre\bin\net.dll
0x00007ff8e8530000 - 0x00007ff8e8624000 	C:\Windows\SYSTEM32\WINHTTP.dll
0x00007ff8f4330000 - 0x00007ff8f4397000 	C:\Windows\system32\mswsock.dll
0x00007ff8b4450000 - 0x00007ff8b4464000 	C:\Program Files\Android\Android Studio\jre\bin\nio.dll
0x00007ff8b6930000 - 0x00007ff8b6957000 	C:\Users\Doc\.gradle\native\e1d6ef7f7dcc3fd88c89a11ec53ec762bb8ba0a96d01ffa2cd45eb1d1d8dd5c5\windows-amd64\native-platform.dll
0x00007ff8a47f0000 - 0x00007ff8a4934000 	C:\Users\Doc\.gradle\native\5664cfc778a61ccfe75a443a1ab52a65af34e5dc3c78e0209fed803814484fcb\windows-amd64\native-platform-file-events.dll
0x00007ff8defe0000 - 0x00007ff8defea000 	C:\Program Files\Android\Android Studio\jre\bin\management.dll
0x00007ff8de630000 - 0x00007ff8de63d000 	C:\Program Files\Android\Android Studio\jre\bin\management_ext.dll
0x00007ff8f3eb0000 - 0x00007ff8f3ee3000 	C:\Windows\system32\rsaenh.dll
0x00007ff8f5350000 - 0x00007ff8f5376000 	C:\Windows\System32\bcrypt.dll
0x00007ff8f4a20000 - 0x00007ff8f4a49000 	C:\Windows\SYSTEM32\USERENV.dll
0x00007ff8f4500000 - 0x00007ff8f450c000 	C:\Windows\SYSTEM32\CRYPTBASE.dll
0x00007ff8f4050000 - 0x00007ff8f408d000 	C:\Windows\SYSTEM32\IPHLPAPI.DLL
0x00007ff8f60b0000 - 0x00007ff8f60b8000 	C:\Windows\System32\NSI.dll
0x00007ff8eaac0000 - 0x00007ff8eaad6000 	C:\Windows\SYSTEM32\dhcpcsvc6.DLL
0x00007ff8eb080000 - 0x00007ff8eb09c000 	C:\Windows\SYSTEM32\dhcpcsvc.DLL
0x00007ff8f4090000 - 0x00007ff8f4156000 	C:\Windows\SYSTEM32\DNSAPI.dll

dbghelp: loaded successfully - version: 4.0.5 - missing functions: none
symbol engine: initialized successfully - sym options: 0x614 - pdb path: .;C:\Program Files\Android\Android Studio\jre\bin;C:\Windows\SYSTEM32;C:\Windows\WinSxS\amd64_microsoft.windows.common-controls_6595b64144ccf1df_6.0.17763.1577_none_de7444545348a3d0;C:\Program Files\Android\Android Studio\jre\bin\server;C:\Users\Doc\.gradle\native\e1d6ef7f7dcc3fd88c89a11ec53ec762bb8ba0a96d01ffa2cd45eb1d1d8dd5c5\windows-amd64;C:\Users\Doc\.gradle\native\5664cfc778a61ccfe75a443a1ab52a65af34e5dc3c78e0209fed803814484fcb\windows-amd64

VM Arguments:
jvm_args: --add-opens=java.base/java.util=ALL-UNNAMED --add-opens=java.base/java.lang=ALL-UNNAMED --add-opens=java.base/java.lang.invoke=ALL-UNNAMED --add-opens=java.base/java.util=ALL-UNNAMED --add-opens=java.prefs/java.util.prefs=ALL-UNNAMED --add-opens=java.prefs/java.util.prefs=ALL-UNNAMED --add-opens=java.base/java.nio.charset=ALL-UNNAMED --add-opens=java.base/java.net=ALL-UNNAMED --add-opens=java.base/java.util.concurrent.atomic=ALL-UNNAMED -Xmx2048m -Dfile.encoding=UTF-8 -Duser.country=RU -Duser.language=ru -Duser.variant 
java_command: org.gradle.launcher.daemon.bootstrap.GradleDaemon 7.3.3
java_class_path (initial): C:\Users\Doc\.gradle\wrapper\dists\gradle-7.3.3-bin\6a41zxkdtcxs8rphpq6y0069z\gradle-7.3.3\lib\gradle-launcher-7.3.3.jar
Launcher Type: SUN_STANDARD

[Global flags]
     intx CICompilerCount                          = 4                                         {product} {ergonomic}
     uint ConcGCThreads                            = 2                                         {product} {ergonomic}
     uint G1ConcRefinementThreads                  = 8                                         {product} {ergonomic}
   size_t G1HeapRegionSize                         = 1048576                                   {product} {ergonomic}
    uintx GCDrainStackTargetSize                   = 64                                        {product} {ergonomic}
   size_t InitialHeapSize                          = 234881024                                 {product} {ergonomic}
   size_t MarkStackSize                            = 4194304                                   {product} {ergonomic}
   size_t MaxHeapSize                              = 2147483648                                {product} {command line}
   size_t MaxNewSize                               = 1287651328                                {product} {ergonomic}
   size_t MinHeapDeltaBytes                        = 1048576                                   {product} {ergonomic}
    uintx NonNMethodCodeHeapSize                   = 5836300                                {pd product} {ergonomic}
    uintx NonProfiledCodeHeapSize                  = 122910970                              {pd product} {ergonomic}
    uintx ProfiledCodeHeapSize                     = 122910970                              {pd product} {ergonomic}
    uintx ReservedCodeCacheSize                    = 251658240                              {pd product} {ergonomic}
     bool SegmentedCodeCache                       = true                                      {product} {ergonomic}
     bool UseCompressedClassPointers               = true                                 {lp64_product} {ergonomic}
     bool UseCompressedOops                        = true                                 {lp64_product} {ergonomic}
     bool UseG1GC                                  = true                                      {product} {ergonomic}
     bool UseLargePagesIndividualAllocation        = false                                  {pd product} {ergonomic}

Logging:
Log output configuration:
 #0: stdout all=warning uptime,level,tags
 #1: stderr all=off uptime,level,tags

Environment Variables:
PATH=C:\Program Files (x86)\Common Files\Oracle\Java\javapath;C:\Program Files\Microsoft\jdk-11.0.12.7-hotspot\bin;C:\Windows\system32;C:\Windows;C:\Windows\System32\Wbem;C:\Windows\System32\WindowsPowerShell\v1.0\;C:\Program Files (x86)\NVIDIA Corporation\PhysX\Common;C:\Program Files\Git\cmd;C:\Users\Doc\AppData\Local\Microsoft\WindowsApps;;C:\Users\Doc\AppData\Local\Programs\Microsoft VS Code\bin
USERNAME=Doc
OS=Windows_NT
PROCESSOR_IDENTIFIER=AMD64 Family 23 Model 24 Stepping 1, AuthenticAMD



---------------  S Y S T E M  ---------------

OS: Windows 10 , 64 bit Build 17763 (10.0.17763.475)
OS uptime: 0 days 2:04 hours

CPU:total 8 (initial active 8) (8 cores per cpu, 2 threads per core) family 23 model 24 stepping 1 microcode 0x0, cmov, cx8, fxsr, mmx, sse, sse2, sse3, ssse3, sse4.1, sse4.2, popcnt, avx, avx2, aes, clmul, mmxext, 3dnowpref, lzcnt, sse4a, ht, tsc, tscinvbit, tscinv, bmi1, bmi2, adx, sha, fma

Memory: 4k page, system-wide physical 14283M (3444M free)
TotalPageFile size 14283M (AvailPageFile size 25M)
current process WorkingSet (physical memory assigned to process): 591M, peak: 606M
current process commit charge ("private bytes"): 629M, peak: 723M

vm_info: OpenJDK 64-Bit Server VM (11.0.12+7-b1504.28-7817840) for windows-amd64 JRE (11.0.12+7-b1504.28-7817840), built on Oct 13 2021 22:12:33 by "builder" with MS VC++ 14.0 (VS2015)

END.
